; range: 8c095020 - 8c095120

8c095020  f3           ?? F3h
8c095021  52           ?? 52h    R
8c095022  1b           ?? 1Bh
8c095023  d2           ?? D2h
8c095024  f3           ?? F3h
8c095025  66           ?? 66h    f
8c095026  28           ?? 28h    (
8c095027  76           ?? 76h    v
8c095028  0b           ?? 0Bh
8c095029  42           ?? 42h    B
8c09502a  1f           ?? 1Fh
8c09502b  e5           ?? E5h
8c09502c  a2           ?? A2h
8c09502d  af           ?? AFh
8c09502e  09           ?? 09h
8c09502f  00           ?? 00h
8c095030  17           ?? 17h
8c095031  d2           ?? D2h
8c095032  f3           ?? F3h
8c095033  66           ?? 66h    f
8c095034  28           ?? 28h    (
8c095035  76           ?? 76h    v
8c095036  0b           ?? 0Bh
8c095037  42           ?? 42h    B
8c095038  20           ?? 20h     
8c095039  e5           ?? E5h
8c09503a  9b           ?? 9Bh
8c09503b  af           ?? AFh
8c09503c  09           ?? 09h
8c09503d  00           ?? 00h
8c09503e  c0           ?? C0h
8c09503f  00           ?? 00h
8c095040  ff           ?? FFh
8c095041  00           ?? 00h
8c095042  80           ?? 80h
8c095043  00           ?? 00h
8c095044  e8           ?? E8h
8c095045  01           ?? 01h
8c095046  f0           ?? F0h
8c095047  01           ?? 01h
8c095048  2c           ?? 2Ch    ,
8c095049  02           ?? 02h
8c09504a  c8           ?? C8h
8c09504b  00           ?? 00h
8c09504c  cc           ?? CCh
8c09504d  00           ?? 00h
8c09504e  c4           ?? C4h
8c09504f  00           ?? 00h
8c095050  b8           ?? B8h
8c095051  02           ?? 02h
8c095052  00           ?? 00h
8c095053  00           ?? 00h
8c095054  28           ?? 28h    (
8c095055  0b           ?? 0Bh
8c095056  0e           ?? 0Eh
8c095057  8c           ?? 8Ch
8c095058  74           ?? 74h    t
8c095059  ee           ?? EEh
8c09505a  04           ?? 04h
8c09505b  8c           ?? 8Ch
8c09505c  d0           ?? D0h
8c09505d  98           ?? 98h
8c09505e  2d           ?? 2Dh    -
8c09505f  8c           ?? 8Ch
8c095060  00           ?? 00h
8c095061  00           ?? 00h
8c095062  66           ?? 66h    f
8c095063  43           ?? 43h    C
8c095064  00           ?? 00h
8c095065  00           ?? 00h
8c095066  68           ?? 68h    h
8c095067  43           ?? 43h    C
8c095068  70 5c 18 8c  addr 8c185c70
8c09506c  3c 38 09 8c  addr 8c09383c
8c095070  56 2d 0e 8c  addr 8c0e2d56
8c095074  dc 3f 09 8c  addr 8c093fdc
8c095078  5c 2d 0e 8c  addr 8c0e2d5c
8c09507c  0e 1e 0e 8c  addr 8c0e1e0e
8c095080  14 1e 0e 8c  addr 8c0e1e14
8c095084  54 1e 0e 8c  addr 8c0e1e54
8c095088  98 7d 0a 8c  addr 8c0a7d98
8c09508c  58 7d 0a 8c  addr 8c0a7d58
8c095090  fc 12 02 8c  addr 8c0212fc
8c095094  9d           ?? 9Dh
8c095095  90           ?? 90h
8c095096  51           ?? 51h    Q
8c095097  d5           ?? D5h
8c095098  51           ?? 51h    Q
8c095099  d2           ?? D2h
8c09509a  52           ?? 52h    R
8c09509b  d6           ?? D6h
8c09509c  0b           ?? 0Bh
8c09509d  42           ?? 42h    B
8c09509e  9e           ?? 9Eh
8c09509f  04           ?? 04h
8c0950a0  95           ?? 95h
8c0950a1  af           ?? AFh
8c0950a2  09           ?? 09h
8c0950a3  00           ?? 00h
8c0950a4  95           ?? 95h
8c0950a5  90           ?? 90h
8c0950a6  50           ?? 50h    P
8c0950a7  d5           ?? D5h
8c0950a8  4d           ?? 4Dh    M
8c0950a9  d2           ?? D2h
8c0950aa  4e           ?? 4Eh    N
8c0950ab  d6           ?? D6h
8c0950ac  0b           ?? 0Bh
8c0950ad  42           ?? 42h    B
8c0950ae  9e           ?? 9Eh
8c0950af  04           ?? 04h
8c0950b0  8d           ?? 8Dh
8c0950b1  af           ?? AFh
8c0950b2  09           ?? 09h
8c0950b3  00           ?? 00h
8c0950b4  8d           ?? 8Dh
8c0950b5  90           ?? 90h
8c0950b6  4d           ?? 4Dh    M
8c0950b7  d5           ?? D5h
8c0950b8  49           ?? 49h    I
8c0950b9  d2           ?? D2h
8c0950ba  4d           ?? 4Dh    M
8c0950bb  d6           ?? D6h
8c0950bc  0b           ?? 0Bh
8c0950bd  42           ?? 42h    B
8c0950be  9e           ?? 9Eh
8c0950bf  04           ?? 04h
8c0950c0  85           ?? 85h
8c0950c1  af           ?? AFh
8c0950c2  09           ?? 09h
8c0950c3  00           ?? 00h
8c0950c4  85           ?? 85h
8c0950c5  90           ?? 90h
8c0950c6  45           ?? 45h    E
8c0950c7  d5           ?? D5h
8c0950c8  45           ?? 45h    E
8c0950c9  d2           ?? D2h
8c0950ca  49           ?? 49h    I
8c0950cb  d6           ?? D6h
8c0950cc  0b           ?? 0Bh
8c0950cd  42           ?? 42h    B
8c0950ce  9e           ?? 9Eh
8c0950cf  04           ?? 04h
8c0950d0  7d           ?? 7Dh    }
8c0950d1  af           ?? AFh
8c0950d2  09           ?? 09h
8c0950d3  00           ?? 00h
8c0950d4  9a           ?? 9Ah
8c0950d5  52           ?? 52h    R
8c0950d6  93           ?? 93h
8c0950d7  64           ?? 64h    d
8c0950d8  60           ?? 60h    `
8c0950d9  72           ?? 72h    r
8c0950da  22           ?? 22h    "
8c0950db  66           ?? 66h    f
8c0950dc  22           ?? 22h    "
8c0950dd  55           ?? 55h    U
8c0950de  45           ?? 45h    E
8c0950df  d2           ?? D2h
8c0950e0  6c           ?? 6Ch    l
8c0950e1  34           ?? 34h    4
8c0950e2  0b           ?? 0Bh
8c0950e3  45           ?? 45h    E
8c0950e4  22           ?? 22h    "
8c0950e5  2f           ?? 2Fh    /
8c0950e6  74           ?? 74h    t
8c0950e7  90           ?? 90h
8c0950e8  93           ?? 93h
8c0950e9  65           ?? 65h    e
8c0950ea  73           ?? 73h    s
8c0950eb  92           ?? 92h
8c0950ec  9e           ?? 9Eh
8c0950ed  04           ?? 04h
8c0950ee  72           ?? 72h    r
8c0950ef  90           ?? 90h
8c0950f0  2c           ?? 2Ch    ,
8c0950f1  35           ?? 35h    5
8c0950f2  3b           ?? 3Bh    ;
8c0950f3  d2           ?? D2h
8c0950f4  0b           ?? 0Bh
8c0950f5  42           ?? 42h    B
8c0950f6  9e           ?? 9Eh
8c0950f7  06           ?? 06h
8c0950f8  6b           ?? 6Bh    k
8c0950f9  90           ?? 90h
8c0950fa  3f           ?? 3Fh    ?
8c0950fb  d2           ?? D2h
8c0950fc  0b           ?? 0Bh
8c0950fd  42           ?? 42h    B
8c0950fe  9e           ?? 9Eh
8c0950ff  04           ?? 04h
8c095100  65           ?? 65h    e
8c095101  af           ?? AFh
8c095102  09           ?? 09h
8c095103  00           ?? 00h
8c095104  9a           ?? 9Ah
8c095105  52           ?? 52h    R
8c095106  93           ?? 93h
8c095107  64           ?? 64h    d
8c095108  60           ?? 60h    `
8c095109  72           ?? 72h    r
8c09510a  22           ?? 22h    "
8c09510b  66           ?? 66h    f
8c09510c  22           ?? 22h    "
8c09510d  55           ?? 55h    U
8c09510e  3b           ?? 3Bh    ;
8c09510f  d2           ?? D2h
8c095110  6c           ?? 6Ch    l
8c095111  34           ?? 34h    4
8c095112  0b           ?? 0Bh
8c095113  45           ?? 45h    E
8c095114  22           ?? 22h    "
8c095115  2f           ?? 2Fh    /
8c095116  5c           ?? 5Ch    \
8c095117  90           ?? 90h
8c095118  93           ?? 93h
8c095119  65           ?? 65h    e
8c09511a  5b           ?? 5Bh    [
8c09511b  92           ?? 92h
8c09511c  9e           ?? 9Eh
8c09511d  04           ?? 04h
8c09511e  5a           ?? 5Ah    Z
8c09511f  90           ?? 90h
8c095120  2c           ?? 2Ch    ,
