; range: 8c094fe0 - 8c0950b0

8c094fe0  0b           ?? 0Bh
8c094fe1  42           ?? 42h    B
8c094fe2  01           ?? 01h
8c094fe3  ec           ?? ECh
8c094fe4  2b           ?? 2Bh    +
8c094fe5  90           ?? 90h
8c094fe6  9e           ?? 9Eh
8c094fe7  06           ?? 06h
8c094fe8  2f           ?? 2Fh    /
8c094fe9  90           ?? 90h
8c094fea  6d           ?? 6Dh    m
8c094feb  52           ?? 52h    R
8c094fec  6e           ?? 6Eh    n
8c094fed  1f           ?? 1Fh
8c094fee  26           ?? 26h    &
8c094fef  09           ?? 09h
8c094ff0  6e           ?? 6Eh    n
8c094ff1  52           ?? 52h    R
8c094ff2  2b           ?? 2Bh    +
8c094ff3  90           ?? 90h
8c094ff4  26           ?? 26h    &
8c094ff5  09           ?? 09h
8c094ff6  2a           ?? 2Ah    *
8c094ff7  90           ?? 90h
8c094ff8  9e           ?? 9Eh
8c094ff9  02           ?? 02h
8c094ffa  28           ?? 28h    (
8c094ffb  22           ?? 22h    "
8c094ffc  29           ?? 29h    )
8c094ffd  00           ?? 00h
8c094ffe  ca           ?? CAh
8c094fff  20           ?? 20h     
8c095000  08           ?? 08h
8c095001  20           ?? 20h     
8c095002  01           ?? 01h
8c095003  8b           ?? 8Bh
8c095004  96           ?? 96h
8c095005  a0           ?? A0h
8c095006  09           ?? 09h
8c095007  00           ?? 00h
8c095008  22           ?? 22h    "
8c095009  90           ?? 90h
8c09500a  01           ?? 01h
8c09500b  e5           ?? E5h
8c09500c  1e           ?? 1Eh
8c09500d  d2           ?? D2h
8c09500e  0b           ?? 0Bh
8c09500f  42           ?? 42h    B
8c095010  9e           ?? 9Eh
8c095011  04           ?? 04h
8c095012  1d           ?? 1Dh
8c095013  90           ?? 90h
8c095014  1d           ?? 1Dh
8c095015  d2           ?? D2h
8c095016  0b           ?? 0Bh
8c095017  42           ?? 42h    B
8c095018  9e           ?? 9Eh
8c095019  04           ?? 04h
8c09501a  66           ?? 66h    f
8c09501b  af           ?? AFh
8c09501c  09           ?? 09h
8c09501d  00           ?? 00h
8c09501e  7f           ?? 7Fh    
8c09501f  ae           ?? AEh
8c095020  f3           ?? F3h
8c095021  52           ?? 52h    R
8c095022  1b           ?? 1Bh
8c095023  d2           ?? D2h
8c095024  f3           ?? F3h
8c095025  66           ?? 66h    f
8c095026  28           ?? 28h    (
8c095027  76           ?? 76h    v
8c095028  0b           ?? 0Bh
8c095029  42           ?? 42h    B
8c09502a  1f           ?? 1Fh
8c09502b  e5           ?? E5h
8c09502c  a2           ?? A2h
8c09502d  af           ?? AFh
8c09502e  09           ?? 09h
8c09502f  00           ?? 00h
8c095030  17           ?? 17h
8c095031  d2           ?? D2h
8c095032  f3           ?? F3h
8c095033  66           ?? 66h    f
8c095034  28           ?? 28h    (
8c095035  76           ?? 76h    v
8c095036  0b           ?? 0Bh
8c095037  42           ?? 42h    B
8c095038  20           ?? 20h     
8c095039  e5           ?? E5h
8c09503a  9b           ?? 9Bh
8c09503b  af           ?? AFh
8c09503c  09           ?? 09h
8c09503d  00           ?? 00h
8c09503e  c0           ?? C0h
8c09503f  00           ?? 00h
8c095040  ff           ?? FFh
8c095041  00           ?? 00h
8c095042  80           ?? 80h
8c095043  00           ?? 00h
8c095044  e8           ?? E8h
8c095045  01           ?? 01h
8c095046  f0           ?? F0h
8c095047  01           ?? 01h
8c095048  2c           ?? 2Ch    ,
8c095049  02           ?? 02h
8c09504a  c8           ?? C8h
8c09504b  00           ?? 00h
8c09504c  cc           ?? CCh
8c09504d  00           ?? 00h
8c09504e  c4           ?? C4h
8c09504f  00           ?? 00h
8c095050  b8           ?? B8h
8c095051  02           ?? 02h
8c095052  00           ?? 00h
8c095053  00           ?? 00h
8c095054  28           ?? 28h    (
8c095055  0b           ?? 0Bh
8c095056  0e           ?? 0Eh
8c095057  8c           ?? 8Ch
8c095058  74           ?? 74h    t
8c095059  ee           ?? EEh
8c09505a  04           ?? 04h
8c09505b  8c           ?? 8Ch
8c09505c  d0           ?? D0h
8c09505d  98           ?? 98h
8c09505e  2d           ?? 2Dh    -
8c09505f  8c           ?? 8Ch
8c095060  00           ?? 00h
8c095061  00           ?? 00h
8c095062  66           ?? 66h    f
8c095063  43           ?? 43h    C
8c095064  00           ?? 00h
8c095065  00           ?? 00h
8c095066  68           ?? 68h    h
8c095067  43           ?? 43h    C
8c095068  70 5c 18 8c  addr 8c185c70
8c09506c  3c 38 09 8c  addr 8c09383c
8c095070  56 2d 0e 8c  addr 8c0e2d56
8c095074  dc 3f 09 8c  addr 8c093fdc
8c095078  5c 2d 0e 8c  addr 8c0e2d5c
8c09507c  0e 1e 0e 8c  addr 8c0e1e0e
8c095080  14 1e 0e 8c  addr 8c0e1e14
8c095084  54 1e 0e 8c  addr 8c0e1e54
8c095088  98 7d 0a 8c  addr 8c0a7d98
8c09508c  58 7d 0a 8c  addr 8c0a7d58
8c095090  fc 12 02 8c  addr 8c0212fc
8c095094  9d           ?? 9Dh
8c095095  90           ?? 90h
8c095096  51           ?? 51h    Q
8c095097  d5           ?? D5h
8c095098  51           ?? 51h    Q
8c095099  d2           ?? D2h
8c09509a  52           ?? 52h    R
8c09509b  d6           ?? D6h
8c09509c  0b           ?? 0Bh
8c09509d  42           ?? 42h    B
8c09509e  9e           ?? 9Eh
8c09509f  04           ?? 04h
8c0950a0  95           ?? 95h
8c0950a1  af           ?? AFh
8c0950a2  09           ?? 09h
8c0950a3  00           ?? 00h
8c0950a4  95           ?? 95h
8c0950a5  90           ?? 90h
8c0950a6  50           ?? 50h    P
8c0950a7  d5           ?? D5h
8c0950a8  4d           ?? 4Dh    M
8c0950a9  d2           ?? D2h
8c0950aa  4e           ?? 4Eh    N
8c0950ab  d6           ?? D6h
8c0950ac  0b           ?? 0Bh
8c0950ad  42           ?? 42h    B
8c0950ae  9e           ?? 9Eh
8c0950af  04           ?? 04h
8c0950b0  8d           ?? 8Dh
