; range: 8c0844d4 - 8c084680

8c0844d4  96 2f        mov.l r9,@-r15
8c0844d6  a6 2f        mov.l r10,@-r15
8c0844d8  b6 2f        mov.l r11,@-r15
8c0844da  c6 2f        mov.l r12,@-r15
8c0844dc  d6 2f        mov.l r13,@-r15
8c0844de  e6 2f        mov.l r14,@-r15
8c0844e0  eb ff        fmov.s fr14,@-r15
8c0844e2  22 4f        sts.l PR,@-r15
8c0844e4  ec 7f        add #-0x14,r15
8c0844e6  53 62        mov r5,r2
8c0844e8  08 45        shll2 r5
8c0844ea  bc 90        mov.w 0x8c084666,r0
8c0844ec  08 45        shll2 r5
8c0844ee  2c 35        add r2,r5
8c0844f0  63 6b        mov r6,r11
8c0844f2  4e 0d        mov.l @(r0,r4),r13
8c0844f4  08 45        shll2 r5
8c0844f6  00 45        shll r5
8c0844f8  60 da        mov.l 0x8c08467c,r10
8c0844fa  5c 3d        add r5,r13
8c0844fc  4c fe        fmov fr4,fr14
8c0844fe  d1 62        mov.w @r13,r2
8c084500  01 e5        mov #0x1,r5
8c084502  d3 6e        mov r13,r14
8c084504  02 7e        add #0x2,r14
8c084506  2d 66        extu.w r2,r6
8c084508  73 69        mov r7,r9
8c08450a  5b 26        or r5,r6
8c08450c  43 6c        mov r4,r12
8c08450e  61 2d        mov.w r6,@r13
8c084510  7d 65        extu.w r7,r5
8c084512  06 e1        mov #0x6,r1
8c084514  e3 62        mov r14,r2
8c084516  0b 4a        jsr @r10
8c084518  53 60        _mov r5,r0
8c08451a  fd 52        mov.l @(0x34,r15),r2
8c08451c  a4 91        mov.w 0x8c084668,r1
8c08451e  2d 65        extu.w r2,r5
8c084520  e3 62        mov r14,r2
8c084522  53 60        mov r5,r0
8c084524  0b 4a        jsr @r10
8c084526  d3 6e        _mov r13,r14
8c084528  d2 84        mov.b @(0x2,r13),r0
8c08452a  bd 65        extu.w r11,r5
8c08452c  9d 96        mov.w 0x8c08466a,r6
8c08452e  08 7e        add #0x8,r14
8c084530  03 62        mov r0,r2
8c084532  9b 91        mov.w 0x8c08466c,r1
8c084534  69 22        and r6,r2
8c084536  10 e6        mov #0x10,r6
8c084538  6b 22        or r6,r2
8c08453a  98 96        mov.w 0x8c08466e,r6
8c08453c  69 22        and r6,r2
8c08453e  08 e6        mov #0x8,r6
8c084540  6b 22        or r6,r2
8c084542  23 60        mov r2,r0
8c084544  d2 80        mov.b r0,@(0x2,r13)
8c084546  e3 62        mov r14,r2
8c084548  0b 4a        jsr @r10
8c08454a  53 60        _mov r5,r0
8c08454c  fe 55        mov.l @(0x38,r15),r5
8c08454e  e3 62        mov r14,r2
8c084550  8e 91        mov.w 0x8c084670,r1
8c084552  5d 65        extu.w r5,r5
8c084554  0b 4a        jsr @r10
8c084556  53 60        _mov r5,r0
8c084558  0c e0        mov #0xc,r0
8c08455a  8d f6        fldi0 fr6
8c08455c  e7 fd        fmov fr14,@(r0,r13)
8c08455e  14 e0        mov #0x14,r0
8c084560  67 fd        fmov fr6,@(r0,r13)
8c084562  0f e6        mov #0xf,r6
8c084564  d9 84        mov.b @(0x9,r13),r0
8c084566  03 62        mov r0,r2
8c084568  69 22        and r6,r2
8c08456a  10 e6        mov #0x10,r6
8c08456c  6b 22        or r6,r2
8c08456e  80 96        mov.w 0x8c084672,r6
8c084570  23 60        mov r2,r0
8c084572  d9 80        mov.b r0,@(0x9,r13)
8c084574  10 e0        mov #0x10,r0
8c084576  dc 02        mov.b @(r0,r13),r2
8c084578  69 22        and r6,r2
8c08457a  24 0d        mov.b r2,@(r0,r13)
8c08457c  70 e0        mov #0x70,r0
8c08457e  67 fd        fmov fr6,@(r0,r13)
8c084580  b3 60        mov r11,r0
8c084582  09 88        cmp/eq #0x9,r0
8c084584  0d 89        bt 0x8c0845a2
8c084586  c1 55        mov.l @(0x4,r12),r5
8c084588  b3 60        mov r11,r0
8c08458a  0e 75        add #0xe,r5
8c08458c  5c 02        mov.b @(r0,r5),r2
8c08458e  2c 60        extu.b r2,r0
8c084590  01 88        cmp/eq #0x1,r0
8c084592  06 8b        bf 0x8c0845a2
8c084594  3a d2        mov.l 0x8c084680,r2
8c084596  3b c7        mova 0x8c084684,r0
8c084598  08 f8        fmov.s @r0,fr8
8c08459a  70 e0        mov #0x70,r0
8c08459c  28 f9        fmov.s @r2,fr9
8c08459e  93 f8        fdiv fr9,fr8
8c0845a0  87 fd        fmov fr8,@(r0,r13)
8c0845a2  1c e0        mov #0x1c,r0
8c0845a4  9d f8        fldi1 fr8
8c0845a6  87 fd        fmov fr8,@(r0,r13)
8c0845a8  ff 52        mov.l @(0x3c,r15),r2
8c0845aa  23 60        mov r2,r0
8c0845ac  01 88        cmp/eq #0x1,r0
8c0845ae  01 8b        bf 0x8c0845b4
8c0845b0  80 a0        bra 0x8c0846b4
8c0845b2  09 00        _nop
8c0845b4  23 60        mov r2,r0
8c0845b6  02 88        cmp/eq #0x2,r0
8c0845b8  01 8b        bf 0x8c0845be
8c0845ba  83 a0        bra 0x8c0846c4
8c0845bc  09 00        _nop
8c0845be  23 60        mov r2,r0
8c0845c0  03 88        cmp/eq #0x3,r0
8c0845c2  08 8b        bf 0x8c0845d6
8c0845c4  30 c7        mova 0x8c084688,r0
8c0845c6  08 f8        fmov.s @r0,fr8
8c0845c8  1c e0        mov #0x1c,r0
8c0845ca  87 fd        fmov fr8,@(r0,r13)
8c0845cc  2f c7        mova 0x8c08468c,r0
8c0845ce  08 f8        fmov.s @r0,fr8
8c0845d0  0c e0        mov #0xc,r0
8c0845d2  80 fe        fadd fr8,fr14
8c0845d4  e7 fd        fmov fr14,@(r0,r13)
8c0845d6  68 e0        mov #0x68,r0
8c0845d8  2d d2        mov.l 0x8c084690,r2
8c0845da  67 fd        fmov fr6,@(r0,r13)
8c0845dc  d3 60        mov r13,r0
8c0845de  c2 54        mov.l @(0x8,r12),r4
8c0845e0  02 70        add #0x2,r0
8c0845e2  d3 66        mov r13,r6
8c0845e4  64 76        add #0x64,r6
8c0845e6  d3 67        mov r13,r7
8c0845e8  6c 77        add #0x6c,r7
8c0845ea  0b 42        jsr @r2
8c0845ec  03 65        _mov r0,r5
8c0845ee  41 90        mov.w 0x8c084674,r0
8c0845f0  c3 64        mov r12,r4
8c0845f2  c8 52        mov.l @(0x20,r12),r2
8c0845f4  ce 06        mov.l @(r0,r12),r6
8c0845f6  fd 55        mov.l @(0x34,r15),r5
8c0845f8  9d f9        fldi1 fr9
8c0845fa  90 f9        fadd fr9,fr9
8c0845fc  57 02        mul.l r5,r2
8c0845fe  f3 65        mov r15,r5
8c084600  1a 02        sts MACL,r2
8c084602  9c 32        add r9,r2
8c084604  08 42        shll2 r2
8c084606  23 60        mov r2,r0
8c084608  d6 06        mov.l r13,@(r0,r6)
8c08460a  22 c7        mova 0x8c084694,r0
8c08460c  00 e2        mov #0x0,r2
8c08460e  08 f8        fmov.s @r0,fr8
8c084610  23 1f        mov.l r2,@(0xc,r15)
8c084612  08 e0        mov #0x8,r0
8c084614  24 1f        mov.l r2,@(0x10,r15)
8c084616  1a d2        mov.l 0x8c084680,r2
8c084618  87 ff        fmov fr8,@(r0,r15)
8c08461a  1f c7        mova 0x8c084698,r0
8c08461c  9c f8        fmov fr9,fr8
8c08461e  28 f9        fmov.s @r2,fr9
8c084620  08 f6        fmov.s @r0,fr6
8c084622  04 e0        mov #0x4,r0
8c084624  93 f8        fdiv fr9,fr8
8c084626  1d d2        mov.l 0x8c08469c,r2
8c084628  8a ff        fmov.s fr8,@r15
8c08462a  6c f8        fmov fr6,fr8
8c08462c  93 f8        fdiv fr9,fr8
8c08462e  87 ff        fmov fr8,@(r0,r15)
8c084630  64 e0        mov #0x64,r0
8c084632  d6 f4        fmov.s @(r0,r13),fr4
8c084634  68 e0        mov #0x68,r0
8c084636  d6 f5        fmov.s @(r0,r13),fr5
8c084638  6c e0        mov #0x6c,r0
8c08463a  0b 42        jsr @r2
8c08463c  d6 f6        _fmov.s @(r0,r13),fr6
8c08463e  0d 65        extu.w r0,r5
8c084640  19 90        mov.w 0x8c084676,r0
8c084642  17 d2        mov.l 0x8c0846a0,r2
8c084644  c3 64        mov r12,r4
8c084646  55 0d        mov.w r5,@(r0,r13)
8c084648  0b 42        jsr @r2
8c08464a  5f 65        _exts.w r5,r5
8c08464c  14 90        mov.w 0x8c084678,r0
8c08464e  d3 65        mov r13,r5
8c084650  11 96        mov.w 0x8c084676,r6
8c084652  ce 02        mov.l @(r0,r12),r2
8c084654  6c 32        add r6,r2
8c084656  22 66        mov.l @r2,r6
8c084658  22 57        mov.l @(0x8,r2),r7
8c08465a  6c 3c        add r6,r12
8c08465c  0b 47        jsr @r7
8c08465e  c3 64        _mov r12,r4
8c084660  14 7f        add #0x14,r15
8c084662  1f a0        bra 0x8c0846a4
8c084664  26 4f        _lds.l @r15+,PR
8c084666  b4 0a        undefined2 0AB4h
8c084668  05 06        undefined2 0605h
8c08466a  ef 00        undefined2 00EFh
8c08466c  04 04        undefined2 0404h
8c08466e  f0 00        undefined2 00F0h
8c084670  04 0c        undefined2 0C04h
8c084672  f8 00        undefined2 00F8h
8c084674  8c 0a        undefined2 0A8Ch
8c084676  84 00        undefined2 0084h
8c084678  e4 0a        undefined2 0AE4h
8c08467a  00           ?? 00h
8c08467b  00           ?? 00h
8c08467c  90 e7 09 8c  addr 8c09e790
8c084680  4c 58 28 8c  undefined4 8C28584Ch
