; range: 8c078300 - 8c078380

8c078300  00           ?? 00h
8c078301  89           ?? 89h
8c078302  04           ?? 04h
8c078303  76           ?? 76h    v
8c078304  0e           ?? 0Eh
8c078305  d2           ?? D2h
8c078306  f3           ?? F3h
8c078307  64           ?? 64h    d
8c078308  0b           ?? 0Bh
8c078309  42           ?? 42h    B
8c07830a  0c           ?? 0Ch
8c07830b  74           ?? 74h    t
8c07830c  0a           ?? 0Ah
8c07830d  d7           ?? D7h
8c07830e  f3           ?? F3h
8c07830f  65           ?? 65h    e
8c078310  0c           ?? 0Ch
8c078311  d2           ?? D2h
8c078312  0c           ?? 0Ch
8c078313  75           ?? 75h    u
8c078314  0b           ?? 0Bh
8c078315  42           ?? 42h    B
8c078316  72           ?? 72h    r
8c078317  64           ?? 64h    d
8c078318  ed           ?? EDh
8c078319  ae           ?? AEh
8c07831a  09           ?? 09h
8c07831b  00           ?? 00h
8c07831c  0c           ?? 0Ch
8c07831d  01           ?? 01h
8c07831e  b4           ?? B4h
8c07831f  08           ?? 08h
8c078320  90           ?? 90h
8c078321  08           ?? 08h
8c078322  10           ?? 10h
8c078323  01           ?? 01h
8c078324  94           ?? 94h
8c078325  00           ?? 00h
8c078326  1c           ?? 1Ch
8c078327  01           ?? 01h
8c078328  3c           ?? 3Ch    <
8c078329  01           ?? 01h
8c07832a  48           ?? 48h    H
8c07832b  07           ?? 07h
8c07832c  20           ?? 20h     
8c07832d  01           ?? 01h
8c07832e  6c           ?? 6Ch    l
8c07832f  07           ?? 07h
8c078330  ec 43 07 8c  addr 8c0743ec
8c078334  bc 36 07 8c  addr 8c0736bc
8c078338  60 c8 1b 8c  addr 8c1bc860
8c07833c  dc 55 18 8c  addr 8c1855dc
8c078340  60 fa 09 8c  addr 8c09fa60
8c078344  5c 37 09 8c  addr 8c09375c
8c078348  5e ed 04 8c  addr 8c04ed5e
8c07834c  28 14 0d 8c  addr 8c0d1428
8c078350  f8 55 18 8c  addr 8c1855f8
8c078354  3f           ?? 3Fh    ?
8c078355  90           ?? 90h
8c078356  fe           ?? FEh
8c078357  0d           ?? 0Dh
8c078358  d3           ?? D3h
8c078359  64           ?? 64h    d
8c07835a  21           ?? 21h    !
8c07835b  d3           ?? D3h
8c07835c  0b           ?? 0Bh
8c07835d  43           ?? 43h    C
8c07835e  10           ?? 10h
8c07835f  7d           ?? 7Dh    }
8c078360  20           ?? 20h     
8c078361  d7           ?? D7h
8c078362  21           ?? 21h    !
8c078363  d5           ?? D5h
8c078364  72           ?? 72h    r
8c078365  62           ?? 62h    b
8c078366  28           ?? 28h    (
8c078367  22           ?? 22h    "
8c078368  12           ?? 12h
8c078369  8d           ?? 8Dh
8c07836a  52           ?? 52h    R
8c07836b  1f           ?? 1Fh
8c07836c  f3           ?? F3h
8c07836d  62           ?? 62h    b
8c07836e  0c           ?? 0Ch
8c07836f  72           ?? 72h    r
8c078370  03           ?? 03h
8c078371  e4           ?? E4h
8c078372  23           ?? 23h    #
8c078373  66           ?? 66h    f
8c078374  49           ?? 49h    I
8c078375  22           ?? 22h    "
8c078376  28           ?? 28h    (
8c078377  22           ?? 22h    "
8c078378  00           ?? 00h
8c078379  89           ?? 89h
8c07837a  04           ?? 04h
8c07837b  76           ?? 76h    v
8c07837c  1b           ?? 1Bh
8c07837d  d2           ?? D2h
8c07837e  f3           ?? F3h
8c07837f  64           ?? 64h    d
8c078380  0b           ?? 0Bh
