; range: 8c094f80 - 8c095260

8c094f80  3c           ?? 3Ch    <
8c094f81  d5           ?? D5h
8c094f82  3d           ?? 3Dh    =
8c094f83  d2           ?? D2h
8c094f84  0b           ?? 0Bh
8c094f85  42           ?? 42h    B
8c094f86  9e           ?? 9Eh
8c094f87  04           ?? 04h
8c094f88  59           ?? 59h    Y
8c094f89  90           ?? 90h
8c094f8a  3c           ?? 3Ch    <
8c094f8b  d2           ?? D2h
8c094f8c  9e           ?? 9Eh
8c094f8d  04           ?? 04h
8c094f8e  58           ?? 58h    X
8c094f8f  90           ?? 90h
8c094f90  0b           ?? 0Bh
8c094f91  42           ?? 42h    B
8c094f92  9e           ?? 9Eh
8c094f93  05           ?? 05h
8c094f94  53           ?? 53h    S
8c094f95  90           ?? 90h
8c094f96  9e           ?? 9Eh
8c094f97  55           ?? 55h    U
8c094f98  39           ?? 39h    9
8c094f99  d2           ?? D2h
8c094f9a  0b           ?? 0Bh
8c094f9b  42           ?? 42h    B
8c094f9c  9e           ?? 9Eh
8c094f9d  04           ?? 04h
8c094f9e  51           ?? 51h    Q
8c094f9f  90           ?? 90h
8c094fa0  9e           ?? 9Eh
8c094fa1  02           ?? 02h
8c094fa2  23           ?? 23h    #
8c094fa3  60           ?? 60h    `
8c094fa4  01           ?? 01h
8c094fa5  88           ?? 88h
8c094fa6  01           ?? 01h
8c094fa7  8b           ?? 8Bh
8c094fa8  94           ?? 94h
8c094fa9  a0           ?? A0h
8c094faa  09           ?? 09h
8c094fab  00           ?? 00h
8c094fac  23           ?? 23h    #
8c094fad  60           ?? 60h    `
8c094fae  02           ?? 02h
8c094faf  88           ?? 88h
8c094fb0  01           ?? 01h
8c094fb1  8b           ?? 8Bh
8c094fb2  a7           ?? A7h
8c094fb3  a0           ?? A0h
8c094fb4  09           ?? 09h
8c094fb5  00           ?? 00h
8c094fb6  23           ?? 23h    #
8c094fb7  60           ?? 60h    `
8c094fb8  03           ?? 03h
8c094fb9  88           ?? 88h
8c094fba  6b           ?? 6Bh    k
8c094fbb  89           ?? 89h
8c094fbc  23           ?? 23h    #
8c094fbd  60           ?? 60h    `
8c094fbe  04           ?? 04h
8c094fbf  88           ?? 88h
8c094fc0  70           ?? 70h    p
8c094fc1  89           ?? 89h
8c094fc2  23           ?? 23h    #
8c094fc3  60           ?? 60h    `
8c094fc4  05           ?? 05h
8c094fc5  88           ?? 88h
8c094fc6  75           ?? 75h    u
8c094fc7  89           ?? 89h
8c094fc8  23           ?? 23h    #
8c094fc9  60           ?? 60h    `
8c094fca  06           ?? 06h
8c094fcb  88           ?? 88h
8c094fcc  7a           ?? 7Ah    z
8c094fcd  89           ?? 89h
8c094fce  3a           ?? 3Ah    :
8c094fcf  92           ?? 92h
8c094fd0  93           ?? 93h
8c094fd1  65           ?? 65h    e
8c094fd2  34           ?? 34h    4
8c094fd3  90           ?? 90h
8c094fd4  93           ?? 93h
8c094fd5  66           ?? 66h    f
8c094fd6  2c           ?? 2Ch    ,
8c094fd7  35           ?? 35h    5
8c094fd8  36           ?? 36h    6
8c094fd9  92           ?? 92h
8c094fda  9e           ?? 9Eh
8c094fdb  04           ?? 04h
8c094fdc  2c           ?? 2Ch    ,
8c094fdd  36           ?? 36h    6
8c094fde  29           ?? 29h    )
8c094fdf  d2           ?? D2h
8c094fe0  0b           ?? 0Bh
8c094fe1  42           ?? 42h    B
8c094fe2  01           ?? 01h
8c094fe3  ec           ?? ECh
8c094fe4  2b           ?? 2Bh    +
8c094fe5  90           ?? 90h
8c094fe6  9e           ?? 9Eh
8c094fe7  06           ?? 06h
8c094fe8  2f           ?? 2Fh    /
8c094fe9  90           ?? 90h
8c094fea  6d           ?? 6Dh    m
8c094feb  52           ?? 52h    R
8c094fec  6e           ?? 6Eh    n
8c094fed  1f           ?? 1Fh
8c094fee  26           ?? 26h    &
8c094fef  09           ?? 09h
8c094ff0  6e           ?? 6Eh    n
8c094ff1  52           ?? 52h    R
8c094ff2  2b           ?? 2Bh    +
8c094ff3  90           ?? 90h
8c094ff4  26           ?? 26h    &
8c094ff5  09           ?? 09h
8c094ff6  2a           ?? 2Ah    *
8c094ff7  90           ?? 90h
8c094ff8  9e           ?? 9Eh
8c094ff9  02           ?? 02h
8c094ffa  28           ?? 28h    (
8c094ffb  22           ?? 22h    "
8c094ffc  29           ?? 29h    )
8c094ffd  00           ?? 00h
8c094ffe  ca           ?? CAh
8c094fff  20           ?? 20h     
8c095000  08           ?? 08h
8c095001  20           ?? 20h     
8c095002  01           ?? 01h
8c095003  8b           ?? 8Bh
8c095004  96           ?? 96h
8c095005  a0           ?? A0h
8c095006  09           ?? 09h
8c095007  00           ?? 00h
8c095008  22           ?? 22h    "
8c095009  90           ?? 90h
8c09500a  01           ?? 01h
8c09500b  e5           ?? E5h
8c09500c  1e           ?? 1Eh
8c09500d  d2           ?? D2h
8c09500e  0b           ?? 0Bh
8c09500f  42           ?? 42h    B
8c095010  9e           ?? 9Eh
8c095011  04           ?? 04h
8c095012  1d           ?? 1Dh
8c095013  90           ?? 90h
8c095014  1d           ?? 1Dh
8c095015  d2           ?? D2h
8c095016  0b           ?? 0Bh
8c095017  42           ?? 42h    B
8c095018  9e           ?? 9Eh
8c095019  04           ?? 04h
8c09501a  66           ?? 66h    f
8c09501b  af           ?? AFh
8c09501c  09           ?? 09h
8c09501d  00           ?? 00h
8c09501e  7f           ?? 7Fh    
8c09501f  ae           ?? AEh
8c095020  f3           ?? F3h
8c095021  52           ?? 52h    R
8c095022  1b           ?? 1Bh
8c095023  d2           ?? D2h
8c095024  f3           ?? F3h
8c095025  66           ?? 66h    f
8c095026  28           ?? 28h    (
8c095027  76           ?? 76h    v
8c095028  0b           ?? 0Bh
8c095029  42           ?? 42h    B
8c09502a  1f           ?? 1Fh
8c09502b  e5           ?? E5h
8c09502c  a2           ?? A2h
8c09502d  af           ?? AFh
8c09502e  09           ?? 09h
8c09502f  00           ?? 00h
8c095030  17           ?? 17h
8c095031  d2           ?? D2h
8c095032  f3           ?? F3h
8c095033  66           ?? 66h    f
8c095034  28           ?? 28h    (
8c095035  76           ?? 76h    v
8c095036  0b           ?? 0Bh
8c095037  42           ?? 42h    B
8c095038  20           ?? 20h     
8c095039  e5           ?? E5h
8c09503a  9b           ?? 9Bh
8c09503b  af           ?? AFh
8c09503c  09           ?? 09h
8c09503d  00           ?? 00h
8c09503e  c0           ?? C0h
8c09503f  00           ?? 00h
8c095040  ff           ?? FFh
8c095041  00           ?? 00h
8c095042  80           ?? 80h
8c095043  00           ?? 00h
8c095044  e8           ?? E8h
8c095045  01           ?? 01h
8c095046  f0           ?? F0h
8c095047  01           ?? 01h
8c095048  2c           ?? 2Ch    ,
8c095049  02           ?? 02h
8c09504a  c8           ?? C8h
8c09504b  00           ?? 00h
8c09504c  cc           ?? CCh
8c09504d  00           ?? 00h
8c09504e  c4           ?? C4h
8c09504f  00           ?? 00h
8c095050  b8           ?? B8h
8c095051  02           ?? 02h
8c095052  00           ?? 00h
8c095053  00           ?? 00h
8c095054  28           ?? 28h    (
8c095055  0b           ?? 0Bh
8c095056  0e           ?? 0Eh
8c095057  8c           ?? 8Ch
8c095058  74           ?? 74h    t
8c095059  ee           ?? EEh
8c09505a  04           ?? 04h
8c09505b  8c           ?? 8Ch
8c09505c  d0           ?? D0h
8c09505d  98           ?? 98h
8c09505e  2d           ?? 2Dh    -
8c09505f  8c           ?? 8Ch
8c095060  00           ?? 00h
8c095061  00           ?? 00h
8c095062  66           ?? 66h    f
8c095063  43           ?? 43h    C
8c095064  00           ?? 00h
8c095065  00           ?? 00h
8c095066  68           ?? 68h    h
8c095067  43           ?? 43h    C
8c095068  70 5c 18 8c  addr 8c185c70
8c09506c  3c 38 09 8c  addr 8c09383c
8c095070  56 2d 0e 8c  addr 8c0e2d56
8c095074  dc 3f 09 8c  addr 8c093fdc
8c095078  5c 2d 0e 8c  addr 8c0e2d5c
8c09507c  0e 1e 0e 8c  addr 8c0e1e0e
8c095080  14 1e 0e 8c  addr 8c0e1e14
8c095084  54 1e 0e 8c  addr 8c0e1e54
8c095088  98 7d 0a 8c  addr 8c0a7d98
8c09508c  58 7d 0a 8c  addr 8c0a7d58
8c095090  fc 12 02 8c  addr 8c0212fc
8c095094  9d           ?? 9Dh
8c095095  90           ?? 90h
8c095096  51           ?? 51h    Q
8c095097  d5           ?? D5h
8c095098  51           ?? 51h    Q
8c095099  d2           ?? D2h
8c09509a  52           ?? 52h    R
8c09509b  d6           ?? D6h
8c09509c  0b           ?? 0Bh
8c09509d  42           ?? 42h    B
8c09509e  9e           ?? 9Eh
8c09509f  04           ?? 04h
8c0950a0  95           ?? 95h
8c0950a1  af           ?? AFh
8c0950a2  09           ?? 09h
8c0950a3  00           ?? 00h
8c0950a4  95           ?? 95h
8c0950a5  90           ?? 90h
8c0950a6  50           ?? 50h    P
8c0950a7  d5           ?? D5h
8c0950a8  4d           ?? 4Dh    M
8c0950a9  d2           ?? D2h
8c0950aa  4e           ?? 4Eh    N
8c0950ab  d6           ?? D6h
8c0950ac  0b           ?? 0Bh
8c0950ad  42           ?? 42h    B
8c0950ae  9e           ?? 9Eh
8c0950af  04           ?? 04h
8c0950b0  8d           ?? 8Dh
8c0950b1  af           ?? AFh
8c0950b2  09           ?? 09h
8c0950b3  00           ?? 00h
8c0950b4  8d           ?? 8Dh
8c0950b5  90           ?? 90h
8c0950b6  4d           ?? 4Dh    M
8c0950b7  d5           ?? D5h
8c0950b8  49           ?? 49h    I
8c0950b9  d2           ?? D2h
8c0950ba  4d           ?? 4Dh    M
8c0950bb  d6           ?? D6h
8c0950bc  0b           ?? 0Bh
8c0950bd  42           ?? 42h    B
8c0950be  9e           ?? 9Eh
8c0950bf  04           ?? 04h
8c0950c0  85           ?? 85h
8c0950c1  af           ?? AFh
8c0950c2  09           ?? 09h
8c0950c3  00           ?? 00h
8c0950c4  85           ?? 85h
8c0950c5  90           ?? 90h
8c0950c6  45           ?? 45h    E
8c0950c7  d5           ?? D5h
8c0950c8  45           ?? 45h    E
8c0950c9  d2           ?? D2h
8c0950ca  49           ?? 49h    I
8c0950cb  d6           ?? D6h
8c0950cc  0b           ?? 0Bh
8c0950cd  42           ?? 42h    B
8c0950ce  9e           ?? 9Eh
8c0950cf  04           ?? 04h
8c0950d0  7d           ?? 7Dh    }
8c0950d1  af           ?? AFh
8c0950d2  09           ?? 09h
8c0950d3  00           ?? 00h
8c0950d4  9a           ?? 9Ah
8c0950d5  52           ?? 52h    R
8c0950d6  93           ?? 93h
8c0950d7  64           ?? 64h    d
8c0950d8  60           ?? 60h    `
8c0950d9  72           ?? 72h    r
8c0950da  22           ?? 22h    "
8c0950db  66           ?? 66h    f
8c0950dc  22           ?? 22h    "
8c0950dd  55           ?? 55h    U
8c0950de  45           ?? 45h    E
8c0950df  d2           ?? D2h
8c0950e0  6c           ?? 6Ch    l
8c0950e1  34           ?? 34h    4
8c0950e2  0b           ?? 0Bh
8c0950e3  45           ?? 45h    E
8c0950e4  22           ?? 22h    "
8c0950e5  2f           ?? 2Fh    /
8c0950e6  74           ?? 74h    t
8c0950e7  90           ?? 90h
8c0950e8  93           ?? 93h
8c0950e9  65           ?? 65h    e
8c0950ea  73           ?? 73h    s
8c0950eb  92           ?? 92h
8c0950ec  9e           ?? 9Eh
8c0950ed  04           ?? 04h
8c0950ee  72           ?? 72h    r
8c0950ef  90           ?? 90h
8c0950f0  2c           ?? 2Ch    ,
8c0950f1  35           ?? 35h    5
8c0950f2  3b           ?? 3Bh    ;
8c0950f3  d2           ?? D2h
8c0950f4  0b           ?? 0Bh
8c0950f5  42           ?? 42h    B
8c0950f6  9e           ?? 9Eh
8c0950f7  06           ?? 06h
8c0950f8  6b           ?? 6Bh    k
8c0950f9  90           ?? 90h
8c0950fa  3f           ?? 3Fh    ?
8c0950fb  d2           ?? D2h
8c0950fc  0b           ?? 0Bh
8c0950fd  42           ?? 42h    B
8c0950fe  9e           ?? 9Eh
8c0950ff  04           ?? 04h
8c095100  65           ?? 65h    e
8c095101  af           ?? AFh
8c095102  09           ?? 09h
8c095103  00           ?? 00h
8c095104  9a           ?? 9Ah
8c095105  52           ?? 52h    R
8c095106  93           ?? 93h
8c095107  64           ?? 64h    d
8c095108  60           ?? 60h    `
8c095109  72           ?? 72h    r
8c09510a  22           ?? 22h    "
8c09510b  66           ?? 66h    f
8c09510c  22           ?? 22h    "
8c09510d  55           ?? 55h    U
8c09510e  3b           ?? 3Bh    ;
8c09510f  d2           ?? D2h
8c095110  6c           ?? 6Ch    l
8c095111  34           ?? 34h    4
8c095112  0b           ?? 0Bh
8c095113  45           ?? 45h    E
8c095114  22           ?? 22h    "
8c095115  2f           ?? 2Fh    /
8c095116  5c           ?? 5Ch    \
8c095117  90           ?? 90h
8c095118  93           ?? 93h
8c095119  65           ?? 65h    e
8c09511a  5b           ?? 5Bh    [
8c09511b  92           ?? 92h
8c09511c  9e           ?? 9Eh
8c09511d  04           ?? 04h
8c09511e  5a           ?? 5Ah    Z
8c09511f  90           ?? 90h
8c095120  2c           ?? 2Ch    ,
8c095121  35           ?? 35h    5
8c095122  2f           ?? 2Fh    /
8c095123  d2           ?? D2h
8c095124  0b           ?? 0Bh
8c095125  42           ?? 42h    B
8c095126  9e           ?? 9Eh
8c095127  06           ?? 06h
8c095128  53           ?? 53h    S
8c095129  90           ?? 90h
8c09512a  35           ?? 35h    5
8c09512b  d2           ?? D2h
8c09512c  0b           ?? 0Bh
8c09512d  42           ?? 42h    B
8c09512e  9e           ?? 9Eh
8c09512f  04           ?? 04h
8c095130  4d           ?? 4Dh    M
8c095131  af           ?? AFh
8c095132  09           ?? 09h
8c095133  00           ?? 00h
8c095134  33           ?? 33h    3
8c095135  d2           ?? D2h
8c095136  0b           ?? 0Bh
8c095137  42           ?? 42h    B
8c095138  00           ?? 00h
8c095139  e4           ?? E4h
8c09513a  03           ?? 03h
8c09513b  64           ?? 64h    d
8c09513c  4c           ?? 4Ch    L
8c09513d  90           ?? 90h
8c09513e  46           ?? 46h    F
8c09513f  09           ?? 09h
8c095140  4a           ?? 4Ah    J
8c095141  52           ?? 52h    R
8c095142  18           ?? 18h
8c095143  72           ?? 72h    r
8c095144  22           ?? 22h    "
8c095145  66           ?? 66h    f
8c095146  22           ?? 22h    "
8c095147  55           ?? 55h    U
8c095148  0b           ?? 0Bh
8c095149  45           ?? 45h    E
8c09514a  6c           ?? 6Ch    l
8c09514b  34           ?? 34h    4
8c09514c  44           ?? 44h    D
8c09514d  90           ?? 90h
8c09514e  93           ?? 93h
8c09514f  64           ?? 64h    d
8c095150  2d           ?? 2Dh    -
8c095151  d7           ?? D7h
8c095152  0b           ?? 0Bh
8c095153  47           ?? 47h    G
8c095154  9e           ?? 9Eh
8c095155  05           ?? 05h
8c095156  3f           ?? 3Fh    ?
8c095157  90           ?? 90h
8c095158  9e           ?? 9Eh
8c095159  05           ?? 05h
8c09515a  3a           ?? 3Ah    :
8c09515b  90           ?? 90h
8c09515c  9e           ?? 9Eh
8c09515d  06           ?? 06h
8c09515e  3c           ?? 3Ch    <
8c09515f  90           ?? 90h
8c095160  6e           ?? 6Eh    n
8c095161  02           ?? 02h
8c095162  44           ?? 44h    D
8c095163  e0           ?? E0h
8c095164  26           ?? 26h    &
8c095165  05           ?? 05h
8c095166  4f           ?? 4Fh    O
8c095167  af           ?? AFh
8c095168  09           ?? 09h
8c095169  00           ?? 00h
8c09516a  53           ?? 53h    S
8c09516b  66           ?? 66h    f
8c09516c  dd           ?? DDh
8c09516d  46           ?? 46h    F
8c09516e  7c           ?? 7Ch    |
8c09516f  36           ?? 36h    6
8c095170  65           ?? 65h    e
8c095171  52           ?? 52h    R
8c095172  b3           ?? B3h
8c095173  66           ?? 66h    f
8c095174  f7           ?? F7h
8c095175  ad           ?? ADh
8c095176  28           ?? 28h    (
8c095177  36           ?? 36h    6
8c095178  22           ?? 22h    "
8c095179  4f           ?? 4Fh    O
8c09517a  24           ?? 24h    $
8c09517b  d2           ?? D2h
8c09517c  0b           ?? 0Bh
8c09517d  42           ?? 42h    B
8c09517e  09           ?? 09h
8c09517f  00           ?? 00h
8c095180  26           ?? 26h    &
8c095181  4f           ?? 4Fh    O
8c095182  0b           ?? 0Bh
8c095183  00           ?? 00h
8c095184  09           ?? 09h
8c095185  00           ?? 00h
8c095186  e6           ?? E6h
8c095187  2f           ?? 2Fh    /
8c095188  22           ?? 22h    "
8c095189  4f           ?? 4Fh    O
8c09518a  21           ?? 21h    !
8c09518b  d2           ?? D2h
8c09518c  0b           ?? 0Bh
8c09518d  42           ?? 42h    B
8c09518e  43           ?? 43h    C
8c09518f  6e           ?? 6Eh    n
8c095190  14           ?? 14h
8c095191  e0           ?? E0h
8c095192  20           ?? 20h     
8c095193  d2           ?? D2h
8c095194  e6           ?? E6h
8c095195  f9           ?? F9h
8c095196  20           ?? 20h     
8c095197  c7           ?? C7h
8c095198  08           ?? 08h
8c095199  f8           ?? F8h
8c09519a  28           ?? 28h    (
8c09519b  f6           ?? F6h
8c09519c  63           ?? 63h    c
8c09519d  f8           ?? F8h
8c09519e  95           ?? 95h
8c09519f  f8           ?? F8h
8c0951a0  0c           ?? 0Ch
8c0951a1  89           ?? 89h
8c0951a2  64           ?? 64h    d
8c0951a3  e0           ?? E0h
8c0951a4  ee           ?? EEh
8c0951a5  00           ?? 00h
8c0951a6  0f           ?? 0Fh
8c0951a7  88           ?? 88h
8c0951a8  0b           ?? 0Bh
8c0951a9  8b           ?? 8Bh
8c0951aa  00           ?? 00h
8c0951ab  e2           ?? E2h
8c0951ac  8d           ?? 8Dh
8c0951ad  f4           ?? F4h
8c0951ae  64           ?? 64h    d
8c0951af  e0           ?? E0h
8c0951b0  26           ?? 26h    &
8c0951b1  0e           ?? 0Eh
8c0951b2  10           ?? 10h
8c0951b3  7e           ?? 7Eh    ~
8c0951b4  19           ?? 19h
8c0951b5  d2           ?? D2h
8c0951b6  0b           ?? 0Bh
8c0951b7  e5           ?? E5h
8c0951b8  0b           ?? 0Bh
8c0951b9  42           ?? 42h    B
8c0951ba  e3           ?? E3h
8c0951bb  64           ?? 64h    d
8c0951bc  26           ?? 26h    &
8c0951bd  4f           ?? 4Fh    O
8c0951be  0b           ?? 0Bh
8c0951bf  00           ?? 00h
8c0951c0  f6           ?? F6h
8c0951c1  6e           ?? 6Eh    n
8c0951c2  16           ?? 16h
8c0951c3  d2           ?? D2h
8c0951c4  10           ?? 10h
8c0951c5  7e           ?? 7Eh    ~
8c0951c6  0a           ?? 0Ah
8c0951c7  e5           ?? E5h
8c0951c8  e3           ?? E3h
8c0951c9  64           ?? 64h    d
8c0951ca  0b           ?? 0Bh
8c0951cb  42           ?? 42h    B
8c0951cc  8d           ?? 8Dh
8c0951cd  f4           ?? F4h
8c0951ce  f5           ?? F5h
8c0951cf  af           ?? AFh
8c0951d0  09           ?? 09h
8c0951d1  00           ?? 00h
8c0951d2  c0           ?? C0h
8c0951d3  00           ?? 00h
8c0951d4  e8           ?? E8h
8c0951d5  00           ?? 00h
8c0951d6  ec           ?? ECh
8c0951d7  01           ?? 01h
8c0951d8  c4           ?? C4h
8c0951d9  00           ?? 00h
8c0951da  48           ?? 48h    H
8c0951db  02           ?? 02h
8c0951dc  90           ?? 90h
8c0951dd  5c           ?? 5Ch    \
8c0951de  18           ?? 18h
8c0951df  8c           ?? 8Ch
8c0951e0  5e           ?? 5Eh    ^
8c0951e1  21           ?? 21h    !
8c0951e2  0e           ?? 0Eh
8c0951e3  8c           ?? 8Ch
8c0951e4  99           ?? 99h
8c0951e5  01           ?? 01h
8c0951e6  00           ?? 00h
8c0951e7  48           ?? 48h    H
8c0951e8  9c           ?? 9Ch
8c0951e9  5c           ?? 5Ch    \
8c0951ea  18           ?? 18h
8c0951eb  8c           ?? 8Ch
8c0951ec  ac           ?? ACh
8c0951ed  5c           ?? 5Ch    \
8c0951ee  18           ?? 18h
8c0951ef  8c           ?? 8Ch
8c0951f0  00           ?? 00h
8c0951f1  01           ?? 01h
8c0951f2  27           ?? 27h    '
8c0951f3  11           ?? 11h
8c0951f4  bc 5c 18 8c  addr 8c185cbc
8c0951f8  80 21 0e 8c  addr 8c0e2180
8c0951fc  e4 5c 18 8c  addr 8c185ce4
8c095200  fc 21 0e 8c  addr 8c0e21fc
8c095204  a0 f5 0d 8c  addr 8c0df5a0
8c095208  74 ee 04 8c  addr 8c04ee74
8c09520c  a8 54 0e 8c  addr 8c0e54a8
8c095210  ac 54 0e 8c  addr 8c0e54ac
8c095214  4c           ?? 4Ch    L
8c095215  58           ?? 58h    X
8c095216  28           ?? 28h    (
8c095217  8c           ?? 8Ch
8c095218  00           ?? 00h
8c095219  00           ?? 00h
8c09521a  70           ?? 70h    p
8c09521b  42           ?? 42h    B
8c09521c  5e           ?? 5Eh    ^
8c09521d  ed           ?? EDh
8c09521e  04           ?? 04h
8c09521f  8c           ?? 8Ch
8c095220  e6           ?? E6h
8c095221  2f           ?? 2Fh    /
8c095222  22           ?? 22h    "
8c095223  4f           ?? 4Fh    O
8c095224  f0           ?? F0h
8c095225  7f           ?? 7Fh    
8c095226  53           ?? 53h    S
8c095227  d2           ?? D2h
8c095228  0b           ?? 0Bh
8c095229  42           ?? 42h    B
8c09522a  43           ?? 43h    C
8c09522b  6e           ?? 6Eh    n
8c09522c  14           ?? 14h
8c09522d  e0           ?? E0h
8c09522e  52           ?? 52h    R
8c09522f  d2           ?? D2h
8c095230  e6           ?? E6h
8c095231  f9           ?? F9h
8c095232  52           ?? 52h    R
8c095233  c7           ?? C7h
8c095234  08           ?? 08h
8c095235  f8           ?? F8h
8c095236  28           ?? 28h    (
8c095237  f6           ?? F6h
8c095238  63           ?? 63h    c
8c095239  f8           ?? F8h
8c09523a  95           ?? 95h
8c09523b  f8           ?? F8h
8c09523c  18           ?? 18h
8c09523d  89           ?? 89h
8c09523e  64           ?? 64h    d
8c09523f  e0           ?? E0h
8c095240  ee           ?? EEh
8c095241  00           ?? 00h
8c095242  0f           ?? 0Fh
8c095243  88           ?? 88h
8c095244  18           ?? 18h
8c095245  89           ?? 89h
8c095246  4e           ?? 4Eh    N
8c095247  d7           ?? D7h
8c095248  72           ?? 72h    r
8c095249  64           ?? 64h    d
8c09524a  48           ?? 48h    H
8c09524b  24           ?? 24h    $
8c09524c  3c           ?? 3Ch    <
8c09524d  89           ?? 89h
8c09524e  12           ?? 12h
8c09524f  e0           ?? E0h
8c095250  8d           ?? 8Dh
8c095251  96           ?? 96h
8c095252  4c           ?? 4Ch    L
8c095253  02           ?? 02h
8c095254  69           ?? 69h    i
8c095255  22           ?? 22h    "
8c095256  28           ?? 28h    (
8c095257  22           ?? 22h    "
8c095258  29           ?? 29h    )
8c095259  02           ?? 02h
8c09525a  28           ?? 28h    (
8c09525b  22           ?? 22h    "
8c09525c  17           ?? 17h
8c09525d  8b           ?? 8Bh
8c09525e  87           ?? 87h
8c09525f  90           ?? 90h
8c095260  ee           ?? EEh
