; range: 8c0eab40 - 8c0eaf00

8c0eab40  72           ?? 72h    r
8c0eab41  64           ?? 64h    d
8c0eab42  0b           ?? 0Bh
8c0eab43  42           ?? 42h    B
8c0eab44  3c           ?? 3Ch    <
8c0eab45  74           ?? 74h    t
8c0eab46  ed           ?? EDh
8c0eab47  af           ?? AFh
8c0eab48  09           ?? 09h
8c0eab49  00           ?? 00h
8c0eab4a  12           ?? 12h
8c0eab4b  d7           ?? D7h
8c0eab4c  18           ?? 18h
8c0eab4d  e5           ?? E5h
8c0eab4e  14           ?? 14h
8c0eab4f  d2           ?? D2h
8c0eab50  00           ?? 00h
8c0eab51  e6           ?? E6h
8c0eab52  72           ?? 72h    r
8c0eab53  64           ?? 64h    d
8c0eab54  0b           ?? 0Bh
8c0eab55  42           ?? 42h    B
8c0eab56  3c           ?? 3Ch    <
8c0eab57  74           ?? 74h    t
8c0eab58  e4           ?? E4h
8c0eab59  af           ?? AFh
8c0eab5a  09           ?? 09h
8c0eab5b  00           ?? 00h
8c0eab5c  ba           ?? BAh
8c0eab5d  52           ?? 52h    R
8c0eab5e  60           ?? 60h    `
8c0eab5f  72           ?? 72h    r
8c0eab60  22           ?? 22h    "
8c0eab61  66           ?? 66h    f
8c0eab62  22           ?? 22h    "
8c0eab63  55           ?? 55h    U
8c0eab64  0f           ?? 0Fh
8c0eab65  d2           ?? D2h
8c0eab66  6c           ?? 6Ch    l
8c0eab67  3b           ?? 3Bh    ;
8c0eab68  b3           ?? B3h
8c0eab69  64           ?? 64h    d
8c0eab6a  0b           ?? 0Bh
8c0eab6b  45           ?? 45h    E
8c0eab6c  22           ?? 22h    "
8c0eab6d  2f           ?? 2Fh    /
8c0eab6e  09           ?? 09h
8c0eab6f  d7           ?? D7h
8c0eab70  19           ?? 19h
8c0eab71  e5           ?? E5h
8c0eab72  0b           ?? 0Bh
8c0eab73  d2           ?? D2h
8c0eab74  00           ?? 00h
8c0eab75  e6           ?? E6h
8c0eab76  72           ?? 72h    r
8c0eab77  64           ?? 64h    d
8c0eab78  0b           ?? 0Bh
8c0eab79  42           ?? 42h    B
8c0eab7a  3c           ?? 3Ch    <
8c0eab7b  74           ?? 74h    t
8c0eab7c  05           ?? 05h
8c0eab7d  d7           ?? D7h
8c0eab7e  50           ?? 50h    P
8c0eab7f  e0           ?? E0h
8c0eab80  a1           ?? A1h
8c0eab81  52           ?? 52h    R
8c0eab82  72           ?? 72h    r
8c0eab83  66           ?? 66h    f
8c0eab84  26           ?? 26h    &
8c0eab85  06           ?? 06h
8c0eab86  cd           ?? CDh
8c0eab87  af           ?? AFh
8c0eab88  09           ?? 09h
8c0eab89  00           ?? 00h
8c0eab8a  00           ?? 00h
8c0eab8b  00           ?? 00h
8c0eab8c  d8 82 0f 8c  addr 8c0f82d8
8c0eab90  74 ea 09 8c  addr 8c09ea74
8c0eab94  fc f2 1b 8c  addr 8c1bf2fc
8c0eab98  54 86 0e 8c  addr 8c0e8654
8c0eab9c  84 a3 18 8c  addr 8c18a384
8c0eaba0  ee cc 11 8c  addr 8c11ccee
8c0eaba4  94 a3 18 8c  addr 8c18a394
8c0eaba8  d6           ?? D6h
8c0eaba9  2f           ?? 2Fh    /
8c0eabaa  e6           ?? E6h
8c0eabab  2f           ?? 2Fh    /
8c0eabac  22           ?? 22h    "
8c0eabad  4f           ?? 4Fh    O
8c0eabae  f8           ?? F8h
8c0eabaf  7f           ?? 7Fh    
8c0eabb0  50           ?? 50h    P
8c0eabb1  62           ?? 62h    b
8c0eabb2  63           ?? 63h    c
8c0eabb3  6d           ?? 6Dh    m
8c0eabb4  2c           ?? 2Ch    ,
8c0eabb5  62           ?? 62h    b
8c0eabb6  28           ?? 28h    (
8c0eabb7  22           ?? 22h    "
8c0eabb8  52           ?? 52h    R
8c0eabb9  8f           ?? 8Fh
8c0eabba  43           ?? 43h    C
8c0eabbb  6e           ?? 6Eh    n
8c0eabbc  ea           ?? EAh
8c0eabbd  52           ?? 52h    R
8c0eabbe  e3           ?? E3h
8c0eabbf  64           ?? 64h    d
8c0eabc0  60           ?? 60h    `
8c0eabc1  72           ?? 72h    r
8c0eabc2  22           ?? 22h    "
8c0eabc3  66           ?? 66h    f
8c0eabc4  22           ?? 22h    "
8c0eabc5  55           ?? 55h    U
8c0eabc6  4a           ?? 4Ah    J
8c0eabc7  d2           ?? D2h
8c0eabc8  6c           ?? 6Ch    l
8c0eabc9  34           ?? 34h    4
8c0eabca  22           ?? 22h    "
8c0eabcb  2f           ?? 2Fh    /
8c0eabcc  d2           ?? D2h
8c0eabcd  62           ?? 62h    b
8c0eabce  0b           ?? 0Bh
8c0eabcf  45           ?? 45h    E
8c0eabd0  21           ?? 21h    !
8c0eabd1  1f           ?? 1Fh
8c0eabd2  48           ?? 48h    H
8c0eabd3  d7           ?? D7h
8c0eabd4  d2           ?? D2h
8c0eabd5  64           ?? 64h    d
8c0eabd6  72           ?? 72h    r
8c0eabd7  65           ?? 65h    e
8c0eabd8  5d           ?? 5Dh    ]
8c0eabd9  56           ?? 56h    V
8c0eabda  68           ?? 68h    h
8c0eabdb  26           ?? 26h    &
8c0eabdc  08           ?? 08h
8c0eabdd  8d           ?? 8Dh
8c0eabde  6c           ?? 6Ch    l
8c0eabdf  15           ?? 15h
8c0eabe0  62           ?? 62h    b
8c0eabe1  62           ?? 62h    b
8c0eabe2  40           ?? 40h    @
8c0eabe3  32           ?? 32h    2
8c0eabe4  05           ?? 05h
8c0eabe5  89           ?? 89h
8c0eabe6  67           ?? 67h    g
8c0eabe7  52           ?? 52h    R
8c0eabe8  28           ?? 28h    (
8c0eabe9  22           ?? 22h    "
8c0eabea  2c           ?? 2Ch    ,
8c0eabeb  15           ?? 15h
8c0eabec  f8           ?? F8h
8c0eabed  8f           ?? 8Fh
8c0eabee  23           ?? 23h    #
8c0eabef  66           ?? 66h    f
8c0eabf0  00           ?? 00h
8c0eabf1  e6           ?? E6h
8c0eabf2  68           ?? 68h    h
8c0eabf3  26           ?? 26h    &
8c0eabf4  22           ?? 22h    "
8c0eabf5  89           ?? 89h
8c0eabf6  d1           ?? D1h
8c0eabf7  52           ?? 52h    R
8c0eabf8  3f           ?? 3Fh    ?
8c0eabf9  d5           ?? D5h
8c0eabfa  50           ?? 50h    P
8c0eabfb  32           ?? 32h    2
8c0eabfc  1b           ?? 1Bh
8c0eabfd  89           ?? 89h
8c0eabfe  3f           ?? 3Fh    ?
8c0eabff  d5           ?? D5h
8c0eac00  50           ?? 50h    P
8c0eac01  32           ?? 32h    2
8c0eac02  10           ?? 10h
8c0eac03  89           ?? 89h
8c0eac04  3e           ?? 3Eh    >
8c0eac05  d5           ?? D5h
8c0eac06  50           ?? 50h    P
8c0eac07  32           ?? 32h    2
8c0eac08  01           ?? 01h
8c0eac09  8b           ?? 8Bh
8c0eac0a  d2           ?? D2h
8c0eac0b  52           ?? 52h    R
8c0eac0c  21           ?? 21h    !
8c0eac0d  16           ?? 16h
8c0eac0e  39           ?? 39h    9
8c0eac0f  d7           ?? D7h
8c0eac10  0e           ?? 0Eh
8c0eac11  e5           ?? E5h
8c0eac12  3c           ?? 3Ch    <
8c0eac13  d2           ?? D2h
8c0eac14  00           ?? 00h
8c0eac15  e6           ?? E6h
8c0eac16  72           ?? 72h    r
8c0eac17  64           ?? 64h    d
8c0eac18  0b           ?? 0Bh
8c0eac19  42           ?? 42h    B
8c0eac1a  3c           ?? 3Ch    <
8c0eac1b  74           ?? 74h    t
8c0eac1c  08           ?? 08h
8c0eac1d  7f           ?? 7Fh    
8c0eac1e  26           ?? 26h    &
8c0eac1f  4f           ?? 4Fh    O
8c0eac20  f6           ?? F6h
8c0eac21  6e           ?? 6Eh    n
8c0eac22  0b           ?? 0Bh
8c0eac23  00           ?? 00h
8c0eac24  f6           ?? F6h
8c0eac25  6d           ?? 6Dh    m
8c0eac26  63           ?? 63h    c
8c0eac27  60           ?? 60h    `
8c0eac28  37           ?? 37h    7
8c0eac29  d6           ?? D6h
8c0eac2a  0c           ?? 0Ch
8c0eac2b  70           ?? 70h    p
8c0eac2c  60           ?? 60h    `
8c0eac2d  7d           ?? 7Dh    }
8c0eac2e  0b           ?? 0Bh
8c0eac2f  46           ?? 46h    F
8c0eac30  d3           ?? D3h
8c0eac31  61           ?? 61h    a
8c0eac32  ec           ?? ECh
8c0eac33  af           ?? AFh
8c0eac34  09           ?? 09h
8c0eac35  00           ?? 00h
8c0eac36  d2           ?? D2h
8c0eac37  52           ?? 52h    R
8c0eac38  e9           ?? E9h
8c0eac39  af           ?? AFh
8c0eac3a  22           ?? 22h    "
8c0eac3b  16           ?? 16h
8c0eac3c  ea           ?? EAh
8c0eac3d  52           ?? 52h    R
8c0eac3e  60           ?? 60h    `
8c0eac3f  72           ?? 72h    r
8c0eac40  22           ?? 22h    "
8c0eac41  66           ?? 66h    f
8c0eac42  22           ?? 22h    "
8c0eac43  55           ?? 55h    U
8c0eac44  31           ?? 31h    1
8c0eac45  d2           ?? D2h
8c0eac46  6c           ?? 6Ch    l
8c0eac47  3e           ?? 3Eh    >
8c0eac48  e3           ?? E3h
8c0eac49  64           ?? 64h    d
8c0eac4a  0b           ?? 0Bh
8c0eac4b  45           ?? 45h    E
8c0eac4c  22           ?? 22h    "
8c0eac4d  2f           ?? 2Fh    /
8c0eac4e  29           ?? 29h    )
8c0eac4f  d7           ?? D7h
8c0eac50  00           ?? 00h
8c0eac51  e5           ?? E5h
8c0eac52  2c           ?? 2Ch    ,
8c0eac53  d2           ?? D2h
8c0eac54  00           ?? 00h
8c0eac55  e6           ?? E6h
8c0eac56  72           ?? 72h    r
8c0eac57  64           ?? 64h    d
8c0eac58  0b           ?? 0Bh
8c0eac59  42           ?? 42h    B
8c0eac5a  3c           ?? 3Ch    <
8c0eac5b  74           ?? 74h    t
8c0eac5c  de           ?? DEh
8c0eac5d  af           ?? AFh
8c0eac5e  09           ?? 09h
8c0eac5f  00           ?? 00h
8c0eac60  ea           ?? EAh
8c0eac61  52           ?? 52h    R
8c0eac62  60           ?? 60h    `
8c0eac63  72           ?? 72h    r
8c0eac64  22           ?? 22h    "
8c0eac65  66           ?? 66h    f
8c0eac66  22           ?? 22h    "
8c0eac67  55           ?? 55h    U
8c0eac68  29           ?? 29h    )
8c0eac69  d2           ?? D2h
8c0eac6a  6c           ?? 6Ch    l
8c0eac6b  3e           ?? 3Eh    >
8c0eac6c  e3           ?? E3h
8c0eac6d  64           ?? 64h    d
8c0eac6e  0b           ?? 0Bh
8c0eac6f  45           ?? 45h    E
8c0eac70  22           ?? 22h    "
8c0eac71  2f           ?? 2Fh    /
8c0eac72  20           ?? 20h     
8c0eac73  d7           ?? D7h
8c0eac74  0f           ?? 0Fh
8c0eac75  e5           ?? E5h
8c0eac76  23           ?? 23h    #
8c0eac77  d2           ?? D2h
8c0eac78  00           ?? 00h
8c0eac79  e6           ?? E6h
8c0eac7a  72           ?? 72h    r
8c0eac7b  64           ?? 64h    d
8c0eac7c  0b           ?? 0Bh
8c0eac7d  42           ?? 42h    B
8c0eac7e  3c           ?? 3Ch    <
8c0eac7f  74           ?? 74h    t
8c0eac80  1c           ?? 1Ch
8c0eac81  d7           ?? D7h
8c0eac82  50           ?? 50h    P
8c0eac83  e0           ?? E0h
8c0eac84  d1           ?? D1h
8c0eac85  52           ?? 52h    R
8c0eac86  72           ?? 72h    r
8c0eac87  66           ?? 66h    f
8c0eac88  26           ?? 26h    &
8c0eac89  06           ?? 06h
8c0eac8a  c7           ?? C7h
8c0eac8b  af           ?? AFh
8c0eac8c  09           ?? 09h
8c0eac8d  00           ?? 00h
8c0eac8e  e6           ?? E6h
8c0eac8f  2f           ?? 2Fh    /
8c0eac90  22           ?? 22h    "
8c0eac91  4f           ?? 4Fh    O
8c0eac92  f8           ?? F8h
8c0eac93  7f           ?? 7Fh    
8c0eac94  50           ?? 50h    P
8c0eac95  62           ?? 62h    b
8c0eac96  63           ?? 63h    c
8c0eac97  6e           ?? 6Eh    n
8c0eac98  2c           ?? 2Ch    ,
8c0eac99  62           ?? 62h    b
8c0eac9a  28           ?? 28h    (
8c0eac9b  22           ?? 22h    "
8c0eac9c  18           ?? 18h
8c0eac9d  8f           ?? 8Fh
8c0eac9e  43           ?? 43h    C
8c0eac9f  67           ?? 67h    g
8c0eaca0  7a           ?? 7Ah    z
8c0eaca1  52           ?? 52h    R
8c0eaca2  60           ?? 60h    `
8c0eaca3  72           ?? 72h    r
8c0eaca4  22           ?? 22h    "
8c0eaca5  66           ?? 66h    f
8c0eaca6  22           ?? 22h    "
8c0eaca7  55           ?? 55h    U
8c0eaca8  1a           ?? 1Ah
8c0eaca9  d2           ?? D2h
8c0eacaa  6c           ?? 6Ch    l
8c0eacab  37           ?? 37h    7
8c0eacac  73           ?? 73h    s
8c0eacad  64           ?? 64h    d
8c0eacae  22           ?? 22h    "
8c0eacaf  2f           ?? 2Fh    /
8c0eacb0  e2           ?? E2h
8c0eacb1  62           ?? 62h    b
8c0eacb2  0b           ?? 0Bh
8c0eacb3  45           ?? 45h    E
8c0eacb4  21           ?? 21h    !
8c0eacb5  1f           ?? 1Fh
8c0eacb6  0f           ?? 0Fh
8c0eacb7  d5           ?? D5h
8c0eacb8  68           ?? 68h    h
8c0eacb9  e0           ?? E0h
8c0eacba  52           ?? 52h    R
8c0eacbb  62           ?? 62h    b
8c0eacbc  e2           ?? E2h
8c0eacbd  65           ?? 65h    e
8c0eacbe  08           ?? 08h
8c0eacbf  7e           ?? 7Eh    ~
8c0eacc0  2e           ?? 2Eh    .
8c0eacc1  04           ?? 04h
8c0eacc2  15           ?? 15h
8c0eacc3  d2           ?? D2h
8c0eacc4  0b           ?? 0Bh
8c0eacc5  42           ?? 42h    B
8c0eacc6  e3           ?? E3h
8c0eacc7  66           ?? 66h    f
8c0eacc8  08           ?? 08h
8c0eacc9  7f           ?? 7Fh    
8c0eacca  26           ?? 26h    &
8c0eaccb  4f           ?? 4Fh    O
8c0eaccc  0b           ?? 0Bh
8c0eaccd  00           ?? 00h
8c0eacce  f6           ?? F6h
8c0eaccf  6e           ?? 6Eh    n
8c0eacd0  7a           ?? 7Ah    z
8c0eacd1  52           ?? 52h    R
8c0eacd2  60           ?? 60h    `
8c0eacd3  72           ?? 72h    r
8c0eacd4  22           ?? 22h    "
8c0eacd5  66           ?? 66h    f
8c0eacd6  22           ?? 22h    "
8c0eacd7  55           ?? 55h    U
8c0eacd8  10           ?? 10h
8c0eacd9  d2           ?? D2h
8c0eacda  6c           ?? 6Ch    l
8c0eacdb  37           ?? 37h    7
8c0eacdc  73           ?? 73h    s
8c0eacdd  64           ?? 64h    d
8c0eacde  0b           ?? 0Bh
8c0eacdf  45           ?? 45h    E
8c0eace0  22           ?? 22h    "
8c0eace1  2f           ?? 2Fh    /
8c0eace2  04           ?? 04h
8c0eace3  d5           ?? D5h
8c0eace4  50           ?? 50h    P
8c0eace5  e0           ?? E0h
8c0eace6  e1           ?? E1h
8c0eace7  52           ?? 52h    R
8c0eace8  52           ?? 52h    R
8c0eace9  66           ?? 66h    f
8c0eacea  26           ?? 26h    &
8c0eaceb  06           ?? 06h
8c0eacec  ec           ?? ECh
8c0eaced  af           ?? AFh
8c0eacee  09           ?? 09h
8c0eacef  00           ?? 00h
8c0eacf0  b8           ?? B8h
8c0eacf1  a3           ?? A3h
8c0eacf2  18           ?? 18h
8c0eacf3  8c           ?? 8Ch
8c0eacf4  fc           ?? FCh
8c0eacf5  f2           ?? F2h
8c0eacf6  1b           ?? 1Bh
8c0eacf7  8c           ?? 8Ch
8c0eacf8  45           ?? 45h    E
8c0eacf9  4d           ?? 4Dh    M
8c0eacfa  41           ?? 41h    A
8c0eacfb  47           ?? 47h    G
8c0eacfc  45           ?? 45h    E
8c0eacfd  4d           ?? 4Dh    M
8c0eacfe  41           ?? 41h    A
8c0eacff  4e           ?? 4Eh    N
8c0ead00  52           ?? 52h    R
8c0ead01  45           ?? 45h    E
8c0ead02  53           ?? 53h    S
8c0ead03  55           ?? 55h    U
8c0ead04  ee cc 11 8c  addr 8c11ccee
8c0ead08  74 ea 09 8c  addr 8c09ea74
8c0ead0c  e0 a3 18 8c  addr 8c18a3e0
8c0ead10  04 a4 18 8c  addr 8c18a404
8c0ead14  2c a4 18 8c  addr 8c18a42c
8c0ead18  ce 86 0e 8c  addr 8c0e86ce
8c0ead1c  5c a4 18 8c  addr 8c18a45c
8c0ead20  22           ?? 22h    "
8c0ead21  4f           ?? 4Fh    O
8c0ead22  f4           ?? F4h
8c0ead23  7f           ?? 7Fh    
8c0ead24  50           ?? 50h    P
8c0ead25  62           ?? 62h    b
8c0ead26  2c           ?? 2Ch    ,
8c0ead27  62           ?? 62h    b
8c0ead28  28           ?? 28h    (
8c0ead29  22           ?? 22h    "
8c0ead2a  04           ?? 04h
8c0ead2b  8d           ?? 8Dh
8c0ead2c  63           ?? 63h    c
8c0ead2d  67           ?? 67h    g
8c0ead2e  0c           ?? 0Ch
8c0ead2f  7f           ?? 7Fh    
8c0ead30  26           ?? 26h    &
8c0ead31  4f           ?? 4Fh    O
8c0ead32  0b           ?? 0Bh
8c0ead33  00           ?? 00h
8c0ead34  09           ?? 09h
8c0ead35  00           ?? 00h
8c0ead36  4a           ?? 4Ah    J
8c0ead37  52           ?? 52h    R
8c0ead38  72           ?? 72h    r
8c0ead39  1f           ?? 1Fh
8c0ead3a  60           ?? 60h    `
8c0ead3b  72           ?? 72h    r
8c0ead3c  22           ?? 22h    "
8c0ead3d  66           ?? 66h    f
8c0ead3e  22           ?? 22h    "
8c0ead3f  55           ?? 55h    U
8c0ead40  49           ?? 49h    I
8c0ead41  d2           ?? D2h
8c0ead42  6c           ?? 6Ch    l
8c0ead43  34           ?? 34h    4
8c0ead44  22           ?? 22h    "
8c0ead45  2f           ?? 2Fh    /
8c0ead46  74           ?? 74h    t
8c0ead47  52           ?? 52h    R
8c0ead48  0b           ?? 0Bh
8c0ead49  45           ?? 45h    E
8c0ead4a  21           ?? 21h    !
8c0ead4b  1f           ?? 1Fh
8c0ead4c  ef           ?? EFh
8c0ead4d  af           ?? AFh
8c0ead4e  09           ?? 09h
8c0ead4f  00           ?? 00h
8c0ead50  22           ?? 22h    "
8c0ead51  4f           ?? 4Fh    O
8c0ead52  f8           ?? F8h
8c0ead53  7f           ?? 7Fh    
8c0ead54  50           ?? 50h    P
8c0ead55  62           ?? 62h    b
8c0ead56  2c           ?? 2Ch    ,
8c0ead57  62           ?? 62h    b
8c0ead58  28           ?? 28h    (
8c0ead59  22           ?? 22h    "
8c0ead5a  04           ?? 04h
8c0ead5b  8d           ?? 8Dh
8c0ead5c  63           ?? 63h    c
8c0ead5d  67           ?? 67h    g
8c0ead5e  08           ?? 08h
8c0ead5f  7f           ?? 7Fh    
8c0ead60  26           ?? 26h    &
8c0ead61  4f           ?? 4Fh    O
8c0ead62  0b           ?? 0Bh
8c0ead63  00           ?? 00h
8c0ead64  09           ?? 09h
8c0ead65  00           ?? 00h
8c0ead66  4a           ?? 4Ah    J
8c0ead67  52           ?? 52h    R
8c0ead68  60           ?? 60h    `
8c0ead69  72           ?? 72h    r
8c0ead6a  22           ?? 22h    "
8c0ead6b  66           ?? 66h    f
8c0ead6c  22           ?? 22h    "
8c0ead6d  55           ?? 55h    U
8c0ead6e  3f           ?? 3Fh    ?
8c0ead6f  d2           ?? D2h
8c0ead70  6c           ?? 6Ch    l
8c0ead71  34           ?? 34h    4
8c0ead72  22           ?? 22h    "
8c0ead73  2f           ?? 2Fh    /
8c0ead74  72           ?? 72h    r
8c0ead75  62           ?? 62h    b
8c0ead76  0b           ?? 0Bh
8c0ead77  45           ?? 45h    E
8c0ead78  21           ?? 21h    !
8c0ead79  1f           ?? 1Fh
8c0ead7a  f0           ?? F0h
8c0ead7b  af           ?? AFh
8c0ead7c  09           ?? 09h
8c0ead7d  00           ?? 00h
8c0ead7e  d6           ?? D6h
8c0ead7f  2f           ?? 2Fh    /
8c0ead80  e6           ?? E6h
8c0ead81  2f           ?? 2Fh    /
8c0ead82  22           ?? 22h    "
8c0ead83  4f           ?? 4Fh    O
8c0ead84  d0           ?? D0h
8c0ead85  7f           ?? 7Fh    
8c0ead86  50           ?? 50h    P
8c0ead87  62           ?? 62h    b
8c0ead88  63           ?? 63h    c
8c0ead89  67           ?? 67h    g
8c0ead8a  6b           ?? 6Bh    k
8c0ead8b  1f           ?? 1Fh
8c0ead8c  2c           ?? 2Ch    ,
8c0ead8d  62           ?? 62h    b
8c0ead8e  28           ?? 28h    (
8c0ead8f  22           ?? 22h    "
8c0ead90  28           ?? 28h    (
8c0ead91  8f           ?? 8Fh
8c0ead92  43           ?? 43h    C
8c0ead93  6e           ?? 6Eh    n
8c0ead94  36           ?? 36h    6
8c0ead95  d5           ?? D5h
8c0ead96  68           ?? 68h    h
8c0ead97  e0           ?? E0h
8c0ead98  73           ?? 73h    s
8c0ead99  6d           ?? 6Dh    m
8c0ead9a  52           ?? 52h    R
8c0ead9b  66           ?? 66h    f
8c0ead9c  6e           ?? 6Eh    n
8c0ead9d  02           ?? 02h
8c0ead9e  28           ?? 28h    (
8c0ead9f  22           ?? 22h    "
8c0eada0  13           ?? 13h
8c0eada1  8d           ?? 8Dh
8c0eada2  18           ?? 18h
8c0eada3  7d           ?? 7Dh    }
8c0eada4  33           ?? 33h    3
8c0eada5  d2           ?? D2h
8c0eada6  f3           ?? F3h
8c0eada7  60           ?? 60h    `
8c0eada8  0c           ?? 0Ch
8c0eada9  70           ?? 70h    p
8c0eadaa  0b           ?? 0Bh
8c0eadab  42           ?? 42h    B
8c0eadac  73           ?? 73h    s
8c0eadad  61           ?? 61h    a
8c0eadae  fb           ?? FBh
8c0eadaf  57           ?? 57h    W
8c0eadb0  68           ?? 68h    h
8c0eadb1  e0           ?? E0h
8c0eadb2  2f           ?? 2Fh    /
8c0eadb3  d5           ?? D5h
8c0eadb4  d3           ?? D3h
8c0eadb5  66           ?? 66h    f
8c0eadb6  74           ?? 74h    t
8c0eadb7  52           ?? 52h    R
8c0eadb8  27           ?? 27h    '
8c0eadb9  1f           ?? 1Fh
8c0eadba  75           ?? 75h    u
8c0eadbb  52           ?? 52h    R
8c0eadbc  28           ?? 28h    (
8c0eadbd  1f           ?? 1Fh
8c0eadbe  52           ?? 52h    R
8c0eadbf  62           ?? 62h    b
8c0eadc0  f3           ?? F3h
8c0eadc1  65           ?? 65h    e
8c0eadc2  2e           ?? 2Eh    .
8c0eadc3  04           ?? 04h
8c0eadc4  2c           ?? 2Ch    ,
8c0eadc5  d2           ?? D2h
8c0eadc6  0b           ?? 0Bh
8c0eadc7  42           ?? 42h    B
8c0eadc8  0c           ?? 0Ch
8c0eadc9  75           ?? 75h    u
8c0eadca  ea           ?? EAh
8c0eadcb  52           ?? 52h    R
8c0eadcc  fb           ?? FBh
8c0eadcd  57           ?? 57h    W
8c0eadce  60           ?? 60h    `
8c0eadcf  72           ?? 72h    r
8c0eadd0  22           ?? 22h    "
8c0eadd1  66           ?? 66h    f
8c0eadd2  22           ?? 22h    "
8c0eadd3  55           ?? 55h    U
8c0eadd4  29           ?? 29h    )
8c0eadd5  d2           ?? D2h
8c0eadd6  6c           ?? 6Ch    l
8c0eadd7  3e           ?? 3Eh    >
8c0eadd8  72           ?? 72h    r
8c0eadd9  1f           ?? 1Fh
8c0eadda  e3           ?? E3h
8c0eaddb  64           ?? 64h    d
8c0eaddc  22           ?? 22h    "
8c0eaddd  2f           ?? 2Fh    /
8c0eadde  74           ?? 74h    t
8c0eaddf  52           ?? 52h    R
8c0eade0  0b           ?? 0Bh
8c0eade1  45           ?? 45h    E
8c0eade2  21           ?? 21h    !
8c0eade3  1f           ?? 1Fh
8c0eade4  30           ?? 30h    0
8c0eade5  7f           ?? 7Fh    
8c0eade6  26           ?? 26h    &
8c0eade7  4f           ?? 4Fh    O
8c0eade8  f6           ?? F6h
8c0eade9  6e           ?? 6Eh    n
8c0eadea  0b           ?? 0Bh
8c0eadeb  00           ?? 00h
8c0eadec  f6           ?? F6h
8c0eaded  6d           ?? 6Dh    m
8c0eadee  d6           ?? D6h
8c0eadef  2f           ?? 2Fh    /
8c0eadf0  e6           ?? E6h
8c0eadf1  2f           ?? 2Fh    /
8c0eadf2  22           ?? 22h    "
8c0eadf3  4f           ?? 4Fh    O
8c0eadf4  f8           ?? F8h
8c0eadf5  7f           ?? 7Fh    
8c0eadf6  50           ?? 50h    P
8c0eadf7  62           ?? 62h    b
8c0eadf8  63           ?? 63h    c
8c0eadf9  6d           ?? 6Dh    m
8c0eadfa  2c           ?? 2Ch    ,
8c0eadfb  62           ?? 62h    b
8c0eadfc  28           ?? 28h    (
8c0eadfd  22           ?? 22h    "
8c0eadfe  14           ?? 14h
8c0eadff  8f           ?? 8Fh
8c0eae00  43           ?? 43h    C
8c0eae01  6e           ?? 6Eh    n
8c0eae02  1b           ?? 1Bh
8c0eae03  d6           ?? D6h
8c0eae04  68           ?? 68h    h
8c0eae05  e0           ?? E0h
8c0eae06  62           ?? 62h    b
8c0eae07  62           ?? 62h    b
8c0eae08  2e           ?? 2Eh    .
8c0eae09  04           ?? 04h
8c0eae0a  48           ?? 48h    H
8c0eae0b  24           ?? 24h    $
8c0eae0c  02           ?? 02h
8c0eae0d  89           ?? 89h
8c0eae0e  1c           ?? 1Ch
8c0eae0f  d2           ?? D2h
8c0eae10  0b           ?? 0Bh
8c0eae11  42           ?? 42h    B
8c0eae12  d2           ?? D2h
8c0eae13  65           ?? 65h    e
8c0eae14  ea           ?? EAh
8c0eae15  52           ?? 52h    R
8c0eae16  60           ?? 60h    `
8c0eae17  72           ?? 72h    r
8c0eae18  22           ?? 22h    "
8c0eae19  66           ?? 66h    f
8c0eae1a  22           ?? 22h    "
8c0eae1b  55           ?? 55h    U
8c0eae1c  19           ?? 19h
8c0eae1d  d2           ?? D2h
8c0eae1e  6c           ?? 6Ch    l
8c0eae1f  3e           ?? 3Eh    >
8c0eae20  e3           ?? E3h
8c0eae21  64           ?? 64h    d
8c0eae22  22           ?? 22h    "
8c0eae23  2f           ?? 2Fh    /
8c0eae24  d2           ?? D2h
8c0eae25  62           ?? 62h    b
8c0eae26  0b           ?? 0Bh
8c0eae27  45           ?? 45h    E
8c0eae28  21           ?? 21h    !
8c0eae29  1f           ?? 1Fh
8c0eae2a  08           ?? 08h
8c0eae2b  7f           ?? 7Fh    
8c0eae2c  26           ?? 26h    &
8c0eae2d  4f           ?? 4Fh    O
8c0eae2e  f6           ?? F6h
8c0eae2f  6e           ?? 6Eh    n
8c0eae30  0b           ?? 0Bh
8c0eae31  00           ?? 00h
8c0eae32  f6           ?? F6h
8c0eae33  6d           ?? 6Dh    m
8c0eae34  d6           ?? D6h
8c0eae35  2f           ?? 2Fh    /
8c0eae36  e6           ?? E6h
8c0eae37  2f           ?? 2Fh    /
8c0eae38  22           ?? 22h    "
8c0eae39  4f           ?? 4Fh    O
8c0eae3a  f0           ?? F0h
8c0eae3b  7f           ?? 7Fh    
8c0eae3c  50           ?? 50h    P
8c0eae3d  62           ?? 62h    b
8c0eae3e  63           ?? 63h    c
8c0eae3f  6d           ?? 6Dh    m
8c0eae40  2c           ?? 2Ch    ,
8c0eae41  62           ?? 62h    b
8c0eae42  28           ?? 28h    (
8c0eae43  22           ?? 22h    "
8c0eae44  0a           ?? 0Ah
8c0eae45  8f           ?? 8Fh
8c0eae46  43           ?? 43h    C
8c0eae47  6e           ?? 6Eh    n
8c0eae48  d1           ?? D1h
8c0eae49  52           ?? 52h    R
8c0eae4a  0f           ?? 0Fh
8c0eae4b  d3           ?? D3h
8c0eae4c  30           ?? 30h    0
8c0eae4d  32           ?? 32h    2
8c0eae4e  44           ?? 44h    D
8c0eae4f  89           ?? 89h
8c0eae50  0e           ?? 0Eh
8c0eae51  d3           ?? D3h
8c0eae52  30           ?? 30h    0
8c0eae53  32           ?? 32h    2
8c0eae54  1e           ?? 1Eh
8c0eae55  89           ?? 89h
8c0eae56  0e           ?? 0Eh
8c0eae57  d3           ?? D3h
8c0eae58  30           ?? 30h    0
8c0eae59  32           ?? 32h    2
8c0eae5a  2f           ?? 2Fh    /
8c0eae5b  89           ?? 89h
8c0eae5c  10           ?? 10h
8c0eae5d  7f           ?? 7Fh    
8c0eae5e  26           ?? 26h    &
8c0eae5f  4f           ?? 4Fh    O
8c0eae60  f6           ?? F6h
8c0eae61  6e           ?? 6Eh    n
8c0eae62  0b           ?? 0Bh
8c0eae63  00           ?? 00h
8c0eae64  f6           ?? F6h
8c0eae65  6d           ?? 6Dh    m
8c0eae66  00           ?? 00h
8c0eae67  00           ?? 00h
8c0eae68  8c a4 18 8c  addr 8c18a48c
8c0eae6c  a4 a4 18 8c  addr 8c18a4a4
8c0eae70  fc f2 1b 8c  addr 8c1bf2fc
8c0eae74  74 ea 09 8c  addr 8c09ea74
8c0eae78  54 86 0e 8c  addr 8c0e8654
8c0eae7c  b8 a4 18 8c  addr 8c18a4b8
8c0eae80  00 87 0e 8c  addr 8c0e8700
8c0eae84  cc a4 18 8c  addr 8c18a4cc
8c0eae88  45           ?? 45h    E
8c0eae89  4d           ?? 4Dh    M
8c0eae8a  41           ?? 41h    A
8c0eae8b  47           ?? 47h    G
8c0eae8c  45           ?? 45h    E
8c0eae8d  4d           ?? 4Dh    M
8c0eae8e  41           ?? 41h    A
8c0eae8f  4e           ?? 4Eh    N
8c0eae90  52           ?? 52h    R
8c0eae91  45           ?? 45h    E
8c0eae92  53           ?? 53h    S
8c0eae93  55           ?? 55h    U
8c0eae94  2a           ?? 2Ah    *
8c0eae95  d6           ?? D6h
8c0eae96  d3           ?? D3h
8c0eae97  61           ?? 61h    a
8c0eae98  f3           ?? F3h
8c0eae99  50           ?? 50h    P
8c0eae9a  0b           ?? 0Bh
8c0eae9b  46           ?? 46h    F
8c0eae9c  08           ?? 08h
8c0eae9d  71           ?? 71h    q
8c0eae9e  ea           ?? EAh
8c0eae9f  52           ?? 52h    R
8c0eaea0  f3           ?? F3h
8c0eaea1  53           ?? 53h    S
8c0eaea2  60           ?? 60h    `
8c0eaea3  72           ?? 72h    r
8c0eaea4  22           ?? 22h    "
8c0eaea5  66           ?? 66h    f
8c0eaea6  22           ?? 22h    "
8c0eaea7  55           ?? 55h    U
8c0eaea8  26           ?? 26h    &
8c0eaea9  d2           ?? D2h
8c0eaeaa  6c           ?? 6Ch    l
8c0eaeab  3e           ?? 3Eh    >
8c0eaeac  32           ?? 32h    2
8c0eaead  1f           ?? 1Fh
8c0eaeae  e3           ?? E3h
8c0eaeaf  64           ?? 64h    d
8c0eaeb0  22           ?? 22h    "
8c0eaeb1  2f           ?? 2Fh    /
8c0eaeb2  d2           ?? D2h
8c0eaeb3  62           ?? 62h    b
8c0eaeb4  0b           ?? 0Bh
8c0eaeb5  45           ?? 45h    E
8c0eaeb6  21           ?? 21h    !
8c0eaeb7  1f           ?? 1Fh
8c0eaeb8  d0           ?? D0h
8c0eaeb9  af           ?? AFh
8c0eaeba  09           ?? 09h
8c0eaebb  00           ?? 00h
8c0eaebc  ea           ?? EAh
8c0eaebd  52           ?? 52h    R
8c0eaebe  60           ?? 60h    `
8c0eaebf  72           ?? 72h    r
8c0eaec0  22           ?? 22h    "
8c0eaec1  66           ?? 66h    f
8c0eaec2  22           ?? 22h    "
8c0eaec3  55           ?? 55h    U
8c0eaec4  20           ?? 20h     
8c0eaec5  d2           ?? D2h
8c0eaec6  6c           ?? 6Ch    l
8c0eaec7  3e           ?? 3Eh    >
8c0eaec8  e3           ?? E3h
8c0eaec9  64           ?? 64h    d
8c0eaeca  22           ?? 22h    "
8c0eaecb  2f           ?? 2Fh    /
8c0eaecc  d2           ?? D2h
8c0eaecd  62           ?? 62h    b
8c0eaece  21           ?? 21h    !
8c0eaecf  1f           ?? 1Fh
8c0eaed0  d2           ?? D2h
8c0eaed1  52           ?? 52h    R
8c0eaed2  0b           ?? 0Bh
8c0eaed3  45           ?? 45h    E
8c0eaed4  22           ?? 22h    "
8c0eaed5  1f           ?? 1Fh
8c0eaed6  c1           ?? C1h
8c0eaed7  af           ?? AFh
8c0eaed8  09           ?? 09h
8c0eaed9  00           ?? 00h
8c0eaeda  ea           ?? EAh
8c0eaedb  52           ?? 52h    R
8c0eaedc  60           ?? 60h    `
8c0eaedd  72           ?? 72h    r
8c0eaede  22           ?? 22h    "
8c0eaedf  66           ?? 66h    f
8c0eaee0  22           ?? 22h    "
8c0eaee1  55           ?? 55h    U
8c0eaee2  1a           ?? 1Ah
8c0eaee3  d2           ?? D2h
8c0eaee4  6c           ?? 6Ch    l
8c0eaee5  3e           ?? 3Eh    >
8c0eaee6  e3           ?? E3h
8c0eaee7  64           ?? 64h    d
8c0eaee8  22           ?? 22h    "
8c0eaee9  2f           ?? 2Fh    /
8c0eaeea  d2           ?? D2h
8c0eaeeb  62           ?? 62h    b
8c0eaeec  21           ?? 21h    !
8c0eaeed  1f           ?? 1Fh
8c0eaeee  d2           ?? D2h
8c0eaeef  52           ?? 52h    R
8c0eaef0  0b           ?? 0Bh
8c0eaef1  45           ?? 45h    E
8c0eaef2  22           ?? 22h    "
8c0eaef3  1f           ?? 1Fh
8c0eaef4  b2           ?? B2h
8c0eaef5  af           ?? AFh
8c0eaef6  09           ?? 09h
8c0eaef7  00           ?? 00h
8c0eaef8  e6           ?? E6h
8c0eaef9  2f           ?? 2Fh    /
8c0eaefa  22           ?? 22h    "
8c0eaefb  4f           ?? 4Fh    O
8c0eaefc  f8           ?? F8h
8c0eaefd  7f           ?? 7Fh    
8c0eaefe  50           ?? 50h    P
8c0eaeff  62           ?? 62h    b
8c0eaf00  2c           ?? 2Ch    ,
