; range: 8c075f40 - 8c076120

8c075f40  f2 ad        bra 0x8c075b28
8c075f42  09 00        _nop
8c075f44  04 08        undefined2 0804h
8c075f46  02 0d        undefined2 0D02h
8c075f48  b4 08        undefined2 08B4h
8c075f4a  6c 07        undefined2 076Ch
8c075f4c  b0 0a        undefined2 0AB0h
8c075f4e  f4 15        undefined2 15F4h
8c075f50  80 9a 07 8c  addr 8c079a80
8c075f54  34 d5 08 8c  addr 8c08d534
8c075f58  c8 e7 09 8c  addr 8c09e7c8
8c075f5c  f5 5d        mov.l @(0x14,r15),r13
8c075f5e  b3 62        mov r11,r2
8c075f60  08 42        shll2 r2
8c075f62  c9 91        mov.w 0x8c0760f8,r1
8c075f64  d3 66        mov r13,r6
8c075f66  2c 36        add r2,r6
8c075f68  63 84        mov.b @(0x3,r6),r0
8c075f6a  0f ee        mov #0xf,r14
8c075f6c  50 e3        mov #0x50,r3
8c075f6e  b3 62        mov r11,r2
8c075f70  e9 20        and r14,r0
8c075f72  66 d4        mov.l 0x8c07610c,r4
8c075f74  3b 20        or r3,r0
8c075f76  c0 93        mov.w 0x8c0760fa,r3
8c075f78  08 42        shll2 r2
8c075f7a  63 80        mov.b r0,@(0x3,r6)
8c075f7c  d3 66        mov r13,r6
8c075f7e  2c 36        add r2,r6
8c075f80  62 84        mov.b @(0x2,r6),r0
8c075f82  b3 62        mov r11,r2
8c075f84  08 42        shll2 r2
8c075f86  e9 20        and r14,r0
8c075f88  62 80        mov.b r0,@(0x2,r6)
8c075f8a  d3 66        mov r13,r6
8c075f8c  2c 36        add r2,r6
8c075f8e  b3 62        mov r11,r2
8c075f90  62 84        mov.b @(0x2,r6),r0
8c075f92  08 42        shll2 r2
8c075f94  2c 3d        add r2,r13
8c075f96  19 20        and r1,r0
8c075f98  62 80        mov.b r0,@(0x2,r6)
8c075f9a  d2 84        mov.b @(0x2,r13),r0
8c075f9c  39 20        and r3,r0
8c075f9e  d2 80        mov.b r0,@(0x2,r13)
8c075fa0  10 e0        mov #0x10,r0
8c075fa2  ac 05        mov.b @(r0,r10),r5
8c075fa4  53 60        mov r5,r0
8c075fa6  80 c8        tst #0x80,r0
8c075fa8  29 02        movt r2
8c075faa  ff 72        add #-0x1,r2
8c075fac  2b 66        neg r2,r6
8c075fae  68 26        tst r6,r6
8c075fb0  06 8b        bf 0x8c075fc0
8c075fb2  7f e3        mov #0x7f,r3
8c075fb4  a2 91        mov.w 0x8c0760fc,r1
8c075fb6  39 25        and r3,r5
8c075fb8  1b 25        or r1,r5
8c075fba  10 e0        mov #0x10,r0
8c075fbc  54 0a        mov.b r5,@(r0,r10)
8c075fbe  5c 65        extu.b r5,r5
8c075fc0  f4 51        mov.l @(0x10,r15),r1
8c075fc2  b3 62        mov r11,r2
8c075fc4  08 42        shll2 r2
8c075fc6  2c 31        add r2,r1
8c075fc8  5e 65        exts.b r5,r5
8c075fca  13 84        mov.b @(0x3,r1),r0
8c075fcc  7f e3        mov #0x7f,r3
8c075fce  39 25        and r3,r5
8c075fd0  0f e3        mov #0xf,r3
8c075fd2  39 20        and r3,r0
8c075fd4  00 35        cmp/eq r0,r5
8c075fd6  0d 89        bt 0x8c075ff4
8c075fd8  f4 52        mov.l @(0x10,r15),r2
8c075fda  b3 66        mov r11,r6
8c075fdc  08 46        shll2 r6
8c075fde  6c 32        add r6,r2
8c075fe0  23 84        mov.b @(0x3,r2),r0
8c075fe2  0f e1        mov #0xf,r1
8c075fe4  a3 62        mov r10,r2
8c075fe6  10 72        add #0x10,r2
8c075fe8  03 65        mov r0,r5
8c075fea  19 25        and r1,r5
8c075fec  87 91        mov.w 0x8c0760fe,r1
8c075fee  53 60        mov r5,r0
8c075ff0  0b 44        jsr @r4
8c075ff2  13 66        _mov r1,r6
8c075ff4  0f ee        mov #0xf,r14
8c075ff6  f4 53        mov.l @(0x10,r15),r3
8c075ff8  e3 60        mov r14,r0
8c075ffa  a8 80        mov.b r0,@(0x8,r10)
8c075ffc  18 e0        mov #0x18,r0
8c075ffe  b3 62        mov r11,r2
8c076000  08 42        shll2 r2
8c076002  e7 fa        fmov fr14,@(r0,r10)
8c076004  2c 33        add r2,r3
8c076006  41 d4        mov.l 0x8c07610c,r4
8c076008  33 84        mov.b @(0x3,r3),r0
8c07600a  a3 62        mov r10,r2
8c07600c  09 72        add #0x9,r2
8c07600e  03 65        mov r0,r5
8c076010  e9 25        and r14,r5
8c076012  04 e6        mov #0x4,r6
8c076014  53 60        mov r5,r0
8c076016  0b 44        jsr @r4
8c076018  63 61        _mov r6,r1
8c07601a  71 90        mov.w 0x8c076100,r0
8c07601c  a3 65        mov r10,r5
8c07601e  02 75        add #0x2,r5
8c076020  58 25        tst r5,r5
8c076022  8e 0e        mov.l @(r0,r8),r14
8c076024  00 8d        bt/s 0x8c076028
8c076026  58 1f        _mov.l r5,@(0x20,r15)
8c076028  6b 91        mov.w 0x8c076102,r1
8c07602a  53 62        mov r5,r2
8c07602c  0b 49        jsr @r9
8c07602e  13 66        _mov r1,r6
8c076030  e8 52        mov.l @(0x20,r14),r2
8c076032  06 e5        mov #0x6,r5
8c076034  53 61        mov r5,r1
8c076036  07 02        mul.l r0,r2
8c076038  f8 52        mov.l @(0x20,r15),r2
8c07603a  1a 06        sts MACL,r6
8c07603c  0b 49        jsr @r9
8c07603e  6c 1f        _mov.l r6,@(0x30,r15)
8c076040  03 62        mov r0,r2
8c076042  5f 90        mov.w 0x8c076104,r0
8c076044  fc 56        mov.l @(0x30,r15),r6
8c076046  ee 05        mov.l @(r0,r14),r5
8c076048  2c 36        add r2,r6
8c07604a  08 46        shll2 r6
8c07604c  63 60        mov r6,r0
8c07604e  5e 02        mov.l @(r0,r5),r2
8c076050  a0 32        cmp/eq r10,r2
8c076052  29 02        movt r2
8c076054  28 22        tst r2,r2
8c076056  5f 8b        bf 0x8c076118
8c076058  aa 84        mov.b @(0xa,r10),r0
8c07605a  0c 62        extu.b r0,r2
8c07605c  28 22        tst r2,r2
8c07605e  01 89        bt 0x8c076064
8c076060  62 ad        bra 0x8c075b28
8c076062  09 00        _nop
8c076064  f4 5e        mov.l @(0x10,r15),r14
8c076066  b3 62        mov r11,r2
8c076068  08 42        shll2 r2
8c07606a  4c 91        mov.w 0x8c076106,r1
8c07606c  e3 66        mov r14,r6
8c07606e  2c 36        add r2,r6
8c076070  02 76        add #0x2,r6
8c076072  13 65        mov r1,r5
8c076074  63 62        mov r6,r2
8c076076  0b 49        jsr @r9
8c076078  0f ed        _mov #0xf,r13
8c07607a  b3 62        mov r11,r2
8c07607c  08 42        shll2 r2
8c07607e  e3 66        mov r14,r6
8c076080  2c 36        add r2,r6
8c076082  41 91        mov.w 0x8c076108,r1
8c076084  02 76        add #0x2,r6
8c076086  0f 1f        mov.l r0,@(0x3c,r15)
8c076088  63 62        mov r6,r2
8c07608a  0b 49        jsr @r9
8c07608c  13 65        _mov r1,r5
8c07608e  ff 57        mov.l @(0x3c,r15),r7
8c076090  1c e1        mov #0x1c,r1
8c076092  03 e3        mov #0x3,r3
8c076094  03 62        mov r0,r2
8c076096  08 47        shll2 r7
8c076098  e3 65        mov r14,r5
8c07609a  19 27        and r1,r7
8c07609c  39 22        and r3,r2
8c07609e  2b 27        or r2,r7
8c0760a0  b3 62        mov r11,r2
8c0760a2  08 42        shll2 r2
8c0760a4  7f 1f        mov.l r7,@(0x3c,r15)
8c0760a6  2c 35        add r2,r5
8c0760a8  19 d2        mov.l 0x8c076110,r2
8c0760aa  53 84        mov.b @(0x3,r5),r0
8c0760ac  73 65        mov r7,r5
8c0760ae  03 66        mov r0,r6
8c0760b0  2b 90        mov.w 0x8c07610a,r0
8c0760b2  d9 26        and r13,r6
8c0760b4  0b 42        jsr @r2
8c0760b6  8e 04        _mov.l @(r0,r8),r4
8c0760b8  ff 57        mov.l @(0x3c,r15),r7
8c0760ba  f7 54        mov.l @(0x1c,r15),r4
8c0760bc  73 62        mov r7,r2
8c0760be  00 42        shll r2
8c0760c0  7c 32        add r7,r2
8c0760c2  43 66        mov r4,r6
8c0760c4  00 42        shll r2
8c0760c6  1e 95        mov.w 0x8c076106,r5
8c0760c8  2c 36        add r2,r6
8c0760ca  73 62        mov r7,r2
8c0760cc  63 84        mov.b @(0x3,r6),r0
8c0760ce  00 42        shll r2
8c0760d0  7c 32        add r7,r2
8c0760d2  10 d7        mov.l 0x8c076114,r7
8c0760d4  d9 20        and r13,r0
8c0760d6  53 61        mov r5,r1
8c0760d8  63 80        mov.b r0,@(0x3,r6)
8c0760da  b3 66        mov r11,r6
8c0760dc  08 46        shll2 r6
8c0760de  6c 3e        add r6,r14
8c0760e0  e3 84        mov.b @(0x3,r14),r0
8c0760e2  00 42        shll r2
8c0760e4  2c 34        add r2,r4
8c0760e6  03 66        mov r0,r6
8c0760e8  d9 26        and r13,r6
8c0760ea  6d 66        extu.w r6,r6
8c0760ec  02 74        add #0x2,r4
8c0760ee  63 60        mov r6,r0
8c0760f0  0b 47        jsr @r7
8c0760f2  43 62        _mov r4,r2
8c0760f4  18 ad        bra 0x8c075b28
8c0760f6  09 00        _nop
8c0760f8  f9 00        undefined2 00F9h
8c0760fa  fe 00        undefined2 00FEh
8c0760fc  80 00        undefined2 0080h
8c0760fe  07 01        undefined2 0107h
8c076100  6c 07        undefined2 076Ch
8c076102  05 06        undefined2 0605h
8c076104  98 0a        undefined2 0A98h
8c076106  04 08        undefined2 0804h
8c076108  02 0d        undefined2 0D02h
8c07610a  b4 08        undefined2 08B4h
8c07610c  bc e5 09 8c  addr 8c09e5bc
8c076110  5c 9a 07 8c  addr 8c079a5c
8c076114  90 e7 09 8c  addr 8c09e790
8c076118  49 d2        mov.l 0x8c076240,r2
8c07611a  a3 65        mov r10,r5
8c07611c  0b 42        jsr @r2
8c07611e  e3 64        _mov r14,r4
8c076120  9a af        bra 0x8c076058
