; range: 8c0908a0 - 8c090a70

8c0908a0  0b 4d        jsr @r13
8c0908a2  93 62        _mov r9,r2
8c0908a4  08 1f        mov.l r0,@(0x20,r15)
8c0908a6  06 e1        mov #0x6,r1
8c0908a8  0b 4d        jsr @r13
8c0908aa  93 62        _mov r9,r2
8c0908ac  f8 52        mov.l @(0x20,r15),r2
8c0908ae  27 08        mul.l r2,r8
8c0908b0  1a 02        sts MACL,r2
8c0908b2  0c 32        add r0,r2
8c0908b4  08 42        shll2 r2
8c0908b6  23 60        mov r2,r0
8c0908b8  ae 06        mov.l @(r0,r10),r6
8c0908ba  c0 36        cmp/eq r12,r6
8c0908bc  01 8b        bf 0x8c0908c2
8c0908be  c6 a0        bra 0x8c090a4e
8c0908c0  09 00        _nop
8c0908c2  53 d3        mov.l 0x8c090a10,r3
8c0908c4  53 d2        mov.l 0x8c090a14,r2
8c0908c6  54 d7        mov.l 0x8c090a18,r7
8c0908c8  32 64        mov.l @r3,r4
8c0908ca  22 2f        mov.l r2,@r15
8c0908cc  0b 47        jsr @r7
8c0908ce  76 1f        _mov.l r7,@(0x18,r15)
8c0908d0  06 e1        mov #0x6,r1
8c0908d2  0b 4d        jsr @r13
8c0908d4  93 62        _mov r9,r2
8c0908d6  96 91        mov.w 0x8c090a06,r1
8c0908d8  93 62        mov r9,r2
8c0908da  0b 4d        jsr @r13
8c0908dc  0a 1f        _mov.l r0,@(0x28,r15)
8c0908de  92 91        mov.w 0x8c090a06,r1
8c0908e0  93 62        mov r9,r2
8c0908e2  0b 4d        jsr @r13
8c0908e4  09 1f        _mov.l r0,@(0x24,r15)
8c0908e6  b8 52        mov.l @(0x20,r11),r2
8c0908e8  06 e1        mov #0x6,r1
8c0908ea  08 1f        mov.l r0,@(0x20,r15)
8c0908ec  07 02        mul.l r0,r2
8c0908ee  93 62        mov r9,r2
8c0908f0  1a 06        sts MACL,r6
8c0908f2  0b 4d        jsr @r13
8c0908f4  67 1f        _mov.l r6,@(0x1c,r15)
8c0908f6  03 62        mov r0,r2
8c0908f8  86 90        mov.w 0x8c090a08,r0
8c0908fa  45 d3        mov.l 0x8c090a10,r3
8c0908fc  be 05        mov.l @(r0,r11),r5
8c0908fe  f7 50        mov.l @(0x1c,r15),r0
8c090900  f6 57        mov.l @(0x18,r15),r7
8c090902  2c 30        add r2,r0
8c090904  32 64        mov.l @r3,r4
8c090906  08 40        shll2 r0
8c090908  5e 02        mov.l @(r0,r5),r2
8c09090a  22 85        mov.w @(0x4,r2),r0
8c09090c  43 d2        mov.l 0x8c090a1c,r2
8c09090e  0d 66        extu.w r0,r6
8c090910  22 2f        mov.l r2,@r15
8c090912  fa 52        mov.l @(0x28,r15),r2
8c090914  63 1f        mov.l r6,@(0xc,r15)
8c090916  21 1f        mov.l r2,@(0x4,r15)
8c090918  f9 52        mov.l @(0x24,r15),r2
8c09091a  0b 47        jsr @r7
8c09091c  22 1f        _mov.l r2,@(0x8,r15)
8c09091e  c2 85        mov.w @(0x4,r12),r0
8c090920  3b d1        mov.l 0x8c090a10,r1
8c090922  3f d6        mov.l 0x8c090a20,r6
8c090924  0d 62        extu.w r0,r2
8c090926  f6 57        mov.l @(0x18,r15),r7
8c090928  12 64        mov.l @r1,r4
8c09092a  62 2f        mov.l r6,@r15
8c09092c  0b 47        jsr @r7
8c09092e  21 1f        _mov.l r2,@(0x4,r15)
8c090930  2c 7f        add #0x2c,r15
8c090932  26 4f        lds.l @r15+,PR
8c090934  f9 fe        fmov.s @r15+,fr14
8c090936  f6 6e        mov.l @r15+,r14
8c090938  f6 6d        mov.l @r15+,r13
8c09093a  f6 6c        mov.l @r15+,r12
8c09093c  f6 6b        mov.l @r15+,r11
8c09093e  f6 6a        mov.l @r15+,r10
8c090940  f6 69        mov.l @r15+,r9
8c090942  0b 00        rts
8c090944  f6 68        _mov.l @r15+,r8
8c090946  28 af        bra 0x8c09079a
8c090948  00 e2        _mov #0x0,r2
8c09094a  36 da        mov.l 0x8c090a24,r10
8c09094c  06 e1        mov #0x6,r1
8c09094e  0b 4a        jsr @r10
8c090950  93 62        _mov r9,r2
8c090952  58 91        mov.w 0x8c090a06,r1
8c090954  03 6d        mov r0,r13
8c090956  0b 4a        jsr @r10
8c090958  93 62        _mov r9,r2
8c09095a  33 d2        mov.l 0x8c090a28,r2
8c09095c  01 e7        mov #0x1,r7
8c09095e  03 6e        mov r0,r14
8c090960  b3 64        mov r11,r4
8c090962  03 66        mov r0,r6
8c090964  0b 42        jsr @r2
8c090966  d3 65        _mov r13,r5
8c090968  b8 52        mov.l @(0x20,r11),r2
8c09096a  4e 90        mov.w 0x8c090a0a,r0
8c09096c  e7 02        mul.l r14,r2
8c09096e  be 05        mov.l @(r0,r11),r5
8c090970  1a 00        sts MACL,r0
8c090972  dc 30        add r13,r0
8c090974  08 40        shll2 r0
8c090976  5e 06        mov.l @(r0,r5),r6
8c090978  68 26        tst r6,r6
8c09097a  21 89        bt 0x8c0909c0
8c09097c  62 50        mov.l @(0x8,r6),r0
8c09097e  02 88        cmp/eq #0x2,r0
8c090980  1e 8b        bf 0x8c0909c0
8c090982  2a c7        mova 0x8c090a2c,r0
8c090984  08 f9        fmov.s @r0,fr9
8c090986  20 e0        mov #0x20,r0
8c090988  29 d2        mov.l 0x8c090a30,r2
8c09098a  97 fc        fmov fr9,@(r0,r12)
8c09098c  c3 66        mov r12,r6
8c09098e  b2 54        mov.l @(0x8,r11),r4
8c090990  1c 76        add #0x1c,r6
8c090992  c3 67        mov r12,r7
8c090994  24 77        add #0x24,r7
8c090996  0b 42        jsr @r2
8c090998  93 65        _mov r9,r5
8c09099a  34 91        mov.w 0x8c090a06,r1
8c09099c  0b 4a        jsr @r10
8c09099e  93 62        _mov r9,r2
8c0909a0  b8 52        mov.l @(0x20,r11),r2
8c0909a2  06 e1        mov #0x6,r1
8c0909a4  07 02        mul.l r0,r2
8c0909a6  93 62        mov r9,r2
8c0909a8  1a 06        sts MACL,r6
8c0909aa  0b 4a        jsr @r10
8c0909ac  65 1f        _mov.l r6,@(0x14,r15)
8c0909ae  03 62        mov r0,r2
8c0909b0  2a 90        mov.w 0x8c090a08,r0
8c0909b2  be 05        mov.l @(r0,r11),r5
8c0909b4  f5 50        mov.l @(0x14,r15),r0
8c0909b6  2c 30        add r2,r0
8c0909b8  08 40        shll2 r0
8c0909ba  c6 05        mov.l r12,@(r0,r5)
8c0909bc  b8 af        bra 0x8c090930
8c0909be  09 00        _nop
8c0909c0  b8 52        mov.l @(0x20,r11),r2
8c0909c2  23 90        mov.w 0x8c090a0c,r0
8c0909c4  e7 02        mul.l r14,r2
8c0909c6  be 05        mov.l @(r0,r11),r5
8c0909c8  1a 00        sts MACL,r0
8c0909ca  dc 30        add r13,r0
8c0909cc  08 40        shll2 r0
8c0909ce  5e 06        mov.l @(r0,r5),r6
8c0909d0  68 26        tst r6,r6
8c0909d2  01 e6        mov #0x1,r6
8c0909d4  29 00        movt r0
8c0909d6  6a 20        xor r6,r0
8c0909d8  08 20        tst r0,r0
8c0909da  44 89        bt 0x8c090a66
8c0909dc  d3 af        bra 0x8c090986
8c0909de  9d f9        _fldi1 fr9
8c0909e0  0b d3        mov.l 0x8c090a10,r3
8c0909e2  0c d2        mov.l 0x8c090a14,r2
8c0909e4  0c d5        mov.l 0x8c090a18,r5
8c0909e6  32 64        mov.l @r3,r4
8c0909e8  22 2f        mov.l r2,@r15
8c0909ea  0b 45        jsr @r5
8c0909ec  56 1f        _mov.l r5,@(0x18,r15)
8c0909ee  c2 85        mov.w @(0x4,r12),r0
8c0909f0  07 d1        mov.l 0x8c090a10,r1
8c0909f2  10 d2        mov.l 0x8c090a34,r2
8c0909f4  0d 66        extu.w r0,r6
8c0909f6  12 64        mov.l @r1,r4
8c0909f8  f6 55        mov.l @(0x18,r15),r5
8c0909fa  22 2f        mov.l r2,@r15
8c0909fc  61 1f        mov.l r6,@(0x4,r15)
8c0909fe  0b 45        jsr @r5
8c090a00  68 1f        _mov.l r6,@(0x20,r15)
8c090a02  95 af        bra 0x8c090930
8c090a04  09 00        _nop
8c090a06  05 06        undefined2 0605h
8c090a08  98 0a        undefined2 0A98h
8c090a0a  9c 0a        undefined2 0A9Ch
8c090a0c  8c 0a        undefined2 0A8Ch
8c090a0e  00           ?? 00h
8c090a0f  00           ?? 00h
8c090a10  60 c8 1b 8c  addr 8c1bc860
8c090a14  58 58 18 8c  addr 8c185858
8c090a18  b0 35 09 8c  addr 8c0935b0
8c090a1c  b0 58 18 8c  addr 8c1858b0
8c090a20  dc 58 18 8c  addr 8c1858dc
8c090a24  e4 e7 09 8c  addr 8c09e7e4
8c090a28  10 29 08 8c  addr 8c082910
8c090a2c  9a 99 99 3f  undefined4 3F99999Ah
8c090a30  2c 1e 06 8c  addr 8c061e2c
8c090a34  6c 58 18 8c  addr 8c18586c
8c090a38  41 d6        mov.l 0x8c090b40,r6
8c090a3a  c2 85        mov.w @(0x4,r12),r0
8c090a3c  62 2f        mov.l r6,@r15
8c090a3e  41 d6        mov.l 0x8c090b44,r6
8c090a40  0d 62        extu.w r0,r2
8c090a42  21 1f        mov.l r2,@(0x4,r15)
8c090a44  40 d2        mov.l 0x8c090b48,r2
8c090a46  0b 42        jsr @r2
8c090a48  62 64        _mov.l @r6,r4
8c090a4a  7e af        bra 0x8c09094a
8c090a4c  09 00        _nop
8c090a4e  c2 85        mov.w @(0x4,r12),r0
8c090a50  3e d2        mov.l 0x8c090b4c,r2
8c090a52  0d 66        extu.w r0,r6
8c090a54  68 1f        mov.l r6,@(0x20,r15)
8c090a56  61 1f        mov.l r6,@(0x4,r15)
8c090a58  3a d6        mov.l 0x8c090b44,r6
8c090a5a  22 2f        mov.l r2,@r15
8c090a5c  3a d2        mov.l 0x8c090b48,r2
8c090a5e  0b 42        jsr @r2
8c090a60  62 64        _mov.l @r6,r4
8c090a62  65 af        bra 0x8c090930
8c090a64  09 00        _nop
8c090a66  3a d2        mov.l 0x8c090b50,r2
8c090a68  b3 64        mov r11,r4
8c090a6a  e3 66        mov r14,r6
8c090a6c  0b 42        jsr @r2
8c090a6e  d3 65        _mov r13,r5
8c090a70  08 20        tst r0,r0
