; range: 8c1c0be0 - 8c1c0c80

8c1c0be0  c8 e7 18 8c  addr 8c18e7c8
8c1c0be4  d8 e7 18 8c  addr 8c18e7d8
8c1c0be8  e0 e7 18 8c  addr 8c18e7e0
8c1c0bec  e8 e7 18 8c  addr 8c18e7e8
8c1c0bf0  ec e7 18 8c  addr 8c18e7ec
8c1c0bf4  f0 c1 18 8c  addr 8c18c1f0
8c1c0bf8  20 c2 18 8c  addr 8c18c220
8c1c0bfc  18 c3 18 8c  addr 8c18c318
8c1c0c00  78 c3 18 8c  addr 8c18c378
8c1c0c04  f4 e7 18 8c  addr 8c18e7f4
8c1c0c08  e4 c4 18 8c  addr 8c18c4e4
8c1c0c0c  00 c5 18 8c  addr 8c18c500
8c1c0c10  f8 c4 18 8c  addr 8c18c4f8
8c1c0c14  fc e7 18 8c  addr 8c18e7fc
8c1c0c18  54 c5 18 8c  addr 8c18c554
8c1c0c1c  0c c5 18 8c  addr 8c18c50c
8c1c0c20  60 c5 18 8c  addr 8c18c560
8c1c0c24  70 c6 18 8c  addr 8c18c670
8c1c0c28  04 e8 18 8c  addr 8c18e804
8c1c0c2c  10 e8 18 8c  addr 8c18e810
8c1c0c30  18 e8 18 8c  addr 8c18e818
8c1c0c34  c0 c6 18 8c  addr 8c18c6c0
8c1c0c38  c8 c6 18 8c  addr 8c18c6c8
8c1c0c3c  d0 c6 18 8c  addr 8c18c6d0
8c1c0c40  94 c6 18 8c  addr 8c18c694
8c1c0c44  b0 c4 18 8c  addr 8c18c4b0
8c1c0c48  a8 c4 18 8c  addr 8c18c4a8
8c1c0c4c  e0 c6 18 8c  addr 8c18c6e0
8c1c0c50  e8 c6 18 8c  addr 8c18c6e8
8c1c0c54  0c c7 18 8c  addr 8c18c70c
8c1c0c58  20 c7 18 8c  addr 8c18c720
8c1c0c5c  40 c7 18 8c  addr 8c18c740
8c1c0c60  20 e8 18 8c  addr 8c18e820
8c1c0c64  10 cb 18 8c  addr 8c18cb10
8c1c0c68  8c c7 18 8c  addr 8c18c78c
8c1c0c6c  b8 c7 18 8c  addr 8c18c7b8
8c1c0c70  2c e8 18 8c  addr 8c18e82c
8c1c0c74  04 c8 18 8c  addr 8c18c804
8c1c0c78  f4 c7 18 8c  addr 8c18c7f4
8c1c0c7c  c0 c9 18 8c  addr 8c18c9c0
8c1c0c80  c8 c9 18 8c  addr 8c18c9c8
