; range: 8c1c2900 - 8c1c29b0

8c1c2900  ff           ?? FFh
8c1c2901  ff           ?? FFh
8c1c2902  ff           ?? FFh
8c1c2903  ff           ?? FFh
8c1c2904  02           ?? 02h
8c1c2905  03           ?? 03h
8c1c2906  00           ?? 00h
8c1c2907  00           ?? 00h
8c1c2908  00           ?? 00h
8c1c2909  00           ?? 00h
8c1c290a  00           ?? 00h
8c1c290b  00           ?? 00h
8c1c290c  03           ?? 03h
8c1c290d  03           ?? 03h
8c1c290e  00           ?? 00h
8c1c290f  00           ?? 00h
8c1c2910  00           ?? 00h
8c1c2911  00           ?? 00h
8c1c2912  00           ?? 00h
8c1c2913  00           ?? 00h
8c1c2914  04           ?? 04h
8c1c2915  03           ?? 03h
8c1c2916  00           ?? 00h
8c1c2917  00           ?? 00h
8c1c2918  00           ?? 00h
8c1c2919  00           ?? 00h
8c1c291a  00           ?? 00h
8c1c291b  00           ?? 00h
8c1c291c  24           ?? 24h    $
8c1c291d  03           ?? 03h
8c1c291e  00           ?? 00h
8c1c291f  00           ?? 00h
8c1c2920  00           ?? 00h
8c1c2921  00           ?? 00h
8c1c2922  00           ?? 00h
8c1c2923  00           ?? 00h
8c1c2924  27           ?? 27h    '
8c1c2925  03           ?? 03h
8c1c2926  00           ?? 00h
8c1c2927  00           ?? 00h
8c1c2928  ff           ?? FFh
8c1c2929  ff           ?? FFh
8c1c292a  ff           ?? FFh
8c1c292b  ff           ?? FFh
8c1c292c  28           ?? 28h    (
8c1c292d  03           ?? 03h
8c1c292e  00           ?? 00h
8c1c292f  00           ?? 00h
8c1c2930  ff           ?? FFh
8c1c2931  ff           ?? FFh
8c1c2932  ff           ?? FFh
8c1c2933  ff           ?? FFh
8c1c2934  33           ?? 33h    3
8c1c2935  03           ?? 03h
8c1c2936  00           ?? 00h
8c1c2937  00           ?? 00h
8c1c2938  ff           ?? FFh
8c1c2939  ff           ?? FFh
8c1c293a  ff           ?? FFh
8c1c293b  ff           ?? FFh
8c1c293c  34           ?? 34h    4
8c1c293d  03           ?? 03h
8c1c293e  00           ?? 00h
8c1c293f  00           ?? 00h
8c1c2940  60           ?? 60h    `
8c1c2941  c1           ?? C1h
8c1c2942  2d           ?? 2Dh    -
8c1c2943  8c           ?? 8Ch
8c1c2944  35           ?? 35h    5
8c1c2945  03           ?? 03h
8c1c2946  00           ?? 00h
8c1c2947  00           ?? 00h
8c1c2948  20           ?? 20h     
8c1c2949  00           ?? 00h
8c1c294a  00           ?? 00h
8c1c294b  00           ?? 00h
8c1c294c  36           ?? 36h    6
8c1c294d  03           ?? 03h
8c1c294e  00           ?? 00h
8c1c294f  00           ?? 00h
8c1c2950  ff           ?? FFh
8c1c2951  ff           ?? FFh
8c1c2952  ff           ?? FFh
8c1c2953  ff           ?? FFh
8c1c2954  37           ?? 37h    7
8c1c2955  03           ?? 03h
8c1c2956  00           ?? 00h
8c1c2957  00           ?? 00h
8c1c2958  ff           ?? FFh
8c1c2959  ff           ?? FFh
8c1c295a  ff           ?? FFh
8c1c295b  ff           ?? FFh
8c1c295c  ff           ?? FFh
8c1c295d  ff           ?? FFh
8c1c295e  00           ?? 00h
8c1c295f  00           ?? 00h
8c1c2960  00           ?? 00h
8c1c2961  00           ?? 00h
8c1c2962  00           ?? 00h
8c1c2963  00           ?? 00h
8c1c2964  0c 46 19 8c  addr 8c19460c
8c1c2968  1c           ?? 1Ch
8c1c2969  46           ?? 46h    F
8c1c296a  19           ?? 19h
8c1c296b  8c           ?? 8Ch
8c1c296c  00           ?? 00h
8c1c296d  00           ?? 00h
8c1c296e  00           ?? 00h
8c1c296f  00           ?? 00h
8c1c2970  ff           ?? FFh
8c1c2971  ff           ?? FFh
8c1c2972  ff           ?? FFh
8c1c2973  ff           ?? FFh
8c1c2974  00           ?? 00h
8c1c2975  02           ?? 02h
8c1c2976  00           ?? 00h
8c1c2977  00           ?? 00h
8c1c2978  01           ?? 01h
8c1c2979  00           ?? 00h
8c1c297a  00           ?? 00h
8c1c297b  00           ?? 00h
8c1c297c  00           ?? 00h
8c1c297d  00           ?? 00h
8c1c297e  00           ?? 00h
8c1c297f  00           ?? 00h
8c1c2980  2c           ?? 2Ch    ,
8c1c2981  46           ?? 46h    F
8c1c2982  19           ?? 19h
8c1c2983  8c           ?? 8Ch
8c1c2984  00           ?? 00h
8c1c2985  00           ?? 00h
8c1c2986  00           ?? 00h
8c1c2987  00           ?? 00h
8c1c2988  ff           ?? FFh
8c1c2989  ff           ?? FFh
8c1c298a  ff           ?? FFh
8c1c298b  ff           ?? FFh
8c1c298c  e6           ?? E6h
8c1c298d  ff           ?? FFh
8c1c298e  ff           ?? FFh
8c1c298f  ff           ?? FFh
8c1c2990  01           ?? 01h
8c1c2991  00           ?? 00h
8c1c2992  00           ?? 00h
8c1c2993  00           ?? 00h
8c1c2994  00           ?? 00h
8c1c2995  00           ?? 00h
8c1c2996  00           ?? 00h
8c1c2997  00           ?? 00h
8c1c2998  00           ?? 00h
8c1c2999  00           ?? 00h
8c1c299a  00           ?? 00h
8c1c299b  00           ?? 00h
8c1c299c  00           ?? 00h
8c1c299d  00           ?? 00h
8c1c299e  00           ?? 00h
8c1c299f  00           ?? 00h
8c1c29a0  ff           ?? FFh
8c1c29a1  ff           ?? FFh
8c1c29a2  ff           ?? FFh
8c1c29a3  ff           ?? FFh
8c1c29a4  00           ?? 00h
8c1c29a5  00           ?? 00h
8c1c29a6  00           ?? 00h
8c1c29a7  00           ?? 00h
8c1c29a8  00           ?? 00h
8c1c29a9  00           ?? 00h
8c1c29aa  00           ?? 00h
8c1c29ab  00           ?? 00h
8c1c29ac  00 00 00 00  undefined4 00000000h
8c1c29b0  44 46 19 8c  addr 8c194644
