; range: 8c047300 - 8c0473c0

8c047300  c3 60        mov r12,r0
8c047302  15 88        cmp/eq #0x15,r0
8c047304  01 8b        bf 0x8c04730a
8c047306  78 a2        bra 0x8c0477fa
8c047308  09 00        _nop
8c04730a  c3 60        mov r12,r0
8c04730c  16 88        cmp/eq #0x16,r0
8c04730e  01 8b        bf 0x8c047314
8c047310  b1 a2        bra 0x8c047876
8c047312  09 00        _nop
8c047314  c3 60        mov r12,r0
8c047316  17 88        cmp/eq #0x17,r0
8c047318  01 8b        bf 0x8c04731e
8c04731a  e6 a2        bra 0x8c0478ea
8c04731c  09 00        _nop
8c04731e  c3 60        mov r12,r0
8c047320  18 88        cmp/eq #0x18,r0
8c047322  01 8b        bf 0x8c047328
8c047324  1b a3        bra 0x8c04795e
8c047326  09 00        _nop
8c047328  c3 60        mov r12,r0
8c04732a  19 88        cmp/eq #0x19,r0
8c04732c  13 8b        bf 0x8c047356
8c04732e  5c e0        mov #0x5c,r0
8c047330  fd 03        mov.w @(r0,r15),r3
8c047332  04 e0        mov #0x4,r0
8c047334  b6 f8        fmov.s @(r0,r11),fr8
8c047336  3d 64        extu.w r3,r4
8c047338  3d f8        ftrc fr8,FPUL
8c04733a  5a 02        sts FPUL,r2
8c04733c  40 32        cmp/eq r4,r2
8c04733e  0a 8b        bf 0x8c047356
8c047340  08 e0        mov #0x8,r0
8c047342  b6 f8        fmov.s @(r0,r11),fr8
8c047344  ed 64        extu.w r14,r4
8c047346  3d f8        ftrc fr8,FPUL
8c047348  5a 02        sts FPUL,r2
8c04734a  40 32        cmp/eq r4,r2
8c04734c  03 8b        bf 0x8c047356
8c04734e  0c 7b        add #0xc,r11
8c047350  ba 1f        mov.l r11,@(0x28,r15)
8c047352  01 e5        mov #0x1,r5
8c047354  b2 6c        mov.l @r11,r12
8c047356  58 25        tst r5,r5
8c047358  01 89        bt 0x8c04735e
8c04735a  64 af        bra 0x8c047226
8c04735c  09 00        _nop
8c04735e  fc 51        mov.l @(0x30,r15),r1
8c047360  fb 53        mov.l @(0x2c,r15),r3
8c047362  ff 71        add #-0x1,r1
8c047364  01 73        add #0x1,r3
8c047366  18 21        tst r1,r1
8c047368  3b 1f        mov.l r3,@(0x2c,r15)
8c04736a  02 8d        bt/s 0x8c047372
8c04736c  1c 1f        _mov.l r1,@(0x30,r15)
8c04736e  09 af        bra 0x8c047184
8c047370  09 00        _nop
8c047372  fa 53        mov.l @(0x28,r15),r3
8c047374  b0 33        cmp/eq r11,r3
8c047376  04 89        bt 0x8c047382
8c047378  f6 53        mov.l @(0x18,r15),r3
8c04737a  f8 51        mov.l @(0x20,r15),r1
8c04737c  08 43        shll2 r3
8c04737e  1c 33        add r1,r3
8c047380  b2 23        mov.l r11,@r3
8c047382  b2 60        mov.l @r11,r0
8c047384  01 88        cmp/eq #0x1,r0
8c047386  40 8b        bf 0x8c04740a
8c047388  f2 63        mov.l @r15,r3
8c04738a  31 90        mov.w 0x8c0473f0,r0
8c04738c  32 5d        mov.l @(0x8,r3),r13
8c04738e  30 91        mov.w 0x8c0473f2,r1
8c047390  d6 0f        mov.l r13,@(r0,r15)
8c047392  d3 65        mov r13,r5
8c047394  2e 90        mov.w 0x8c0473f4,r0
8c047396  1c 35        add r1,r5
8c047398  5c 00        mov.b @(r0,r5),r0
8c04739a  40 c8        tst #0x40,r0
8c04739c  29 02        movt r2
8c04739e  ff 72        add #-0x1,r2
8c0473a0  2b 65        neg r2,r5
8c0473a2  58 25        tst r5,r5
8c0473a4  01 8b        bf 0x8c0473aa
8c0473a6  14 a3        bra 0x8c0479d2
8c0473a8  09 00        _nop
8c0473aa  24 90        mov.w 0x8c0473f6,r0
8c0473ac  f6 54        mov.l @(0x18,r15),r4
8c0473ae  de 02        mov.l @(r0,r13),r2
8c0473b0  22 90        mov.w 0x8c0473f8,r0
8c0473b2  08 44        shll2 r4
8c0473b4  21 91        mov.w 0x8c0473fa,r1
8c0473b6  2e 05        mov.l @(r0,r2),r5
8c0473b8  43 60        mov r4,r0
8c0473ba  f2 63        mov.l @r15,r3
8c0473bc  1c 35        add r1,r5
8c0473be  1d 91        mov.w 0x8c0473fc,r1
8c0473c0  5e 0c        mov.l @(r0,r5),r12
