; range: 8c075bcc - 8c076260

8c075bcc  b4 08        undefined2 08B4h
8c075bce  6c 07        undefined2 076Ch
8c075bd0  c0 0a        undefined2 0AC0h
8c075bd2  a0 08        undefined2 08A0h
8c075bd4  05 06        undefined2 0605h
8c075bd6  98 0a        undefined2 0A98h
8c075bd8  e4 e7 09 8c  addr 8c09e7e4
8c075bdc  34 d5 08 8c  addr 8c08d534
8c075be0  aa 84        mov.b @(0xa,r10),r0
8c075be2  0c 60        extu.b r0,r0
8c075be4  0d 88        cmp/eq #0xd,r0
8c075be6  a5 89        bt 0x8c075b34
8c075be8  a8 84        mov.b @(0x8,r10),r0
8c075bea  0c 60        extu.b r0,r0
8c075bec  04 88        cmp/eq #0x4,r0
8c075bee  9b 89        bt 0x8c075b28
8c075bf0  f5 5e        mov.l @(0x14,r15),r14
8c075bf2  b3 62        mov r11,r2
8c075bf4  08 42        shll2 r2
8c075bf6  e3 66        mov r14,r6
8c075bf8  2c 36        add r2,r6
8c075bfa  63 84        mov.b @(0x3,r6),r0
8c075bfc  0f e3        mov #0xf,r3
8c075bfe  40 e1        mov #0x40,r1
8c075c00  b3 62        mov r11,r2
8c075c02  39 20        and r3,r0
8c075c04  08 42        shll2 r2
8c075c06  1b 20        or r1,r0
8c075c08  29 91        mov.w 0x8c075c5e,r1
8c075c0a  2c 3e        add r2,r14
8c075c0c  63 80        mov.b r0,@(0x3,r6)
8c075c0e  02 7e        add #0x2,r14
8c075c10  13 65        mov r1,r5
8c075c12  e3 66        mov r14,r6
8c075c14  0b 49        jsr @r9
8c075c16  e3 62        _mov r14,r2
8c075c18  08 20        tst r0,r0
8c075c1a  03 62        mov r0,r2
8c075c1c  16 89        bt 0x8c075c4c
8c075c1e  23 60        mov r2,r0
8c075c20  01 88        cmp/eq #0x1,r0
8c075c22  16 89        bt 0x8c075c52
8c075c24  23 60        mov r2,r0
8c075c26  02 88        cmp/eq #0x2,r0
8c075c28  16 89        bt 0x8c075c58
8c075c2a  23 60        mov r2,r0
8c075c2c  03 88        cmp/eq #0x3,r0
8c075c2e  01 8b        bf 0x8c075c34
8c075c30  08 e3        mov #0x8,r3
8c075c32  3d 1f        mov.l r3,@(0x34,r15)
8c075c34  14 90        mov.w 0x8c075c60,r0
8c075c36  b3 65        mov r11,r5
8c075c38  0a d2        mov.l 0x8c075c64,r2
8c075c3a  8e 04        mov.l @(r0,r8),r4
8c075c3c  0b 42        jsr @r2
8c075c3e  fd 56        _mov.l @(0x34,r15),r6
8c075c40  04 e0        mov #0x4,r0
8c075c42  a8 80        mov.b r0,@(0x8,r10)
8c075c44  18 e0        mov #0x18,r0
8c075c46  e7 fa        fmov fr14,@(r0,r10)
8c075c48  6e af        bra 0x8c075b28
8c075c4a  09 00        _nop
8c075c4c  01 e3        mov #0x1,r3
8c075c4e  f1 af        bra 0x8c075c34
8c075c50  3d 1f        _mov.l r3,@(0x34,r15)
8c075c52  02 e3        mov #0x2,r3
8c075c54  ee af        bra 0x8c075c34
8c075c56  3d 1f        _mov.l r3,@(0x34,r15)
8c075c58  04 e3        mov #0x4,r3
8c075c5a  eb af        bra 0x8c075c34
8c075c5c  3d 1f        _mov.l r3,@(0x34,r15)
8c075c5e  02 0d        undefined2 0D02h
8c075c60  6c 07        undefined2 076Ch
8c075c62  00           ?? 00h
8c075c63  00           ?? 00h
8c075c64  9c 10 09 8c  addr 8c09109c
8c075c68  f4 5e        mov.l @(0x10,r15),r14
8c075c6a  b3 62        mov r11,r2
8c075c6c  08 42        shll2 r2
8c075c6e  f5 5d        mov.l @(0x14,r15),r13
8c075c70  e3 66        mov r14,r6
8c075c72  2c 36        add r2,r6
8c075c74  60 62        mov.b @r6,r2
8c075c76  0f ec        mov #0xf,r12
8c075c78  61 84        mov.b @(0x1,r6),r0
8c075c7a  d3 66        mov r13,r6
8c075c7c  20 2f        mov.b r2,@r15
8c075c7e  b3 62        mov r11,r2
8c075c80  f1 80        mov.b r0,@(0x1,r15)
8c075c82  08 42        shll2 r2
8c075c84  2c 36        add r2,r6
8c075c86  f1 62        mov.w @r15,r2
8c075c88  30 e3        mov #0x30,r3
8c075c8a  c3 91        mov.w 0x8c075e14,r1
8c075c8c  21 26        mov.w r2,@r6
8c075c8e  b3 62        mov r11,r2
8c075c90  08 42        shll2 r2
8c075c92  d3 66        mov r13,r6
8c075c94  2c 36        add r2,r6
8c075c96  b3 62        mov r11,r2
8c075c98  63 84        mov.b @(0x3,r6),r0
8c075c9a  08 42        shll2 r2
8c075c9c  e3 65        mov r14,r5
8c075c9e  c9 20        and r12,r0
8c075ca0  3b 20        or r3,r0
8c075ca2  63 80        mov.b r0,@(0x3,r6)
8c075ca4  d3 66        mov r13,r6
8c075ca6  2c 36        add r2,r6
8c075ca8  b3 62        mov r11,r2
8c075caa  63 84        mov.b @(0x3,r6),r0
8c075cac  08 42        shll2 r2
8c075cae  2c 35        add r2,r5
8c075cb0  b1 9d        mov.w 0x8c075e16,r13
8c075cb2  19 20        and r1,r0
8c075cb4  53 62        mov r5,r2
8c075cb6  63 80        mov.b r0,@(0x3,r6)
8c075cb8  06 e6        mov #0x6,r6
8c075cba  0b 49        jsr @r9
8c075cbc  63 61        _mov r6,r1
8c075cbe  59 d3        mov.l 0x8c075e24,r3
8c075cc0  f3 62        mov r15,r2
8c075cc2  04 72        add #0x4,r2
8c075cc4  03 65        mov r0,r5
8c075cc6  06 e6        mov #0x6,r6
8c075cc8  0b 43        jsr @r3
8c075cca  63 61        _mov r6,r1
8c075ccc  b3 62        mov r11,r2
8c075cce  08 42        shll2 r2
8c075cd0  e3 65        mov r14,r5
8c075cd2  2c 35        add r2,r5
8c075cd4  d3 66        mov r13,r6
8c075cd6  53 62        mov r5,r2
8c075cd8  0b 49        jsr @r9
8c075cda  d3 61        _mov r13,r1
8c075cdc  51 d3        mov.l 0x8c075e24,r3
8c075cde  f3 62        mov r15,r2
8c075ce0  04 72        add #0x4,r2
8c075ce2  03 65        mov r0,r5
8c075ce4  d3 66        mov r13,r6
8c075ce6  0b 43        jsr @r3
8c075ce8  d3 61        _mov r13,r1
8c075cea  b3 62        mov r11,r2
8c075cec  08 42        shll2 r2
8c075cee  e3 66        mov r14,r6
8c075cf0  2c 36        add r2,r6
8c075cf2  60 60        mov.b @r6,r0
8c075cf4  90 96        mov.w 0x8c075e18,r6
8c075cf6  10 c8        tst #0x10,r0
8c075cf8  4a d3        mov.l 0x8c075e24,r3
8c075cfa  29 02        movt r2
8c075cfc  63 61        mov r6,r1
8c075cfe  ff 72        add #-0x1,r2
8c075d00  2b 65        neg r2,r5
8c075d02  f3 62        mov r15,r2
8c075d04  04 72        add #0x4,r2
8c075d06  0b 43        jsr @r3
8c075d08  53 60        _mov r5,r0
8c075d0a  b3 62        mov r11,r2
8c075d0c  08 42        shll2 r2
8c075d0e  e3 66        mov r14,r6
8c075d10  2c 36        add r2,r6
8c075d12  60 65        mov.b @r6,r5
8c075d14  f3 62        mov r15,r2
8c075d16  80 96        mov.w 0x8c075e1a,r6
8c075d18  04 72        add #0x4,r2
8c075d1a  42 d3        mov.l 0x8c075e24,r3
8c075d1c  c9 25        and r12,r5
8c075d1e  63 61        mov r6,r1
8c075d20  0b 43        jsr @r3
8c075d22  53 60        _mov r5,r0
8c075d24  f4 84        mov.b @(0x4,r15),r0
8c075d26  10 e3        mov #0x10,r3
8c075d28  78 91        mov.w 0x8c075e1c,r1
8c075d2a  f3 65        mov r15,r5
8c075d2c  04 75        add #0x4,r5
8c075d2e  a3 66        mov r10,r6
8c075d30  19 20        and r1,r0
8c075d32  6f 91        mov.w 0x8c075e14,r1
8c075d34  3b 20        or r3,r0
8c075d36  a3 67        mov r10,r7
8c075d38  19 20        and r1,r0
8c075d3a  08 e3        mov #0x8,r3
8c075d3c  3b 20        or r3,r0
8c075d3e  f4 80        mov.b r0,@(0x4,r15)
8c075d40  1c 76        add #0x1c,r6
8c075d42  6c 90        mov.w 0x8c075e1e,r0
8c075d44  8e 02        mov.l @(r0,r8),r2
8c075d46  22 54        mov.l @(0x8,r2),r4
8c075d48  37 d2        mov.l 0x8c075e28,r2
8c075d4a  0b 42        jsr @r2
8c075d4c  24 77        _add #0x24,r7
8c075d4e  0a e0        mov #0xa,r0
8c075d50  b3 62        mov r11,r2
8c075d52  a8 80        mov.b r0,@(0x8,r10)
8c075d54  18 e0        mov #0x18,r0
8c075d56  08 42        shll2 r2
8c075d58  e7 fa        fmov fr14,@(r0,r10)
8c075d5a  e3 65        mov r14,r5
8c075d5c  2c 35        add r2,r5
8c075d5e  06 e6        mov #0x6,r6
8c075d60  53 62        mov r5,r2
8c075d62  0b 49        jsr @r9
8c075d64  63 61        _mov r6,r1
8c075d66  2f d3        mov.l 0x8c075e24,r3
8c075d68  a3 64        mov r10,r4
8c075d6a  02 74        add #0x2,r4
8c075d6c  03 65        mov r0,r5
8c075d6e  06 e6        mov #0x6,r6
8c075d70  48 1f        mov.l r4,@(0x20,r15)
8c075d72  43 62        mov r4,r2
8c075d74  0b 43        jsr @r3
8c075d76  63 61        _mov r6,r1
8c075d78  b3 62        mov r11,r2
8c075d7a  08 42        shll2 r2
8c075d7c  2c 3e        add r2,r14
8c075d7e  d3 65        mov r13,r5
8c075d80  e3 66        mov r14,r6
8c075d82  e3 62        mov r14,r2
8c075d84  0b 49        jsr @r9
8c075d86  d3 61        _mov r13,r1
8c075d88  f8 54        mov.l @(0x20,r15),r4
8c075d8a  03 65        mov r0,r5
8c075d8c  25 d3        mov.l 0x8c075e24,r3
8c075d8e  d3 66        mov r13,r6
8c075d90  43 62        mov r4,r2
8c075d92  0b 43        jsr @r3
8c075d94  d3 61        _mov r13,r1
8c075d96  a2 84        mov.b @(0x2,r10),r0
8c075d98  10 e1        mov #0x10,r1
8c075d9a  3f 93        mov.w 0x8c075e1c,r3
8c075d9c  39 20        and r3,r0
8c075d9e  39 93        mov.w 0x8c075e14,r3
8c075da0  1b 20        or r1,r0
8c075da2  39 20        and r3,r0
8c075da4  08 e1        mov #0x8,r1
8c075da6  1b 20        or r1,r0
8c075da8  a2 80        mov.b r0,@(0x2,r10)
8c075daa  00 e3        mov #0x0,r3
8c075dac  a1 66        mov.w @r10,r6
8c075dae  70 e0        mov #0x70,r0
8c075db0  36 0a        mov.l r3,@(r0,r10)
8c075db2  6d 66        extu.w r6,r6
8c075db4  63 60        mov r6,r0
8c075db6  01 c8        tst #0x1,r0
8c075db8  03 8b        bf 0x8c075dc2
8c075dba  01 e3        mov #0x1,r3
8c075dbc  63 62        mov r6,r2
8c075dbe  3b 22        or r3,r2
8c075dc0  21 2a        mov.w r2,@r10
8c075dc2  2c 90        mov.w 0x8c075e1e,r0
8c075dc4  f8 54        mov.l @(0x20,r15),r4
8c075dc6  8e 07        mov.l @(r0,r8),r7
8c075dc8  48 24        tst r4,r4
8c075dca  00 8d        bt/s 0x8c075dce
8c075dcc  79 1f        _mov.l r7,@(0x24,r15)
8c075dce  22 91        mov.w 0x8c075e16,r1
8c075dd0  43 62        mov r4,r2
8c075dd2  0b 49        jsr @r9
8c075dd4  13 66        _mov r1,r6
8c075dd6  f9 57        mov.l @(0x24,r15),r7
8c075dd8  06 e5        mov #0x6,r5
8c075dda  f8 54        mov.l @(0x20,r15),r4
8c075ddc  53 61        mov r5,r1
8c075dde  78 52        mov.l @(0x20,r7),r2
8c075de0  07 02        mul.l r0,r2
8c075de2  43 62        mov r4,r2
8c075de4  1a 06        sts MACL,r6
8c075de6  0b 49        jsr @r9
8c075de8  6a 1f        _mov.l r6,@(0x28,r15)
8c075dea  03 62        mov r0,r2
8c075dec  f9 57        mov.l @(0x24,r15),r7
8c075dee  17 90        mov.w 0x8c075e20,r0
8c075df0  fa 56        mov.l @(0x28,r15),r6
8c075df2  7e 05        mov.l @(r0,r7),r5
8c075df4  2c 36        add r2,r6
8c075df6  08 46        shll2 r6
8c075df8  63 60        mov r6,r0
8c075dfa  5e 02        mov.l @(r0,r5),r2
8c075dfc  a0 32        cmp/eq r10,r2
8c075dfe  29 02        movt r2
8c075e00  28 22        tst r2,r2
8c075e02  4c 89        bt 0x8c075e9e
8c075e04  aa 84        mov.b @(0xa,r10),r0
8c075e06  0c 62        extu.b r0,r2
8c075e08  28 22        tst r2,r2
8c075e0a  01 89        bt 0x8c075e10
8c075e0c  8c ae        bra 0x8c075b28
8c075e0e  09 00        _nop
8c075e10  0c a0        bra 0x8c075e2c
8c075e12  09 00        _nop
8c075e14  f0 00        undefined2 00F0h
8c075e16  05 06        undefined2 0605h
8c075e18  01 0b        undefined2 0B01h
8c075e1a  04 0c        undefined2 0C04h
8c075e1c  ef 00        undefined2 00EFh
8c075e1e  6c 07        undefined2 076Ch
8c075e20  98 0a        undefined2 0A98h
8c075e22  00           ?? 00h
8c075e23  00           ?? 00h
8c075e24  90 e7 09 8c  addr 8c09e790
8c075e28  2c 1e 06 8c  addr 8c061e2c
8c075e2c  f4 5e        mov.l @(0x10,r15),r14
8c075e2e  b3 62        mov r11,r2
8c075e30  08 42        shll2 r2
8c075e32  87 91        mov.w 0x8c075f44,r1
8c075e34  e3 66        mov r14,r6
8c075e36  2c 36        add r2,r6
8c075e38  02 76        add #0x2,r6
8c075e3a  13 65        mov r1,r5
8c075e3c  63 62        mov r6,r2
8c075e3e  0b 49        jsr @r9
8c075e40  f7 5d        _mov.l @(0x1c,r15),r13
8c075e42  b3 62        mov r11,r2
8c075e44  08 42        shll2 r2
8c075e46  e3 65        mov r14,r5
8c075e48  2c 35        add r2,r5
8c075e4a  7c 91        mov.w 0x8c075f46,r1
8c075e4c  02 75        add #0x2,r5
8c075e4e  0e 1f        mov.l r0,@(0x38,r15)
8c075e50  03 66        mov r0,r6
8c075e52  13 64        mov r1,r4
8c075e54  0b 49        jsr @r9
8c075e56  53 62        _mov r5,r2
8c075e58  fe 56        mov.l @(0x38,r15),r6
8c075e5a  03 62        mov r0,r2
8c075e5c  1c e1        mov #0x1c,r1
8c075e5e  73 90        mov.w 0x8c075f48,r0
8c075e60  08 46        shll2 r6
8c075e62  02 e3        mov #0x2,r3
8c075e64  8e 04        mov.l @(r0,r8),r4
8c075e66  19 26        and r1,r6
8c075e68  39 22        and r3,r2
8c075e6a  2b 26        or r2,r6
8c075e6c  38 d2        mov.l 0x8c075f50,r2
8c075e6e  6e 1f        mov.l r6,@(0x38,r15)
8c075e70  0b 42        jsr @r2
8c075e72  63 65        _mov r6,r5
8c075e74  fe 56        mov.l @(0x38,r15),r6
8c075e76  d3 64        mov r13,r4
8c075e78  0f ee        mov #0xf,r14
8c075e7a  63 62        mov r6,r2
8c075e7c  00 42        shll r2
8c075e7e  6c 32        add r6,r2
8c075e80  00 42        shll r2
8c075e82  2c 34        add r2,r4
8c075e84  63 62        mov r6,r2
8c075e86  43 84        mov.b @(0x3,r4),r0
8c075e88  00 46        shll r6
8c075e8a  2c 36        add r2,r6
8c075e8c  e9 20        and r14,r0
8c075e8e  00 46        shll r6
8c075e90  43 80        mov.b r0,@(0x3,r4)
8c075e92  6c 3d        add r6,r13
8c075e94  d2 84        mov.b @(0x2,r13),r0
8c075e96  e9 20        and r14,r0
8c075e98  d2 80        mov.b r0,@(0x2,r13)
8c075e9a  45 ae        bra 0x8c075b28
8c075e9c  09 00        _nop
8c075e9e  2d d2        mov.l 0x8c075f54,r2
8c075ea0  a3 65        mov r10,r5
8c075ea2  0b 42        jsr @r2
8c075ea4  73 64        _mov r7,r4
8c075ea6  ad af        bra 0x8c075e04
8c075ea8  09 00        _nop
8c075eaa  a8 84        mov.b @(0x8,r10),r0
8c075eac  0c 60        extu.b r0,r0
8c075eae  03 88        cmp/eq #0x3,r0
8c075eb0  01 89        bt 0x8c075eb6
8c075eb2  39 ae        bra 0x8c075b28
8c075eb4  09 00        _nop
8c075eb6  06 e0        mov #0x6,r0
8c075eb8  a8 80        mov.b r0,@(0x8,r10)
8c075eba  18 e0        mov #0x18,r0
8c075ebc  e7 fa        fmov fr14,@(r0,r10)
8c075ebe  33 ae        bra 0x8c075b28
8c075ec0  09 00        _nop
8c075ec2  a8 84        mov.b @(0x8,r10),r0
8c075ec4  0c 66        extu.b r0,r6
8c075ec6  63 60        mov r6,r0
8c075ec8  05 88        cmp/eq #0x5,r0
8c075eca  05 89        bt 0x8c075ed8
8c075ecc  6c 60        extu.b r6,r0
8c075ece  09 88        cmp/eq #0x9,r0
8c075ed0  02 89        bt 0x8c075ed8
8c075ed2  6c 60        extu.b r6,r0
8c075ed4  0f 88        cmp/eq #0xf,r0
8c075ed6  13 8b        bf 0x8c075f00
8c075ed8  f4 55        mov.l @(0x10,r15),r5
8c075eda  b3 62        mov r11,r2
8c075edc  08 42        shll2 r2
8c075ede  1e d4        mov.l 0x8c075f58,r4
8c075ee0  2c 35        add r2,r5
8c075ee2  a3 62        mov r10,r2
8c075ee4  53 84        mov.b @(0x3,r5),r0
8c075ee6  0f e1        mov #0xf,r1
8c075ee8  09 72        add #0x9,r2
8c075eea  03 66        mov r0,r6
8c075eec  19 26        and r1,r6
8c075eee  6b 1f        mov.l r6,@(0x2c,r15)
8c075ef0  04 e5        mov #0x4,r5
8c075ef2  0b 44        jsr @r4
8c075ef4  53 61        _mov r5,r1
8c075ef6  fb 56        mov.l @(0x2c,r15),r6
8c075ef8  00 36        cmp/eq r0,r6
8c075efa  01 8b        bf 0x8c075f00
8c075efc  14 ae        bra 0x8c075b28
8c075efe  09 00        _nop
8c075f00  f4 56        mov.l @(0x10,r15),r6
8c075f02  b3 62        mov r11,r2
8c075f04  08 42        shll2 r2
8c075f06  2c 36        add r2,r6
8c075f08  63 84        mov.b @(0x3,r6),r0
8c075f0a  0f e1        mov #0xf,r1
8c075f0c  08 e3        mov #0x8,r3
8c075f0e  19 20        and r1,r0
8c075f10  33 30        cmp/ge r3,r0
8c075f12  23 89        bt 0x8c075f5c
8c075f14  19 90        mov.w 0x8c075f4a,r0
8c075f16  0f e1        mov #0xf,r1
8c075f18  f4 56        mov.l @(0x10,r15),r6
8c075f1a  8e 02        mov.l @(r0,r8),r2
8c075f1c  16 90        mov.w 0x8c075f4c,r0
8c075f1e  16 93        mov.w 0x8c075f4e,r3
8c075f20  2e 05        mov.l @(r0,r2),r5
8c075f22  b3 62        mov r11,r2
8c075f24  08 42        shll2 r2
8c075f26  2c 36        add r2,r6
8c075f28  63 84        mov.b @(0x3,r6),r0
8c075f2a  03 62        mov r0,r2
8c075f2c  19 22        and r1,r2
8c075f2e  27 03        mul.l r2,r3
8c075f30  1a 02        sts MACL,r2
8c075f32  2c 35        add r2,r5
8c075f34  58 84        mov.b @(0x8,r5),r0
8c075f36  0c 60        extu.b r0,r0
8c075f38  04 88        cmp/eq #0x4,r0
8c075f3a  0f 8b        bf 0x8c075f5c
8c075f3c  18 e0        mov #0x18,r0
8c075f3e  e7 fa        fmov fr14,@(r0,r10)
8c075f40  f2 ad        bra 0x8c075b28
8c075f42  09 00        _nop
8c075f44  04 08        undefined2 0804h
8c075f46  02 0d        undefined2 0D02h
8c075f48  b4 08        undefined2 08B4h
8c075f4a  6c 07        undefined2 076Ch
8c075f4c  b0 0a        undefined2 0AB0h
8c075f4e  f4 15        undefined2 15F4h
8c075f50  80 9a 07 8c  addr 8c079a80
8c075f54  34 d5 08 8c  addr 8c08d534
8c075f58  c8 e7 09 8c  addr 8c09e7c8
8c075f5c  f5 5d        mov.l @(0x14,r15),r13
8c075f5e  b3 62        mov r11,r2
8c075f60  08 42        shll2 r2
8c075f62  c9 91        mov.w 0x8c0760f8,r1
8c075f64  d3 66        mov r13,r6
8c075f66  2c 36        add r2,r6
8c075f68  63 84        mov.b @(0x3,r6),r0
8c075f6a  0f ee        mov #0xf,r14
8c075f6c  50 e3        mov #0x50,r3
8c075f6e  b3 62        mov r11,r2
8c075f70  e9 20        and r14,r0
8c075f72  66 d4        mov.l 0x8c07610c,r4
8c075f74  3b 20        or r3,r0
8c075f76  c0 93        mov.w 0x8c0760fa,r3
8c075f78  08 42        shll2 r2
8c075f7a  63 80        mov.b r0,@(0x3,r6)
8c075f7c  d3 66        mov r13,r6
8c075f7e  2c 36        add r2,r6
8c075f80  62 84        mov.b @(0x2,r6),r0
8c075f82  b3 62        mov r11,r2
8c075f84  08 42        shll2 r2
8c075f86  e9 20        and r14,r0
8c075f88  62 80        mov.b r0,@(0x2,r6)
8c075f8a  d3 66        mov r13,r6
8c075f8c  2c 36        add r2,r6
8c075f8e  b3 62        mov r11,r2
8c075f90  62 84        mov.b @(0x2,r6),r0
8c075f92  08 42        shll2 r2
8c075f94  2c 3d        add r2,r13
8c075f96  19 20        and r1,r0
8c075f98  62 80        mov.b r0,@(0x2,r6)
8c075f9a  d2 84        mov.b @(0x2,r13),r0
8c075f9c  39 20        and r3,r0
8c075f9e  d2 80        mov.b r0,@(0x2,r13)
8c075fa0  10 e0        mov #0x10,r0
8c075fa2  ac 05        mov.b @(r0,r10),r5
8c075fa4  53 60        mov r5,r0
8c075fa6  80 c8        tst #0x80,r0
8c075fa8  29 02        movt r2
8c075faa  ff 72        add #-0x1,r2
8c075fac  2b 66        neg r2,r6
8c075fae  68 26        tst r6,r6
8c075fb0  06 8b        bf 0x8c075fc0
8c075fb2  7f e3        mov #0x7f,r3
8c075fb4  a2 91        mov.w 0x8c0760fc,r1
8c075fb6  39 25        and r3,r5
8c075fb8  1b 25        or r1,r5
8c075fba  10 e0        mov #0x10,r0
8c075fbc  54 0a        mov.b r5,@(r0,r10)
8c075fbe  5c 65        extu.b r5,r5
8c075fc0  f4 51        mov.l @(0x10,r15),r1
8c075fc2  b3 62        mov r11,r2
8c075fc4  08 42        shll2 r2
8c075fc6  2c 31        add r2,r1
8c075fc8  5e 65        exts.b r5,r5
8c075fca  13 84        mov.b @(0x3,r1),r0
8c075fcc  7f e3        mov #0x7f,r3
8c075fce  39 25        and r3,r5
8c075fd0  0f e3        mov #0xf,r3
8c075fd2  39 20        and r3,r0
8c075fd4  00 35        cmp/eq r0,r5
8c075fd6  0d 89        bt 0x8c075ff4
8c075fd8  f4 52        mov.l @(0x10,r15),r2
8c075fda  b3 66        mov r11,r6
8c075fdc  08 46        shll2 r6
8c075fde  6c 32        add r6,r2
8c075fe0  23 84        mov.b @(0x3,r2),r0
8c075fe2  0f e1        mov #0xf,r1
8c075fe4  a3 62        mov r10,r2
8c075fe6  10 72        add #0x10,r2
8c075fe8  03 65        mov r0,r5
8c075fea  19 25        and r1,r5
8c075fec  87 91        mov.w 0x8c0760fe,r1
8c075fee  53 60        mov r5,r0
8c075ff0  0b 44        jsr @r4
8c075ff2  13 66        _mov r1,r6
8c075ff4  0f ee        mov #0xf,r14
8c075ff6  f4 53        mov.l @(0x10,r15),r3
8c075ff8  e3 60        mov r14,r0
8c075ffa  a8 80        mov.b r0,@(0x8,r10)
8c075ffc  18 e0        mov #0x18,r0
8c075ffe  b3 62        mov r11,r2
8c076000  08 42        shll2 r2
8c076002  e7 fa        fmov fr14,@(r0,r10)
8c076004  2c 33        add r2,r3
8c076006  41 d4        mov.l 0x8c07610c,r4
8c076008  33 84        mov.b @(0x3,r3),r0
8c07600a  a3 62        mov r10,r2
8c07600c  09 72        add #0x9,r2
8c07600e  03 65        mov r0,r5
8c076010  e9 25        and r14,r5
8c076012  04 e6        mov #0x4,r6
8c076014  53 60        mov r5,r0
8c076016  0b 44        jsr @r4
8c076018  63 61        _mov r6,r1
8c07601a  71 90        mov.w 0x8c076100,r0
8c07601c  a3 65        mov r10,r5
8c07601e  02 75        add #0x2,r5
8c076020  58 25        tst r5,r5
8c076022  8e 0e        mov.l @(r0,r8),r14
8c076024  00 8d        bt/s 0x8c076028
8c076026  58 1f        _mov.l r5,@(0x20,r15)
8c076028  6b 91        mov.w 0x8c076102,r1
8c07602a  53 62        mov r5,r2
8c07602c  0b 49        jsr @r9
8c07602e  13 66        _mov r1,r6
8c076030  e8 52        mov.l @(0x20,r14),r2
8c076032  06 e5        mov #0x6,r5
8c076034  53 61        mov r5,r1
8c076036  07 02        mul.l r0,r2
8c076038  f8 52        mov.l @(0x20,r15),r2
8c07603a  1a 06        sts MACL,r6
8c07603c  0b 49        jsr @r9
8c07603e  6c 1f        _mov.l r6,@(0x30,r15)
8c076040  03 62        mov r0,r2
8c076042  5f 90        mov.w 0x8c076104,r0
8c076044  fc 56        mov.l @(0x30,r15),r6
8c076046  ee 05        mov.l @(r0,r14),r5
8c076048  2c 36        add r2,r6
8c07604a  08 46        shll2 r6
8c07604c  63 60        mov r6,r0
8c07604e  5e 02        mov.l @(r0,r5),r2
8c076050  a0 32        cmp/eq r10,r2
8c076052  29 02        movt r2
8c076054  28 22        tst r2,r2
8c076056  5f 8b        bf 0x8c076118
8c076058  aa 84        mov.b @(0xa,r10),r0
8c07605a  0c 62        extu.b r0,r2
8c07605c  28 22        tst r2,r2
8c07605e  01 89        bt 0x8c076064
8c076060  62 ad        bra 0x8c075b28
8c076062  09 00        _nop
8c076064  f4 5e        mov.l @(0x10,r15),r14
8c076066  b3 62        mov r11,r2
8c076068  08 42        shll2 r2
8c07606a  4c 91        mov.w 0x8c076106,r1
8c07606c  e3 66        mov r14,r6
8c07606e  2c 36        add r2,r6
8c076070  02 76        add #0x2,r6
8c076072  13 65        mov r1,r5
8c076074  63 62        mov r6,r2
8c076076  0b 49        jsr @r9
8c076078  0f ed        _mov #0xf,r13
8c07607a  b3 62        mov r11,r2
8c07607c  08 42        shll2 r2
8c07607e  e3 66        mov r14,r6
8c076080  2c 36        add r2,r6
8c076082  41 91        mov.w 0x8c076108,r1
8c076084  02 76        add #0x2,r6
8c076086  0f 1f        mov.l r0,@(0x3c,r15)
8c076088  63 62        mov r6,r2
8c07608a  0b 49        jsr @r9
8c07608c  13 65        _mov r1,r5
8c07608e  ff 57        mov.l @(0x3c,r15),r7
8c076090  1c e1        mov #0x1c,r1
8c076092  03 e3        mov #0x3,r3
8c076094  03 62        mov r0,r2
8c076096  08 47        shll2 r7
8c076098  e3 65        mov r14,r5
8c07609a  19 27        and r1,r7
8c07609c  39 22        and r3,r2
8c07609e  2b 27        or r2,r7
8c0760a0  b3 62        mov r11,r2
8c0760a2  08 42        shll2 r2
8c0760a4  7f 1f        mov.l r7,@(0x3c,r15)
8c0760a6  2c 35        add r2,r5
8c0760a8  19 d2        mov.l 0x8c076110,r2
8c0760aa  53 84        mov.b @(0x3,r5),r0
8c0760ac  73 65        mov r7,r5
8c0760ae  03 66        mov r0,r6
8c0760b0  2b 90        mov.w 0x8c07610a,r0
8c0760b2  d9 26        and r13,r6
8c0760b4  0b 42        jsr @r2
8c0760b6  8e 04        _mov.l @(r0,r8),r4
8c0760b8  ff 57        mov.l @(0x3c,r15),r7
8c0760ba  f7 54        mov.l @(0x1c,r15),r4
8c0760bc  73 62        mov r7,r2
8c0760be  00 42        shll r2
8c0760c0  7c 32        add r7,r2
8c0760c2  43 66        mov r4,r6
8c0760c4  00 42        shll r2
8c0760c6  1e 95        mov.w 0x8c076106,r5
8c0760c8  2c 36        add r2,r6
8c0760ca  73 62        mov r7,r2
8c0760cc  63 84        mov.b @(0x3,r6),r0
8c0760ce  00 42        shll r2
8c0760d0  7c 32        add r7,r2
8c0760d2  10 d7        mov.l 0x8c076114,r7
8c0760d4  d9 20        and r13,r0
8c0760d6  53 61        mov r5,r1
8c0760d8  63 80        mov.b r0,@(0x3,r6)
8c0760da  b3 66        mov r11,r6
8c0760dc  08 46        shll2 r6
8c0760de  6c 3e        add r6,r14
8c0760e0  e3 84        mov.b @(0x3,r14),r0
8c0760e2  00 42        shll r2
8c0760e4  2c 34        add r2,r4
8c0760e6  03 66        mov r0,r6
8c0760e8  d9 26        and r13,r6
8c0760ea  6d 66        extu.w r6,r6
8c0760ec  02 74        add #0x2,r4
8c0760ee  63 60        mov r6,r0
8c0760f0  0b 47        jsr @r7
8c0760f2  43 62        _mov r4,r2
8c0760f4  18 ad        bra 0x8c075b28
8c0760f6  09 00        _nop
8c0760f8  f9 00        undefined2 00F9h
8c0760fa  fe 00        undefined2 00FEh
8c0760fc  80 00        undefined2 0080h
8c0760fe  07 01        undefined2 0107h
8c076100  6c 07        undefined2 076Ch
8c076102  05 06        undefined2 0605h
8c076104  98 0a        undefined2 0A98h
8c076106  04 08        undefined2 0804h
8c076108  02 0d        undefined2 0D02h
8c07610a  b4 08        undefined2 08B4h
8c07610c  bc e5 09 8c  addr 8c09e5bc
8c076110  5c 9a 07 8c  addr 8c079a5c
8c076114  90 e7 09 8c  addr 8c09e790
8c076118  49 d2        mov.l 0x8c076240,r2
8c07611a  a3 65        mov r10,r5
8c07611c  0b 42        jsr @r2
8c07611e  e3 64        _mov r14,r4
8c076120  9a af        bra 0x8c076058
8c076122  09 00        _nop
8c076124  96           ?? 96h
8c076125  2f           ?? 2Fh    /
8c076126  a6           ?? A6h
8c076127  2f           ?? 2Fh    /
8c076128  b6           ?? B6h
8c076129  2f           ?? 2Fh    /
8c07612a  c6           ?? C6h
8c07612b  2f           ?? 2Fh    /
8c07612c  d6           ?? D6h
8c07612d  2f           ?? 2Fh    /
8c07612e  e6           ?? E6h
8c07612f  2f           ?? 2Fh    /
8c076130  22           ?? 22h    "
8c076131  4f           ?? 4Fh    O
8c076132  fc           ?? FCh
8c076133  7f           ?? 7Fh    
8c076134  7f           ?? 7Fh    
8c076135  90           ?? 90h
8c076136  4e           ?? 4Eh    N
8c076137  02           ?? 02h
8c076138  6c           ?? 6Ch    l
8c076139  e0           ?? E0h
8c07613a  2e           ?? 2Eh    .
8c07613b  0c           ?? 0Ch
8c07613c  68           ?? 68h    h
8c07613d  e0           ?? E0h
8c07613e  2e           ?? 2Eh    .
8c07613f  0a           ?? 0Ah
8c076140  7a           ?? 7Ah    z
8c076141  90           ?? 90h
8c076142  40           ?? 40h    @
8c076143  d2           ?? D2h
8c076144  46           ?? 46h    F
8c076145  f9           ?? F9h
8c076146  78           ?? 78h    x
8c076147  90           ?? 90h
8c076148  28           ?? 28h    (
8c076149  f6           ?? F6h
8c07614a  46           ?? 46h    F
8c07614b  f8           ?? F8h
8c07614c  3e           ?? 3Eh    >
8c07614d  c7           ?? C7h
8c07614e  81           ?? 81h
8c07614f  f9           ?? F9h
8c076150  08           ?? 08h
8c076151  f8           ?? F8h
8c076152  63           ?? 63h    c
8c076153  f8           ?? F8h
8c076154  95           ?? 95h
8c076155  f8           ?? F8h
8c076156  2d           ?? 2Dh    -
8c076157  8f           ?? 8Fh
8c076158  43           ?? 43h    C
8c076159  6b           ?? 6Bh    k
8c07615a  6f           ?? 6Fh    o
8c07615b  90           ?? 90h
8c07615c  00           ?? 00h
8c07615d  e7           ?? E7h
8c07615e  be           ?? BEh
8c07615f  0e           ?? 0Eh
8c076160  15           ?? 15h
8c076161  4e           ?? 4Eh    N
8c076162  1c           ?? 1Ch
8c076163  8f           ?? 8Fh
8c076164  00           ?? 00h
8c076165  e4           ?? E4h
8c076166  07           ?? 07h
8c076167  e9           ?? E9h
8c076168  11           ?? 11h
8c076169  44           ?? 44h    D
8c07616a  01           ?? 01h
8c07616b  8d           ?? 8Dh
8c07616c  43           ?? 43h    C
8c07616d  62           ?? 62h    b
8c07616e  07           ?? 07h
8c07616f  72           ?? 72h    r
8c076170  21           ?? 21h    !
8c076171  42           ?? 42h    B
8c076172  c3           ?? C3h
8c076173  60           ?? 60h    `
8c076174  21           ?? 21h    !
8c076175  42           ?? 42h    B
8c076176  43           ?? 43h    C
8c076177  65           ?? 65h    e
8c076178  21           ?? 21h    !
8c076179  42           ?? 42h    B
8c07617a  11           ?? 11h
8c07617b  44           ?? 44h    D
8c07617c  2c           ?? 2Ch    ,
8c07617d  06           ?? 06h
8c07617e  56           ?? 56h    V
8c07617f  8d           ?? 8Dh
8c076180  6c           ?? 6Ch    l
8c076181  66           ?? 66h    f
8c076182  57           ?? 57h    W
8c076183  65           ?? 65h    e
8c076184  01           ?? 01h
8c076185  75           ?? 75h    u
8c076186  99           ?? 99h
8c076187  25           ?? 25h    %
8c076188  57           ?? 57h    W
8c076189  65           ?? 65h    e
8c07618a  01           ?? 01h
8c07618b  75           ?? 75h    u
8c07618c  5b           ?? 5Bh    [
8c07618d  62           ?? 62h    b
8c07618e  2c           ?? 2Ch    ,
8c07618f  46           ?? 46h    F
8c076190  63           ?? 63h    c
8c076191  60           ?? 60h    `
8c076192  01           ?? 01h
8c076193  c8           ?? C8h
8c076194  00           ?? 00h
8c076195  8b           ?? 8Bh
8c076196  01           ?? 01h
8c076197  77           ?? 77h    w
8c076198  01           ?? 01h
8c076199  74           ?? 74h    t
8c07619a  e3           ?? E3h
8c07619b  34           ?? 34h    4
8c07619c  e4           ?? E4h
8c07619d  8b           ?? 8Bh
8c07619e  15           ?? 15h
8c07619f  47           ?? 47h    G
8c0761a0  08           ?? 08h
8c0761a1  8b           ?? 8Bh
8c0761a2  04           ?? 04h
8c0761a3  7f           ?? 7Fh    
8c0761a4  26           ?? 26h    &
8c0761a5  4f           ?? 4Fh    O
8c0761a6  f6           ?? F6h
8c0761a7  6e           ?? 6Eh    n
8c0761a8  f6           ?? F6h
8c0761a9  6d           ?? 6Dh    m
8c0761aa  f6           ?? F6h
8c0761ab  6c           ?? 6Ch    l
8c0761ac  f6           ?? F6h
8c0761ad  6b           ?? 6Bh    k
8c0761ae  f6           ?? F6h
8c0761af  6a           ?? 6Ah    j
8c0761b0  0b           ?? 0Bh
8c0761b1  00           ?? 00h
8c0761b2  f6           ?? F6h
8c0761b3  69           ?? 69h    i
8c0761b4  42           ?? 42h    B
8c0761b5  90           ?? 90h
8c0761b6  be           ?? BEh
8c0761b7  05           ?? 05h
8c0761b8  15           ?? 15h
8c0761b9  45           ?? 45h    E
8c0761ba  f2           ?? F2h
8c0761bb  8f           ?? 8Fh
8c0761bc  00           ?? 00h
8c0761bd  ed           ?? EDh
8c0761be  07           ?? 07h
8c0761bf  e9           ?? E9h
8c0761c0  11           ?? 11h
8c0761c1  4d           ?? 4Dh    M
8c0761c2  36           ?? 36h    6
8c0761c3  8d           ?? 8Dh
8c0761c4  d3           ?? D3h
8c0761c5  6e           ?? 6Eh    n
8c0761c6  e7           ?? E7h
8c0761c7  6e           ?? 6Eh    n
8c0761c8  01           ?? 01h
8c0761c9  7e           ?? 7Eh    ~
8c0761ca  99           ?? 99h
8c0761cb  2e           ?? 2Eh    .
8c0761cc  e7           ?? E7h
8c0761cd  6e           ?? 6Eh    n
8c0761ce  01           ?? 01h
8c0761cf  7e           ?? 7Eh    ~
8c0761d0  11           ?? 11h
8c0761d1  4d           ?? 4Dh    M
8c0761d2  01           ?? 01h
8c0761d3  8d           ?? 8Dh
8c0761d4  d3           ?? D3h
8c0761d5  67           ?? 67h    g
8c0761d6  07           ?? 07h
8c0761d7  77           ?? 77h    w
8c0761d8  21           ?? 21h    !
8c0761d9  47           ?? 47h    G
8c0761da  21           ?? 21h    !
8c0761db  47           ?? 47h    G
8c0761dc  21           ?? 21h    !
8c0761dd  47           ?? 47h    G
8c0761de  73           ?? 73h    s
8c0761df  60           ?? 60h    `
8c0761e0  cc           ?? CCh
8c0761e1  02           ?? 02h
8c0761e2  eb           ?? EBh
8c0761e3  66           ?? 66h    f
8c0761e4  2c           ?? 2Ch    ,
8c0761e5  60           ?? 60h    `
8c0761e6  6c           ?? 6Ch    l
8c0761e7  40           ?? 40h    @
8c0761e8  01           ?? 01h
8c0761e9  c8           ?? C8h
8c0761ea  08           ?? 08h
8c0761eb  8f           ?? 8Fh
8c0761ec  72           ?? 72h    r
8c0761ed  2f           ?? 2Fh    /
8c0761ee  73           ?? 73h    s
8c0761ef  60           ?? 60h    `
8c0761f0  ac           ?? ACh
8c0761f1  02           ?? 02h
8c0761f2  2c           ?? 2Ch    ,
8c0761f3  66           ?? 66h    f
8c0761f4  eb           ?? EBh
8c0761f5  62           ?? 62h    b
8c0761f6  2c           ?? 2Ch    ,
8c0761f7  46           ?? 46h    F
8c0761f8  63           ?? 63h    c
8c0761f9  60           ?? 60h    `
8c0761fa  01           ?? 01h
8c0761fb  c8           ?? C8h
8c0761fc  04           ?? 04h
8c0761fd  8b           ?? 8Bh
8c0761fe  01           ?? 01h
8c0761ff  7d           ?? 7Dh    }
8c076200  53           ?? 53h    S
8c076201  3d           ?? 3Dh    =
8c076202  dd           ?? DDh
8c076203  8b           ?? 8Bh
8c076204  cd           ?? CDh
8c076205  af           ?? AFh
8c076206  09           ?? 09h
8c076207  00           ?? 00h
8c076208  19           ?? 19h
8c076209  90           ?? 90h
8c07620a  d3           ?? D3h
8c07620b  65           ?? 65h    e
8c07620c  0f           ?? 0Fh
8c07620d  d2           ?? D2h
8c07620e  0b           ?? 0Bh
8c07620f  42           ?? 42h    B
8c076210  be           ?? BEh
8c076211  04           ?? 04h
8c076212  f2           ?? F2h
8c076213  67           ?? 67h    g
8c076214  a3           ?? A3h
8c076215  65           ?? 65h    e
8c076216  01           ?? 01h
8c076217  e2           ?? E2h
8c076218  10           ?? 10h
8c076219  90           ?? 90h
8c07621a  7c           ?? 7Ch    |
8c07621b  35           ?? 35h    5
8c07621c  50           ?? 50h    P
8c07621d  66           ?? 66h    f
8c07621e  ec           ?? ECh
8c07621f  42           ?? 42h    B
8c076220  27           ?? 27h    '
8c076221  62           ?? 62h    b
8c076222  6c           ?? 6Ch    l
8c076223  66           ?? 66h    f
8c076224  29           ?? 29h    )
8c076225  26           ?? 26h    &
8c076226  60           ?? 60h    `
8c076227  25           ?? 25h    %
8c076228  be           ?? BEh
8c076229  05           ?? 05h
8c07622a  e8           ?? E8h
8c07622b  af           ?? AFh
8c07622c  09           ?? 09h
8c07622d  00           ?? 00h
8c07622e  ad           ?? ADh
8c07622f  af           ?? AFh
8c076230  99           ?? 99h
8c076231  25           ?? 25h    %
8c076232  cd           ?? CDh
8c076233  af           ?? AFh
8c076234  99           ?? 99h
8c076235  2e           ?? 2Eh    .
8c076236  b4           ?? B4h
8c076237  08           ?? 08h
8c076238  c0           ?? C0h
8c076239  08           ?? 08h
8c07623a  bc           ?? BCh
8c07623b  08           ?? 08h
8c07623c  9c           ?? 9Ch
8c07623d  08           ?? 08h
8c07623e  6c           ?? 6Ch    l
8c07623f  07           ?? 07h
8c076240  9c 4d 08 8c  addr 8c084d9c
8c076244  4c           ?? 4Ch    L
8c076245  58           ?? 58h    X
8c076246  28           ?? 28h    (
8c076247  8c           ?? 8Ch
8c076248  00           ?? 00h
8c076249  00           ?? 00h
8c07624a  b4           ?? B4h
8c07624b  42           ?? 42h    B
8c07624c  4a           ?? 4Ah    J
8c07624d  10           ?? 10h
8c07624e  09           ?? 09h
8c07624f  8c           ?? 8Ch
8c076250  86           ?? 86h
8c076251  2f           ?? 2Fh    /
8c076252  96           ?? 96h
8c076253  2f           ?? 2Fh    /
8c076254  a6           ?? A6h
8c076255  2f           ?? 2Fh    /
8c076256  b6           ?? B6h
8c076257  2f           ?? 2Fh    /
8c076258  c6           ?? C6h
8c076259  2f           ?? 2Fh    /
8c07625a  d6           ?? D6h
8c07625b  2f           ?? 2Fh    /
8c07625c  e6           ?? E6h
8c07625d  2f           ?? 2Fh    /
8c07625e  22           ?? 22h    "
8c07625f  4f           ?? 4Fh    O
8c076260  af           ?? AFh
