; range: 8c09afe4 - 8c09b170

8c09afe4  96 2f        mov.l r9,@-r15
8c09afe6  a6 2f        mov.l r10,@-r15
8c09afe8  b6 2f        mov.l r11,@-r15
8c09afea  c6 2f        mov.l r12,@-r15
8c09afec  d6 2f        mov.l r13,@-r15
8c09afee  e6 2f        mov.l r14,@-r15
8c09aff0  22 4f        sts.l PR,@-r15
8c09aff2  9e 93        mov.w 0x8c09b132,r3
8c09aff4  3c 3f        add r3,r15
8c09aff6  58 d2        mov.l 0x8c09b158,r2
8c09aff8  00 e5        mov #0x0,r5
8c09affa  9b 96        mov.w 0x8c09b134,r6
8c09affc  43 6c        mov r4,r12
8c09affe  f3 64        mov r15,r4
8c09b000  0b 42        jsr @r2
8c09b002  f3 6e        _mov r15,r14
8c09b004  f1 84        mov.b @(0x1,r15),r0
8c09b006  01 e1        mov #0x1,r1
8c09b008  04 e3        mov #0x4,r3
8c09b00a  19 20        and r1,r0
8c09b00c  53 d1        mov.l 0x8c09b15c,r1
8c09b00e  3b 20        or r3,r0
8c09b010  91 93        mov.w 0x8c09b136,r3
8c09b012  f1 80        mov.b r0,@(0x1,r15)
8c09b014  f1 62        mov.w @r15,r2
8c09b016  8f 90        mov.w 0x8c09b138,r0
8c09b018  19 22        and r1,r2
8c09b01a  3b 22        or r3,r2
8c09b01c  21 2f        mov.w r2,@r15
8c09b01e  ce 02        mov.l @(r0,r12),r2
8c09b020  11 42        cmp/pz r2
8c09b022  07 8b        bf 0x8c09b034
8c09b024  89 90        mov.w 0x8c09b13a,r0
8c09b026  ce 06        mov.l @(r0,r12),r6
8c09b028  88 90        mov.w 0x8c09b13c,r0
8c09b02a  ce 02        mov.l @(r0,r12),r2
8c09b02c  20 36        cmp/eq r2,r6
8c09b02e  01 8b        bf 0x8c09b034
8c09b030  7d a0        bra 0x8c09b12e
8c09b032  09 00        _nop
8c09b034  00 e5        mov #0x0,r5
8c09b036  4a d9        mov.l 0x8c09b160,r9
8c09b038  5d 60        extu.w r5,r0
8c09b03a  02 7e        add #0x2,r14
8c09b03c  01 e1        mov #0x1,r1
8c09b03e  0b 49        jsr @r9
8c09b040  e3 62        _mov r14,r2
8c09b042  7c 90        mov.w 0x8c09b13e,r0
8c09b044  e3 62        mov r14,r2
8c09b046  7b 91        mov.w 0x8c09b140,r1
8c09b048  e3 6d        mov r14,r13
8c09b04a  ce 05        mov.l @(r0,r12),r5
8c09b04c  0b 49        jsr @r9
8c09b04e  5d 60        _extu.w r5,r0
8c09b050  77 90        mov.w 0x8c09b142,r0
8c09b052  f6 0f        mov.l r15,@(r0,r15)
8c09b054  76 90        mov.w 0x8c09b144,r0
8c09b056  ce 04        mov.l @(r0,r12),r4
8c09b058  70 e0        mov #0x70,r0
8c09b05a  4e 0e        mov.l @(r0,r4),r14
8c09b05c  60 e0        mov #0x60,r0
8c09b05e  4e 0b        mov.l @(r0,r4),r11
8c09b060  68 e0        mov #0x68,r0
8c09b062  4e 0a        mov.l @(r0,r4),r10
8c09b064  48 e0        mov #0x48,r0
8c09b066  4e 05        mov.l @(r0,r4),r5
8c09b068  53 60        mov r5,r0
8c09b06a  14 88        cmp/eq #0x14,r0
8c09b06c  32 89        bt 0x8c09b0d4
8c09b06e  53 60        mov r5,r0
8c09b070  15 88        cmp/eq #0x15,r0
8c09b072  2f 89        bt 0x8c09b0d4
8c09b074  53 60        mov r5,r0
8c09b076  16 88        cmp/eq #0x16,r0
8c09b078  53 89        bt 0x8c09b122
8c09b07a  62 90        mov.w 0x8c09b142,r0
8c09b07c  20 e6        mov #0x20,r6
8c09b07e  39 dd        mov.l 0x8c09b164,r13
8c09b080  e3 65        mov r14,r5
8c09b082  fe 04        mov.l @(r0,r15),r4
8c09b084  0b 4d        jsr @r13
8c09b086  04 74        _add #0x4,r4
8c09b088  5b 90        mov.w 0x8c09b142,r0
8c09b08a  70 e6        mov #0x70,r6
8c09b08c  b3 65        mov r11,r5
8c09b08e  fe 04        mov.l @(r0,r15),r4
8c09b090  0b 4d        jsr @r13
8c09b092  24 74        _add #0x24,r4
8c09b094  55 90        mov.w 0x8c09b142,r0
8c09b096  10 e6        mov #0x10,r6
8c09b098  55 93        mov.w 0x8c09b146,r3
8c09b09a  a3 65        mov r10,r5
8c09b09c  fe 04        mov.l @(r0,r15),r4
8c09b09e  0b 4d        jsr @r13
8c09b0a0  3c 34        _add r3,r4
8c09b0a2  4e 90        mov.w 0x8c09b142,r0
8c09b0a4  f3 64        mov r15,r4
8c09b0a6  4f 91        mov.w 0x8c09b148,r1
8c09b0a8  2f d2        mov.l 0x8c09b168,r2
8c09b0aa  fe 05        mov.l @(r0,r15),r5
8c09b0ac  0b 42        jsr @r2
8c09b0ae  1c 34        _add r1,r4
8c09b0b0  03 66        mov r0,r6
8c09b0b2  4a 90        mov.w 0x8c09b14a,r0
8c09b0b4  48 93        mov.w 0x8c09b148,r3
8c09b0b6  f3 65        mov r15,r5
8c09b0b8  ce 04        mov.l @(r0,r12),r4
8c09b0ba  2c d2        mov.l 0x8c09b16c,r2
8c09b0bc  0b 42        jsr @r2
8c09b0be  3c 35        _add r3,r5
8c09b0c0  44 93        mov.w 0x8c09b14c,r3
8c09b0c2  3c 3f        add r3,r15
8c09b0c4  26 4f        lds.l @r15+,PR
8c09b0c6  f6 6e        mov.l @r15+,r14
8c09b0c8  f6 6d        mov.l @r15+,r13
8c09b0ca  f6 6c        mov.l @r15+,r12
8c09b0cc  f6 6b        mov.l @r15+,r11
8c09b0ce  f6 6a        mov.l @r15+,r10
8c09b0d0  0b 00        rts
8c09b0d2  f6 69        _mov.l @r15+,r9
8c09b0d4  3b 90        mov.w 0x8c09b14e,r0
8c09b0d6  ce 06        mov.l @(r0,r12),r6
8c09b0d8  3a 90        mov.w 0x8c09b150,r0
8c09b0da  60 62        mov.b @r6,r2
8c09b0dc  66 0f        mov.l r6,@(r0,r15)
8c09b0de  2c 60        extu.b r2,r0
8c09b0e0  01 88        cmp/eq #0x1,r0
8c09b0e2  1e 8b        bf 0x8c09b122
8c09b0e4  2f 90        mov.w 0x8c09b146,r0
8c09b0e6  4e 06        mov.l @(r0,r4),r6
8c09b0e8  11 46        cmp/pz r6
8c09b0ea  1a 8b        bf 0x8c09b122
8c09b0ec  30 90        mov.w 0x8c09b150,r0
8c09b0ee  fe 04        mov.l @(r0,r15),r4
8c09b0f0  63 60        mov r6,r0
8c09b0f2  0e 74        add #0xe,r4
8c09b0f4  4c 02        mov.b @(r0,r4),r2
8c09b0f6  2c 62        extu.b r2,r2
8c09b0f8  28 22        tst r2,r2
8c09b0fa  12 8b        bf 0x8c09b122
8c09b0fc  29 90        mov.w 0x8c09b152,r0
8c09b0fe  08 46        shll2 r6
8c09b100  e3 64        mov r14,r4
8c09b102  03 74        add #0x3,r4
8c09b104  66 0f        mov.l r6,@(r0,r15)
8c09b106  63 60        mov r6,r0
8c09b108  4c 02        mov.b @(r0,r4),r2
8c09b10a  0f e3        mov #0xf,r3
8c09b10c  21 90        mov.w 0x8c09b152,r0
8c09b10e  2c 66        extu.b r2,r6
8c09b110  39 26        and r3,r6
8c09b112  fe 00        mov.l @(r0,r15),r0
8c09b114  6c 66        extu.b r6,r6
8c09b116  64 04        mov.b r6,@(r0,r4)
8c09b118  f0 e3        mov #-0x10,r3
8c09b11a  1a 90        mov.w 0x8c09b152,r0
8c09b11c  3b 26        or r3,r6
8c09b11e  fe 00        mov.l @(r0,r15),r0
8c09b120  64 04        mov.b r6,@(r0,r4)
8c09b122  17 91        mov.w 0x8c09b154,r1
8c09b124  5d 60        extu.w r5,r0
8c09b126  0b 49        jsr @r9
8c09b128  d3 62        _mov r13,r2
8c09b12a  a6 af        bra 0x8c09b07a
8c09b12c  09 00        _nop
8c09b12e  82 af        bra 0x8c09b036
8c09b130  01 e5        _mov #0x1,r5
8c09b132  f4 fd        undefined2 FDF4h
8c09b134  a8 00        undefined2 00A8h
8c09b136  a4 00        undefined2 00A4h
8c09b138  4c 24        undefined2 244Ch
8c09b13a  48 24        undefined2 2448h
8c09b13c  50 24        undefined2 2450h
8c09b13e  54 24        undefined2 2454h
8c09b140  04 01        undefined2 0104h
8c09b142  00 02        undefined2 0200h
8c09b144  d4 00        undefined2 00D4h
8c09b146  94 00        undefined2 0094h
8c09b148  00 01        undefined2 0100h
8c09b14a  c0 00        undefined2 00C0h
8c09b14c  0c 02        undefined2 020Ch
8c09b14e  d8 00        undefined2 00D8h
8c09b150  04 02        undefined2 0204h
8c09b152  08 02        undefined2 0208h
8c09b154  08 08        undefined2 0808h
8c09b156  00           ?? 00h
8c09b157  00           ?? 00h
8c09b158  fc ed 09 8c  addr 8c09edfc
8c09b15c  00 fe 00 00  undefined4 0000FE00h
8c09b160  90 e7 09 8c  addr 8c09e790
8c09b164  3c ed 09 8c  addr 8c09ed3c
8c09b168  7a dc 0d 8c  addr 8c0ddc7a
8c09b16c  04 23 0e 8c  addr 8c0e2304
8c09b170  b6 2f        mov.l r11,@-r15
