; range: 8c09ed3c - 8c09ee40

8c09ed3c  d6 2f        mov.l r13,@-r15
8c09ed3e  50 34        cmp/eq r5,r4
8c09ed40  c6 2f        mov.l r12,@-r15
8c09ed42  b6 2f        mov.l r11,@-r15
8c09ed44  54 89        bt 0x8c09edf0
8c09ed46  00 e2        mov #0x0,r2
8c09ed48  26 36        cmp/hi r2,r6
8c09ed4a  51 8b        bf 0x8c09edf0
8c09ed4c  43 67        mov r4,r7
8c09ed4e  63 6b        mov r6,r11
8c09ed50  5b 27        or r5,r7
8c09ed52  63 6c        mov r6,r12
8c09ed54  01 4b        shlr r11
8c09ed56  52 34        cmp/hs r5,r4
8c09ed58  6b 27        or r6,r7
8c09ed5a  24 8d        bt/s 0x8c09eda6
8c09ed5c  09 4c        _shlr2 r12
8c09ed5e  01 e3        mov #0x1,r3
8c09ed60  78 23        tst r7,r3
8c09ed62  16 8b        bf 0x8c09ed92
8c09ed64  03 e1        mov #0x3,r1
8c09ed66  18 27        tst r1,r7
8c09ed68  09 8b        bf 0x8c09ed7e
8c09ed6a  c3 66        mov r12,r6
8c09ed6c  43 67        mov r4,r7
8c09ed6e  56 63        mov.l @r5+,r3
8c09ed70  ff 76        add #-0x1,r6
8c09ed72  68 26        tst r6,r6
8c09ed74  32 27        mov.l r3,@r7
8c09ed76  fa 8f        bf/s 0x8c09ed6e
8c09ed78  04 77        _add #0x4,r7
8c09ed7a  39 a0        bra 0x8c09edf0
8c09ed7c  09 00        _nop
8c09ed7e  b3 66        mov r11,r6
8c09ed80  43 67        mov r4,r7
8c09ed82  55 63        mov.w @r5+,r3
8c09ed84  ff 76        add #-0x1,r6
8c09ed86  68 26        tst r6,r6
8c09ed88  31 27        mov.w r3,@r7
8c09ed8a  fa 8f        bf/s 0x8c09ed82
8c09ed8c  02 77        _add #0x2,r7
8c09ed8e  2f a0        bra 0x8c09edf0
8c09ed90  09 00        _nop
8c09ed92  53 60        mov r5,r0
8c09ed94  43 67        mov r4,r7
8c09ed96  04 63        mov.b @r0+,r3
8c09ed98  ff 76        add #-0x1,r6
8c09ed9a  68 26        tst r6,r6
8c09ed9c  30 27        mov.b r3,@r7
8c09ed9e  fa 8f        bf/s 0x8c09ed96
8c09eda0  01 77        _add #0x1,r7
8c09eda2  25 a0        bra 0x8c09edf0
8c09eda4  09 00        _nop
8c09eda6  01 e2        mov #0x1,r2
8c09eda8  43 60        mov r4,r0
8c09edaa  78 22        tst r7,r2
8c09edac  53 6d        mov r5,r13
8c09edae  6c 30        add r6,r0
8c09edb0  17 8f        bf/s 0x8c09ede2
8c09edb2  6c 3d        _add r6,r13
8c09edb4  03 e1        mov #0x3,r1
8c09edb6  18 27        tst r1,r7
8c09edb8  09 8b        bf 0x8c09edce
8c09edba  c3 66        mov r12,r6
8c09edbc  d3 67        mov r13,r7
8c09edbe  03 65        mov r0,r5
8c09edc0  fc 77        add #-0x4,r7
8c09edc2  72 63        mov.l @r7,r3
8c09edc4  10 46        dt r6
8c09edc6  fb 8f        bf/s 0x8c09edc0
8c09edc8  36 25        _mov.l r3,@-r5
8c09edca  11 a0        bra 0x8c09edf0
8c09edcc  09 00        _nop
8c09edce  b3 66        mov r11,r6
8c09edd0  d3 65        mov r13,r5
8c09edd2  03 67        mov r0,r7
8c09edd4  fe 75        add #-0x2,r5
8c09edd6  51 63        mov.w @r5,r3
8c09edd8  10 46        dt r6
8c09edda  fb 8f        bf/s 0x8c09edd4
8c09eddc  35 27        _mov.w r3,@-r7
8c09edde  07 a0        bra 0x8c09edf0
8c09ede0  09 00        _nop
8c09ede2  d3 67        mov r13,r7
8c09ede4  03 65        mov r0,r5
8c09ede6  ff 77        add #-0x1,r7
8c09ede8  70 63        mov.b @r7,r3
8c09edea  10 46        dt r6
8c09edec  fb 8f        bf/s 0x8c09ede6
8c09edee  34 25        _mov.b r3,@-r5
8c09edf0  f6 6b        mov.l @r15+,r11
8c09edf2  43 60        mov r4,r0
8c09edf4  f6 6c        mov.l @r15+,r12
8c09edf6  0b 00        rts
8c09edf8  f6 6d        _mov.l @r15+,r13
8c09edfa  00           ?? 00h
8c09edfb  00           ?? 00h
8c09edfc  00 e7        mov #0x0,r7
8c09edfe  73 63        mov r7,r3
8c09ee00  62 33        cmp/hs r6,r3
8c09ee02  05 8d        bt/s 0x8c09ee10
8c09ee04  43 60        _mov r4,r0
8c09ee06  01 77        add #0x1,r7
8c09ee08  50 20        mov.b r5,@r0
8c09ee0a  62 37        cmp/hs r6,r7
8c09ee0c  fb 8f        bf/s 0x8c09ee06
8c09ee0e  01 70        _add #0x1,r0
8c09ee10  0b 00        rts
8c09ee12  43 60        _mov r4,r0
8c09ee14  e6 2f        mov.l r14,@-r15
8c09ee16  d6 2f        mov.l r13,@-r15
8c09ee18  c6 2f        mov.l r12,@-r15
8c09ee1a  b6 2f        mov.l r11,@-r15
8c09ee1c  a6 2f        mov.l r10,@-r15
8c09ee1e  96 2f        mov.l r9,@-r15
8c09ee20  22 4f        sts.l PR,@-r15
8c09ee22  32 90        mov.w 0x8c09ee8a,r0
8c09ee24  0c 3f        add r0,r15
8c09ee26  1a da        mov.l 0x8c09ee90,r10
8c09ee28  02 e0        mov #0x2,r0
8c09ee2a  43 6c        mov r4,r12
8c09ee2c  f3 62        mov r15,r2
8c09ee2e  a2 63        mov.l @r10,r3
8c09ee30  c8 2c        tst r12,r12
8c09ee32  32 2f        mov.l r3,@r15
8c09ee34  17 d3        mov.l 0x8c09ee94,r3
8c09ee36  22 2a        mov.l r2,@r10
8c09ee38  f4 80        mov.b r0,@(0x4,r15)
8c09ee3a  01 8f        bf/s 0x8c09ee40
8c09ee3c  32 1f        _mov.l r3,@(0x8,r15)
8c09ee3e  01 ec        mov #0x1,r12
8c09ee40  17 de        mov.l 0x8c09eea0,r14
