; range: 8c074180 - 8c074240

8c074180  01 89        bt 0x8c074186
8c074182  41 af        bra 0x8c074008
8c074184  09 00        _nop
8c074186  d3 66        mov r13,r6
8c074188  00 46        shll r6
8c07418a  dc 36        add r13,r6
8c07418c  f6 55        mov.l @(0x18,r15),r5
8c07418e  00 46        shll r6
8c074190  59 d4        mov.l 0x8c0742f8,r4
8c074192  5c 36        add r5,r6
8c074194  02 76        add #0x2,r6
8c074196  04 e5        mov #0x4,r5
8c074198  63 62        mov r6,r2
8c07419a  0b 44        jsr @r4
8c07419c  53 61        _mov r5,r1
8c07419e  04 88        cmp/eq #0x4,r0
8c0741a0  0f 89        bt 0x8c0741c2
8c0741a2  d3 66        mov r13,r6
8c0741a4  00 46        shll r6
8c0741a6  dc 36        add r13,r6
8c0741a8  f6 55        mov.l @(0x18,r15),r5
8c0741aa  00 46        shll r6
8c0741ac  52 d4        mov.l 0x8c0742f8,r4
8c0741ae  5c 36        add r5,r6
8c0741b0  02 76        add #0x2,r6
8c0741b2  04 e5        mov #0x4,r5
8c0741b4  63 62        mov r6,r2
8c0741b6  0b 44        jsr @r4
8c0741b8  53 61        _mov r5,r1
8c0741ba  08 20        tst r0,r0
8c0741bc  01 89        bt 0x8c0741c2
8c0741be  23 af        bra 0x8c074008
8c0741c0  09 00        _nop
8c0741c2  91 90        mov.w 0x8c0742e8,r0
8c0741c4  d3 65        mov r13,r5
8c0741c6  4d d2        mov.l 0x8c0742fc,r2
8c0741c8  0b 42        jsr @r2
8c0741ca  ae 04        _mov.l @(r0,r10),r4
8c0741cc  d3 66        mov r13,r6
8c0741ce  00 46        shll r6
8c0741d0  dc 36        add r13,r6
8c0741d2  03 6e        mov r0,r14
8c0741d4  00 46        shll r6
8c0741d6  f4 52        mov.l @(0x10,r15),r2
8c0741d8  9c 36        add r9,r6
8c0741da  62 85        mov.w @(0x4,r6),r0
8c0741dc  85 96        mov.w 0x8c0742ea,r6
8c0741de  22 65        mov.l @r2,r5
8c0741e0  03 62        mov r0,r2
8c0741e2  83 90        mov.w 0x8c0742ec,r0
8c0741e4  69 22        and r6,r2
8c0741e6  2c 35        add r2,r5
8c0741e8  45 d2        mov.l 0x8c074300,r2
8c0741ea  ae 04        mov.l @(r0,r10),r4
8c0741ec  0b 42        jsr @r2
8c0741ee  53 68        _mov r5,r8
8c0741f0  d3 66        mov r13,r6
8c0741f2  00 46        shll r6
8c0741f4  dc 36        add r13,r6
8c0741f6  f6 55        mov.l @(0x18,r15),r5
8c0741f8  00 46        shll r6
8c0741fa  3f d4        mov.l 0x8c0742f8,r4
8c0741fc  5c 36        add r5,r6
8c0741fe  03 6b        mov r0,r11
8c074200  02 76        add #0x2,r6
8c074202  04 e5        mov #0x4,r5
8c074204  63 62        mov r6,r2
8c074206  0b 44        jsr @r4
8c074208  53 61        _mov r5,r1
8c07420a  04 88        cmp/eq #0x4,r0
8c07420c  01 89        bt 0x8c074212
8c07420e  ba a0        bra 0x8c074386
8c074210  09 00        _nop
8c074212  80 3e        cmp/eq r8,r14
8c074214  01 89        bt 0x8c07421a
8c074216  0d af        bra 0x8c074034
8c074218  09 00        _nop
8c07421a  b2 38        cmp/hs r11,r8
8c07421c  01 89        bt 0x8c074222
8c07421e  b8 a0        bra 0x8c074392
8c074220  09 00        _nop
8c074222  64 90        mov.w 0x8c0742ee,r0
8c074224  83 62        mov r8,r2
8c074226  b8 32        sub r11,r2
8c074228  ae 04        mov.l @(r0,r10),r4
8c07422a  18 e0        mov #0x18,r0
8c07422c  5a 42        lds r2,FPUL
8c07422e  11 42        cmp/pz r2
8c074230  47 1f        mov.l r4,@(0x1c,r15)
8c074232  46 f4        fmov.s @(r0,r4),fr4
8c074234  03 8d        bt/s 0x8c07423e
8c074236  2d f9        _float FPUL,fr9
8c074238  32 c7        mova 0x8c074304,r0
8c07423a  08 f6        fmov.s @r0,fr6
8c07423c  60 f9        fadd fr6,fr9
8c07423e  32 d3        mov.l 0x8c074308,r3
8c074240  20 e0        mov #0x20,r0
