; range: 8c175f40 - 8c176040

8c175f40  8b d2        mov.l 0x8c176170,r2
8c175f42  d9 24        and r13,r4
8c175f44  48 3b        sub r4,r11
8c175f46  48 3d        sub r4,r13
8c175f48  ec 34        add r14,r4
8c175f4a  e0 e1        mov #-0x20,r1
8c175f4c  1f 74        add #0x1f,r4
8c175f4e  19 24        and r1,r4
8c175f50  42 2f        mov.l r4,@r15
8c175f52  86 d4        mov.l 0x8c17616c,r4
8c175f54  0b 42        jsr @r2
8c175f56  b3 65        _mov r11,r5
8c175f58  86 d3        mov.l 0x8c176174,r3
8c175f5a  e3 65        mov r14,r5
8c175f5c  0b 43        jsr @r3
8c175f5e  d3 64        _mov r13,r4
8c175f60  85 d2        mov.l 0x8c176178,r2
8c175f62  d3 66        mov r13,r6
8c175f64  e6 2f        mov.l r14,@-r15
8c175f66  26 2f        mov.l r2,@-r15
8c175f68  c6 2f        mov.l r12,@-r15
8c175f6a  96 2f        mov.l r9,@-r15
8c175f6c  96 2f        mov.l r9,@-r15
8c175f6e  84 d3        mov.l 0x8c176180,r3
8c175f70  84 d1        mov.l 0x8c176184,r1
8c175f72  82 d5        mov.l 0x8c17617c,r5
8c175f74  f5 57        mov.l @(0x14,r15),r7
8c175f76  0b 41        jsr @r1
8c175f78  32 64        _mov.l @r3,r4
8c175f7a  79 d2        mov.l 0x8c176160,r2
8c175f7c  92 22        mov.l r9,@r2
8c175f7e  80 d3        mov.l 0x8c176180,r3
8c175f80  00 e5        mov #0x0,r5
8c175f82  32 64        mov.l @r3,r4
8c175f84  18 7f        add #0x18,r15
8c175f86  26 4f        lds.l @r15+,PR
8c175f88  7f d1        mov.l 0x8c176188,r1
8c175f8a  f6 69        mov.l @r15+,r9
8c175f8c  f6 6a        mov.l @r15+,r10
8c175f8e  f6 6b        mov.l @r15+,r11
8c175f90  f6 6c        mov.l @r15+,r12
8c175f92  f6 6d        mov.l @r15+,r13
8c175f94  2b 41        jmp @r1
8c175f96  f6 6e        _mov.l @r15+,r14
8c175f98  7c d5        mov.l 0x8c17618c,r5
8c175f9a  e3 67        mov r14,r7
8c175f9c  c6 2f        mov.l r12,@-r15
8c175f9e  01 47        shlr r7
8c175fa0  7b d3        mov.l 0x8c176190,r3
8c175fa2  bb 25        or r11,r5
8c175fa4  c6 2f        mov.l r12,@-r15
8c175fa6  02 e6        mov #0x2,r6
8c175fa8  0b 43        jsr @r3
8c175faa  d3 64        _mov r13,r4
8c175fac  08 7f        add #0x8,r15
8c175fae  6c d2        mov.l 0x8c176160,r2
8c175fb0  92 22        mov.l r9,@r2
8c175fb2  af 53        mov.l @(0x3c,r10),r3
8c175fb4  48 e0        mov #0x48,r0
8c175fb6  01 73        add #0x1,r3
8c175fb8  3f 1a        mov.l r3,@(0x3c,r10)
8c175fba  ae 01        mov.l @(r0,r10),r1
8c175fbc  75 d3        mov.l 0x8c176194,r3
8c175fbe  ec 31        add r14,r1
8c175fc0  16 0a        mov.l r1,@(r0,r10)
8c175fc2  0b 43        jsr @r3
8c175fc4  e3 64        _mov r14,r4
8c175fc6  74 d2        mov.l 0x8c176198,r2
8c175fc8  c2 22        mov.l r12,@r2
8c175fca  74 d3        mov.l 0x8c17619c,r3
8c175fcc  32 6e        mov.l @r3,r14
8c175fce  e8 2e        tst r14,r14
8c175fd0  06 89        bt 0x8c175fe0
8c175fd2  61 d0        mov.l 0x8c176158,r0
8c175fd4  72 d2        mov.l 0x8c1761a0,r2
8c175fd6  02 65        mov.l @r0,r5
8c175fd8  0b 4e        jsr @r14
8c175fda  22 64        _mov.l @r2,r4
8c175fdc  0d a0        bra 0x8c175ffa
8c175fde  09 00        _nop
8c175fe0  71 d5        mov.l 0x8c1761a8,r5
8c175fe2  ef e4        mov #-0x11,r4
8c175fe4  6f d6        mov.l 0x8c1761a4,r6
8c175fe6  04 7f        add #0x4,r15
8c175fe8  26 4f        lds.l @r15+,PR
8c175fea  70 d1        mov.l 0x8c1761ac,r1
8c175fec  f6 69        mov.l @r15+,r9
8c175fee  f6 6a        mov.l @r15+,r10
8c175ff0  f6 6b        mov.l @r15+,r11
8c175ff2  f6 6c        mov.l @r15+,r12
8c175ff4  f6 6d        mov.l @r15+,r13
8c175ff6  2b 41        jmp @r1
8c175ff8  f6 6e        _mov.l @r15+,r14
8c175ffa  04 7f        add #0x4,r15
8c175ffc  26 4f        lds.l @r15+,PR
8c175ffe  f6 69        mov.l @r15+,r9
8c176000  f6 6a        mov.l @r15+,r10
8c176002  f6 6b        mov.l @r15+,r11
8c176004  f6 6c        mov.l @r15+,r12
8c176006  f6 6d        mov.l @r15+,r13
8c176008  0b 00        rts
8c17600a  f6 6e        _mov.l @r15+,r14
8c17600c  e6 2f        mov.l r14,@-r15
8c17600e  d6 2f        mov.l r13,@-r15
8c176010  c6 2f        mov.l r12,@-r15
8c176012  b6 2f        mov.l r11,@-r15
8c176014  a6 2f        mov.l r10,@-r15
8c176016  22 4f        sts.l PR,@-r15
8c176018  fc 7f        add #-0x4,r15
8c17601a  52 d2        mov.l 0x8c176164,r2
8c17601c  43 6c        mov r4,r12
8c17601e  53 6e        mov r5,r14
8c176020  62 2f        mov.l r6,@r15
8c176022  22 63        mov.l @r2,r3
8c176024  38 23        tst r3,r3
8c176026  2e 8f        bf/s 0x8c176086
8c176028  01 ed        _mov #0x1,r13
8c17602a  4f d3        mov.l 0x8c176168,r3
8c17602c  d2 23        mov.l r13,@r3
8c17602e  f2 6b        mov.l @r15,r11
8c176030  1f e4        mov #0x1f,r4
8c176032  e3 6a        mov r14,r10
8c176034  e9 24        and r14,r4
8c176036  4c 3b        add r4,r11
8c176038  4d d2        mov.l 0x8c176170,r2
8c17603a  48 3a        sub r4,r10
8c17603c  48 3c        sub r4,r12
8c17603e  4b d4        mov.l 0x8c17616c,r4
8c176040  1f 7b        add #0x1f,r11
