; range: 8c098d80 - 8c099080

8c098d80  0b           ?? 0Bh
8c098d81  42           ?? 42h    B
8c098d82  e3           ?? E3h
8c098d83  65           ?? 65h    e
8c098d84  a9           ?? A9h
8c098d85  af           ?? AFh
8c098d86  09           ?? 09h
8c098d87  00           ?? 00h
8c098d88  d3           ?? D3h
8c098d89  64           ?? 64h    d
8c098d8a  13           ?? 13h
8c098d8b  b6           ?? B6h
8c098d8c  e3           ?? E3h
8c098d8d  65           ?? 65h    e
8c098d8e  a4           ?? A4h
8c098d8f  af           ?? AFh
8c098d90  09           ?? 09h
8c098d91  00           ?? 00h
8c098d92  d3           ?? D3h
8c098d93  64           ?? 64h    d
8c098d94  0e           ?? 0Eh
8c098d95  b6           ?? B6h
8c098d96  e3           ?? E3h
8c098d97  65           ?? 65h    e
8c098d98  9f           ?? 9Fh
8c098d99  af           ?? AFh
8c098d9a  09           ?? 09h
8c098d9b  00           ?? 00h
8c098d9c  d3           ?? D3h
8c098d9d  64           ?? 64h    d
8c098d9e  91           ?? 91h
8c098d9f  b7           ?? B7h
8c098da0  e3           ?? E3h
8c098da1  65           ?? 65h    e
8c098da2  9a           ?? 9Ah
8c098da3  af           ?? AFh
8c098da4  09           ?? 09h
8c098da5  00           ?? 00h
8c098da6  10           ?? 10h
8c098da7  01           ?? 01h
8c098da8  0c           ?? 0Ch
8c098da9  01           ?? 01h
8c098daa  d4           ?? D4h
8c098dab  00           ?? 00h
8c098dac  94           ?? 94h
8c098dad  00           ?? 00h
8c098dae  d8           ?? D8h
8c098daf  00           ?? 00h
8c098db0  18           ?? 18h
8c098db1  01           ?? 01h
8c098db2  44 01        undefined2 0144h
8c098db4  4c           ?? 4Ch    L
8c098db5  24           ?? 24h    $
8c098db6  48           ?? 48h    H
8c098db7  24           ?? 24h    $
8c098db8  50           ?? 50h    P
8c098db9  24           ?? 24h    $
8c098dba  cc           ?? CCh
8c098dbb  00           ?? 00h
8c098dbc  b4           ?? B4h
8c098dbd  02           ?? 02h
8c098dbe  5c           ?? 5Ch    \
8c098dbf  24           ?? 24h    $
8c098dc0  e0           ?? E0h
8c098dc1  00           ?? 00h
8c098dc2  d8           ?? D8h
8c098dc3  22           ?? 22h    "
8c098dc4  d4           ?? D4h
8c098dc5  22           ?? 22h    "
8c098dc6  60           ?? 60h    `
8c098dc7  24           ?? 24h    $
8c098dc8  e4 e7 09 8c  addr 8c09e7e4
8c098dcc  e2 74 0e 8c  addr 8c0e74e2
8c098dd0  84 61 18 8c  addr 8c186184
8c098dd4  c4 55 0f 8c  addr 8c0f55c4
8c098dd8  50 97 0f 8c  addr 8c0f9750
8c098ddc  44           ?? 44h    D
8c098ddd  90           ?? 90h
8c098dde  de           ?? DEh
8c098ddf  02           ?? 02h
8c098de0  43           ?? 43h    C
8c098de1  90           ?? 90h
8c098de2  28           ?? 28h    (
8c098de3  22           ?? 22h    "
8c098de4  26           ?? 26h    &
8c098de5  0f           ?? 0Fh
8c098de6  01           ?? 01h
8c098de7  8b           ?? 8Bh
8c098de8  98           ?? 98h
8c098de9  a1           ?? A1h
8c098dea  09           ?? 09h
8c098deb  00           ?? 00h
8c098dec  3e           ?? 3Eh    >
8c098ded  90           ?? 90h
8c098dee  01           ?? 01h
8c098def  e2           ?? E2h
8c098df0  26           ?? 26h    &
8c098df1  0d           ?? 0Dh
8c098df2  72           ?? 72h    r
8c098df3  af           ?? AFh
8c098df4  09           ?? 09h
8c098df5  00           ?? 00h
8c098df6  39           ?? 39h    9
8c098df7  90           ?? 90h
8c098df8  00           ?? 00h
8c098df9  e2           ?? E2h
8c098dfa  26           ?? 26h    &
8c098dfb  0d           ?? 0Dh
8c098dfc  6d           ?? 6Dh    m
8c098dfd  af           ?? AFh
8c098dfe  09           ?? 09h
8c098dff  00           ?? 00h
8c098e00  35           ?? 35h    5
8c098e01  90           ?? 90h
8c098e02  de           ?? DEh
8c098e03  02           ?? 02h
8c098e04  11           ?? 11h
8c098e05  42           ?? 42h    B
8c098e06  07           ?? 07h
8c098e07  8b           ?? 8Bh
8c098e08  32           ?? 32h    2
8c098e09  90           ?? 90h
8c098e0a  de           ?? DEh
8c098e0b  06           ?? 06h
8c098e0c  31           ?? 31h    1
8c098e0d  90           ?? 90h
8c098e0e  de           ?? DEh
8c098e0f  02           ?? 02h
8c098e10  20           ?? 20h     
8c098e11  36           ?? 36h    6
8c098e12  01           ?? 01h
8c098e13  8b           ?? 8Bh
8c098e14  62           ?? 62h    b
8c098e15  a1           ?? A1h
8c098e16  09           ?? 09h
8c098e17  00           ?? 00h
8c098e18  2c           ?? 2Ch    ,
8c098e19  90           ?? 90h
8c098e1a  de           ?? DEh
8c098e1b  02           ?? 02h
8c098e1c  23           ?? 23h    #
8c098e1d  60           ?? 60h    `
8c098e1e  08           ?? 08h
8c098e1f  88           ?? 88h
8c098e20  29           ?? 29h    )
8c098e21  90           ?? 90h
8c098e22  15           ?? 15h
8c098e23  d2           ?? D2h
8c098e24  0b           ?? 0Bh
8c098e25  42           ?? 42h    B
8c098e26  de           ?? DEh
8c098e27  04           ?? 04h
8c098e28  25           ?? 25h    %
8c098e29  90           ?? 90h
8c098e2a  14           ?? 14h
8c098e2b  d2           ?? D2h
8c098e2c  0b           ?? 0Bh
8c098e2d  42           ?? 42h    B
8c098e2e  de           ?? DEh
8c098e2f  04           ?? 04h
8c098e30  1d           ?? 1Dh
8c098e31  90           ?? 90h
8c098e32  de           ?? DEh
8c098e33  02           ?? 02h
8c098e34  11           ?? 11h
8c098e35  42           ?? 42h    B
8c098e36  07           ?? 07h
8c098e37  8b           ?? 8Bh
8c098e38  1a           ?? 1Ah
8c098e39  90           ?? 90h
8c098e3a  de           ?? DEh
8c098e3b  06           ?? 06h
8c098e3c  19           ?? 19h
8c098e3d  90           ?? 90h
8c098e3e  de           ?? DEh
8c098e3f  02           ?? 02h
8c098e40  20           ?? 20h     
8c098e41  36           ?? 36h    6
8c098e42  01           ?? 01h
8c098e43  8b           ?? 8Bh
8c098e44  48           ?? 48h    H
8c098e45  a1           ?? A1h
8c098e46  09           ?? 09h
8c098e47  00           ?? 00h
8c098e48  00           ?? 00h
8c098e49  e5           ?? E5h
8c098e4a  14           ?? 14h
8c098e4b  90           ?? 90h
8c098e4c  0c           ?? 0Ch
8c098e4d  d2           ?? D2h
8c098e4e  0b           ?? 0Bh
8c098e4f  42           ?? 42h    B
8c098e50  de 04        mov.l @(r0,r13),r4
8c098e52  10 90        mov.w 0x8c098e76,r0
8c098e54  00 e6        mov #0x0,r6
8c098e56  0b d5        mov.l 0x8c098e84,r5
8c098e58  0b d2        mov.l 0x8c098e88,r2
8c098e5a  0b 42        jsr @r2
8c098e5c  de 04        _mov.l @(r0,r13),r4
8c098e5e  09 90        mov.w 0x8c098e74,r0
8c098e60  08 e2        mov #0x8,r2
8c098e62  26 0d        mov.l r2,@(r0,r13)
8c098e64  39 af        bra 0x8c098cda
8c098e66  09 00        _nop
8c098e68  68           ?? 68h    h
8c098e69  24           ?? 24h    $
8c098e6a  38           ?? 38h    8
8c098e6b  01           ?? 01h
8c098e6c  64           ?? 64h    d
8c098e6d  24           ?? 24h    $
8c098e6e  4c           ?? 4Ch    L
8c098e6f  24           ?? 24h    $
8c098e70  48           ?? 48h    H
8c098e71  24           ?? 24h    $
8c098e72  50           ?? 50h    P
8c098e73  24           ?? 24h    $
8c098e74  e8 22        undefined2 22E8h
8c098e76  b4 02        undefined2 02B4h
8c098e78  f0 4f 0f 8c  addr 8c0f4ff0
8c098e7c  3a 4e 0f 8c  addr 8c0f4e3a
8c098e80  64 4e 0f 8c  addr 8c0f4e64
8c098e84  14 61 18 8c  addr 8c186114
8c098e88  c4 55 0f 8c  addr 8c0f55c4
8c098e8c  7d           ?? 7Dh    }
8c098e8d  90           ?? 90h
8c098e8e  de           ?? DEh
8c098e8f  02           ?? 02h
8c098e90  11           ?? 11h
8c098e91  42           ?? 42h    B
8c098e92  0d           ?? 0Dh
8c098e93  8b           ?? 8Bh
8c098e94  7a           ?? 7Ah    z
8c098e95  90           ?? 90h
8c098e96  de           ?? DEh
8c098e97  05           ?? 05h
8c098e98  79           ?? 79h    y
8c098e99  90           ?? 90h
8c098e9a  de           ?? DEh
8c098e9b  06           ?? 06h
8c098e9c  60           ?? 60h    `
8c098e9d  35           ?? 35h    5
8c098e9e  05           ?? 05h
8c098e9f  8b           ?? 8Bh
8c098ea0  76           ?? 76h    v
8c098ea1  90           ?? 90h
8c098ea2  de           ?? DEh
8c098ea3  00           ?? 00h
8c098ea4  0a           ?? 0Ah
8c098ea5  88           ?? 88h
8c098ea6  01           ?? 01h
8c098ea7  89           ?? 89h
8c098ea8  17           ?? 17h
8c098ea9  af           ?? AFh
8c098eaa  09           ?? 09h
8c098eab  00           ?? 00h
8c098eac  60           ?? 60h    `
8c098ead  35           ?? 35h    5
8c098eae  05           ?? 05h
8c098eaf  89           ?? 89h
8c098eb0  6e           ?? 6Eh    n
8c098eb1  90           ?? 90h
8c098eb2  de           ?? DEh
8c098eb3  00           ?? 00h
8c098eb4  08           ?? 08h
8c098eb5  88           ?? 88h
8c098eb6  01           ?? 01h
8c098eb7  89           ?? 89h
8c098eb8  0f           ?? 0Fh
8c098eb9  af           ?? AFh
8c098eba  09           ?? 09h
8c098ebb  00           ?? 00h
8c098ebc  69           ?? 69h    i
8c098ebd  90           ?? 90h
8c098ebe  3a           ?? 3Ah    :
8c098ebf  d2           ?? D2h
8c098ec0  0b           ?? 0Bh
8c098ec1  42           ?? 42h    B
8c098ec2  de           ?? DEh
8c098ec3  04           ?? 04h
8c098ec4  65           ?? 65h    e
8c098ec5  90           ?? 90h
8c098ec6  39           ?? 39h    9
8c098ec7  d2           ?? D2h
8c098ec8  0b           ?? 0Bh
8c098ec9  42           ?? 42h    B
8c098eca  de           ?? DEh
8c098ecb  04           ?? 04h
8c098ecc  61           ?? 61h    a
8c098ecd  90           ?? 90h
8c098ece  38           ?? 38h    8
8c098ecf  d2           ?? D2h
8c098ed0  0b           ?? 0Bh
8c098ed1  42           ?? 42h    B
8c098ed2  de           ?? DEh
8c098ed3  04           ?? 04h
8c098ed4  5d           ?? 5Dh    ]
8c098ed5  90           ?? 90h
8c098ed6  de           ?? DEh
8c098ed7  04           ?? 04h
8c098ed8  4a           ?? 4Ah    J
8c098ed9  52           ?? 52h    R
8c098eda  24           ?? 24h    $
8c098edb  72           ?? 72h    r
8c098edc  22           ?? 22h    "
8c098edd  66           ?? 66h    f
8c098ede  22           ?? 22h    "
8c098edf  55           ?? 55h    U
8c098ee0  0b           ?? 0Bh
8c098ee1  45           ?? 45h    E
8c098ee2  6c           ?? 6Ch    l
8c098ee3  34           ?? 34h    4
8c098ee4  55           ?? 55h    U
8c098ee5  90           ?? 90h
8c098ee6  de           ?? DEh
8c098ee7  04           ?? 04h
8c098ee8  48           ?? 48h    H
8c098ee9  24           ?? 24h    $
8c098eea  10           ?? 10h
8c098eeb  89           ?? 89h
8c098eec  48           ?? 48h    H
8c098eed  24           ?? 24h    $
8c098eee  0b           ?? 0Bh
8c098eef  89           ?? 89h
8c098ef0  4a           ?? 4Ah    J
8c098ef1  52           ?? 52h    R
8c098ef2  4f           ?? 4Fh    O
8c098ef3  90           ?? 90h
8c098ef4  0c           ?? 0Ch
8c098ef5  72           ?? 72h    r
8c098ef6  22           ?? 22h    "
8c098ef7  55           ?? 55h    U
8c098ef8  22           ?? 22h    "
8c098ef9  66           ?? 66h    f
8c098efa  56           ?? 56h    V
8c098efb  0f           ?? 0Fh
8c098efc  03           ?? 03h
8c098efd  e5           ?? E5h
8c098efe  fe           ?? FEh
8c098eff  02           ?? 02h
8c098f00  6c           ?? 6Ch    l
8c098f01  34           ?? 34h    4
8c098f02  48           ?? 48h    H
8c098f03  90           ?? 90h
8c098f04  0b           ?? 0Bh
8c098f05  42           ?? 42h    B
8c098f06  26           ?? 26h    &
8c098f07  0f           ?? 0Fh
8c098f08  43           ?? 43h    C
8c098f09  90           ?? 90h
8c098f0a  00           ?? 00h
8c098f0b  e2           ?? E2h
8c098f0c  26           ?? 26h    &
8c098f0d  0d           ?? 0Dh
8c098f0e  43           ?? 43h    C
8c098f0f  90           ?? 90h
8c098f10  de           ?? DEh
8c098f11  04           ?? 04h
8c098f12  48           ?? 48h    H
8c098f13  24           ?? 24h    $
8c098f14  02           ?? 02h
8c098f15  89           ?? 89h
8c098f16  27           ?? 27h    '
8c098f17  d2           ?? D2h
8c098f18  0b           ?? 0Bh
8c098f19  42           ?? 42h    B
8c098f1a  ff           ?? FFh
8c098f1b  e5           ?? E5h
8c098f1c  38           ?? 38h    8
8c098f1d  90           ?? 90h
8c098f1e  0b           ?? 0Bh
8c098f1f  e2           ?? E2h
8c098f20  d3           ?? D3h
8c098f21  64           ?? 64h    d
8c098f22  25           ?? 25h    %
8c098f23  d3           ?? D3h
8c098f24  0b           ?? 0Bh
8c098f25  43           ?? 43h    C
8c098f26  26           ?? 26h    &
8c098f27  0d           ?? 0Dh
8c098f28  24           ?? 24h    $
8c098f29  d2           ?? D2h
8c098f2a  0b           ?? 0Bh
8c098f2b  42           ?? 42h    B
8c098f2c  e1           ?? E1h
8c098f2d  54           ?? 54h    T
8c098f2e  03           ?? 03h
8c098f2f  66           ?? 66h    f
8c098f30  33           ?? 33h    3
8c098f31  90           ?? 90h
8c098f32  23           ?? 23h    #
8c098f33  d7           ?? D7h
8c098f34  07           ?? 07h
8c098f35  e1           ?? E1h
8c098f36  de           ?? DEh
8c098f37  02           ?? 02h
8c098f38  30           ?? 30h    0
8c098f39  90           ?? 90h
8c098f3a  66           ?? 66h    f
8c098f3b  02           ?? 02h
8c098f3c  2f           ?? 2Fh    /
8c098f3d  90           ?? 90h
8c098f3e  de           ?? DEh
8c098f3f  02           ?? 02h
8c098f40  2e           ?? 2Eh    .
8c098f41  90           ?? 90h
8c098f42  26           ?? 26h    &
8c098f43  0f           ?? 0Fh
8c098f44  0b           ?? 0Bh
8c098f45  47           ?? 47h    G
8c098f46  e3           ?? E3h
8c098f47  62           ?? 62h    b
8c098f48  03           ?? 03h
8c098f49  62           ?? 62h    b
8c098f4a  29           ?? 29h    )
8c098f4b  90           ?? 90h
8c098f4c  fe           ?? FEh
8c098f4d  06           ?? 06h
8c098f4e  44           ?? 44h    D
8c098f4f  e0           ?? E0h
8c098f50  26           ?? 26h    &
8c098f51  06           ?? 06h
8c098f52  c2           ?? C2h
8c098f53  ae           ?? AEh
8c098f54  09           ?? 09h
8c098f55  00           ?? 00h
8c098f56  19           ?? 19h
8c098f57  d2           ?? D2h
8c098f58  0b           ?? 0Bh
8c098f59  42           ?? 42h    B
8c098f5a  e1           ?? E1h
8c098f5b  54           ?? 54h    T
8c098f5c  03           ?? 03h
8c098f5d  62           ?? 62h    b
8c098f5e  20           ?? 20h     
8c098f5f  90           ?? 90h
8c098f60  26           ?? 26h    &
8c098f61  0d           ?? 0Dh
8c098f62  ba           ?? BAh
8c098f63  ae           ?? AEh
8c098f64  09           ?? 09h
8c098f65  00           ?? 00h
8c098f66  d3           ?? D3h
8c098f67  64           ?? 64h    d
8c098f68  93           ?? 93h
8c098f69  b7           ?? B7h
8c098f6a  e3           ?? E3h
8c098f6b  65           ?? 65h    e
8c098f6c  17           ?? 17h
8c098f6d  90           ?? 90h
8c098f6e  07           ?? 07h
8c098f6f  e1           ?? E1h
8c098f70  13           ?? 13h
8c098f71  d7           ?? D7h
8c098f72  de           ?? DEh
8c098f73  02           ?? 02h
8c098f74  16           ?? 16h
8c098f75  90           ?? 90h
8c098f76  26           ?? 26h    &
8c098f77  0f           ?? 0Fh
8c098f78  0b           ?? 0Bh
8c098f79  47           ?? 47h    G
8c098f7a  e3           ?? E3h
8c098f7b  62           ?? 62h    b
8c098f7c  03           ?? 03h
8c098f7d  62           ?? 62h    b
8c098f7e  11           ?? 11h
8c098f7f  90           ?? 90h
8c098f80  fe           ?? FEh
8c098f81  06           ?? 06h
8c098f82  44           ?? 44h    D
8c098f83  e0           ?? E0h
8c098f84  26           ?? 26h    &
8c098f85  06           ?? 06h
8c098f86  a8           ?? A8h
8c098f87  ae           ?? AEh
8c098f88  09           ?? 09h
8c098f89  00           ?? 00h
8c098f8a  4c           ?? 4Ch    L
8c098f8b  24           ?? 24h    $
8c098f8c  48           ?? 48h    H
8c098f8d  24           ?? 24h    $
8c098f8e  50           ?? 50h    P
8c098f8f  24           ?? 24h    $
8c098f90  e8           ?? E8h
8c098f91  22           ?? 22h    "
8c098f92  b4           ?? B4h
8c098f93  02           ?? 02h
8c098f94  30           ?? 30h    0
8c098f95  01           ?? 01h
8c098f96  40           ?? 40h    @
8c098f97  01           ?? 01h
8c098f98  c4           ?? C4h
8c098f99  00           ?? 00h
8c098f9a  d8           ?? D8h
8c098f9b  00           ?? 00h
8c098f9c  38           ?? 38h    8
8c098f9d  01           ?? 01h
8c098f9e  d4           ?? D4h
8c098f9f  00           ?? 00h
8c098fa0  34           ?? 34h    4
8c098fa1  01           ?? 01h
8c098fa2  e4           ?? E4h
8c098fa3  00           ?? 00h
8c098fa4  2c           ?? 2Ch    ,
8c098fa5  01           ?? 01h
8c098fa6  00           ?? 00h
8c098fa7  00           ?? 00h
8c098fa8  b2 59 0f 8c  addr 8c0f59b2
8c098fac  e8 45 0f 8c  addr 8c0f45e8
8c098fb0  b6 ee 04 8c  addr 8c04eeb6
8c098fb4  5e f2 0d 8c  addr 8c0df25e
8c098fb8  bc a3 09 8c  addr 8c09a3bc
8c098fbc  e4 ec 1e 8c  addr 8c1eece4
8c098fc0  e4 e7 09 8c  addr 8c09e7e4
8c098fc4  93           ?? 93h
8c098fc5  90           ?? 90h
8c098fc6  de           ?? DEh
8c098fc7  06           ?? 06h
8c098fc8  60           ?? 60h    `
8c098fc9  62           ?? 62h    b
8c098fca  2c           ?? 2Ch    ,
8c098fcb  62           ?? 62h    b
8c098fcc  28           ?? 28h    (
8c098fcd  22           ?? 22h    "
8c098fce  04           ?? 04h
8c098fcf  8b           ?? 8Bh
8c098fd0  8e           ?? 8Eh
8c098fd1  90           ?? 90h
8c098fd2  ff           ?? FFh
8c098fd3  e6           ?? E6h
8c098fd4  de           ?? DEh
8c098fd5  02           ?? 02h
8c098fd6  8c           ?? 8Ch
8c098fd7  90           ?? 90h
8c098fd8  66           ?? 66h    f
8c098fd9  02           ?? 02h
8c098fda  89           ?? 89h
8c098fdb  90           ?? 90h
8c098fdc  07           ?? 07h
8c098fdd  e1           ?? E1h
8c098fde  49           ?? 49h    I
8c098fdf  d7           ?? D7h
8c098fe0  de           ?? DEh
8c098fe1  02           ?? 02h
8c098fe2  87           ?? 87h
8c098fe3  90           ?? 90h
8c098fe4  26           ?? 26h    &
8c098fe5  0f           ?? 0Fh
8c098fe6  0b           ?? 0Bh
8c098fe7  47           ?? 47h    G
8c098fe8  e3           ?? E3h
8c098fe9  62           ?? 62h    b
8c098fea  03           ?? 03h
8c098feb  62           ?? 62h    b
8c098fec  82           ?? 82h
8c098fed  90           ?? 90h
8c098fee  fe           ?? FEh
8c098fef  06           ?? 06h
8c098ff0  44           ?? 44h    D
8c098ff1  e0           ?? E0h
8c098ff2  26           ?? 26h    &
8c098ff3  06           ?? 06h
8c098ff4  7f           ?? 7Fh    
8c098ff5  90           ?? 90h
8c098ff6  de           ?? DEh
8c098ff7  00           ?? 00h
8c098ff8  0b           ?? 0Bh
8c098ff9  88           ?? 88h
8c098ffa  01           ?? 01h
8c098ffb  89           ?? 89h
8c098ffc  6d           ?? 6Dh    m
8c098ffd  ae           ?? AEh
8c098ffe  09           ?? 09h
8c098fff  00           ?? 00h
8c099000  41           ?? 41h    A
8c099001  d3           ?? D3h
8c099002  0b           ?? 0Bh
8c099003  43           ?? 43h    C
8c099004  d3           ?? D3h
8c099005  64           ?? 64h    d
8c099006  41           ?? 41h    A
8c099007  d2           ?? D2h
8c099008  0b           ?? 0Bh
8c099009  42           ?? 42h    B
8c09900a  d3           ?? D3h
8c09900b  64           ?? 64h    d
8c09900c  08           ?? 08h
8c09900d  e2           ?? E2h
8c09900e  64           ?? 64h    d
8c09900f  e0           ?? E0h
8c099010  26           ?? 26h    &
8c099011  0d           ?? 0Dh
8c099012  62           ?? 62h    b
8c099013  ae           ?? AEh
8c099014  09           ?? 09h
8c099015  00           ?? 00h
8c099016  6a           ?? 6Ah    j
8c099017  90           ?? 90h
8c099018  de           ?? DEh
8c099019  06           ?? 06h
8c09901a  60           ?? 60h    `
8c09901b  62           ?? 62h    b
8c09901c  2c           ?? 2Ch    ,
8c09901d  62           ?? 62h    b
8c09901e  28           ?? 28h    (
8c09901f  22           ?? 22h    "
8c099020  0e           ?? 0Eh
8c099021  89           ?? 89h
8c099022  65           ?? 65h    e
8c099023  90           ?? 90h
8c099024  07           ?? 07h
8c099025  e1           ?? E1h
8c099026  37           ?? 37h    7
8c099027  d7           ?? D7h
8c099028  de           ?? DEh
8c099029  02           ?? 02h
8c09902a  65           ?? 65h    e
8c09902b  90           ?? 90h
8c09902c  26           ?? 26h    &
8c09902d  0f           ?? 0Fh
8c09902e  0b           ?? 0Bh
8c09902f  47           ?? 47h    G
8c099030  e3           ?? E3h
8c099031  62           ?? 62h    b
8c099032  03           ?? 03h
8c099033  62           ?? 62h    b
8c099034  60           ?? 60h    `
8c099035  90           ?? 90h
8c099036  fe           ?? FEh
8c099037  06           ?? 06h
8c099038  44           ?? 44h    D
8c099039  e0           ?? E0h
8c09903a  26           ?? 26h    &
8c09903b  06           ?? 06h
8c09903c  4d           ?? 4Dh    M
8c09903d  ae           ?? AEh
8c09903e  09           ?? 09h
8c09903f  00           ?? 00h
8c099040  33           ?? 33h    3
8c099041  d2           ?? D2h
8c099042  0b           ?? 0Bh
8c099043  42           ?? 42h    B
8c099044  e1           ?? E1h
8c099045  54           ?? 54h    T
8c099046  03           ?? 03h
8c099047  62           ?? 62h    b
8c099048  57           ?? 57h    W
8c099049  90           ?? 90h
8c09904a  d3           ?? D3h
8c09904b  64           ?? 64h    d
8c09904c  26           ?? 26h    &
8c09904d  0f           ?? 0Fh
8c09904e  da           ?? DAh
8c09904f  52           ?? 52h    R
8c099050  60           ?? 60h    `
8c099051  72           ?? 72h    r
8c099052  22           ?? 22h    "
8c099053  66           ?? 66h    f
8c099054  22           ?? 22h    "
8c099055  55           ?? 55h    U
8c099056  2f           ?? 2Fh    /
8c099057  d2           ?? D2h
8c099058  6c           ?? 6Ch    l
8c099059  34           ?? 34h    4
8c09905a  22           ?? 22h    "
8c09905b  2f           ?? 2Fh    /
8c09905c  fe           ?? FEh
8c09905d  02           ?? 02h
8c09905e  0b           ?? 0Bh
8c09905f  45           ?? 45h    E
8c099060  21           ?? 21h    !
8c099061  1f           ?? 1Fh
8c099062  45           ?? 45h    E
8c099063  90           ?? 90h
8c099064  de           ?? DEh
8c099065  02           ?? 02h
8c099066  48           ?? 48h    H
8c099067  90           ?? 90h
8c099068  fe           ?? FEh
8c099069  06           ?? 06h
8c09906a  42           ?? 42h    B
8c09906b  90           ?? 90h
8c09906c  66           ?? 66h    f
8c09906d  02           ?? 02h
8c09906e  d8           ?? D8h
8c09906f  af           ?? AFh
8c099070  09           ?? 09h
8c099071  00           ?? 00h
8c099072  43           ?? 43h    C
8c099073  90           ?? 90h
8c099074  d3           ?? D3h
8c099075  64           ?? 64h    d
8c099076  ee           ?? EEh
8c099077  ba           ?? BAh
8c099078  de           ?? DEh
8c099079  05           ?? 05h
8c09907a  2e           ?? 2Eh    .
8c09907b  ae           ?? AEh
8c09907c  09           ?? 09h
8c09907d  00           ?? 00h
8c09907e  d3           ?? D3h
8c09907f  64           ?? 64h    d
8c099080  07           ?? 07h
