; range: 8c09a980 - 8c09aaf0

8c09a980  90           ?? 90h
8c09a981  00           ?? 00h
8c09a982  9c           ?? 9Ch
8c09a983  00           ?? 00h
8c09a984  fc ed 09 8c  addr 8c09edfc
8c09a988  44 da 0d 8c  addr 8c0dda44
8c09a98c  e4 db 0d 8c  addr 8c0ddbe4
8c09a990  64 dd 0d 8c  addr 8c0ddd64
8c09a994  96 2f        mov.l r9,@-r15
8c09a996  a6 2f        mov.l r10,@-r15
8c09a998  b6 2f        mov.l r11,@-r15
8c09a99a  c6 2f        mov.l r12,@-r15
8c09a99c  d6 2f        mov.l r13,@-r15
8c09a99e  e6 2f        mov.l r14,@-r15
8c09a9a0  f8 7f        add #-0x8,r15
8c09a9a2  93 90        mov.w 0x8c09aacc,r0
8c09a9a4  43 6c        mov r4,r12
8c09a9a6  92 93        mov.w 0x8c09aace,r3
8c09a9a8  c3 6b        mov r12,r11
8c09a9aa  4e 02        mov.l @(r0,r4),r2
8c09a9ac  70 e0        mov #0x70,r0
8c09a9ae  3c 3b        add r3,r11
8c09a9b0  2e 0d        mov.l @(r0,r2),r13
8c09a9b2  5c e0        mov #0x5c,r0
8c09a9b4  2e 09        mov.l @(r0,r2),r9
8c09a9b6  6c e0        mov #0x6c,r0
8c09a9b8  2e 01        mov.l @(r0,r2),r1
8c09a9ba  08 e7        mov #0x8,r7
8c09a9bc  88 90        mov.w 0x8c09aad0,r0
8c09a9be  4e 0a        mov.l @(r0,r4),r10
8c09a9c0  00 e4        mov #0x0,r4
8c09a9c2  a3 6e        mov r10,r14
8c09a9c4  04 7e        add #0x4,r14
8c09a9c6  43 62        mov r4,r2
8c09a9c8  08 42        shll2 r2
8c09a9ca  4c 32        add r4,r2
8c09a9cc  b3 65        mov r11,r5
8c09a9ce  08 42        shll2 r2
8c09a9d0  2c 35        add r2,r5
8c09a9d2  53 52        mov.l @(0xc,r5),r2
8c09a9d4  23 60        mov r2,r0
8c09a9d6  03 88        cmp/eq #0x3,r0
8c09a9d8  55 8b        bf 0x8c09aa86
8c09a9da  43 65        mov r4,r5
8c09a9dc  08 45        shll2 r5
8c09a9de  ec 35        add r14,r5
8c09a9e0  43 62        mov r4,r2
8c09a9e2  08 42        shll2 r2
8c09a9e4  d3 66        mov r13,r6
8c09a9e6  2c 36        add r2,r6
8c09a9e8  51 62        mov.w @r5,r2
8c09a9ea  21 26        mov.w r2,@r6
8c09a9ec  51 85        mov.w @(0x2,r5),r0
8c09a9ee  61 81        mov.w r0,@(0x2,r6)
8c09a9f0  43 66        mov r4,r6
8c09a9f2  08 46        shll2 r6
8c09a9f4  ec 36        add r14,r6
8c09a9f6  63 84        mov.b @(0x3,r6),r0
8c09a9f8  0c 60        extu.b r0,r0
8c09a9fa  f0 c8        tst #0xf0,r0
8c09a9fc  03 89        bt 0x8c09aa06
8c09a9fe  65 90        mov.w 0x8c09aacc,r0
8c09aa00  ce 02        mov.l @(r0,r12),r2
8c09aa02  66 90        mov.w 0x8c09aad2,r0
8c09aa04  46 02        mov.l r4,@(r0,r2)
8c09aa06  10 47        dt r7
8c09aa08  dd 8f        bf/s 0x8c09a9c6
8c09aa0a  01 74        _add #0x1,r4
8c09aa0c  a9 52        mov.l @(0x24,r10),r2
8c09aa0e  00 e5        mov #0x0,r5
8c09aa10  53 66        mov r5,r6
8c09aa12  18 e4        mov #0x18,r4
8c09aa14  22 29        mov.l r2,@r9
8c09aa16  04 79        add #0x4,r9
8c09aa18  a3 62        mov r10,r2
8c09aa1a  28 72        add #0x28,r2
8c09aa1c  9c 35        add r9,r5
8c09aa1e  2c 36        add r2,r6
8c09aa20  61 84        mov.b @(0x1,r6),r0
8c09aa22  10 44        dt r4
8c09aa24  60 62        mov.b @r6,r2
8c09aa26  f1 80        mov.b r0,@(0x1,r15)
8c09aa28  62 84        mov.b @(0x2,r6),r0
8c09aa2a  20 2f        mov.b r2,@r15
8c09aa2c  f2 80        mov.b r0,@(0x2,r15)
8c09aa2e  63 84        mov.b @(0x3,r6),r0
8c09aa30  f1 62        mov.w @r15,r2
8c09aa32  f3 80        mov.b r0,@(0x3,r15)
8c09aa34  64 84        mov.b @(0x4,r6),r0
8c09aa36  f4 80        mov.b r0,@(0x4,r15)
8c09aa38  65 84        mov.b @(0x5,r6),r0
8c09aa3a  06 76        add #0x6,r6
8c09aa3c  21 25        mov.w r2,@r5
8c09aa3e  f5 80        mov.b r0,@(0x5,r15)
8c09aa40  f1 85        mov.w @(0x2,r15),r0
8c09aa42  51 81        mov.w r0,@(0x2,r5)
8c09aa44  f2 85        mov.w @(0x4,r15),r0
8c09aa46  52 81        mov.w r0,@(0x4,r5)
8c09aa48  ea 8f        bf/s 0x8c09aa20
8c09aa4a  06 75        _add #0x6,r5
8c09aa4c  42 93        mov.w 0x8c09aad4,r3
8c09aa4e  00 e4        mov #0x0,r4
8c09aa50  43 65        mov r4,r5
8c09aa52  1c 35        add r1,r5
8c09aa54  3c 3a        add r3,r10
8c09aa56  ac 34        add r10,r4
8c09aa58  10 e7        mov #0x10,r7
8c09aa5a  44 62        mov.b @r4+,r2
8c09aa5c  10 47        dt r7
8c09aa5e  2c 66        extu.b r2,r6
8c09aa60  50 62        mov.b @r5,r2
8c09aa62  2c 62        extu.b r2,r2
8c09aa64  69 22        and r6,r2
8c09aa66  20 25        mov.b r2,@r5
8c09aa68  f7 8f        bf/s 0x8c09aa5a
8c09aa6a  01 75        _add #0x1,r5
8c09aa6c  2e 90        mov.w 0x8c09aacc,r0
8c09aa6e  01 e3        mov #0x1,r3
8c09aa70  ce 02        mov.l @(r0,r12),r2
8c09aa72  44 e0        mov #0x44,r0
8c09aa74  36 02        mov.l r3,@(r0,r2)
8c09aa76  08 7f        add #0x8,r15
8c09aa78  f6 6e        mov.l @r15+,r14
8c09aa7a  f6 6d        mov.l @r15+,r13
8c09aa7c  f6 6c        mov.l @r15+,r12
8c09aa7e  f6 6b        mov.l @r15+,r11
8c09aa80  f6 6a        mov.l @r15+,r10
8c09aa82  0b 00        rts
8c09aa84  f6 69        _mov.l @r15+,r9
8c09aa86  23 60        mov r2,r0
8c09aa88  01 88        cmp/eq #0x1,r0
8c09aa8a  02 89        bt 0x8c09aa92
8c09aa8c  23 60        mov r2,r0
8c09aa8e  03 88        cmp/eq #0x3,r0
8c09aa90  b9 8b        bf 0x8c09aa06
8c09aa92  20 90        mov.w 0x8c09aad6,r0
8c09aa94  ce 06        mov.l @(r0,r12),r6
8c09aa96  60 62        mov.b @r6,r2
8c09aa98  2c 60        extu.b r2,r0
8c09aa9a  01 88        cmp/eq #0x1,r0
8c09aa9c  b3 8b        bf 0x8c09aa06
8c09aa9e  43 62        mov r4,r2
8c09aaa0  08 42        shll2 r2
8c09aaa2  ec 32        add r14,r2
8c09aaa4  43 66        mov r4,r6
8c09aaa6  23 84        mov.b @(0x3,r2),r0
8c09aaa8  d3 62        mov r13,r2
8c09aaaa  03 72        add #0x3,r2
8c09aaac  03 65        mov r0,r5
8c09aaae  43 60        mov r4,r0
8c09aab0  08 40        shll2 r0
8c09aab2  08 46        shll2 r6
8c09aab4  54 02        mov.b r5,@(r0,r2)
8c09aab6  ec 36        add r14,r6
8c09aab8  63 84        mov.b @(0x3,r6),r0
8c09aaba  0c 60        extu.b r0,r0
8c09aabc  f0 c8        tst #0xf0,r0
8c09aabe  a2 89        bt 0x8c09aa06
8c09aac0  04 90        mov.w 0x8c09aacc,r0
8c09aac2  ce 02        mov.l @(r0,r12),r2
8c09aac4  05 90        mov.w 0x8c09aad2,r0
8c09aac6  46 02        mov.l r4,@(r0,r2)
8c09aac8  9d af        bra 0x8c09aa06
8c09aaca  09 00        _nop
8c09aacc  d4 00        undefined2 00D4h
8c09aace  ec 22        undefined2 22ECh
8c09aad0  88 00        undefined2 0088h
8c09aad2  94 00        undefined2 0094h
8c09aad4  b8 00        undefined2 00B8h
8c09aad6  d8 00        undefined2 00D8h
8c09aad8  96 2f        mov.l r9,@-r15
8c09aada  a6 2f        mov.l r10,@-r15
8c09aadc  b6 2f        mov.l r11,@-r15
8c09aade  c6 2f        mov.l r12,@-r15
8c09aae0  d6 2f        mov.l r13,@-r15
8c09aae2  e6 2f        mov.l r14,@-r15
8c09aae4  fc 7f        add #-0x4,r15
8c09aae6  8a 90        mov.w 0x8c09abfe,r0
8c09aae8  43 6c        mov r4,r12
8c09aaea  89 93        mov.w 0x8c09ac00,r3
8c09aaec  c3 6b        mov r12,r11
8c09aaee  4e 02        mov.l @(r0,r4),r2
8c09aaf0  70 e0        mov #0x70,r0
