; range: 8c0f13d2 - 8c0f1728

8c0f13d2  22           ?? 22h    "
8c0f13d3  4f           ?? 4Fh    O
8c0f13d4  ac           ?? ACh
8c0f13d5  90           ?? 90h
8c0f13d6  4e           ?? 4Eh    N
8c0f13d7  00           ?? 00h
8c0f13d8  02           ?? 02h
8c0f13d9  c8           ?? C8h
8c0f13da  02           ?? 02h
8c0f13db  8d           ?? 8Dh
8c0f13dc  43           ?? 43h    C
8c0f13dd  6e           ?? 6Eh    n
8c0f13de  a3           ?? A3h
8c0f13df  a1           ?? A1h
8c0f13e0  09           ?? 09h
8c0f13e1  00           ?? 00h
8c0f13e2  eb           ?? EBh
8c0f13e3  54           ?? 54h    T
8c0f13e4  48           ?? 48h    H
8c0f13e5  24           ?? 24h    $
8c0f13e6  15           ?? 15h
8c0f13e7  89           ?? 89h
8c0f13e8  52           ?? 52h    R
8c0f13e9  d2           ?? D2h
8c0f13ea  0b           ?? 0Bh
8c0f13eb  42           ?? 42h    B
8c0f13ec  09           ?? 09h
8c0f13ed  00           ?? 00h
8c0f13ee  eb           ?? EBh
8c0f13ef  54           ?? 54h    T
8c0f13f0  4a           ?? 4Ah    J
8c0f13f1  52           ?? 52h    R
8c0f13f2  24           ?? 24h    $
8c0f13f3  72           ?? 72h    r
8c0f13f4  22           ?? 22h    "
8c0f13f5  66           ?? 66h    f
8c0f13f6  22           ?? 22h    "
8c0f13f7  55           ?? 55h    U
8c0f13f8  0b           ?? 0Bh
8c0f13f9  45           ?? 45h    E
8c0f13fa  6c           ?? 6Ch    l
8c0f13fb  34           ?? 34h    4
8c0f13fc  eb           ?? EBh
8c0f13fd  54           ?? 54h    T
8c0f13fe  48           ?? 48h    H
8c0f13ff  24           ?? 24h    $
8c0f1400  08           ?? 08h
8c0f1401  89           ?? 89h
8c0f1402  4a           ?? 4Ah    J
8c0f1403  52           ?? 52h    R
8c0f1404  03           ?? 03h
8c0f1405  e5           ?? E5h
8c0f1406  0c           ?? 0Ch
8c0f1407  72           ?? 72h    r
8c0f1408  22           ?? 22h    "
8c0f1409  66           ?? 66h    f
8c0f140a  22           ?? 22h    "
8c0f140b  57           ?? 57h    W
8c0f140c  0b           ?? 0Bh
8c0f140d  47           ?? 47h    G
8c0f140e  6c           ?? 6Ch    l
8c0f140f  34           ?? 34h    4
8c0f1410  00           ?? 00h
8c0f1411  e3           ?? E3h
8c0f1412  3b           ?? 3Bh    ;
8c0f1413  1e           ?? 1Eh
8c0f1414  ec           ?? ECh
8c0f1415  52           ?? 52h    R
8c0f1416  28           ?? 28h    (
8c0f1417  22           ?? 22h    "
8c0f1418  05           ?? 05h
8c0f1419  89           ?? 89h
8c0f141a  47           ?? 47h    G
8c0f141b  d4           ?? D4h
8c0f141c  47           ?? 47h    G
8c0f141d  d2           ?? D2h
8c0f141e  0b           ?? 0Bh
8c0f141f  42           ?? 42h    B
8c0f1420  16           ?? 16h
8c0f1421  e5           ?? E5h
8c0f1422  00           ?? 00h
8c0f1423  e3           ?? E3h
8c0f1424  3c           ?? 3Ch    <
8c0f1425  1e           ?? 1Eh
8c0f1426  ed           ?? EDh
8c0f1427  52           ?? 52h    R
8c0f1428  28           ?? 28h    (
8c0f1429  22           ?? 22h    "
8c0f142a  05           ?? 05h
8c0f142b  89           ?? 89h
8c0f142c  42           ?? 42h    B
8c0f142d  d4           ?? D4h
8c0f142e  43           ?? 43h    C
8c0f142f  d2           ?? D2h
8c0f1430  0b           ?? 0Bh
8c0f1431  42           ?? 42h    B
8c0f1432  17           ?? 17h
8c0f1433  e5           ?? E5h
8c0f1434  00           ?? 00h
8c0f1435  e3           ?? E3h
8c0f1436  3d           ?? 3Dh    =
8c0f1437  1e           ?? 1Eh
8c0f1438  ee           ?? EEh
8c0f1439  54           ?? 54h    T
8c0f143a  48           ?? 48h    H
8c0f143b  24           ?? 24h    $
8c0f143c  04           ?? 04h
8c0f143d  89           ?? 89h
8c0f143e  40           ?? 40h    @
8c0f143f  d2           ?? D2h
8c0f1440  0b           ?? 0Bh
8c0f1441  42           ?? 42h    B
8c0f1442  03           ?? 03h
8c0f1443  e5           ?? E5h
8c0f1444  00           ?? 00h
8c0f1445  e3           ?? E3h
8c0f1446  3e           ?? 3Eh    >
8c0f1447  1e           ?? 1Eh
8c0f1448  ef           ?? EFh
8c0f1449  54           ?? 54h    T
8c0f144a  48           ?? 48h    H
8c0f144b  24           ?? 24h    $
8c0f144c  15           ?? 15h
8c0f144d  89           ?? 89h
8c0f144e  39           ?? 39h    9
8c0f144f  d2           ?? D2h
8c0f1450  0b           ?? 0Bh
8c0f1451  42           ?? 42h    B
8c0f1452  09           ?? 09h
8c0f1453  00           ?? 00h
8c0f1454  ef           ?? EFh
8c0f1455  54           ?? 54h    T
8c0f1456  4a           ?? 4Ah    J
8c0f1457  52           ?? 52h    R
8c0f1458  24           ?? 24h    $
8c0f1459  72           ?? 72h    r
8c0f145a  22           ?? 22h    "
8c0f145b  65           ?? 65h    e
8c0f145c  22           ?? 22h    "
8c0f145d  56           ?? 56h    V
8c0f145e  0b           ?? 0Bh
8c0f145f  46           ?? 46h    F
8c0f1460  5c           ?? 5Ch    \
8c0f1461  34           ?? 34h    4
8c0f1462  ef           ?? EFh
8c0f1463  54           ?? 54h    T
8c0f1464  48           ?? 48h    H
8c0f1465  24           ?? 24h    $
8c0f1466  08           ?? 08h
8c0f1467  89           ?? 89h
8c0f1468  4a           ?? 4Ah    J
8c0f1469  52           ?? 52h    R
8c0f146a  03           ?? 03h
8c0f146b  e5           ?? E5h
8c0f146c  0c           ?? 0Ch
8c0f146d  72           ?? 72h    r
8c0f146e  22           ?? 22h    "
8c0f146f  66           ?? 66h    f
8c0f1470  22           ?? 22h    "
8c0f1471  57           ?? 57h    W
8c0f1472  0b           ?? 0Bh
8c0f1473  47           ?? 47h    G
8c0f1474  6c           ?? 6Ch    l
8c0f1475  34           ?? 34h    4
8c0f1476  00           ?? 00h
8c0f1477  e3           ?? E3h
8c0f1478  3f           ?? 3Fh    ?
8c0f1479  1e           ?? 1Eh
8c0f147a  40           ?? 40h    @
8c0f147b  e0           ?? E0h
8c0f147c  ee           ?? EEh
8c0f147d  04           ?? 04h
8c0f147e  48           ?? 48h    H
8c0f147f  24           ?? 24h    $
8c0f1480  18           ?? 18h
8c0f1481  89           ?? 89h
8c0f1482  2c           ?? 2Ch    ,
8c0f1483  d2           ?? D2h
8c0f1484  0b           ?? 0Bh
8c0f1485  42           ?? 42h    B
8c0f1486  09           ?? 09h
8c0f1487  00           ?? 00h
8c0f1488  40           ?? 40h    @
8c0f1489  e0           ?? E0h
8c0f148a  ee           ?? EEh
8c0f148b  04           ?? 04h
8c0f148c  4a           ?? 4Ah    J
8c0f148d  52           ?? 52h    R
8c0f148e  24           ?? 24h    $
8c0f148f  72           ?? 72h    r
8c0f1490  22           ?? 22h    "
8c0f1491  66           ?? 66h    f
8c0f1492  22           ?? 22h    "
8c0f1493  55           ?? 55h    U
8c0f1494  0b           ?? 0Bh
8c0f1495  45           ?? 45h    E
8c0f1496  6c           ?? 6Ch    l
8c0f1497  34           ?? 34h    4
8c0f1498  40           ?? 40h    @
8c0f1499  e0           ?? E0h
8c0f149a  ee           ?? EEh
8c0f149b  04           ?? 04h
8c0f149c  48           ?? 48h    H
8c0f149d  24           ?? 24h    $
8c0f149e  09           ?? 09h
8c0f149f  89           ?? 89h
8c0f14a0  4a           ?? 4Ah    J
8c0f14a1  52           ?? 52h    R
8c0f14a2  03           ?? 03h
8c0f14a3  e5           ?? E5h
8c0f14a4  0c           ?? 0Ch
8c0f14a5  72           ?? 72h    r
8c0f14a6  22           ?? 22h    "
8c0f14a7  66           ?? 66h    f
8c0f14a8  22           ?? 22h    "
8c0f14a9  57           ?? 57h    W
8c0f14aa  0b           ?? 0Bh
8c0f14ab  47           ?? 47h    G
8c0f14ac  6c           ?? 6Ch    l
8c0f14ad  34           ?? 34h    4
8c0f14ae  00           ?? 00h
8c0f14af  e3           ?? E3h
8c0f14b0  40           ?? 40h    @
8c0f14b1  e0           ?? E0h
8c0f14b2  36           ?? 36h    6
8c0f14b3  0e           ?? 0Eh
8c0f14b4  44           ?? 44h    D
8c0f14b5  e0           ?? E0h
8c0f14b6  ee           ?? EEh
8c0f14b7  04           ?? 04h
8c0f14b8  48           ?? 48h    H
8c0f14b9  24           ?? 24h    $
8c0f14ba  18           ?? 18h
8c0f14bb  89           ?? 89h
8c0f14bc  1d           ?? 1Dh
8c0f14bd  d2           ?? D2h
8c0f14be  0b           ?? 0Bh
8c0f14bf  42           ?? 42h    B
8c0f14c0  09           ?? 09h
8c0f14c1  00           ?? 00h
8c0f14c2  44           ?? 44h    D
8c0f14c3  e0           ?? E0h
8c0f14c4  ee           ?? EEh
8c0f14c5  04           ?? 04h
8c0f14c6  4a           ?? 4Ah    J
8c0f14c7  52           ?? 52h    R
8c0f14c8  24           ?? 24h    $
8c0f14c9  72           ?? 72h    r
8c0f14ca  22           ?? 22h    "
8c0f14cb  66           ?? 66h    f
8c0f14cc  22           ?? 22h    "
8c0f14cd  55           ?? 55h    U
8c0f14ce  0b           ?? 0Bh
8c0f14cf  45           ?? 45h    E
8c0f14d0  6c           ?? 6Ch    l
8c0f14d1  34           ?? 34h    4
8c0f14d2  44           ?? 44h    D
8c0f14d3  e0           ?? E0h
8c0f14d4  ee           ?? EEh
8c0f14d5  04           ?? 04h
8c0f14d6  48           ?? 48h    H
8c0f14d7  24           ?? 24h    $
8c0f14d8  09           ?? 09h
8c0f14d9  89           ?? 89h
8c0f14da  4a           ?? 4Ah    J
8c0f14db  52           ?? 52h    R
8c0f14dc  03           ?? 03h
8c0f14dd  e5           ?? E5h
8c0f14de  0c           ?? 0Ch
8c0f14df  72           ?? 72h    r
8c0f14e0  22           ?? 22h    "
8c0f14e1  66           ?? 66h    f
8c0f14e2  22           ?? 22h    "
8c0f14e3  57           ?? 57h    W
8c0f14e4  0b           ?? 0Bh
8c0f14e5  47           ?? 47h    G
8c0f14e6  6c           ?? 6Ch    l
8c0f14e7  34           ?? 34h    4
8c0f14e8  00           ?? 00h
8c0f14e9  e3           ?? E3h
8c0f14ea  44           ?? 44h    D
8c0f14eb  e0           ?? E0h
8c0f14ec  36           ?? 36h    6
8c0f14ed  0e           ?? 0Eh
8c0f14ee  48           ?? 48h    H
8c0f14ef  e0           ?? E0h
8c0f14f0  ee           ?? EEh
8c0f14f1  04           ?? 04h
8c0f14f2  48           ?? 48h    H
8c0f14f3  24           ?? 24h    $
8c0f14f4  18           ?? 18h
8c0f14f5  89           ?? 89h
8c0f14f6  0f           ?? 0Fh
8c0f14f7  d2           ?? D2h
8c0f14f8  0b           ?? 0Bh
8c0f14f9  42           ?? 42h    B
8c0f14fa  09           ?? 09h
8c0f14fb  00           ?? 00h
8c0f14fc  48           ?? 48h    H
8c0f14fd  e0           ?? E0h
8c0f14fe  ee           ?? EEh
8c0f14ff  04           ?? 04h
8c0f1500  4a           ?? 4Ah    J
8c0f1501  52           ?? 52h    R
8c0f1502  24           ?? 24h    $
8c0f1503  72           ?? 72h    r
8c0f1504  22           ?? 22h    "
8c0f1505  66           ?? 66h    f
8c0f1506  22           ?? 22h    "
8c0f1507  55           ?? 55h    U
8c0f1508  0b           ?? 0Bh
8c0f1509  45           ?? 45h    E
8c0f150a  6c           ?? 6Ch    l
8c0f150b  34           ?? 34h    4
8c0f150c  48           ?? 48h    H
8c0f150d  e0           ?? E0h
8c0f150e  ee           ?? EEh
8c0f150f  04           ?? 04h
8c0f1510  48           ?? 48h    H
8c0f1511  24           ?? 24h    $
8c0f1512  09           ?? 09h
8c0f1513  89           ?? 89h
8c0f1514  4a           ?? 4Ah    J
8c0f1515  52           ?? 52h    R
8c0f1516  03           ?? 03h
8c0f1517  e5           ?? E5h
8c0f1518  0c           ?? 0Ch
8c0f1519  72           ?? 72h    r
8c0f151a  22           ?? 22h    "
8c0f151b  66           ?? 66h    f
8c0f151c  22           ?? 22h    "
8c0f151d  57           ?? 57h    W
8c0f151e  0b           ?? 0Bh
8c0f151f  47           ?? 47h    G
8c0f1520  6c           ?? 6Ch    l
8c0f1521  34           ?? 34h    4
8c0f1522  00           ?? 00h
8c0f1523  e3           ?? E3h
8c0f1524  48           ?? 48h    H
8c0f1525  e0           ?? E0h
8c0f1526  36           ?? 36h    6
8c0f1527  0e           ?? 0Eh
8c0f1528  4c           ?? 4Ch    L
8c0f1529  e0           ?? E0h
8c0f152a  ee           ?? EEh
8c0f152b  04           ?? 04h
8c0f152c  0a           ?? 0Ah
8c0f152d  a0           ?? A0h
8c0f152e  48           ?? 48h    H
8c0f152f  24           ?? 24h    $
8c0f1530  a8           ?? A8h
8c0f1531  00           ?? 00h
8c0f1532  00           ?? 00h
8c0f1533  00           ?? 00h
8c0f1534  b6           ?? B6h
8c0f1535  ee           ?? EEh
8c0f1536  04           ?? 04h
8c0f1537  8c           ?? 8Ch
8c0f1538  38           ?? 38h    8
8c0f1539  7f           ?? 7Fh    
8c0f153a  2d           ?? 2Dh    -
8c0f153b  8c           ?? 8Ch
8c0f153c  8e           ?? 8Eh
8c0f153d  39           ?? 39h    9
8c0f153e  05           ?? 05h
8c0f153f  8c           ?? 8Ch
8c0f1540  ce           ?? CEh
8c0f1541  7f           ?? 7Fh    
8c0f1542  0a           ?? 0Ah
8c0f1543  8c           ?? 8Ch
8c0f1544  1a           ?? 1Ah
8c0f1545  89           ?? 89h
8c0f1546  54           ?? 54h    T
8c0f1547  d2           ?? D2h
8c0f1548  0b           ?? 0Bh
8c0f1549  42           ?? 42h    B
8c0f154a  09           ?? 09h
8c0f154b  00           ?? 00h
8c0f154c  4c           ?? 4Ch    L
8c0f154d  e0           ?? E0h
8c0f154e  ee           ?? EEh
8c0f154f  04           ?? 04h
8c0f1550  4a           ?? 4Ah    J
8c0f1551  52           ?? 52h    R
8c0f1552  24           ?? 24h    $
8c0f1553  72           ?? 72h    r
8c0f1554  22           ?? 22h    "
8c0f1555  65           ?? 65h    e
8c0f1556  22           ?? 22h    "
8c0f1557  56           ?? 56h    V
8c0f1558  0b           ?? 0Bh
8c0f1559  46           ?? 46h    F
8c0f155a  5c           ?? 5Ch    \
8c0f155b  34           ?? 34h    4
8c0f155c  4c           ?? 4Ch    L
8c0f155d  e0           ?? E0h
8c0f155e  ee           ?? EEh
8c0f155f  04           ?? 04h
8c0f1560  48           ?? 48h    H
8c0f1561  24           ?? 24h    $
8c0f1562  0b           ?? 0Bh
8c0f1563  89           ?? 89h
8c0f1564  48           ?? 48h    H
8c0f1565  24           ?? 24h    $
8c0f1566  06           ?? 06h
8c0f1567  89           ?? 89h
8c0f1568  4a           ?? 4Ah    J
8c0f1569  52           ?? 52h    R
8c0f156a  03           ?? 03h
8c0f156b  e5           ?? E5h
8c0f156c  0c           ?? 0Ch
8c0f156d  72           ?? 72h    r
8c0f156e  22           ?? 22h    "
8c0f156f  66           ?? 66h    f
8c0f1570  22           ?? 22h    "
8c0f1571  57           ?? 57h    W
8c0f1572  0b           ?? 0Bh
8c0f1573  47           ?? 47h    G
8c0f1574  6c           ?? 6Ch    l
8c0f1575  34           ?? 34h    4
8c0f1576  00           ?? 00h
8c0f1577  e3           ?? E3h
8c0f1578  4c           ?? 4Ch    L
8c0f1579  e0           ?? E0h
8c0f157a  36           ?? 36h    6
8c0f157b  0e           ?? 0Eh
8c0f157c  50           ?? 50h    P
8c0f157d  e0           ?? E0h
8c0f157e  ee           ?? EEh
8c0f157f  04           ?? 04h
8c0f1580  48           ?? 48h    H
8c0f1581  24           ?? 24h    $
8c0f1582  1a           ?? 1Ah
8c0f1583  89           ?? 89h
8c0f1584  44           ?? 44h    D
8c0f1585  d2           ?? D2h
8c0f1586  0b           ?? 0Bh
8c0f1587  42           ?? 42h    B
8c0f1588  09           ?? 09h
8c0f1589  00           ?? 00h
8c0f158a  50           ?? 50h    P
8c0f158b  e0           ?? E0h
8c0f158c  ee           ?? EEh
8c0f158d  04           ?? 04h
8c0f158e  4a           ?? 4Ah    J
8c0f158f  52           ?? 52h    R
8c0f1590  24           ?? 24h    $
8c0f1591  72           ?? 72h    r
8c0f1592  22           ?? 22h    "
8c0f1593  65           ?? 65h    e
8c0f1594  22           ?? 22h    "
8c0f1595  56           ?? 56h    V
8c0f1596  0b           ?? 0Bh
8c0f1597  46           ?? 46h    F
8c0f1598  5c           ?? 5Ch    \
8c0f1599  34           ?? 34h    4
8c0f159a  50           ?? 50h    P
8c0f159b  e0           ?? E0h
8c0f159c  ee           ?? EEh
8c0f159d  04           ?? 04h
8c0f159e  48           ?? 48h    H
8c0f159f  24           ?? 24h    $
8c0f15a0  0b           ?? 0Bh
8c0f15a1  89           ?? 89h
8c0f15a2  48           ?? 48h    H
8c0f15a3  24           ?? 24h    $
8c0f15a4  06           ?? 06h
8c0f15a5  89           ?? 89h
8c0f15a6  4a           ?? 4Ah    J
8c0f15a7  52           ?? 52h    R
8c0f15a8  03           ?? 03h
8c0f15a9  e5           ?? E5h
8c0f15aa  0c           ?? 0Ch
8c0f15ab  72           ?? 72h    r
8c0f15ac  22           ?? 22h    "
8c0f15ad  66           ?? 66h    f
8c0f15ae  22           ?? 22h    "
8c0f15af  57           ?? 57h    W
8c0f15b0  0b           ?? 0Bh
8c0f15b1  47           ?? 47h    G
8c0f15b2  6c           ?? 6Ch    l
8c0f15b3  34           ?? 34h    4
8c0f15b4  00           ?? 00h
8c0f15b5  e3           ?? E3h
8c0f15b6  50           ?? 50h    P
8c0f15b7  e0           ?? E0h
8c0f15b8  36           ?? 36h    6
8c0f15b9  0e           ?? 0Eh
8c0f15ba  54           ?? 54h    T
8c0f15bb  e0           ?? E0h
8c0f15bc  ee           ?? EEh
8c0f15bd  04           ?? 04h
8c0f15be  48           ?? 48h    H
8c0f15bf  24           ?? 24h    $
8c0f15c0  1a           ?? 1Ah
8c0f15c1  89           ?? 89h
8c0f15c2  35           ?? 35h    5
8c0f15c3  d2           ?? D2h
8c0f15c4  0b           ?? 0Bh
8c0f15c5  42           ?? 42h    B
8c0f15c6  09           ?? 09h
8c0f15c7  00           ?? 00h
8c0f15c8  54           ?? 54h    T
8c0f15c9  e0           ?? E0h
8c0f15ca  ee           ?? EEh
8c0f15cb  04           ?? 04h
8c0f15cc  4a           ?? 4Ah    J
8c0f15cd  52           ?? 52h    R
8c0f15ce  24           ?? 24h    $
8c0f15cf  72           ?? 72h    r
8c0f15d0  22           ?? 22h    "
8c0f15d1  65           ?? 65h    e
8c0f15d2  22           ?? 22h    "
8c0f15d3  56           ?? 56h    V
8c0f15d4  0b           ?? 0Bh
8c0f15d5  46           ?? 46h    F
8c0f15d6  5c           ?? 5Ch    \
8c0f15d7  34           ?? 34h    4
8c0f15d8  54           ?? 54h    T
8c0f15d9  e0           ?? E0h
8c0f15da  ee           ?? EEh
8c0f15db  04           ?? 04h
8c0f15dc  48           ?? 48h    H
8c0f15dd  24           ?? 24h    $
8c0f15de  0b           ?? 0Bh
8c0f15df  89           ?? 89h
8c0f15e0  48           ?? 48h    H
8c0f15e1  24           ?? 24h    $
8c0f15e2  06           ?? 06h
8c0f15e3  89           ?? 89h
8c0f15e4  4a           ?? 4Ah    J
8c0f15e5  52           ?? 52h    R
8c0f15e6  03           ?? 03h
8c0f15e7  e5           ?? E5h
8c0f15e8  0c           ?? 0Ch
8c0f15e9  72           ?? 72h    r
8c0f15ea  22           ?? 22h    "
8c0f15eb  66           ?? 66h    f
8c0f15ec  22           ?? 22h    "
8c0f15ed  57           ?? 57h    W
8c0f15ee  0b           ?? 0Bh
8c0f15ef  47           ?? 47h    G
8c0f15f0  6c           ?? 6Ch    l
8c0f15f1  34           ?? 34h    4
8c0f15f2  00           ?? 00h
8c0f15f3  e3           ?? E3h
8c0f15f4  54           ?? 54h    T
8c0f15f5  e0           ?? E0h
8c0f15f6  36           ?? 36h    6
8c0f15f7  0e           ?? 0Eh
8c0f15f8  58           ?? 58h    X
8c0f15f9  e0           ?? E0h
8c0f15fa  ee           ?? EEh
8c0f15fb  04           ?? 04h
8c0f15fc  48           ?? 48h    H
8c0f15fd  24           ?? 24h    $
8c0f15fe  1a           ?? 1Ah
8c0f15ff  89           ?? 89h
8c0f1600  25           ?? 25h    %
8c0f1601  d2           ?? D2h
8c0f1602  0b           ?? 0Bh
8c0f1603  42           ?? 42h    B
8c0f1604  09           ?? 09h
8c0f1605  00           ?? 00h
8c0f1606  58           ?? 58h    X
8c0f1607  e0           ?? E0h
8c0f1608  ee           ?? EEh
8c0f1609  04           ?? 04h
8c0f160a  4a           ?? 4Ah    J
8c0f160b  52           ?? 52h    R
8c0f160c  24           ?? 24h    $
8c0f160d  72           ?? 72h    r
8c0f160e  22           ?? 22h    "
8c0f160f  65           ?? 65h    e
8c0f1610  22           ?? 22h    "
8c0f1611  56           ?? 56h    V
8c0f1612  0b           ?? 0Bh
8c0f1613  46           ?? 46h    F
8c0f1614  5c           ?? 5Ch    \
8c0f1615  34           ?? 34h    4
8c0f1616  58           ?? 58h    X
8c0f1617  e0           ?? E0h
8c0f1618  ee           ?? EEh
8c0f1619  04           ?? 04h
8c0f161a  48           ?? 48h    H
8c0f161b  24           ?? 24h    $
8c0f161c  0b           ?? 0Bh
8c0f161d  89           ?? 89h
8c0f161e  48           ?? 48h    H
8c0f161f  24           ?? 24h    $
8c0f1620  06           ?? 06h
8c0f1621  89           ?? 89h
8c0f1622  4a           ?? 4Ah    J
8c0f1623  52           ?? 52h    R
8c0f1624  03           ?? 03h
8c0f1625  e5           ?? E5h
8c0f1626  0c           ?? 0Ch
8c0f1627  72           ?? 72h    r
8c0f1628  22           ?? 22h    "
8c0f1629  66           ?? 66h    f
8c0f162a  22           ?? 22h    "
8c0f162b  57           ?? 57h    W
8c0f162c  0b           ?? 0Bh
8c0f162d  47           ?? 47h    G
8c0f162e  6c           ?? 6Ch    l
8c0f162f  34           ?? 34h    4
8c0f1630  00           ?? 00h
8c0f1631  e3           ?? E3h
8c0f1632  58           ?? 58h    X
8c0f1633  e0           ?? E0h
8c0f1634  36           ?? 36h    6
8c0f1635  0e           ?? 0Eh
8c0f1636  5c           ?? 5Ch    \
8c0f1637  e0           ?? E0h
8c0f1638  ee           ?? EEh
8c0f1639  04           ?? 04h
8c0f163a  48           ?? 48h    H
8c0f163b  24           ?? 24h    $
8c0f163c  1a           ?? 1Ah
8c0f163d  89           ?? 89h
8c0f163e  16           ?? 16h
8c0f163f  d2           ?? D2h
8c0f1640  0b           ?? 0Bh
8c0f1641  42           ?? 42h    B
8c0f1642  09           ?? 09h
8c0f1643  00           ?? 00h
8c0f1644  5c           ?? 5Ch    \
8c0f1645  e0           ?? E0h
8c0f1646  ee           ?? EEh
8c0f1647  04           ?? 04h
8c0f1648  4a           ?? 4Ah    J
8c0f1649  52           ?? 52h    R
8c0f164a  24           ?? 24h    $
8c0f164b  72           ?? 72h    r
8c0f164c  22           ?? 22h    "
8c0f164d  65           ?? 65h    e
8c0f164e  22           ?? 22h    "
8c0f164f  56           ?? 56h    V
8c0f1650  0b           ?? 0Bh
8c0f1651  46           ?? 46h    F
8c0f1652  5c           ?? 5Ch    \
8c0f1653  34           ?? 34h    4
8c0f1654  5c           ?? 5Ch    \
8c0f1655  e0           ?? E0h
8c0f1656  ee           ?? EEh
8c0f1657  04           ?? 04h
8c0f1658  48           ?? 48h    H
8c0f1659  24           ?? 24h    $
8c0f165a  0b           ?? 0Bh
8c0f165b  89           ?? 89h
8c0f165c  48           ?? 48h    H
8c0f165d  24           ?? 24h    $
8c0f165e  06           ?? 06h
8c0f165f  89           ?? 89h
8c0f1660  4a           ?? 4Ah    J
8c0f1661  52           ?? 52h    R
8c0f1662  03           ?? 03h
8c0f1663  e5           ?? E5h
8c0f1664  0c           ?? 0Ch
8c0f1665  72           ?? 72h    r
8c0f1666  22           ?? 22h    "
8c0f1667  66           ?? 66h    f
8c0f1668  22           ?? 22h    "
8c0f1669  57           ?? 57h    W
8c0f166a  0b           ?? 0Bh
8c0f166b  47           ?? 47h    G
8c0f166c  6c           ?? 6Ch    l
8c0f166d  34           ?? 34h    4
8c0f166e  00           ?? 00h
8c0f166f  e3           ?? E3h
8c0f1670  5c           ?? 5Ch    \
8c0f1671  e0           ?? E0h
8c0f1672  36           ?? 36h    6
8c0f1673  0e           ?? 0Eh
8c0f1674  60           ?? 60h    `
8c0f1675  e0           ?? E0h
8c0f1676  ee           ?? EEh
8c0f1677  04           ?? 04h
8c0f1678  48           ?? 48h    H
8c0f1679  24           ?? 24h    $
8c0f167a  1f           ?? 1Fh
8c0f167b  89           ?? 89h
8c0f167c  06           ?? 06h
8c0f167d  d2           ?? D2h
8c0f167e  0b           ?? 0Bh
8c0f167f  42           ?? 42h    B
8c0f1680  09           ?? 09h
8c0f1681  00           ?? 00h
8c0f1682  60           ?? 60h    `
8c0f1683  e0           ?? E0h
8c0f1684  ee           ?? EEh
8c0f1685  04           ?? 04h
8c0f1686  4a           ?? 4Ah    J
8c0f1687  52           ?? 52h    R
8c0f1688  24           ?? 24h    $
8c0f1689  72           ?? 72h    r
8c0f168a  22           ?? 22h    "
8c0f168b  66           ?? 66h    f
8c0f168c  22           ?? 22h    "
8c0f168d  55           ?? 55h    U
8c0f168e  0b           ?? 0Bh
8c0f168f  45           ?? 45h    E
8c0f1690  6c           ?? 6Ch    l
8c0f1691  34           ?? 34h    4
8c0f1692  03           ?? 03h
8c0f1693  a0           ?? A0h
8c0f1694  09           ?? 09h
8c0f1695  00           ?? 00h
8c0f1696  00           ?? 00h
8c0f1697  00           ?? 00h
8c0f1698  b6           ?? B6h
8c0f1699  ee           ?? EEh
8c0f169a  04           ?? 04h
8c0f169b  8c           ?? 8Ch
8c0f169c  60           ?? 60h    `
8c0f169d  e0           ?? E0h
8c0f169e  ee           ?? EEh
8c0f169f  04           ?? 04h
8c0f16a0  48           ?? 48h    H
8c0f16a1  24           ?? 24h    $
8c0f16a2  0b           ?? 0Bh
8c0f16a3  89           ?? 89h
8c0f16a4  48           ?? 48h    H
8c0f16a5  24           ?? 24h    $
8c0f16a6  06           ?? 06h
8c0f16a7  89           ?? 89h
8c0f16a8  4a           ?? 4Ah    J
8c0f16a9  52           ?? 52h    R
8c0f16aa  03           ?? 03h
8c0f16ab  e5           ?? E5h
8c0f16ac  0c           ?? 0Ch
8c0f16ad  72           ?? 72h    r
8c0f16ae  22           ?? 22h    "
8c0f16af  66           ?? 66h    f
8c0f16b0  22           ?? 22h    "
8c0f16b1  57           ?? 57h    W
8c0f16b2  0b           ?? 0Bh
8c0f16b3  47           ?? 47h    G
8c0f16b4  6c           ?? 6Ch    l
8c0f16b5  34           ?? 34h    4
8c0f16b6  00           ?? 00h
8c0f16b7  e3           ?? E3h
8c0f16b8  60           ?? 60h    `
8c0f16b9  e0           ?? E0h
8c0f16ba  36           ?? 36h    6
8c0f16bb  0e           ?? 0Eh
8c0f16bc  64           ?? 64h    d
8c0f16bd  e0           ?? E0h
8c0f16be  ee           ?? EEh
8c0f16bf  04           ?? 04h
8c0f16c0  48           ?? 48h    H
8c0f16c1  24           ?? 24h    $
8c0f16c2  0c           ?? 0Ch
8c0f16c3  89           ?? 89h
8c0f16c4  1a           ?? 1Ah
8c0f16c5  d2           ?? D2h
8c0f16c6  0b           ?? 0Bh
8c0f16c7  42           ?? 42h    B
8c0f16c8  09           ?? 09h
8c0f16c9  00           ?? 00h
8c0f16ca  64           ?? 64h    d
8c0f16cb  e0           ?? E0h
8c0f16cc  ee           ?? EEh
8c0f16cd  04           ?? 04h
8c0f16ce  48           ?? 48h    H
8c0f16cf  24           ?? 24h    $
8c0f16d0  05           ?? 05h
8c0f16d1  89           ?? 89h
8c0f16d2  18           ?? 18h
8c0f16d3  d2           ?? D2h
8c0f16d4  0b           ?? 0Bh
8c0f16d5  42           ?? 42h    B
8c0f16d6  03           ?? 03h
8c0f16d7  e5           ?? E5h
8c0f16d8  00           ?? 00h
8c0f16d9  e3           ?? E3h
8c0f16da  64           ?? 64h    d
8c0f16db  e0           ?? E0h
8c0f16dc  36           ?? 36h    6
8c0f16dd  0e           ?? 0Eh
8c0f16de  68           ?? 68h    h
8c0f16df  e0           ?? E0h
8c0f16e0  ee           ?? EEh
8c0f16e1  04           ?? 04h
8c0f16e2  48           ?? 48h    H
8c0f16e3  24           ?? 24h    $
8c0f16e4  09           ?? 09h
8c0f16e5  89           ?? 89h
8c0f16e6  46           ?? 46h    F
8c0f16e7  52           ?? 52h    R
8c0f16e8  03           ?? 03h
8c0f16e9  e5           ?? E5h
8c0f16ea  0c           ?? 0Ch
8c0f16eb  72           ?? 72h    r
8c0f16ec  22           ?? 22h    "
8c0f16ed  66           ?? 66h    f
8c0f16ee  22           ?? 22h    "
8c0f16ef  57           ?? 57h    W
8c0f16f0  0b           ?? 0Bh
8c0f16f1  47           ?? 47h    G
8c0f16f2  6c           ?? 6Ch    l
8c0f16f3  34           ?? 34h    4
8c0f16f4  00           ?? 00h
8c0f16f5  e3           ?? E3h
8c0f16f6  68           ?? 68h    h
8c0f16f7  e0           ?? E0h
8c0f16f8  36           ?? 36h    6
8c0f16f9  0e           ?? 0Eh
8c0f16fa  70           ?? 70h    p
8c0f16fb  e0           ?? E0h
8c0f16fc  ee           ?? EEh
8c0f16fd  04           ?? 04h
8c0f16fe  48           ?? 48h    H
8c0f16ff  24           ?? 24h    $
8c0f1700  05           ?? 05h
8c0f1701  89           ?? 89h
8c0f1702  0d           ?? 0Dh
8c0f1703  d2           ?? D2h
8c0f1704  0b           ?? 0Bh
8c0f1705  42           ?? 42h    B
8c0f1706  09           ?? 09h
8c0f1707  00           ?? 00h
8c0f1708  00           ?? 00h
8c0f1709  e3           ?? E3h
8c0f170a  70           ?? 70h    p
8c0f170b  e0           ?? E0h
8c0f170c  36           ?? 36h    6
8c0f170d  0e           ?? 0Eh
8c0f170e  74           ?? 74h    t
8c0f170f  e0           ?? E0h
8c0f1710  ee           ?? EEh
8c0f1711  04           ?? 04h
8c0f1712  48           ?? 48h    H
8c0f1713  24           ?? 24h    $
8c0f1714  05           ?? 05h
8c0f1715  89           ?? 89h
8c0f1716  09           ?? 09h
8c0f1717  d2           ?? D2h
8c0f1718  0b           ?? 0Bh
8c0f1719  42           ?? 42h    B
8c0f171a  03           ?? 03h
8c0f171b  e5           ?? E5h
8c0f171c  00           ?? 00h
8c0f171d  e3           ?? E3h
8c0f171e  74           ?? 74h    t
8c0f171f  e0           ?? E0h
8c0f1720  36           ?? 36h    6
8c0f1721  0e           ?? 0Eh
8c0f1722  04           ?? 04h
8c0f1723  90           ?? 90h
8c0f1724  02           ?? 02h
8c0f1725  e3           ?? E3h
8c0f1726  36           ?? 36h    6
8c0f1727  0e           ?? 0Eh
8c0f1728  26           ?? 26h    &
