; range: 8c0e3c80 - 8c0e4500

8c0e3c80  09           ?? 09h
8c0e3c81  00           ?? 00h
8c0e3c82  23           ?? 23h    #
8c0e3c83  60           ?? 60h    `
8c0e3c84  05           ?? 05h
8c0e3c85  88           ?? 88h
8c0e3c86  01           ?? 01h
8c0e3c87  8b           ?? 8Bh
8c0e3c88  1d           ?? 1Dh
8c0e3c89  a2           ?? A2h
8c0e3c8a  09           ?? 09h
8c0e3c8b  00           ?? 00h
8c0e3c8c  23           ?? 23h    #
8c0e3c8d  60           ?? 60h    `
8c0e3c8e  06           ?? 06h
8c0e3c8f  88           ?? 88h
8c0e3c90  01           ?? 01h
8c0e3c91  8b           ?? 8Bh
8c0e3c92  15           ?? 15h
8c0e3c93  a2           ?? A2h
8c0e3c94  09           ?? 09h
8c0e3c95  00           ?? 00h
8c0e3c96  23           ?? 23h    #
8c0e3c97  60           ?? 60h    `
8c0e3c98  07           ?? 07h
8c0e3c99  88           ?? 88h
8c0e3c9a  01           ?? 01h
8c0e3c9b  8b           ?? 8Bh
8c0e3c9c  0d           ?? 0Dh
8c0e3c9d  a2           ?? A2h
8c0e3c9e  09           ?? 09h
8c0e3c9f  00           ?? 00h
8c0e3ca0  23           ?? 23h    #
8c0e3ca1  60           ?? 60h    `
8c0e3ca2  08           ?? 08h
8c0e3ca3  88           ?? 88h
8c0e3ca4  01           ?? 01h
8c0e3ca5  8b           ?? 8Bh
8c0e3ca6  05           ?? 05h
8c0e3ca7  a2           ?? A2h
8c0e3ca8  09           ?? 09h
8c0e3ca9  00           ?? 00h
8c0e3caa  23           ?? 23h    #
8c0e3cab  60           ?? 60h    `
8c0e3cac  09           ?? 09h
8c0e3cad  88           ?? 88h
8c0e3cae  01           ?? 01h
8c0e3caf  8b           ?? 8Bh
8c0e3cb0  fd           ?? FDh
8c0e3cb1  a1           ?? A1h
8c0e3cb2  09           ?? 09h
8c0e3cb3  00           ?? 00h
8c0e3cb4  23           ?? 23h    #
8c0e3cb5  60           ?? 60h    `
8c0e3cb6  0a           ?? 0Ah
8c0e3cb7  88           ?? 88h
8c0e3cb8  01           ?? 01h
8c0e3cb9  8b           ?? 8Bh
8c0e3cba  f5           ?? F5h
8c0e3cbb  a1           ?? A1h
8c0e3cbc  09           ?? 09h
8c0e3cbd  00           ?? 00h
8c0e3cbe  23           ?? 23h    #
8c0e3cbf  60           ?? 60h    `
8c0e3cc0  0b           ?? 0Bh
8c0e3cc1  88           ?? 88h
8c0e3cc2  01           ?? 01h
8c0e3cc3  8b           ?? 8Bh
8c0e3cc4  ed           ?? EDh
8c0e3cc5  a1           ?? A1h
8c0e3cc6  09           ?? 09h
8c0e3cc7  00           ?? 00h
8c0e3cc8  23           ?? 23h    #
8c0e3cc9  60           ?? 60h    `
8c0e3cca  0c           ?? 0Ch
8c0e3ccb  88           ?? 88h
8c0e3ccc  01           ?? 01h
8c0e3ccd  8b           ?? 8Bh
8c0e3cce  e5           ?? E5h
8c0e3ccf  a1           ?? A1h
8c0e3cd0  09           ?? 09h
8c0e3cd1  00           ?? 00h
8c0e3cd2  23           ?? 23h    #
8c0e3cd3  60           ?? 60h    `
8c0e3cd4  0d           ?? 0Dh
8c0e3cd5  88           ?? 88h
8c0e3cd6  01           ?? 01h
8c0e3cd7  8b           ?? 8Bh
8c0e3cd8  dd           ?? DDh
8c0e3cd9  a1           ?? A1h
8c0e3cda  09           ?? 09h
8c0e3cdb  00           ?? 00h
8c0e3cdc  23           ?? 23h    #
8c0e3cdd  60           ?? 60h    `
8c0e3cde  0e           ?? 0Eh
8c0e3cdf  88           ?? 88h
8c0e3ce0  01           ?? 01h
8c0e3ce1  8b           ?? 8Bh
8c0e3ce2  d5           ?? D5h
8c0e3ce3  a1           ?? A1h
8c0e3ce4  09           ?? 09h
8c0e3ce5  00           ?? 00h
8c0e3ce6  23           ?? 23h    #
8c0e3ce7  60           ?? 60h    `
8c0e3ce8  0f           ?? 0Fh
8c0e3ce9  88           ?? 88h
8c0e3cea  01           ?? 01h
8c0e3ceb  8b           ?? 8Bh
8c0e3cec  cd           ?? CDh
8c0e3ced  a1           ?? A1h
8c0e3cee  09           ?? 09h
8c0e3cef  00           ?? 00h
8c0e3cf0  23           ?? 23h    #
8c0e3cf1  60           ?? 60h    `
8c0e3cf2  10           ?? 10h
8c0e3cf3  88           ?? 88h
8c0e3cf4  01           ?? 01h
8c0e3cf5  8b           ?? 8Bh
8c0e3cf6  c5           ?? C5h
8c0e3cf7  a1           ?? A1h
8c0e3cf8  09           ?? 09h
8c0e3cf9  00           ?? 00h
8c0e3cfa  23           ?? 23h    #
8c0e3cfb  60           ?? 60h    `
8c0e3cfc  11           ?? 11h
8c0e3cfd  88           ?? 88h
8c0e3cfe  01           ?? 01h
8c0e3cff  8b           ?? 8Bh
8c0e3d00  bd           ?? BDh
8c0e3d01  a1           ?? A1h
8c0e3d02  09           ?? 09h
8c0e3d03  00           ?? 00h
8c0e3d04  23           ?? 23h    #
8c0e3d05  60           ?? 60h    `
8c0e3d06  12           ?? 12h
8c0e3d07  88           ?? 88h
8c0e3d08  01           ?? 01h
8c0e3d09  8b           ?? 8Bh
8c0e3d0a  b5           ?? B5h
8c0e3d0b  a1           ?? A1h
8c0e3d0c  09           ?? 09h
8c0e3d0d  00           ?? 00h
8c0e3d0e  23           ?? 23h    #
8c0e3d0f  60           ?? 60h    `
8c0e3d10  13           ?? 13h
8c0e3d11  88           ?? 88h
8c0e3d12  01           ?? 01h
8c0e3d13  8b           ?? 8Bh
8c0e3d14  ad           ?? ADh
8c0e3d15  a1           ?? A1h
8c0e3d16  09           ?? 09h
8c0e3d17  00           ?? 00h
8c0e3d18  23           ?? 23h    #
8c0e3d19  60           ?? 60h    `
8c0e3d1a  14           ?? 14h
8c0e3d1b  88           ?? 88h
8c0e3d1c  01           ?? 01h
8c0e3d1d  8b           ?? 8Bh
8c0e3d1e  a5           ?? A5h
8c0e3d1f  a1           ?? A1h
8c0e3d20  09           ?? 09h
8c0e3d21  00           ?? 00h
8c0e3d22  23           ?? 23h    #
8c0e3d23  60           ?? 60h    `
8c0e3d24  15           ?? 15h
8c0e3d25  88           ?? 88h
8c0e3d26  01           ?? 01h
8c0e3d27  89           ?? 89h
8c0e3d28  9d           ?? 9Dh
8c0e3d29  a1           ?? A1h
8c0e3d2a  09           ?? 09h
8c0e3d2b  00           ?? 00h
8c0e3d2c  05           ?? 05h
8c0e3d2d  d2           ?? D2h
8c0e3d2e  0b           ?? 0Bh
8c0e3d2f  00           ?? 00h
8c0e3d30  23           ?? 23h    #
8c0e3d31  60           ?? 60h    `
8c0e3d32  05           ?? 05h
8c0e3d33  d0           ?? D0h
8c0e3d34  0b           ?? 0Bh
8c0e3d35  00           ?? 00h
8c0e3d36  09           ?? 09h
8c0e3d37  00           ?? 00h
8c0e3d38  04           ?? 04h
8c0e3d39  d0           ?? D0h
8c0e3d3a  0b           ?? 0Bh
8c0e3d3b  00           ?? 00h
8c0e3d3c  09           ?? 09h
8c0e3d3d  00           ?? 00h
8c0e3d3e  04           ?? 04h
8c0e3d3f  d0           ?? D0h
8c0e3d40  0b           ?? 0Bh
8c0e3d41  00           ?? 00h
8c0e3d42  09           ?? 09h
8c0e3d43  00           ?? 00h
8c0e3d44  84 93 18 8c  addr 8c189384
8c0e3d48  f0 8e 18 8c  addr 8c188ef0
8c0e3d4c  30 8f 18 8c  addr 8c188f30
8c0e3d50  58 8f 18 8c  addr 8c188f58
8c0e3d54  12           ?? 12h
8c0e3d55  e2           ?? E2h
8c0e3d56  23           ?? 23h    #
8c0e3d57  60           ?? 60h    `
8c0e3d58  01           ?? 01h
8c0e3d59  88           ?? 88h
8c0e3d5a  01           ?? 01h
8c0e3d5b  8b           ?? 8Bh
8c0e3d5c  63           ?? 63h    c
8c0e3d5d  a2           ?? A2h
8c0e3d5e  09           ?? 09h
8c0e3d5f  00           ?? 00h
8c0e3d60  23           ?? 23h    #
8c0e3d61  60           ?? 60h    `
8c0e3d62  02           ?? 02h
8c0e3d63  88           ?? 88h
8c0e3d64  01           ?? 01h
8c0e3d65  8b           ?? 8Bh
8c0e3d66  5b           ?? 5Bh    [
8c0e3d67  a2           ?? A2h
8c0e3d68  09           ?? 09h
8c0e3d69  00           ?? 00h
8c0e3d6a  23           ?? 23h    #
8c0e3d6b  60           ?? 60h    `
8c0e3d6c  03           ?? 03h
8c0e3d6d  88           ?? 88h
8c0e3d6e  01           ?? 01h
8c0e3d6f  8b           ?? 8Bh
8c0e3d70  53           ?? 53h    S
8c0e3d71  a2           ?? A2h
8c0e3d72  09           ?? 09h
8c0e3d73  00           ?? 00h
8c0e3d74  23           ?? 23h    #
8c0e3d75  60           ?? 60h    `
8c0e3d76  04           ?? 04h
8c0e3d77  88           ?? 88h
8c0e3d78  01           ?? 01h
8c0e3d79  8b           ?? 8Bh
8c0e3d7a  4b           ?? 4Bh    K
8c0e3d7b  a2           ?? A2h
8c0e3d7c  09           ?? 09h
8c0e3d7d  00           ?? 00h
8c0e3d7e  23           ?? 23h    #
8c0e3d7f  60           ?? 60h    `
8c0e3d80  05           ?? 05h
8c0e3d81  88           ?? 88h
8c0e3d82  01           ?? 01h
8c0e3d83  8b           ?? 8Bh
8c0e3d84  43           ?? 43h    C
8c0e3d85  a2           ?? A2h
8c0e3d86  09           ?? 09h
8c0e3d87  00           ?? 00h
8c0e3d88  23           ?? 23h    #
8c0e3d89  60           ?? 60h    `
8c0e3d8a  06           ?? 06h
8c0e3d8b  88           ?? 88h
8c0e3d8c  01           ?? 01h
8c0e3d8d  8b           ?? 8Bh
8c0e3d8e  3b           ?? 3Bh    ;
8c0e3d8f  a2           ?? A2h
8c0e3d90  09           ?? 09h
8c0e3d91  00           ?? 00h
8c0e3d92  23           ?? 23h    #
8c0e3d93  60           ?? 60h    `
8c0e3d94  07           ?? 07h
8c0e3d95  88           ?? 88h
8c0e3d96  01           ?? 01h
8c0e3d97  8b           ?? 8Bh
8c0e3d98  33           ?? 33h    3
8c0e3d99  a2           ?? A2h
8c0e3d9a  09           ?? 09h
8c0e3d9b  00           ?? 00h
8c0e3d9c  23           ?? 23h    #
8c0e3d9d  60           ?? 60h    `
8c0e3d9e  08           ?? 08h
8c0e3d9f  88           ?? 88h
8c0e3da0  01           ?? 01h
8c0e3da1  8b           ?? 8Bh
8c0e3da2  2b           ?? 2Bh    +
8c0e3da3  a2           ?? A2h
8c0e3da4  09           ?? 09h
8c0e3da5  00           ?? 00h
8c0e3da6  23           ?? 23h    #
8c0e3da7  60           ?? 60h    `
8c0e3da8  09           ?? 09h
8c0e3da9  88           ?? 88h
8c0e3daa  01           ?? 01h
8c0e3dab  8b           ?? 8Bh
8c0e3dac  23           ?? 23h    #
8c0e3dad  a2           ?? A2h
8c0e3dae  09           ?? 09h
8c0e3daf  00           ?? 00h
8c0e3db0  23           ?? 23h    #
8c0e3db1  60           ?? 60h    `
8c0e3db2  0a           ?? 0Ah
8c0e3db3  88           ?? 88h
8c0e3db4  01           ?? 01h
8c0e3db5  8b           ?? 8Bh
8c0e3db6  1b           ?? 1Bh
8c0e3db7  a2           ?? A2h
8c0e3db8  09           ?? 09h
8c0e3db9  00           ?? 00h
8c0e3dba  23           ?? 23h    #
8c0e3dbb  60           ?? 60h    `
8c0e3dbc  0b           ?? 0Bh
8c0e3dbd  88           ?? 88h
8c0e3dbe  01           ?? 01h
8c0e3dbf  8b           ?? 8Bh
8c0e3dc0  13           ?? 13h
8c0e3dc1  a2           ?? A2h
8c0e3dc2  09           ?? 09h
8c0e3dc3  00           ?? 00h
8c0e3dc4  23           ?? 23h    #
8c0e3dc5  60           ?? 60h    `
8c0e3dc6  0c           ?? 0Ch
8c0e3dc7  88           ?? 88h
8c0e3dc8  01           ?? 01h
8c0e3dc9  8b           ?? 8Bh
8c0e3dca  0b           ?? 0Bh
8c0e3dcb  a2           ?? A2h
8c0e3dcc  09           ?? 09h
8c0e3dcd  00           ?? 00h
8c0e3dce  23           ?? 23h    #
8c0e3dcf  60           ?? 60h    `
8c0e3dd0  0d           ?? 0Dh
8c0e3dd1  88           ?? 88h
8c0e3dd2  01           ?? 01h
8c0e3dd3  8b           ?? 8Bh
8c0e3dd4  dd           ?? DDh
8c0e3dd5  a1           ?? A1h
8c0e3dd6  09           ?? 09h
8c0e3dd7  00           ?? 00h
8c0e3dd8  23           ?? 23h    #
8c0e3dd9  60           ?? 60h    `
8c0e3dda  0e           ?? 0Eh
8c0e3ddb  88           ?? 88h
8c0e3ddc  01           ?? 01h
8c0e3ddd  8b           ?? 8Bh
8c0e3dde  d5           ?? D5h
8c0e3ddf  a1           ?? A1h
8c0e3de0  09           ?? 09h
8c0e3de1  00           ?? 00h
8c0e3de2  23           ?? 23h    #
8c0e3de3  60           ?? 60h    `
8c0e3de4  0f           ?? 0Fh
8c0e3de5  88           ?? 88h
8c0e3de6  01           ?? 01h
8c0e3de7  8b           ?? 8Bh
8c0e3de8  cd           ?? CDh
8c0e3de9  a1           ?? A1h
8c0e3dea  09           ?? 09h
8c0e3deb  00           ?? 00h
8c0e3dec  23           ?? 23h    #
8c0e3ded  60           ?? 60h    `
8c0e3dee  10           ?? 10h
8c0e3def  88           ?? 88h
8c0e3df0  01           ?? 01h
8c0e3df1  8b           ?? 8Bh
8c0e3df2  c5           ?? C5h
8c0e3df3  a1           ?? A1h
8c0e3df4  09           ?? 09h
8c0e3df5  00           ?? 00h
8c0e3df6  23           ?? 23h    #
8c0e3df7  60           ?? 60h    `
8c0e3df8  11           ?? 11h
8c0e3df9  88           ?? 88h
8c0e3dfa  01           ?? 01h
8c0e3dfb  8b           ?? 8Bh
8c0e3dfc  bd           ?? BDh
8c0e3dfd  a1           ?? A1h
8c0e3dfe  09           ?? 09h
8c0e3dff  00           ?? 00h
8c0e3e00  23           ?? 23h    #
8c0e3e01  60           ?? 60h    `
8c0e3e02  12           ?? 12h
8c0e3e03  88           ?? 88h
8c0e3e04  01           ?? 01h
8c0e3e05  8b           ?? 8Bh
8c0e3e06  b5           ?? B5h
8c0e3e07  a1           ?? A1h
8c0e3e08  09           ?? 09h
8c0e3e09  00           ?? 00h
8c0e3e0a  23           ?? 23h    #
8c0e3e0b  60           ?? 60h    `
8c0e3e0c  13           ?? 13h
8c0e3e0d  88           ?? 88h
8c0e3e0e  01           ?? 01h
8c0e3e0f  8b           ?? 8Bh
8c0e3e10  ad           ?? ADh
8c0e3e11  a1           ?? A1h
8c0e3e12  09           ?? 09h
8c0e3e13  00           ?? 00h
8c0e3e14  23           ?? 23h    #
8c0e3e15  60           ?? 60h    `
8c0e3e16  14           ?? 14h
8c0e3e17  88           ?? 88h
8c0e3e18  01           ?? 01h
8c0e3e19  8b           ?? 8Bh
8c0e3e1a  a5           ?? A5h
8c0e3e1b  a1           ?? A1h
8c0e3e1c  09           ?? 09h
8c0e3e1d  00           ?? 00h
8c0e3e1e  23           ?? 23h    #
8c0e3e1f  60           ?? 60h    `
8c0e3e20  15           ?? 15h
8c0e3e21  88           ?? 88h
8c0e3e22  01           ?? 01h
8c0e3e23  89           ?? 89h
8c0e3e24  9d           ?? 9Dh
8c0e3e25  a1           ?? A1h
8c0e3e26  09           ?? 09h
8c0e3e27  00           ?? 00h
8c0e3e28  01           ?? 01h
8c0e3e29  d6           ?? D6h
8c0e3e2a  0b           ?? 0Bh
8c0e3e2b  00           ?? 00h
8c0e3e2c  63           ?? 63h    c
8c0e3e2d  60           ?? 60h    `
8c0e3e2e  00           ?? 00h
8c0e3e2f  00           ?? 00h
8c0e3e30  84           ?? 84h
8c0e3e31  93           ?? 93h
8c0e3e32  18           ?? 18h
8c0e3e33  8c           ?? 8Ch
8c0e3e34  14           ?? 14h
8c0e3e35  e2           ?? E2h
8c0e3e36  23           ?? 23h    #
8c0e3e37  60           ?? 60h    `
8c0e3e38  01           ?? 01h
8c0e3e39  88           ?? 88h
8c0e3e3a  01           ?? 01h
8c0e3e3b  8b           ?? 8Bh
8c0e3e3c  8e           ?? 8Eh
8c0e3e3d  a1           ?? A1h
8c0e3e3e  09           ?? 09h
8c0e3e3f  00           ?? 00h
8c0e3e40  23           ?? 23h    #
8c0e3e41  60           ?? 60h    `
8c0e3e42  02           ?? 02h
8c0e3e43  88           ?? 88h
8c0e3e44  01           ?? 01h
8c0e3e45  8b           ?? 8Bh
8c0e3e46  86           ?? 86h
8c0e3e47  a1           ?? A1h
8c0e3e48  09           ?? 09h
8c0e3e49  00           ?? 00h
8c0e3e4a  23           ?? 23h    #
8c0e3e4b  60           ?? 60h    `
8c0e3e4c  03           ?? 03h
8c0e3e4d  88           ?? 88h
8c0e3e4e  01           ?? 01h
8c0e3e4f  8b           ?? 8Bh
8c0e3e50  7e           ?? 7Eh    ~
8c0e3e51  a1           ?? A1h
8c0e3e52  09           ?? 09h
8c0e3e53  00           ?? 00h
8c0e3e54  23           ?? 23h    #
8c0e3e55  60           ?? 60h    `
8c0e3e56  04           ?? 04h
8c0e3e57  88           ?? 88h
8c0e3e58  01           ?? 01h
8c0e3e59  8b           ?? 8Bh
8c0e3e5a  76           ?? 76h    v
8c0e3e5b  a1           ?? A1h
8c0e3e5c  09           ?? 09h
8c0e3e5d  00           ?? 00h
8c0e3e5e  23           ?? 23h    #
8c0e3e5f  60           ?? 60h    `
8c0e3e60  05           ?? 05h
8c0e3e61  88           ?? 88h
8c0e3e62  01           ?? 01h
8c0e3e63  8b           ?? 8Bh
8c0e3e64  6e           ?? 6Eh    n
8c0e3e65  a1           ?? A1h
8c0e3e66  09           ?? 09h
8c0e3e67  00           ?? 00h
8c0e3e68  23           ?? 23h    #
8c0e3e69  60           ?? 60h    `
8c0e3e6a  06           ?? 06h
8c0e3e6b  88           ?? 88h
8c0e3e6c  01           ?? 01h
8c0e3e6d  8b           ?? 8Bh
8c0e3e6e  66           ?? 66h    f
8c0e3e6f  a1           ?? A1h
8c0e3e70  09           ?? 09h
8c0e3e71  00           ?? 00h
8c0e3e72  23           ?? 23h    #
8c0e3e73  60           ?? 60h    `
8c0e3e74  07           ?? 07h
8c0e3e75  88           ?? 88h
8c0e3e76  01           ?? 01h
8c0e3e77  8b           ?? 8Bh
8c0e3e78  5e           ?? 5Eh    ^
8c0e3e79  a1           ?? A1h
8c0e3e7a  09           ?? 09h
8c0e3e7b  00           ?? 00h
8c0e3e7c  23           ?? 23h    #
8c0e3e7d  60           ?? 60h    `
8c0e3e7e  08           ?? 08h
8c0e3e7f  88           ?? 88h
8c0e3e80  01           ?? 01h
8c0e3e81  8b           ?? 8Bh
8c0e3e82  56           ?? 56h    V
8c0e3e83  a1           ?? A1h
8c0e3e84  09           ?? 09h
8c0e3e85  00           ?? 00h
8c0e3e86  23           ?? 23h    #
8c0e3e87  60           ?? 60h    `
8c0e3e88  09           ?? 09h
8c0e3e89  88           ?? 88h
8c0e3e8a  01           ?? 01h
8c0e3e8b  8b           ?? 8Bh
8c0e3e8c  4e           ?? 4Eh    N
8c0e3e8d  a1           ?? A1h
8c0e3e8e  09           ?? 09h
8c0e3e8f  00           ?? 00h
8c0e3e90  23           ?? 23h    #
8c0e3e91  60           ?? 60h    `
8c0e3e92  0a           ?? 0Ah
8c0e3e93  88           ?? 88h
8c0e3e94  01           ?? 01h
8c0e3e95  8b           ?? 8Bh
8c0e3e96  46           ?? 46h    F
8c0e3e97  a1           ?? A1h
8c0e3e98  09           ?? 09h
8c0e3e99  00           ?? 00h
8c0e3e9a  23           ?? 23h    #
8c0e3e9b  60           ?? 60h    `
8c0e3e9c  0b           ?? 0Bh
8c0e3e9d  88           ?? 88h
8c0e3e9e  01           ?? 01h
8c0e3e9f  8b           ?? 8Bh
8c0e3ea0  3e           ?? 3Eh    >
8c0e3ea1  a1           ?? A1h
8c0e3ea2  09           ?? 09h
8c0e3ea3  00           ?? 00h
8c0e3ea4  23           ?? 23h    #
8c0e3ea5  60           ?? 60h    `
8c0e3ea6  0c           ?? 0Ch
8c0e3ea7  88           ?? 88h
8c0e3ea8  01           ?? 01h
8c0e3ea9  8b           ?? 8Bh
8c0e3eaa  36           ?? 36h    6
8c0e3eab  a1           ?? A1h
8c0e3eac  09           ?? 09h
8c0e3ead  00           ?? 00h
8c0e3eae  23           ?? 23h    #
8c0e3eaf  60           ?? 60h    `
8c0e3eb0  0d           ?? 0Dh
8c0e3eb1  88           ?? 88h
8c0e3eb2  01           ?? 01h
8c0e3eb3  8b           ?? 8Bh
8c0e3eb4  2e           ?? 2Eh    .
8c0e3eb5  a1           ?? A1h
8c0e3eb6  09           ?? 09h
8c0e3eb7  00           ?? 00h
8c0e3eb8  23           ?? 23h    #
8c0e3eb9  60           ?? 60h    `
8c0e3eba  0e           ?? 0Eh
8c0e3ebb  88           ?? 88h
8c0e3ebc  01           ?? 01h
8c0e3ebd  8b           ?? 8Bh
8c0e3ebe  26           ?? 26h    &
8c0e3ebf  a1           ?? A1h
8c0e3ec0  09           ?? 09h
8c0e3ec1  00           ?? 00h
8c0e3ec2  23           ?? 23h    #
8c0e3ec3  60           ?? 60h    `
8c0e3ec4  0f           ?? 0Fh
8c0e3ec5  88           ?? 88h
8c0e3ec6  01           ?? 01h
8c0e3ec7  8b           ?? 8Bh
8c0e3ec8  1e           ?? 1Eh
8c0e3ec9  a1           ?? A1h
8c0e3eca  09           ?? 09h
8c0e3ecb  00           ?? 00h
8c0e3ecc  23           ?? 23h    #
8c0e3ecd  60           ?? 60h    `
8c0e3ece  10           ?? 10h
8c0e3ecf  88           ?? 88h
8c0e3ed0  01           ?? 01h
8c0e3ed1  8b           ?? 8Bh
8c0e3ed2  16           ?? 16h
8c0e3ed3  a1           ?? A1h
8c0e3ed4  09           ?? 09h
8c0e3ed5  00           ?? 00h
8c0e3ed6  23           ?? 23h    #
8c0e3ed7  60           ?? 60h    `
8c0e3ed8  11           ?? 11h
8c0e3ed9  88           ?? 88h
8c0e3eda  01           ?? 01h
8c0e3edb  8b           ?? 8Bh
8c0e3edc  0e           ?? 0Eh
8c0e3edd  a1           ?? A1h
8c0e3ede  09           ?? 09h
8c0e3edf  00           ?? 00h
8c0e3ee0  23           ?? 23h    #
8c0e3ee1  60           ?? 60h    `
8c0e3ee2  12           ?? 12h
8c0e3ee3  88           ?? 88h
8c0e3ee4  01           ?? 01h
8c0e3ee5  8b           ?? 8Bh
8c0e3ee6  06           ?? 06h
8c0e3ee7  a1           ?? A1h
8c0e3ee8  09           ?? 09h
8c0e3ee9  00           ?? 00h
8c0e3eea  23           ?? 23h    #
8c0e3eeb  60           ?? 60h    `
8c0e3eec  13           ?? 13h
8c0e3eed  88           ?? 88h
8c0e3eee  01           ?? 01h
8c0e3eef  8b           ?? 8Bh
8c0e3ef0  fe           ?? FEh
8c0e3ef1  a0           ?? A0h
8c0e3ef2  09           ?? 09h
8c0e3ef3  00           ?? 00h
8c0e3ef4  23           ?? 23h    #
8c0e3ef5  60           ?? 60h    `
8c0e3ef6  14           ?? 14h
8c0e3ef7  88           ?? 88h
8c0e3ef8  01           ?? 01h
8c0e3ef9  8b           ?? 8Bh
8c0e3efa  f6           ?? F6h
8c0e3efb  a0           ?? A0h
8c0e3efc  09           ?? 09h
8c0e3efd  00           ?? 00h
8c0e3efe  23           ?? 23h    #
8c0e3eff  60           ?? 60h    `
8c0e3f00  15           ?? 15h
8c0e3f01  88           ?? 88h
8c0e3f02  01           ?? 01h
8c0e3f03  89           ?? 89h
8c0e3f04  ee           ?? EEh
8c0e3f05  a0           ?? A0h
8c0e3f06  09           ?? 09h
8c0e3f07  00           ?? 00h
8c0e3f08  01           ?? 01h
8c0e3f09  d6           ?? D6h
8c0e3f0a  0b           ?? 0Bh
8c0e3f0b  00           ?? 00h
8c0e3f0c  63           ?? 63h    c
8c0e3f0d  60           ?? 60h    `
8c0e3f0e  00           ?? 00h
8c0e3f0f  00           ?? 00h
8c0e3f10  84           ?? 84h
8c0e3f11  93           ?? 93h
8c0e3f12  18           ?? 18h
8c0e3f13  8c           ?? 8Ch
8c0e3f14  53           ?? 53h    S
8c0e3f15  60           ?? 60h    `
8c0e3f16  01           ?? 01h
8c0e3f17  88           ?? 88h
8c0e3f18  01           ?? 01h
8c0e3f19  8b           ?? 8Bh
8c0e3f1a  a1           ?? A1h
8c0e3f1b  a0           ?? A0h
8c0e3f1c  09           ?? 09h
8c0e3f1d  00           ?? 00h
8c0e3f1e  53           ?? 53h    S
8c0e3f1f  60           ?? 60h    `
8c0e3f20  02           ?? 02h
8c0e3f21  88           ?? 88h
8c0e3f22  01           ?? 01h
8c0e3f23  8b           ?? 8Bh
8c0e3f24  99           ?? 99h
8c0e3f25  a0           ?? A0h
8c0e3f26  09           ?? 09h
8c0e3f27  00           ?? 00h
8c0e3f28  53           ?? 53h    S
8c0e3f29  60           ?? 60h    `
8c0e3f2a  03           ?? 03h
8c0e3f2b  88           ?? 88h
8c0e3f2c  01           ?? 01h
8c0e3f2d  8b           ?? 8Bh
8c0e3f2e  91           ?? 91h
8c0e3f2f  a0           ?? A0h
8c0e3f30  09           ?? 09h
8c0e3f31  00           ?? 00h
8c0e3f32  53           ?? 53h    S
8c0e3f33  60           ?? 60h    `
8c0e3f34  04           ?? 04h
8c0e3f35  88           ?? 88h
8c0e3f36  01           ?? 01h
8c0e3f37  8b           ?? 8Bh
8c0e3f38  89           ?? 89h
8c0e3f39  a0           ?? A0h
8c0e3f3a  09           ?? 09h
8c0e3f3b  00           ?? 00h
8c0e3f3c  53           ?? 53h    S
8c0e3f3d  60           ?? 60h    `
8c0e3f3e  05           ?? 05h
8c0e3f3f  88           ?? 88h
8c0e3f40  01           ?? 01h
8c0e3f41  8b           ?? 8Bh
8c0e3f42  81           ?? 81h
8c0e3f43  a0           ?? A0h
8c0e3f44  09           ?? 09h
8c0e3f45  00           ?? 00h
8c0e3f46  53           ?? 53h    S
8c0e3f47  60           ?? 60h    `
8c0e3f48  06           ?? 06h
8c0e3f49  88           ?? 88h
8c0e3f4a  5c           ?? 5Ch    \
8c0e3f4b  89           ?? 89h
8c0e3f4c  53           ?? 53h    S
8c0e3f4d  60           ?? 60h    `
8c0e3f4e  07           ?? 07h
8c0e3f4f  88           ?? 88h
8c0e3f50  56           ?? 56h    V
8c0e3f51  89           ?? 89h
8c0e3f52  53           ?? 53h    S
8c0e3f53  60           ?? 60h    `
8c0e3f54  08           ?? 08h
8c0e3f55  88           ?? 88h
8c0e3f56  50           ?? 50h    P
8c0e3f57  89           ?? 89h
8c0e3f58  53           ?? 53h    S
8c0e3f59  60           ?? 60h    `
8c0e3f5a  09           ?? 09h
8c0e3f5b  88           ?? 88h
8c0e3f5c  4a           ?? 4Ah    J
8c0e3f5d  89           ?? 89h
8c0e3f5e  53           ?? 53h    S
8c0e3f5f  60           ?? 60h    `
8c0e3f60  0a           ?? 0Ah
8c0e3f61  88           ?? 88h
8c0e3f62  44           ?? 44h    D
8c0e3f63  89           ?? 89h
8c0e3f64  53           ?? 53h    S
8c0e3f65  60           ?? 60h    `
8c0e3f66  0b           ?? 0Bh
8c0e3f67  88           ?? 88h
8c0e3f68  3e           ?? 3Eh    >
8c0e3f69  89           ?? 89h
8c0e3f6a  53           ?? 53h    S
8c0e3f6b  60           ?? 60h    `
8c0e3f6c  0c           ?? 0Ch
8c0e3f6d  88           ?? 88h
8c0e3f6e  38           ?? 38h    8
8c0e3f6f  89           ?? 89h
8c0e3f70  53           ?? 53h    S
8c0e3f71  60           ?? 60h    `
8c0e3f72  0d           ?? 0Dh
8c0e3f73  88           ?? 88h
8c0e3f74  32           ?? 32h    2
8c0e3f75  89           ?? 89h
8c0e3f76  53           ?? 53h    S
8c0e3f77  60           ?? 60h    `
8c0e3f78  0e           ?? 0Eh
8c0e3f79  88           ?? 88h
8c0e3f7a  2c           ?? 2Ch    ,
8c0e3f7b  89           ?? 89h
8c0e3f7c  53           ?? 53h    S
8c0e3f7d  60           ?? 60h    `
8c0e3f7e  0f           ?? 0Fh
8c0e3f7f  88           ?? 88h
8c0e3f80  26           ?? 26h    &
8c0e3f81  89           ?? 89h
8c0e3f82  53           ?? 53h    S
8c0e3f83  60           ?? 60h    `
8c0e3f84  10           ?? 10h
8c0e3f85  88           ?? 88h
8c0e3f86  20           ?? 20h     
8c0e3f87  89           ?? 89h
8c0e3f88  53           ?? 53h    S
8c0e3f89  60           ?? 60h    `
8c0e3f8a  11           ?? 11h
8c0e3f8b  88           ?? 88h
8c0e3f8c  1a           ?? 1Ah
8c0e3f8d  89           ?? 89h
8c0e3f8e  53           ?? 53h    S
8c0e3f8f  60           ?? 60h    `
8c0e3f90  12           ?? 12h
8c0e3f91  88           ?? 88h
8c0e3f92  14           ?? 14h
8c0e3f93  89           ?? 89h
8c0e3f94  53           ?? 53h    S
8c0e3f95  60           ?? 60h    `
8c0e3f96  13           ?? 13h
8c0e3f97  88           ?? 88h
8c0e3f98  0e           ?? 0Eh
8c0e3f99  89           ?? 89h
8c0e3f9a  53           ?? 53h    S
8c0e3f9b  60           ?? 60h    `
8c0e3f9c  14           ?? 14h
8c0e3f9d  88           ?? 88h
8c0e3f9e  08           ?? 08h
8c0e3f9f  89           ?? 89h
8c0e3fa0  53           ?? 53h    S
8c0e3fa1  60           ?? 60h    `
8c0e3fa2  15           ?? 15h
8c0e3fa3  88           ?? 88h
8c0e3fa4  02           ?? 02h
8c0e3fa5  8b           ?? 8Bh
8c0e3fa6  19           ?? 19h
8c0e3fa7  d6           ?? D6h
8c0e3fa8  0b           ?? 0Bh
8c0e3fa9  00           ?? 00h
8c0e3faa  63           ?? 63h    c
8c0e3fab  60           ?? 60h    `
8c0e3fac  18           ?? 18h
8c0e3fad  d6           ?? D6h
8c0e3fae  fb           ?? FBh
8c0e3faf  af           ?? AFh
8c0e3fb0  09           ?? 09h
8c0e3fb1  00           ?? 00h
8c0e3fb2  18           ?? 18h
8c0e3fb3  d6           ?? D6h
8c0e3fb4  f8           ?? F8h
8c0e3fb5  af           ?? AFh
8c0e3fb6  09           ?? 09h
8c0e3fb7  00           ?? 00h
8c0e3fb8  17           ?? 17h
8c0e3fb9  d6           ?? D6h
8c0e3fba  f5           ?? F5h
8c0e3fbb  af           ?? AFh
8c0e3fbc  09           ?? 09h
8c0e3fbd  00           ?? 00h
8c0e3fbe  17           ?? 17h
8c0e3fbf  d6           ?? D6h
8c0e3fc0  f2           ?? F2h
8c0e3fc1  af           ?? AFh
8c0e3fc2  09           ?? 09h
8c0e3fc3  00           ?? 00h
8c0e3fc4  16           ?? 16h
8c0e3fc5  d6           ?? D6h
8c0e3fc6  ef           ?? EFh
8c0e3fc7  af           ?? AFh
8c0e3fc8  09           ?? 09h
8c0e3fc9  00           ?? 00h
8c0e3fca  16           ?? 16h
8c0e3fcb  d6           ?? D6h
8c0e3fcc  ec           ?? ECh
8c0e3fcd  af           ?? AFh
8c0e3fce  09           ?? 09h
8c0e3fcf  00           ?? 00h
8c0e3fd0  15           ?? 15h
8c0e3fd1  d6           ?? D6h
8c0e3fd2  e9           ?? E9h
8c0e3fd3  af           ?? AFh
8c0e3fd4  09           ?? 09h
8c0e3fd5  00           ?? 00h
8c0e3fd6  15           ?? 15h
8c0e3fd7  d6           ?? D6h
8c0e3fd8  e6           ?? E6h
8c0e3fd9  af           ?? AFh
8c0e3fda  09           ?? 09h
8c0e3fdb  00           ?? 00h
8c0e3fdc  12           ?? 12h
8c0e3fdd  d6           ?? D6h
8c0e3fde  e3           ?? E3h
8c0e3fdf  af           ?? AFh
8c0e3fe0  09           ?? 09h
8c0e3fe1  00           ?? 00h
8c0e3fe2  13           ?? 13h
8c0e3fe3  d6           ?? D6h
8c0e3fe4  e0           ?? E0h
8c0e3fe5  af           ?? AFh
8c0e3fe6  09           ?? 09h
8c0e3fe7  00           ?? 00h
8c0e3fe8  0f           ?? 0Fh
8c0e3fe9  d6           ?? D6h
8c0e3fea  dd           ?? DDh
8c0e3feb  af           ?? AFh
8c0e3fec  09           ?? 09h
8c0e3fed  00           ?? 00h
8c0e3fee  11           ?? 11h
8c0e3fef  d6           ?? D6h
8c0e3ff0  da           ?? DAh
8c0e3ff1  af           ?? AFh
8c0e3ff2  09           ?? 09h
8c0e3ff3  00           ?? 00h
8c0e3ff4  10           ?? 10h
8c0e3ff5  d6           ?? D6h
8c0e3ff6  d7           ?? D7h
8c0e3ff7  af           ?? AFh
8c0e3ff8  09           ?? 09h
8c0e3ff9  00           ?? 00h
8c0e3ffa  10           ?? 10h
8c0e3ffb  d6           ?? D6h
8c0e3ffc  d4           ?? D4h
8c0e3ffd  af           ?? AFh
8c0e3ffe  09           ?? 09h
8c0e3fff  00           ?? 00h
8c0e4000  0f           ?? 0Fh
8c0e4001  d6           ?? D6h
8c0e4002  d1           ?? D1h
8c0e4003  af           ?? AFh
8c0e4004  09           ?? 09h
8c0e4005  00           ?? 00h
8c0e4006  0f           ?? 0Fh
8c0e4007  d6           ?? D6h
8c0e4008  ce           ?? CEh
8c0e4009  af           ?? AFh
8c0e400a  09           ?? 09h
8c0e400b  00           ?? 00h
8c0e400c  84 93 18 8c  addr 8c189384
8c0e4010  d8 93 18 8c  addr 8c1893d8
8c0e4014  38 93 18 8c  addr 8c189338
8c0e4018  ec 92 18 8c  addr 8c1892ec
8c0e401c  9c 92 18 8c  addr 8c18929c
8c0e4020  84 92 18 8c  addr 8c189284
8c0e4024  68 92 18 8c  addr 8c189268
8c0e4028  10 91 18 8c  addr 8c189110
8c0e402c  f4 91 18 8c  addr 8c1891f4
8c0e4030  88 91 18 8c  addr 8c189188
8c0e4034  e8 90 18 8c  addr 8c1890e8
8c0e4038  b4 90 18 8c  addr 8c1890b4
8c0e403c  8c 90 18 8c  addr 8c18908c
8c0e4040  64 90 18 8c  addr 8c189064
8c0e4044  3c 90 18 8c  addr 8c18903c
8c0e4048  53           ?? 53h    S
8c0e4049  d6           ?? D6h
8c0e404a  ad           ?? ADh
8c0e404b  af           ?? AFh
8c0e404c  09           ?? 09h
8c0e404d  00           ?? 00h
8c0e404e  53           ?? 53h    S
8c0e404f  d6           ?? D6h
8c0e4050  aa           ?? AAh
8c0e4051  af           ?? AFh
8c0e4052  09           ?? 09h
8c0e4053  00           ?? 00h
8c0e4054  52           ?? 52h    R
8c0e4055  d6           ?? D6h
8c0e4056  a7           ?? A7h
8c0e4057  af           ?? AFh
8c0e4058  09           ?? 09h
8c0e4059  00           ?? 00h
8c0e405a  52           ?? 52h    R
8c0e405b  d6           ?? D6h
8c0e405c  a4           ?? A4h
8c0e405d  af           ?? AFh
8c0e405e  09           ?? 09h
8c0e405f  00           ?? 00h
8c0e4060  51           ?? 51h    Q
8c0e4061  d6           ?? D6h
8c0e4062  a1           ?? A1h
8c0e4063  af           ?? AFh
8c0e4064  09           ?? 09h
8c0e4065  00           ?? 00h
8c0e4066  51           ?? 51h    Q
8c0e4067  d2           ?? D2h
8c0e4068  61           ?? 61h    a
8c0e4069  ae           ?? AEh
8c0e406a  09           ?? 09h
8c0e406b  00           ?? 00h
8c0e406c  50           ?? 50h    P
8c0e406d  d2           ?? D2h
8c0e406e  5e           ?? 5Eh    ^
8c0e406f  ae           ?? AEh
8c0e4070  09           ?? 09h
8c0e4071  00           ?? 00h
8c0e4072  50           ?? 50h    P
8c0e4073  d2           ?? D2h
8c0e4074  5b           ?? 5Bh    [
8c0e4075  ae           ?? AEh
8c0e4076  09           ?? 09h
8c0e4077  00           ?? 00h
8c0e4078  4f           ?? 4Fh    O
8c0e4079  d2           ?? D2h
8c0e407a  58           ?? 58h    X
8c0e407b  ae           ?? AEh
8c0e407c  09           ?? 09h
8c0e407d  00           ?? 00h
8c0e407e  4f           ?? 4Fh    O
8c0e407f  d2           ?? D2h
8c0e4080  55           ?? 55h    U
8c0e4081  ae           ?? AEh
8c0e4082  09           ?? 09h
8c0e4083  00           ?? 00h
8c0e4084  4e           ?? 4Eh    N
8c0e4085  d2           ?? D2h
8c0e4086  52           ?? 52h    R
8c0e4087  ae           ?? AEh
8c0e4088  09           ?? 09h
8c0e4089  00           ?? 00h
8c0e408a  4e           ?? 4Eh    N
8c0e408b  d2           ?? D2h
8c0e408c  4f           ?? 4Fh    O
8c0e408d  ae           ?? AEh
8c0e408e  09           ?? 09h
8c0e408f  00           ?? 00h
8c0e4090  4d           ?? 4Dh    M
8c0e4091  d2           ?? D2h
8c0e4092  4c           ?? 4Ch    L
8c0e4093  ae           ?? AEh
8c0e4094  09           ?? 09h
8c0e4095  00           ?? 00h
8c0e4096  4b           ?? 4Bh    K
8c0e4097  d2           ?? D2h
8c0e4098  49           ?? 49h    I
8c0e4099  ae           ?? AEh
8c0e409a  09           ?? 09h
8c0e409b  00           ?? 00h
8c0e409c  4b           ?? 4Bh    K
8c0e409d  d2           ?? D2h
8c0e409e  46           ?? 46h    F
8c0e409f  ae           ?? AEh
8c0e40a0  09           ?? 09h
8c0e40a1  00           ?? 00h
8c0e40a2  48           ?? 48h    H
8c0e40a3  d2           ?? D2h
8c0e40a4  43           ?? 43h    C
8c0e40a5  ae           ?? AEh
8c0e40a6  09           ?? 09h
8c0e40a7  00           ?? 00h
8c0e40a8  49           ?? 49h    I
8c0e40a9  d2           ?? D2h
8c0e40aa  40           ?? 40h    @
8c0e40ab  ae           ?? AEh
8c0e40ac  09           ?? 09h
8c0e40ad  00           ?? 00h
8c0e40ae  49           ?? 49h    I
8c0e40af  d2           ?? D2h
8c0e40b0  3d           ?? 3Dh    =
8c0e40b1  ae           ?? AEh
8c0e40b2  09           ?? 09h
8c0e40b3  00           ?? 00h
8c0e40b4  48           ?? 48h    H
8c0e40b5  d2           ?? D2h
8c0e40b6  3a           ?? 3Ah    :
8c0e40b7  ae           ?? AEh
8c0e40b8  09           ?? 09h
8c0e40b9  00           ?? 00h
8c0e40ba  48           ?? 48h    H
8c0e40bb  d2           ?? D2h
8c0e40bc  37           ?? 37h    7
8c0e40bd  ae           ?? AEh
8c0e40be  09           ?? 09h
8c0e40bf  00           ?? 00h
8c0e40c0  47           ?? 47h    G
8c0e40c1  d2           ?? D2h
8c0e40c2  34           ?? 34h    4
8c0e40c3  ae           ?? AEh
8c0e40c4  09           ?? 09h
8c0e40c5  00           ?? 00h
8c0e40c6  34           ?? 34h    4
8c0e40c7  d2           ?? D2h
8c0e40c8  31           ?? 31h    1
8c0e40c9  ae           ?? AEh
8c0e40ca  09           ?? 09h
8c0e40cb  00           ?? 00h
8c0e40cc  33           ?? 33h    3
8c0e40cd  d2           ?? D2h
8c0e40ce  2e           ?? 2Eh    .
8c0e40cf  ae           ?? AEh
8c0e40d0  09           ?? 09h
8c0e40d1  00           ?? 00h
8c0e40d2  33           ?? 33h    3
8c0e40d3  d2           ?? D2h
8c0e40d4  2b           ?? 2Bh    +
8c0e40d5  ae           ?? AEh
8c0e40d6  09           ?? 09h
8c0e40d7  00           ?? 00h
8c0e40d8  32           ?? 32h    2
8c0e40d9  d2           ?? D2h
8c0e40da  28           ?? 28h    (
8c0e40db  ae           ?? AEh
8c0e40dc  09           ?? 09h
8c0e40dd  00           ?? 00h
8c0e40de  32           ?? 32h    2
8c0e40df  d2           ?? D2h
8c0e40e0  25           ?? 25h    %
8c0e40e1  ae           ?? AEh
8c0e40e2  09           ?? 09h
8c0e40e3  00           ?? 00h
8c0e40e4  31           ?? 31h    1
8c0e40e5  d6           ?? D6h
8c0e40e6  10           ?? 10h
8c0e40e7  af           ?? AFh
8c0e40e8  09           ?? 09h
8c0e40e9  00           ?? 00h
8c0e40ea  31           ?? 31h    1
8c0e40eb  d6           ?? D6h
8c0e40ec  0d           ?? 0Dh
8c0e40ed  af           ?? AFh
8c0e40ee  09           ?? 09h
8c0e40ef  00           ?? 00h
8c0e40f0  30           ?? 30h    0
8c0e40f1  d6           ?? D6h
8c0e40f2  0a           ?? 0Ah
8c0e40f3  af           ?? AFh
8c0e40f4  09           ?? 09h
8c0e40f5  00           ?? 00h
8c0e40f6  30           ?? 30h    0
8c0e40f7  d6           ?? D6h
8c0e40f8  07           ?? 07h
8c0e40f9  af           ?? AFh
8c0e40fa  09           ?? 09h
8c0e40fb  00           ?? 00h
8c0e40fc  2f           ?? 2Fh    /
8c0e40fd  d6           ?? D6h
8c0e40fe  04           ?? 04h
8c0e40ff  af           ?? AFh
8c0e4100  09           ?? 09h
8c0e4101  00           ?? 00h
8c0e4102  2f           ?? 2Fh    /
8c0e4103  d6           ?? D6h
8c0e4104  01           ?? 01h
8c0e4105  af           ?? AFh
8c0e4106  09           ?? 09h
8c0e4107  00           ?? 00h
8c0e4108  2e           ?? 2Eh    .
8c0e4109  d6           ?? D6h
8c0e410a  fe           ?? FEh
8c0e410b  ae           ?? AEh
8c0e410c  09           ?? 09h
8c0e410d  00           ?? 00h
8c0e410e  2e           ?? 2Eh    .
8c0e410f  d6           ?? D6h
8c0e4110  fb           ?? FBh
8c0e4111  ae           ?? AEh
8c0e4112  09           ?? 09h
8c0e4113  00           ?? 00h
8c0e4114  2b           ?? 2Bh    +
8c0e4115  d6           ?? D6h
8c0e4116  f8           ?? F8h
8c0e4117  ae           ?? AEh
8c0e4118  09           ?? 09h
8c0e4119  00           ?? 00h
8c0e411a  2c           ?? 2Ch    ,
8c0e411b  d6           ?? D6h
8c0e411c  f5           ?? F5h
8c0e411d  ae           ?? AEh
8c0e411e  09           ?? 09h
8c0e411f  00           ?? 00h
8c0e4120  28           ?? 28h    (
8c0e4121  d6           ?? D6h
8c0e4122  f2           ?? F2h
8c0e4123  ae           ?? AEh
8c0e4124  09           ?? 09h
8c0e4125  00           ?? 00h
8c0e4126  2a           ?? 2Ah    *
8c0e4127  d6           ?? D6h
8c0e4128  ef           ?? EFh
8c0e4129  ae           ?? AEh
8c0e412a  09           ?? 09h
8c0e412b  00           ?? 00h
8c0e412c  29           ?? 29h    )
8c0e412d  d6           ?? D6h
8c0e412e  ec           ?? ECh
8c0e412f  ae           ?? AEh
8c0e4130  09           ?? 09h
8c0e4131  00           ?? 00h
8c0e4132  29           ?? 29h    )
8c0e4133  d6           ?? D6h
8c0e4134  e9           ?? E9h
8c0e4135  ae           ?? AEh
8c0e4136  09           ?? 09h
8c0e4137  00           ?? 00h
8c0e4138  28           ?? 28h    (
8c0e4139  d6           ?? D6h
8c0e413a  e6           ?? E6h
8c0e413b  ae           ?? AEh
8c0e413c  09           ?? 09h
8c0e413d  00           ?? 00h
8c0e413e  28           ?? 28h    (
8c0e413f  d6           ?? D6h
8c0e4140  e3           ?? E3h
8c0e4141  ae           ?? AEh
8c0e4142  09           ?? 09h
8c0e4143  00           ?? 00h
8c0e4144  14           ?? 14h
8c0e4145  d6           ?? D6h
8c0e4146  e0           ?? E0h
8c0e4147  ae           ?? AEh
8c0e4148  09           ?? 09h
8c0e4149  00           ?? 00h
8c0e414a  14           ?? 14h
8c0e414b  d6           ?? D6h
8c0e414c  dd           ?? DDh
8c0e414d  ae           ?? AEh
8c0e414e  09           ?? 09h
8c0e414f  00           ?? 00h
8c0e4150  13           ?? 13h
8c0e4151  d6           ?? D6h
8c0e4152  da           ?? DAh
8c0e4153  ae           ?? AEh
8c0e4154  09           ?? 09h
8c0e4155  00           ?? 00h
8c0e4156  13           ?? 13h
8c0e4157  d6           ?? D6h
8c0e4158  d7           ?? D7h
8c0e4159  ae           ?? AEh
8c0e415a  09           ?? 09h
8c0e415b  00           ?? 00h
8c0e415c  12           ?? 12h
8c0e415d  d6           ?? D6h
8c0e415e  d4           ?? D4h
8c0e415f  ae           ?? AEh
8c0e4160  09           ?? 09h
8c0e4161  00           ?? 00h
8c0e4162  12           ?? 12h
8c0e4163  d6           ?? D6h
8c0e4164  61           ?? 61h    a
8c0e4165  ae           ?? AEh
8c0e4166  09           ?? 09h
8c0e4167  00           ?? 00h
8c0e4168  11           ?? 11h
8c0e4169  d6           ?? D6h
8c0e416a  5e           ?? 5Eh    ^
8c0e416b  ae           ?? AEh
8c0e416c  09           ?? 09h
8c0e416d  00           ?? 00h
8c0e416e  11           ?? 11h
8c0e416f  d6           ?? D6h
8c0e4170  5b           ?? 5Bh    [
8c0e4171  ae           ?? AEh
8c0e4172  09           ?? 09h
8c0e4173  00           ?? 00h
8c0e4174  10           ?? 10h
8c0e4175  d6           ?? D6h
8c0e4176  58           ?? 58h    X
8c0e4177  ae           ?? AEh
8c0e4178  09           ?? 09h
8c0e4179  00           ?? 00h
8c0e417a  10           ?? 10h
8c0e417b  d6           ?? D6h
8c0e417c  55           ?? 55h    U
8c0e417d  ae           ?? AEh
8c0e417e  09           ?? 09h
8c0e417f  00           ?? 00h
8c0e4180  0f           ?? 0Fh
8c0e4181  d6           ?? D6h
8c0e4182  52           ?? 52h    R
8c0e4183  ae           ?? AEh
8c0e4184  09           ?? 09h
8c0e4185  00           ?? 00h
8c0e4186  0f           ?? 0Fh
8c0e4187  d6           ?? D6h
8c0e4188  4f           ?? 4Fh    O
8c0e4189  ae           ?? AEh
8c0e418a  09           ?? 09h
8c0e418b  00           ?? 00h
8c0e418c  0e           ?? 0Eh
8c0e418d  d6           ?? D6h
8c0e418e  4c           ?? 4Ch    L
8c0e418f  ae           ?? AEh
8c0e4190  09           ?? 09h
8c0e4191  00           ?? 00h
8c0e4192  0c           ?? 0Ch
8c0e4193  d6           ?? D6h
8c0e4194  49           ?? 49h    I
8c0e4195  ae           ?? AEh
8c0e4196  09           ?? 09h
8c0e4197  00           ?? 00h
8c0e4198  10 90 18 8c  addr 8c189010
8c0e419c  e0 8f 18 8c  addr 8c188fe0
8c0e41a0  c0 8f 18 8c  addr 8c188fc0
8c0e41a4  9c 8f 18 8c  addr 8c188f9c
8c0e41a8  78 8f 18 8c  addr 8c188f78
8c0e41ac  d8 93 18 8c  addr 8c1893d8
8c0e41b0  38 93 18 8c  addr 8c189338
8c0e41b4  ec 92 18 8c  addr 8c1892ec
8c0e41b8  9c 92 18 8c  addr 8c18929c
8c0e41bc  84 92 18 8c  addr 8c189284
8c0e41c0  68 92 18 8c  addr 8c189268
8c0e41c4  10 91 18 8c  addr 8c189110
8c0e41c8  f4 91 18 8c  addr 8c1891f4
8c0e41cc  88 91 18 8c  addr 8c189188
8c0e41d0  e8 90 18 8c  addr 8c1890e8
8c0e41d4  b4 90 18 8c  addr 8c1890b4
8c0e41d8  8c 90 18 8c  addr 8c18908c
8c0e41dc  64 90 18 8c  addr 8c189064
8c0e41e0  3c 90 18 8c  addr 8c18903c
8c0e41e4  3b           ?? 3Bh    ;
8c0e41e5  d6           ?? D6h
8c0e41e6  20           ?? 20h     
8c0e41e7  ae           ?? AEh
8c0e41e8  09           ?? 09h
8c0e41e9  00           ?? 00h
8c0e41ea  3b           ?? 3Bh    ;
8c0e41eb  d6           ?? D6h
8c0e41ec  1d           ?? 1Dh
8c0e41ed  ae           ?? AEh
8c0e41ee  09           ?? 09h
8c0e41ef  00           ?? 00h
8c0e41f0  3a           ?? 3Ah    :
8c0e41f1  d6           ?? D6h
8c0e41f2  1a           ?? 1Ah
8c0e41f3  ae           ?? AEh
8c0e41f4  09           ?? 09h
8c0e41f5  00           ?? 00h
8c0e41f6  3a           ?? 3Ah    :
8c0e41f7  d6           ?? D6h
8c0e41f8  17           ?? 17h
8c0e41f9  ae           ?? AEh
8c0e41fa  09           ?? 09h
8c0e41fb  00           ?? 00h
8c0e41fc  39           ?? 39h    9
8c0e41fd  d6           ?? D6h
8c0e41fe  14           ?? 14h
8c0e41ff  ae           ?? AEh
8c0e4200  09           ?? 09h
8c0e4201  00           ?? 00h
8c0e4202  39           ?? 39h    9
8c0e4203  d6           ?? D6h
8c0e4204  11           ?? 11h
8c0e4205  ae           ?? AEh
8c0e4206  09           ?? 09h
8c0e4207  00           ?? 00h
8c0e4208  38           ?? 38h    8
8c0e4209  d6           ?? D6h
8c0e420a  0e           ?? 0Eh
8c0e420b  ae           ?? AEh
8c0e420c  09           ?? 09h
8c0e420d  00           ?? 00h
8c0e420e  38           ?? 38h    8
8c0e420f  d6           ?? D6h
8c0e4210  0b           ?? 0Bh
8c0e4211  ae           ?? AEh
8c0e4212  09           ?? 09h
8c0e4213  00           ?? 00h
8c0e4214  37           ?? 37h    7
8c0e4215  d6           ?? D6h
8c0e4216  08           ?? 08h
8c0e4217  ae           ?? AEh
8c0e4218  09           ?? 09h
8c0e4219  00           ?? 00h
8c0e421a  37           ?? 37h    7
8c0e421b  d6           ?? D6h
8c0e421c  05           ?? 05h
8c0e421d  ae           ?? AEh
8c0e421e  09           ?? 09h
8c0e421f  00           ?? 00h
8c0e4220  36           ?? 36h    6
8c0e4221  d6           ?? D6h
8c0e4222  02           ?? 02h
8c0e4223  ae           ?? AEh
8c0e4224  09           ?? 09h
8c0e4225  00           ?? 00h
8c0e4226  36           ?? 36h    6
8c0e4227  d6           ?? D6h
8c0e4228  ff           ?? FFh
8c0e4229  ad           ?? ADh
8c0e422a  09           ?? 09h
8c0e422b  00           ?? 00h
8c0e422c  53           ?? 53h    S
8c0e422d  60           ?? 60h    `
8c0e422e  01           ?? 01h
8c0e422f  88           ?? 88h
8c0e4230  3e           ?? 3Eh    >
8c0e4231  89           ?? 89h
8c0e4232  53           ?? 53h    S
8c0e4233  60           ?? 60h    `
8c0e4234  02           ?? 02h
8c0e4235  88           ?? 88h
8c0e4236  3e           ?? 3Eh    >
8c0e4237  89           ?? 89h
8c0e4238  53           ?? 53h    S
8c0e4239  60           ?? 60h    `
8c0e423a  03           ?? 03h
8c0e423b  88           ?? 88h
8c0e423c  3e           ?? 3Eh    >
8c0e423d  89           ?? 89h
8c0e423e  53           ?? 53h    S
8c0e423f  60           ?? 60h    `
8c0e4240  04           ?? 04h
8c0e4241  88           ?? 88h
8c0e4242  3e           ?? 3Eh    >
8c0e4243  89           ?? 89h
8c0e4244  53           ?? 53h    S
8c0e4245  60           ?? 60h    `
8c0e4246  05           ?? 05h
8c0e4247  88           ?? 88h
8c0e4248  3e           ?? 3Eh    >
8c0e4249  89           ?? 89h
8c0e424a  53           ?? 53h    S
8c0e424b  60           ?? 60h    `
8c0e424c  06           ?? 06h
8c0e424d  88           ?? 88h
8c0e424e  3e           ?? 3Eh    >
8c0e424f  89           ?? 89h
8c0e4250  53           ?? 53h    S
8c0e4251  60           ?? 60h    `
8c0e4252  07           ?? 07h
8c0e4253  88           ?? 88h
8c0e4254  58           ?? 58h    X
8c0e4255  89           ?? 89h
8c0e4256  53           ?? 53h    S
8c0e4257  60           ?? 60h    `
8c0e4258  08           ?? 08h
8c0e4259  88           ?? 88h
8c0e425a  58           ?? 58h    X
8c0e425b  89           ?? 89h
8c0e425c  53           ?? 53h    S
8c0e425d  60           ?? 60h    `
8c0e425e  09           ?? 09h
8c0e425f  88           ?? 88h
8c0e4260  58           ?? 58h    X
8c0e4261  89           ?? 89h
8c0e4262  53           ?? 53h    S
8c0e4263  60           ?? 60h    `
8c0e4264  0a           ?? 0Ah
8c0e4265  88           ?? 88h
8c0e4266  58           ?? 58h    X
8c0e4267  89           ?? 89h
8c0e4268  53           ?? 53h    S
8c0e4269  60           ?? 60h    `
8c0e426a  0b           ?? 0Bh
8c0e426b  88           ?? 88h
8c0e426c  58           ?? 58h    X
8c0e426d  89           ?? 89h
8c0e426e  53           ?? 53h    S
8c0e426f  60           ?? 60h    `
8c0e4270  0c           ?? 0Ch
8c0e4271  88           ?? 88h
8c0e4272  58           ?? 58h    X
8c0e4273  89           ?? 89h
8c0e4274  53           ?? 53h    S
8c0e4275  60           ?? 60h    `
8c0e4276  0d           ?? 0Dh
8c0e4277  88           ?? 88h
8c0e4278  58           ?? 58h    X
8c0e4279  89           ?? 89h
8c0e427a  53           ?? 53h    S
8c0e427b  60           ?? 60h    `
8c0e427c  0e           ?? 0Eh
8c0e427d  88           ?? 88h
8c0e427e  58           ?? 58h    X
8c0e427f  89           ?? 89h
8c0e4280  53           ?? 53h    S
8c0e4281  60           ?? 60h    `
8c0e4282  0f           ?? 0Fh
8c0e4283  88           ?? 88h
8c0e4284  58           ?? 58h    X
8c0e4285  89           ?? 89h
8c0e4286  53           ?? 53h    S
8c0e4287  60           ?? 60h    `
8c0e4288  10           ?? 10h
8c0e4289  88           ?? 88h
8c0e428a  58           ?? 58h    X
8c0e428b  89           ?? 89h
8c0e428c  53           ?? 53h    S
8c0e428d  60           ?? 60h    `
8c0e428e  11           ?? 11h
8c0e428f  88           ?? 88h
8c0e4290  58           ?? 58h    X
8c0e4291  89           ?? 89h
8c0e4292  53           ?? 53h    S
8c0e4293  60           ?? 60h    `
8c0e4294  12           ?? 12h
8c0e4295  88           ?? 88h
8c0e4296  58           ?? 58h    X
8c0e4297  89           ?? 89h
8c0e4298  53           ?? 53h    S
8c0e4299  60           ?? 60h    `
8c0e429a  13           ?? 13h
8c0e429b  88           ?? 88h
8c0e429c  58           ?? 58h    X
8c0e429d  89           ?? 89h
8c0e429e  53           ?? 53h    S
8c0e429f  60           ?? 60h    `
8c0e42a0  14           ?? 14h
8c0e42a1  88           ?? 88h
8c0e42a2  58           ?? 58h    X
8c0e42a3  89           ?? 89h
8c0e42a4  53           ?? 53h    S
8c0e42a5  60           ?? 60h    `
8c0e42a6  15           ?? 15h
8c0e42a7  88           ?? 88h
8c0e42a8  58           ?? 58h    X
8c0e42a9  8b           ?? 8Bh
8c0e42aa  16           ?? 16h
8c0e42ab  d0           ?? D0h
8c0e42ac  0b           ?? 0Bh
8c0e42ad  00           ?? 00h
8c0e42ae  09           ?? 09h
8c0e42af  00           ?? 00h
8c0e42b0  13           ?? 13h
8c0e42b1  d0           ?? D0h
8c0e42b2  0b           ?? 0Bh
8c0e42b3  00           ?? 00h
8c0e42b4  09           ?? 09h
8c0e42b5  00           ?? 00h
8c0e42b6  11           ?? 11h
8c0e42b7  d0           ?? D0h
8c0e42b8  0b           ?? 0Bh
8c0e42b9  00           ?? 00h
8c0e42ba  09           ?? 09h
8c0e42bb  00           ?? 00h
8c0e42bc  0e           ?? 0Eh
8c0e42bd  d0           ?? D0h
8c0e42be  0b           ?? 0Bh
8c0e42bf  00           ?? 00h
8c0e42c0  09           ?? 09h
8c0e42c1  00           ?? 00h
8c0e42c2  0c           ?? 0Ch
8c0e42c3  d0           ?? D0h
8c0e42c4  0b           ?? 0Bh
8c0e42c5  00           ?? 00h
8c0e42c6  09           ?? 09h
8c0e42c7  00           ?? 00h
8c0e42c8  09           ?? 09h
8c0e42c9  d0           ?? D0h
8c0e42ca  0b           ?? 0Bh
8c0e42cb  00           ?? 00h
8c0e42cc  09           ?? 09h
8c0e42cd  00           ?? 00h
8c0e42ce  07           ?? 07h
8c0e42cf  d0           ?? D0h
8c0e42d0  0b           ?? 0Bh
8c0e42d1  00           ?? 00h
8c0e42d2  09           ?? 09h
8c0e42d3  00           ?? 00h
8c0e42d4  88 91 18 8c  addr 8c189188
8c0e42d8  10 91 18 8c  addr 8c189110
8c0e42dc  e8 90 18 8c  addr 8c1890e8
8c0e42e0  b4 90 18 8c  addr 8c1890b4
8c0e42e4  8c 90 18 8c  addr 8c18908c
8c0e42e8  64 90 18 8c  addr 8c189064
8c0e42ec  3c 90 18 8c  addr 8c18903c
8c0e42f0  10 90 18 8c  addr 8c189010
8c0e42f4  e0 8f 18 8c  addr 8c188fe0
8c0e42f8  c0 8f 18 8c  addr 8c188fc0
8c0e42fc  9c 8f 18 8c  addr 8c188f9c
8c0e4300  78 8f 18 8c  addr 8c188f78
8c0e4304  84 93 18 8c  addr 8c189384
8c0e4308  58           ?? 58h    X
8c0e4309  d0           ?? D0h
8c0e430a  0b           ?? 0Bh
8c0e430b  00           ?? 00h
8c0e430c  09           ?? 09h
8c0e430d  00           ?? 00h
8c0e430e  58           ?? 58h    X
8c0e430f  d0           ?? D0h
8c0e4310  0b           ?? 0Bh
8c0e4311  00           ?? 00h
8c0e4312  09           ?? 09h
8c0e4313  00           ?? 00h
8c0e4314  57           ?? 57h    W
8c0e4315  d0           ?? D0h
8c0e4316  0b           ?? 0Bh
8c0e4317  00           ?? 00h
8c0e4318  09           ?? 09h
8c0e4319  00           ?? 00h
8c0e431a  57           ?? 57h    W
8c0e431b  d0           ?? D0h
8c0e431c  0b           ?? 0Bh
8c0e431d  00           ?? 00h
8c0e431e  09           ?? 09h
8c0e431f  00           ?? 00h
8c0e4320  56           ?? 56h    V
8c0e4321  d0           ?? D0h
8c0e4322  0b           ?? 0Bh
8c0e4323  00           ?? 00h
8c0e4324  09           ?? 09h
8c0e4325  00           ?? 00h
8c0e4326  56           ?? 56h    V
8c0e4327  d0           ?? D0h
8c0e4328  0b           ?? 0Bh
8c0e4329  00           ?? 00h
8c0e432a  09           ?? 09h
8c0e432b  00           ?? 00h
8c0e432c  53           ?? 53h    S
8c0e432d  d0           ?? D0h
8c0e432e  0b           ?? 0Bh
8c0e432f  00           ?? 00h
8c0e4330  09           ?? 09h
8c0e4331  00           ?? 00h
8c0e4332  54           ?? 54h    T
8c0e4333  d0           ?? D0h
8c0e4334  0b           ?? 0Bh
8c0e4335  00           ?? 00h
8c0e4336  09           ?? 09h
8c0e4337  00           ?? 00h
8c0e4338  50           ?? 50h    P
8c0e4339  d0           ?? D0h
8c0e433a  0b           ?? 0Bh
8c0e433b  00           ?? 00h
8c0e433c  09           ?? 09h
8c0e433d  00           ?? 00h
8c0e433e  52           ?? 52h    R
8c0e433f  d0           ?? D0h
8c0e4340  0b           ?? 0Bh
8c0e4341  00           ?? 00h
8c0e4342  09           ?? 09h
8c0e4343  00           ?? 00h
8c0e4344  51           ?? 51h    Q
8c0e4345  d0           ?? D0h
8c0e4346  0b           ?? 0Bh
8c0e4347  00           ?? 00h
8c0e4348  09           ?? 09h
8c0e4349  00           ?? 00h
8c0e434a  51           ?? 51h    Q
8c0e434b  d0           ?? D0h
8c0e434c  0b           ?? 0Bh
8c0e434d  00           ?? 00h
8c0e434e  09           ?? 09h
8c0e434f  00           ?? 00h
8c0e4350  50           ?? 50h    P
8c0e4351  d0           ?? D0h
8c0e4352  0b           ?? 0Bh
8c0e4353  00           ?? 00h
8c0e4354  09           ?? 09h
8c0e4355  00           ?? 00h
8c0e4356  50           ?? 50h    P
8c0e4357  d0           ?? D0h
8c0e4358  0b           ?? 0Bh
8c0e4359  00           ?? 00h
8c0e435a  09           ?? 09h
8c0e435b  00           ?? 00h
8c0e435c  4f           ?? 4Fh    O
8c0e435d  d0           ?? D0h
8c0e435e  0b           ?? 0Bh
8c0e435f  00           ?? 00h
8c0e4360  09           ?? 09h
8c0e4361  00           ?? 00h
8c0e4362  e6           ?? E6h
8c0e4363  2f           ?? 2Fh    /
8c0e4364  22           ?? 22h    "
8c0e4365  4f           ?? 4Fh    O
8c0e4366  4e           ?? 4Eh    N
8c0e4367  d2           ?? D2h
8c0e4368  0b           ?? 0Bh
8c0e4369  42           ?? 42h    B
8c0e436a  43           ?? 43h    C
8c0e436b  6e           ?? 6Eh    n
8c0e436c  03           ?? 03h
8c0e436d  66           ?? 66h    f
8c0e436e  44           ?? 44h    D
8c0e436f  e0           ?? E0h
8c0e4370  66           ?? 66h    f
8c0e4371  0e           ?? 0Eh
8c0e4372  64           ?? 64h    d
8c0e4373  52           ?? 52h    R
8c0e4374  76           ?? 76h    v
8c0e4375  90           ?? 90h
8c0e4376  26           ?? 26h    &
8c0e4377  0e           ?? 0Eh
8c0e4378  4a           ?? 4Ah    J
8c0e4379  d2           ?? D2h
8c0e437a  0b           ?? 0Bh
8c0e437b  42           ?? 42h    B
8c0e437c  09           ?? 09h
8c0e437d  00           ?? 00h
8c0e437e  6c           ?? 6Ch    l
8c0e437f  e0           ?? E0h
8c0e4380  ee           ?? EEh
8c0e4381  04           ?? 04h
8c0e4382  48           ?? 48h    H
8c0e4383  24           ?? 24h    $
8c0e4384  05           ?? 05h
8c0e4385  89           ?? 89h
8c0e4386  48           ?? 48h    H
8c0e4387  d2           ?? D2h
8c0e4388  0b           ?? 0Bh
8c0e4389  42           ?? 42h    B
8c0e438a  09           ?? 09h
8c0e438b  00           ?? 00h
8c0e438c  00           ?? 00h
8c0e438d  e5           ?? E5h
8c0e438e  6c           ?? 6Ch    l
8c0e438f  e0           ?? E0h
8c0e4390  56           ?? 56h    V
8c0e4391  0e           ?? 0Eh
8c0e4392  00           ?? 00h
8c0e4393  e5           ?? E5h
8c0e4394  e3           ?? E3h
8c0e4395  64           ?? 64h    d
8c0e4396  6c           ?? 6Ch    l
8c0e4397  e0           ?? E0h
8c0e4398  56           ?? 56h    V
8c0e4399  0e           ?? 0Eh
8c0e439a  44           ?? 44h    D
8c0e439b  e0           ?? E0h
8c0e439c  ee           ?? EEh
8c0e439d  02           ?? 02h
8c0e439e  70           ?? 70h    p
8c0e439f  e0           ?? E0h
8c0e43a0  01           ?? 01h
8c0e43a1  e3           ?? E3h
8c0e43a2  56           ?? 56h    V
8c0e43a3  02           ?? 02h
8c0e43a4  44           ?? 44h    D
8c0e43a5  e0           ?? E0h
8c0e43a6  ee           ?? EEh
8c0e43a7  06           ?? 06h
8c0e43a8  70           ?? 70h    p
8c0e43a9  e0           ?? E0h
8c0e43aa  48           ?? 48h    H
8c0e43ab  74           ?? 74h    t
8c0e43ac  6e           ?? 6Eh    n
8c0e43ad  02           ?? 02h
8c0e43ae  6c           ?? 6Ch    l
8c0e43af  e0           ?? E0h
8c0e43b0  26           ?? 26h    &
8c0e43b1  06           ?? 06h
8c0e43b2  44           ?? 44h    D
8c0e43b3  e0           ?? E0h
8c0e43b4  ee           ?? EEh
8c0e43b5  06           ?? 06h
8c0e43b6  6c           ?? 6Ch    l
8c0e43b7  e0           ?? E0h
8c0e43b8  6e           ?? 6Eh    n
8c0e43b9  02           ?? 02h
8c0e43ba  68           ?? 68h    h
8c0e43bb  e0           ?? E0h
8c0e43bc  26           ?? 26h    &
8c0e43bd  06           ?? 06h
8c0e43be  44           ?? 44h    D
8c0e43bf  e0           ?? E0h
8c0e43c0  ee           ?? EEh
8c0e43c1  06           ?? 06h
8c0e43c2  68           ?? 68h    h
8c0e43c3  e0           ?? E0h
8c0e43c4  6e           ?? 6Eh    n
8c0e43c5  02           ?? 02h
8c0e43c6  64           ?? 64h    d
8c0e43c7  e0           ?? E0h
8c0e43c8  26           ?? 26h    &
8c0e43c9  06           ?? 06h
8c0e43ca  44           ?? 44h    D
8c0e43cb  e0           ?? E0h
8c0e43cc  ee           ?? EEh
8c0e43cd  06           ?? 06h
8c0e43ce  64           ?? 64h    d
8c0e43cf  e0           ?? E0h
8c0e43d0  6e           ?? 6Eh    n
8c0e43d1  02           ?? 02h
8c0e43d2  60           ?? 60h    `
8c0e43d3  e0           ?? E0h
8c0e43d4  26           ?? 26h    &
8c0e43d5  06           ?? 06h
8c0e43d6  44           ?? 44h    D
8c0e43d7  e0           ?? E0h
8c0e43d8  ee           ?? EEh
8c0e43d9  02           ?? 02h
8c0e43da  44           ?? 44h    D
8c0e43db  90           ?? 90h
8c0e43dc  56           ?? 56h    V
8c0e43dd  02           ?? 02h
8c0e43de  44           ?? 44h    D
8c0e43df  e0           ?? E0h
8c0e43e0  ee           ?? EEh
8c0e43e1  06           ?? 06h
8c0e43e2  e3           ?? E3h
8c0e43e3  65           ?? 65h    e
8c0e43e4  3f           ?? 3Fh    ?
8c0e43e5  90           ?? 90h
8c0e43e6  4c           ?? 4Ch    L
8c0e43e7  75           ?? 75h    u
8c0e43e8  6e           ?? 6Eh    n
8c0e43e9  02           ?? 02h
8c0e43ea  3d           ?? 3Dh    =
8c0e43eb  90           ?? 90h
8c0e43ec  26           ?? 26h    &
8c0e43ed  06           ?? 06h
8c0e43ee  44           ?? 44h    D
8c0e43ef  e0           ?? E0h
8c0e43f0  ee           ?? EEh
8c0e43f1  06           ?? 06h
8c0e43f2  39           ?? 39h    9
8c0e43f3  90           ?? 90h
8c0e43f4  6e           ?? 6Eh    n
8c0e43f5  02           ?? 02h
8c0e43f6  35           ?? 35h    5
8c0e43f7  90           ?? 90h
8c0e43f8  26           ?? 26h    &
8c0e43f9  06           ?? 06h
8c0e43fa  44           ?? 44h    D
8c0e43fb  e0           ?? E0h
8c0e43fc  ee           ?? EEh
8c0e43fd  06           ?? 06h
8c0e43fe  31           ?? 31h    1
8c0e43ff  90           ?? 90h
8c0e4400  6e           ?? 6Eh    n
8c0e4401  02           ?? 02h
8c0e4402  7c           ?? 7Ch    |
8c0e4403  e0           ?? E0h
8c0e4404  26           ?? 26h    &
8c0e4405  06           ?? 06h
8c0e4406  44           ?? 44h    D
8c0e4407  e0           ?? E0h
8c0e4408  ee           ?? EEh
8c0e4409  06           ?? 06h
8c0e440a  7c           ?? 7Ch    |
8c0e440b  e0           ?? E0h
8c0e440c  6e           ?? 6Eh    n
8c0e440d  02           ?? 02h
8c0e440e  78           ?? 78h    x
8c0e440f  e0           ?? E0h
8c0e4410  26           ?? 26h    &
8c0e4411  06           ?? 06h
8c0e4412  7c           ?? 7Ch    |
8c0e4413  e0           ?? E0h
8c0e4414  25           ?? 25h    %
8c0e4415  d2           ?? D2h
8c0e4416  0b           ?? 0Bh
8c0e4417  42           ?? 42h    B
8c0e4418  36           ?? 36h    6
8c0e4419  0e           ?? 0Eh
8c0e441a  03           ?? 03h
8c0e441b  62           ?? 62h    b
8c0e441c  68           ?? 68h    h
8c0e441d  e0           ?? E0h
8c0e441e  26           ?? 26h    &
8c0e441f  0e           ?? 0Eh
8c0e4420  10           ?? 10h
8c0e4421  7e           ?? 7Eh    ~
8c0e4422  23           ?? 23h    #
8c0e4423  d2           ?? D2h
8c0e4424  04           ?? 04h
8c0e4425  e5           ?? E5h
8c0e4426  e3           ?? E3h
8c0e4427  64           ?? 64h    d
8c0e4428  0b           ?? 0Bh
8c0e4429  42           ?? 42h    B
8c0e442a  8d           ?? 8Dh
8c0e442b  f4           ?? F4h
8c0e442c  26           ?? 26h    &
8c0e442d  4f           ?? 4Fh    O
8c0e442e  0b           ?? 0Bh
8c0e442f  00           ?? 00h
8c0e4430  f6           ?? F6h
8c0e4431  6e           ?? 6Eh    n
8c0e4432  5c e0        mov #0x5c,r0
8c0e4434  4e 02        mov.l @(r0,r4),r2
8c0e4436  23 60        mov r2,r0
8c0e4438  01 88        cmp/eq #0x1,r0
8c0e443a  0e 89        bt 0x8c0e445a
8c0e443c  23 60        mov r2,r0
8c0e443e  11 88        cmp/eq #0x11,r0
8c0e4440  0b 89        bt 0x8c0e445a
8c0e4442  23 60        mov r2,r0
8c0e4444  1c 88        cmp/eq #0x1c,r0
8c0e4446  0b 89        bt 0x8c0e4460
8c0e4448  23 60        mov r2,r0
8c0e444a  1e 88        cmp/eq #0x1e,r0
8c0e444c  08 89        bt 0x8c0e4460
8c0e444e  23 60        mov r2,r0
8c0e4450  21 88        cmp/eq #0x21,r0
8c0e4452  02 89        bt 0x8c0e445a
8c0e4454  06 e2        mov #0x6,r2
8c0e4456  0b 00        rts
8c0e4458  23 60        _mov r2,r0
8c0e445a  06 93        mov.w 0x8c0e446a,r3
8c0e445c  fb af        bra 0x8c0e4456
8c0e445e  3d 62        _extu.w r3,r2
8c0e4460  f9 af        bra 0x8c0e4456
8c0e4462  03 e2        _mov #0x3,r2
8c0e4464  80           ?? 80h
8c0e4465  00           ?? 00h
8c0e4466  88           ?? 88h
8c0e4467  00           ?? 00h
8c0e4468  84           ?? 84h
8c0e4469  00           ?? 00h
8c0e446a  e8 03        undefined2 03E8h
8c0e446c  64 90 18 8c  addr 8c189064
8c0e4470  8c 90 18 8c  addr 8c18908c
8c0e4474  b4 90 18 8c  addr 8c1890b4
8c0e4478  e8 90 18 8c  addr 8c1890e8
8c0e447c  10 91 18 8c  addr 8c189110
8c0e4480  88 91 18 8c  addr 8c189188
8c0e4484  f4 91 18 8c  addr 8c1891f4
8c0e4488  68 92 18 8c  addr 8c189268
8c0e448c  84 92 18 8c  addr 8c189284
8c0e4490  9c 92 18 8c  addr 8c18929c
8c0e4494  ec 92 18 8c  addr 8c1892ec
8c0e4498  38 93 18 8c  addr 8c189338
8c0e449c  d8 93 18 8c  addr 8c1893d8
8c0e44a0  8c 7a 0f 8c  addr 8c0f7a8c
8c0e44a4  88 7b 0f 8c  addr 8c0f7b88
8c0e44a8  ac a0 1d 8c  addr 8c1da0ac
8c0e44ac  e6 80 0f 8c  addr 8c0f80e6
8c0e44b0  5e ed 04 8c  addr 8c04ed5e
8c0e44b4  e6 2f        mov.l r14,@-r15
8c0e44b6  22 4f        sts.l PR,@-r15
8c0e44b8  fc 7f        add #-0x4,r15
8c0e44ba  43 6e        mov r4,r14
8c0e44bc  41 d2        mov.l 0x8c0e45c4,r2
8c0e44be  7e 94        mov.w 0x8c0e45be,r4
8c0e44c0  0b 42        jsr @r2
8c0e44c2  09 00        _nop
8c0e44c4  03 62        mov r0,r2
8c0e44c6  6c e0        mov #0x6c,r0
8c0e44c8  28 22        tst r2,r2
8c0e44ca  26 0e        mov.l r2,@(r0,r14)
8c0e44cc  04 89        bt 0x8c0e44d8
8c0e44ce  01 e0        mov #0x1,r0
8c0e44d0  04 7f        add #0x4,r15
8c0e44d2  26 4f        lds.l @r15+,PR
8c0e44d4  0b 00        rts
8c0e44d6  f6 6e        _mov.l @r15+,r14
8c0e44d8  ea 52        mov.l @(0x28,r14),r2
8c0e44da  60 72        add #0x60,r2
8c0e44dc  22 66        mov.l @r2,r6
8c0e44de  22 55        mov.l @(0x8,r2),r5
8c0e44e0  39 d2        mov.l 0x8c0e45c8,r2
8c0e44e2  6c 3e        add r6,r14
8c0e44e4  e3 64        mov r14,r4
8c0e44e6  0b 45        jsr @r5
8c0e44e8  22 2f        _mov.l r2,@r15
8c0e44ea  00 e0        mov #0x0,r0
8c0e44ec  f0 af        bra 0x8c0e44d0
8c0e44ee  09 00        _nop
8c0e44f0  e6           ?? E6h
8c0e44f1  2f           ?? 2Fh    /
8c0e44f2  22           ?? 22h    "
8c0e44f3  4f           ?? 4Fh    O
8c0e44f4  6c           ?? 6Ch    l
8c0e44f5  e0           ?? E0h
8c0e44f6  43           ?? 43h    C
8c0e44f7  6e           ?? 6Eh    n
8c0e44f8  4e           ?? 4Eh    N
8c0e44f9  04           ?? 04h
8c0e44fa  48           ?? 48h    H
8c0e44fb  24           ?? 24h    $
8c0e44fc  05           ?? 05h
8c0e44fd  89           ?? 89h
8c0e44fe  33           ?? 33h    3
8c0e44ff  d2           ?? D2h
8c0e4500  0b           ?? 0Bh
