; range: 8c089b1e - 8c089cc0

8c089b1e  d6 2f        mov.l r13,@-r15
8c089b20  e6 2f        mov.l r14,@-r15
8c089b22  22 4f        sts.l PR,@-r15
8c089b24  f8 7f        add #-0x8,r15
8c089b26  68 84        mov.b @(0x8,r6),r0
8c089b28  63 6e        mov r6,r14
8c089b2a  0c 60        extu.b r0,r0
8c089b2c  09 88        cmp/eq #0x9,r0
8c089b2e  18 8f        bf/s 0x8c089b62
8c089b30  53 6d        _mov r5,r13
8c089b32  52 d5        mov.l 0x8c089c7c,r5
8c089b34  e3 62        mov r14,r2
8c089b36  09 72        add #0x9,r2
8c089b38  0b 45        jsr @r5
8c089b3a  04 e1        _mov #0x4,r1
8c089b3c  03 66        mov r0,r6
8c089b3e  d2 85        mov.w @(0x4,r13),r0
8c089b40  0d 62        extu.w r0,r2
8c089b42  20 36        cmp/eq r2,r6
8c089b44  0d 8b        bf 0x8c089b62
8c089b46  e2 85        mov.w @(0x4,r14),r0
8c089b48  95 92        mov.w 0x8c089c76,r2
8c089b4a  0d 64        extu.w r0,r4
8c089b4c  2c 3d        add r2,r13
8c089b4e  43 62        mov r4,r2
8c089b50  23 66        mov r2,r6
8c089b52  08 42        shll2 r2
8c089b54  6c 32        add r6,r2
8c089b56  08 42        shll2 r2
8c089b58  2c 3d        add r2,r13
8c089b5a  d1 62        mov.w @r13,r2
8c089b5c  2d 62        extu.w r2,r2
8c089b5e  28 22        tst r2,r2
8c089b60  05 89        bt 0x8c089b6e
8c089b62  00 e0        mov #0x0,r0
8c089b64  08 7f        add #0x8,r15
8c089b66  26 4f        lds.l @r15+,PR
8c089b68  f6 6e        mov.l @r15+,r14
8c089b6a  0b 00        rts
8c089b6c  f6 6d        _mov.l @r15+,r13
8c089b6e  44 d6        mov.l 0x8c089c80,r6
8c089b70  4d 62        extu.w r4,r2
8c089b72  21 1f        mov.l r2,@(0x4,r15)
8c089b74  62 2f        mov.l r6,@r15
8c089b76  43 d6        mov.l 0x8c089c84,r6
8c089b78  43 d2        mov.l 0x8c089c88,r2
8c089b7a  0b 42        jsr @r2
8c089b7c  62 64        _mov.l @r6,r4
8c089b7e  01 e0        mov #0x1,r0
8c089b80  f0 af        bra 0x8c089b64
8c089b82  09 00        _nop
8c089b84  86 2f        mov.l r8,@-r15
8c089b86  96 2f        mov.l r9,@-r15
8c089b88  a6 2f        mov.l r10,@-r15
8c089b8a  b6 2f        mov.l r11,@-r15
8c089b8c  c6 2f        mov.l r12,@-r15
8c089b8e  d6 2f        mov.l r13,@-r15
8c089b90  e6 2f        mov.l r14,@-r15
8c089b92  cb ff        fmov.s fr12,@-r15
8c089b94  db ff        fmov.s fr13,@-r15
8c089b96  eb ff        fmov.s fr14,@-r15
8c089b98  fb ff        fmov.s fr15,@-r15
8c089b9a  22 4f        sts.l PR,@-r15
8c089b9c  d0 7f        add #-0x30,r15
8c089b9e  53 6e        mov r5,r14
8c089ba0  3c 7e        add #0x3c,r14
8c089ba2  e1 62        mov.w @r14,r2
8c089ba4  43 6a        mov r4,r10
8c089ba6  56 1f        mov.l r5,@(0x18,r15)
8c089ba8  00 eb        mov #0x0,r11
8c089baa  2d 62        extu.w r2,r2
8c089bac  28 22        tst r2,r2
8c089bae  54 8d        bt/s 0x8c089c5a
8c089bb0  e7 1f        _mov.l r14,@(0x1c,r15)
8c089bb2  f7 5e        mov.l @(0x1c,r15),r14
8c089bb4  60 90        mov.w 0x8c089c78,r0
8c089bb6  60 93        mov.w 0x8c089c7a,r3
8c089bb8  e3 6c        mov r14,r12
8c089bba  ee 06        mov.l @(r0,r14),r6
8c089bbc  15 46        cmp/pl r6
8c089bbe  47 8f        bf/s 0x8c089c50
8c089bc0  3c 3c        _add r3,r12
8c089bc2  32 c7        mova 0x8c089c8c,r0
8c089bc4  f7 53        mov.l @(0x1c,r15),r3
8c089bc6  08 fd        fmov.s @r0,fr13
8c089bc8  31 c7        mova 0x8c089c90,r0
8c089bca  08 ff        fmov.s @r0,fr15
8c089bcc  31 c7        mova 0x8c089c94,r0
8c089bce  38 1f        mov.l r3,@(0x20,r15)
8c089bd0  08 fc        fmov.s @r0,fr12
8c089bd2  c1 62        mov.w @r12,r2
8c089bd4  2d 62        extu.w r2,r2
8c089bd6  23 60        mov r2,r0
8c089bd8  01 88        cmp/eq #0x1,r0
8c089bda  5d 89        bt 0x8c089c98
8c089bdc  23 60        mov r2,r0
8c089bde  02 88        cmp/eq #0x2,r0
8c089be0  33 8b        bf 0x8c089c4a
8c089be2  c1 58        mov.l @(0x4,r12),r8
8c089be4  88 84        mov.b @(0x8,r8),r0
8c089be6  0c 60        extu.b r0,r0
8c089be8  09 88        cmp/eq #0x9,r0
8c089bea  0c 8f        bf/s 0x8c089c06
8c089bec  00 ee        _mov #0x0,r14
8c089bee  23 d5        mov.l 0x8c089c7c,r5
8c089bf0  83 62        mov r8,r2
8c089bf2  09 72        add #0x9,r2
8c089bf4  0b 45        jsr @r5
8c089bf6  04 e1        _mov #0x4,r1
8c089bf8  f6 51        mov.l @(0x18,r15),r1
8c089bfa  03 66        mov r0,r6
8c089bfc  12 85        mov.w @(0x4,r1),r0
8c089bfe  0d 62        extu.w r0,r2
8c089c00  20 36        cmp/eq r2,r6
8c089c02  00 8b        bf 0x8c089c06
8c089c04  01 ee        mov #0x1,r14
8c089c06  f8 53        mov.l @(0x20,r15),r3
8c089c08  31 85        mov.w @(0x2,r3),r0
8c089c0a  0d 66        extu.w r0,r6
8c089c0c  c1 85        mov.w @(0x2,r12),r0
8c089c0e  ff 76        add #-0x1,r6
8c089c10  63 30        cmp/ge r6,r0
8c089c12  03 65        mov r0,r5
8c089c14  51 8b        bf 0x8c089cba
8c089c16  f6 51        mov.l @(0x18,r15),r1
8c089c18  00 e3        mov #0x0,r3
8c089c1a  31 2c        mov.w r3,@r12
8c089c1c  01 e2        mov #0x1,r2
8c089c1e  12 85        mov.w @(0x4,r1),r0
8c089c20  0d 66        extu.w r0,r6
8c089c22  70 e0        mov #0x70,r0
8c089c24  6c 42        shad r6,r2
8c089c26  8e 06        mov.l @(r0,r8),r6
8c089c28  27 62        not r2,r2
8c089c2a  29 26        and r2,r6
8c089c2c  66 08        mov.l r6,@(r0,r8)
8c089c2e  f8 56        mov.l @(0x20,r15),r6
8c089c30  22 90        mov.w 0x8c089c78,r0
8c089c32  6e 02        mov.l @(r0,r6),r2
8c089c34  10 42        dt r2
8c089c36  26 06        mov.l r2,@(r0,r6)
8c089c38  03 8b        bf 0x8c089c42
8c089c3a  f8 53        mov.l @(0x20,r15),r3
8c089c3c  00 e0        mov #0x0,r0
8c089c3e  01 23        mov.w r0,@r3
8c089c40  31 81        mov.w r0,@(0x2,r3)
8c089c42  f7 53        mov.l @(0x1c,r15),r3
8c089c44  01 7b        add #0x1,r11
8c089c46  17 90        mov.w 0x8c089c78,r0
8c089c48  3e 06        mov.l @(r0,r3),r6
8c089c4a  63 3b        cmp/ge r6,r11
8c089c4c  c1 8f        bf/s 0x8c089bd2
8c089c4e  14 7c        _add #0x14,r12
8c089c50  f6 55        mov.l @(0x18,r15),r5
8c089c52  a3 64        mov r10,r4
8c089c54  53 66        mov r5,r6
8c089c56  39 b9        bsr 0x8c088ecc
8c089c58  02 76        _add #0x2,r6
8c089c5a  30 7f        add #0x30,r15
8c089c5c  26 4f        lds.l @r15+,PR
8c089c5e  f9 ff        fmov.s @r15+,fr15
8c089c60  f9 fe        fmov.s @r15+,fr14
8c089c62  f9 fd        fmov.s @r15+,fr13
8c089c64  f9 fc        fmov.s @r15+,fr12
8c089c66  f6 6e        mov.l @r15+,r14
8c089c68  f6 6d        mov.l @r15+,r13
8c089c6a  f6 6c        mov.l @r15+,r12
8c089c6c  f6 6b        mov.l @r15+,r11
8c089c6e  f6 6a        mov.l @r15+,r10
8c089c70  f6 69        mov.l @r15+,r9
8c089c72  0b 00        rts
8c089c74  f6 68        _mov.l @r15+,r8
8c089c76  40 10        undefined2 1040h
8c089c78  54 15        undefined2 1554h
8c089c7a  04 10        undefined2 1004h
8c089c7c  c8 e7 09 8c  addr 8c09e7c8
8c089c80  34 58 18 8c  addr 8c185834
8c089c84  60 c8 1b 8c  addr 8c1bc860
8c089c88  b0 35 09 8c  addr 8c0935b0
8c089c8c  00 00 70 41 00 00 c0 3f undefined8 3FC0000041700000h
8c089c94  ab aa 2a 3f  undefined4 3F2AAAABh
8c089c98  a2 60        mov.l @r10,r0
8c089c9a  02 c8        tst #0x2,r0
8c089c9c  0b 89        bt 0x8c089cb6
8c089c9e  fc f6        fmov fr15,fr6
8c089ca0  18 e0        mov #0x18,r0
8c089ca2  a6 f8        fmov.s @(r0,r10),fr8
8c089ca4  08 e0        mov #0x8,r0
8c089ca6  c6 f9        fmov.s @(r0,r12),fr9
8c089ca8  91 f8        fsub fr9,fr8
8c089caa  65 f8        fcmp/gt fr6,fr8
8c089cac  01 8b        bf 0x8c089cb2
8c089cae  02 e3        mov #0x2,r3
8c089cb0  31 2c        mov.w r3,@r12
8c089cb2  ca af        bra 0x8c089c4a
8c089cb4  01 7b        _add #0x1,r11
8c089cb6  f3 af        bra 0x8c089ca0
8c089cb8  cc f6        _fmov fr12,fr6
8c089cba  f8 53        mov.l @(0x20,r15),r3
8c089cbc  53 62        mov r5,r2
8c089cbe  08 42        shll2 r2
8c089cc0  04 73        add #0x4,r3
