; range: 8c011020 - 8c0110a0

8c011020  09 00        _nop
8c011022  22 4f        sts.l PR,@-r15
8c011024  41 54        mov.l @(0x4,r4),r4
8c011026  53 66        mov r5,r6
8c011028  1a d7        mov.l 0x8c011094,r7
8c01102a  0b 47        jsr @r7
8c01102c  02 e5        _mov #0x2,r5
8c01102e  26 4f        lds.l @r15+,PR
8c011030  0b 00        rts
8c011032  09 00        _nop
8c011034  22 4f        sts.l PR,@-r15
8c011036  41 54        mov.l @(0x4,r4),r4
8c011038  53 66        mov r5,r6
8c01103a  16 d7        mov.l 0x8c011094,r7
8c01103c  0b 47        jsr @r7
8c01103e  04 e5        _mov #0x4,r5
8c011040  26 4f        lds.l @r15+,PR
8c011042  0b 00        rts
8c011044  09 00        _nop
8c011046  0b 00        rts
8c011048  42 50        _mov.l @(0x8,r4),r0
8c01104a  22           ?? 22h    "
8c01104b  4f           ?? 4Fh    O
8c01104c  41           ?? 41h    A
8c01104d  52           ?? 52h    R
8c01104e  28           ?? 28h    (
8c01104f  22           ?? 22h    "
8c011050  03           ?? 03h
8c011051  89           ?? 89h
8c011052  11           ?? 11h
8c011053  d6           ?? D6h
8c011054  03           ?? 03h
8c011055  e5           ?? E5h
8c011056  0b           ?? 0Bh
8c011057  46           ?? 46h    F
8c011058  23           ?? 23h    #
8c011059  64           ?? 64h    d
8c01105a  26           ?? 26h    &
8c01105b  4f           ?? 4Fh    O
8c01105c  0b           ?? 0Bh
8c01105d  00           ?? 00h
8c01105e  09           ?? 09h
8c01105f  00           ?? 00h
8c011060  64 88 1d 8c  addr 8c1d8864
8c011064  ec 86 1d 8c  addr 8c1d86ec
8c011068  a0 d1 27 8c  undefined4 8C27D1A0h
8c01106c  4c c4 19 8c  addr 8c19c44c
8c011070  48 98 2d 8c  undefined4 8C2D9848h
8c011074  c4 7e 1d 8c  addr 8c1d7ec4
8c011078  8c 98 2d 8c  undefined4 8C2D988Ch
8c01107c  00 00 80 47  undefined4 47800000h
8c011080  00 00 b4 43  undefined4 43B40000h
8c011084  3c 82 1d 8c  addr 8c1d823c
8c011088  6c 83 1d 8c  addr 8c1d836c
8c01108c  1c 86 1d 8c  addr 8c1d861c
8c011090  e4 81 05 8c  addr 8c0581e4
8c011094  8a 81 05 8c  addr 8c05818a
8c011098  4e           ?? 4Eh    N
8c011099  84           ?? 84h
8c01109a  05           ?? 05h
8c01109b  8c           ?? 8Ch
8c01109c  42           ?? 42h    B
8c01109d  60           ?? 60h    `
8c01109e  01           ?? 01h
8c01109f  c8           ?? C8h
8c0110a0  02           ?? 02h
