; range: 8c0908d0 - 8c0909c0

8c0908d0  06 e1        mov #0x6,r1
8c0908d2  0b 4d        jsr @r13
8c0908d4  93 62        _mov r9,r2
8c0908d6  96 91        mov.w 0x8c090a06,r1
8c0908d8  93 62        mov r9,r2
8c0908da  0b 4d        jsr @r13
8c0908dc  0a 1f        _mov.l r0,@(0x28,r15)
8c0908de  92 91        mov.w 0x8c090a06,r1
8c0908e0  93 62        mov r9,r2
8c0908e2  0b 4d        jsr @r13
8c0908e4  09 1f        _mov.l r0,@(0x24,r15)
8c0908e6  b8 52        mov.l @(0x20,r11),r2
8c0908e8  06 e1        mov #0x6,r1
8c0908ea  08 1f        mov.l r0,@(0x20,r15)
8c0908ec  07 02        mul.l r0,r2
8c0908ee  93 62        mov r9,r2
8c0908f0  1a 06        sts MACL,r6
8c0908f2  0b 4d        jsr @r13
8c0908f4  67 1f        _mov.l r6,@(0x1c,r15)
8c0908f6  03 62        mov r0,r2
8c0908f8  86 90        mov.w 0x8c090a08,r0
8c0908fa  45 d3        mov.l 0x8c090a10,r3
8c0908fc  be 05        mov.l @(r0,r11),r5
8c0908fe  f7 50        mov.l @(0x1c,r15),r0
8c090900  f6 57        mov.l @(0x18,r15),r7
8c090902  2c 30        add r2,r0
8c090904  32 64        mov.l @r3,r4
8c090906  08 40        shll2 r0
8c090908  5e 02        mov.l @(r0,r5),r2
8c09090a  22 85        mov.w @(0x4,r2),r0
8c09090c  43 d2        mov.l 0x8c090a1c,r2
8c09090e  0d 66        extu.w r0,r6
8c090910  22 2f        mov.l r2,@r15
8c090912  fa 52        mov.l @(0x28,r15),r2
8c090914  63 1f        mov.l r6,@(0xc,r15)
8c090916  21 1f        mov.l r2,@(0x4,r15)
8c090918  f9 52        mov.l @(0x24,r15),r2
8c09091a  0b 47        jsr @r7
8c09091c  22 1f        _mov.l r2,@(0x8,r15)
8c09091e  c2 85        mov.w @(0x4,r12),r0
8c090920  3b d1        mov.l 0x8c090a10,r1
8c090922  3f d6        mov.l 0x8c090a20,r6
8c090924  0d 62        extu.w r0,r2
8c090926  f6 57        mov.l @(0x18,r15),r7
8c090928  12 64        mov.l @r1,r4
8c09092a  62 2f        mov.l r6,@r15
8c09092c  0b 47        jsr @r7
8c09092e  21 1f        _mov.l r2,@(0x4,r15)
8c090930  2c 7f        add #0x2c,r15
8c090932  26 4f        lds.l @r15+,PR
8c090934  f9 fe        fmov.s @r15+,fr14
8c090936  f6 6e        mov.l @r15+,r14
8c090938  f6 6d        mov.l @r15+,r13
8c09093a  f6 6c        mov.l @r15+,r12
8c09093c  f6 6b        mov.l @r15+,r11
8c09093e  f6 6a        mov.l @r15+,r10
8c090940  f6 69        mov.l @r15+,r9
8c090942  0b 00        rts
8c090944  f6 68        _mov.l @r15+,r8
8c090946  28 af        bra 0x8c09079a
8c090948  00 e2        _mov #0x0,r2
8c09094a  36 da        mov.l 0x8c090a24,r10
8c09094c  06 e1        mov #0x6,r1
8c09094e  0b 4a        jsr @r10
8c090950  93 62        _mov r9,r2
8c090952  58 91        mov.w 0x8c090a06,r1
8c090954  03 6d        mov r0,r13
8c090956  0b 4a        jsr @r10
8c090958  93 62        _mov r9,r2
8c09095a  33 d2        mov.l 0x8c090a28,r2
8c09095c  01 e7        mov #0x1,r7
8c09095e  03 6e        mov r0,r14
8c090960  b3 64        mov r11,r4
8c090962  03 66        mov r0,r6
8c090964  0b 42        jsr @r2
8c090966  d3 65        _mov r13,r5
8c090968  b8 52        mov.l @(0x20,r11),r2
8c09096a  4e 90        mov.w 0x8c090a0a,r0
8c09096c  e7 02        mul.l r14,r2
8c09096e  be 05        mov.l @(r0,r11),r5
8c090970  1a 00        sts MACL,r0
8c090972  dc 30        add r13,r0
8c090974  08 40        shll2 r0
8c090976  5e 06        mov.l @(r0,r5),r6
8c090978  68 26        tst r6,r6
8c09097a  21 89        bt 0x8c0909c0
8c09097c  62 50        mov.l @(0x8,r6),r0
8c09097e  02 88        cmp/eq #0x2,r0
8c090980  1e 8b        bf 0x8c0909c0
8c090982  2a c7        mova 0x8c090a2c,r0
8c090984  08 f9        fmov.s @r0,fr9
8c090986  20 e0        mov #0x20,r0
8c090988  29 d2        mov.l 0x8c090a30,r2
8c09098a  97 fc        fmov fr9,@(r0,r12)
8c09098c  c3 66        mov r12,r6
8c09098e  b2 54        mov.l @(0x8,r11),r4
8c090990  1c 76        add #0x1c,r6
8c090992  c3 67        mov r12,r7
8c090994  24 77        add #0x24,r7
8c090996  0b 42        jsr @r2
8c090998  93 65        _mov r9,r5
8c09099a  34 91        mov.w 0x8c090a06,r1
8c09099c  0b 4a        jsr @r10
8c09099e  93 62        _mov r9,r2
8c0909a0  b8 52        mov.l @(0x20,r11),r2
8c0909a2  06 e1        mov #0x6,r1
8c0909a4  07 02        mul.l r0,r2
8c0909a6  93 62        mov r9,r2
8c0909a8  1a 06        sts MACL,r6
8c0909aa  0b 4a        jsr @r10
8c0909ac  65 1f        _mov.l r6,@(0x14,r15)
8c0909ae  03 62        mov r0,r2
8c0909b0  2a 90        mov.w 0x8c090a08,r0
8c0909b2  be 05        mov.l @(r0,r11),r5
8c0909b4  f5 50        mov.l @(0x14,r15),r0
8c0909b6  2c 30        add r2,r0
8c0909b8  08 40        shll2 r0
8c0909ba  c6 05        mov.l r12,@(r0,r5)
8c0909bc  b8 af        bra 0x8c090930
8c0909be  09 00        _nop
8c0909c0  b8 52        mov.l @(0x20,r11),r2
