; range: 8c07feb0 - 8c07ff60

8c07feb0  f6 56        mov.l @(0x18,r15),r6
8c07feb2  03 65        mov r0,r5
8c07feb4  65 d3        mov.l 0x8c08004c,r3
8c07feb6  0b 43        jsr @r3
8c07feb8  e3 64        _mov r14,r4
8c07feba  e2 60        mov.l @r14,r0
8c07febc  02 c8        tst #0x2,r0
8c07febe  01 8b        bf 0x8c07fec4
8c07fec0  eb a0        bra 0x8c08009a
8c07fec2  09 00        _nop
8c07fec4  f6 56        mov.l @(0x18,r15),r6
8c07fec6  70 e0        mov #0x70,r0
8c07fec8  61 d2        mov.l 0x8c080050,r2
8c07feca  02 76        add #0x2,r6
8c07fecc  66 0f        mov.l r6,@(r0,r15)
8c07fece  68 26        tst r6,r6
8c07fed0  7c e0        mov #0x7c,r0
8c07fed2  26 0f        mov.l r2,@(r0,r15)
8c07fed4  ff 89        bt 0x8c07fed6
8c07fed6  70 e0        mov #0x70,r0
8c07fed8  d3 61        mov r13,r1
8c07feda  fe 02        mov.l @(r0,r15),r2
8c07fedc  7c e0        mov #0x7c,r0
8c07fede  fe 04        mov.l @(r0,r15),r4
8c07fee0  0b 44        jsr @r4
8c07fee2  f4 5e        _mov.l @(0x10,r15),r14
8c07fee4  03 62        mov r0,r2
8c07fee6  58 e0        mov #0x58,r0
8c07fee8  26 0f        mov.l r2,@(r0,r15)
8c07feea  70 e0        mov #0x70,r0
8c07feec  fe 02        mov.l @(r0,r15),r2
8c07feee  7c e0        mov #0x7c,r0
8c07fef0  fe 04        mov.l @(r0,r15),r4
8c07fef2  0b 44        jsr @r4
8c07fef4  06 e1        _mov #0x6,r1
8c07fef6  03 66        mov r0,r6
8c07fef8  9f 90        mov.w 0x8c08003a,r0
8c07fefa  e8 52        mov.l @(0x20,r14),r2
8c07fefc  ee 05        mov.l @(r0,r14),r5
8c07fefe  58 e0        mov #0x58,r0
8c07ff00  fe 04        mov.l @(r0,r15),r4
8c07ff02  47 02        mul.l r4,r2
8c07ff04  f6 52        mov.l @(0x18,r15),r2
8c07ff06  1a 00        sts MACL,r0
8c07ff08  6c 30        add r6,r0
8c07ff0a  08 40        shll2 r0
8c07ff0c  5e 06        mov.l @(r0,r5),r6
8c07ff0e  20 36        cmp/eq r2,r6
8c07ff10  29 02        movt r2
8c07ff12  28 22        tst r2,r2
8c07ff14  01 8b        bf 0x8c07ff1a
8c07ff16  c0 a0        bra 0x8c08009a
8c07ff18  09 00        _nop
8c07ff1a  f4 56        mov.l @(0x10,r15),r6
8c07ff1c  62 60        mov.l @r6,r0
8c07ff1e  02 c8        tst #0x2,r0
8c07ff20  01 8b        bf 0x8c07ff26
8c07ff22  77 a3        bra 0x8c080614
8c07ff24  09 00        _nop
8c07ff26  f6 56        mov.l @(0x18,r15),r6
8c07ff28  61 62        mov.w @r6,r2
8c07ff2a  2d 60        extu.w r2,r0
8c07ff2c  49 d2        mov.l 0x8c080054,r2
8c07ff2e  01 c8        tst #0x1,r0
8c07ff30  84 90        mov.w 0x8c08003c,r0
8c07ff32  26 0f        mov.l r2,@(r0,r15)
8c07ff34  01 8b        bf 0x8c07ff3a
8c07ff36  8f a3        bra 0x8c080658
8c07ff38  09 00        _nop
8c07ff3a  70 e0        mov #0x70,r0
8c07ff3c  d3 61        mov r13,r1
8c07ff3e  fe 02        mov.l @(r0,r15),r2
8c07ff40  7c e0        mov #0x7c,r0
8c07ff42  fe 04        mov.l @(r0,r15),r4
8c07ff44  0b 44        jsr @r4
8c07ff46  f4 5e        _mov.l @(0x10,r15),r14
8c07ff48  03 62        mov r0,r2
8c07ff4a  78 90        mov.w 0x8c08003e,r0
8c07ff4c  26 0f        mov.l r2,@(r0,r15)
8c07ff4e  70 e0        mov #0x70,r0
8c07ff50  fe 02        mov.l @(r0,r15),r2
8c07ff52  7c e0        mov #0x7c,r0
8c07ff54  fe 04        mov.l @(r0,r15),r4
8c07ff56  0b 44        jsr @r4
8c07ff58  06 e1        _mov #0x6,r1
8c07ff5a  03 66        mov r0,r6
8c07ff5c  6d 90        mov.w 0x8c08003a,r0
8c07ff5e  e8 55        mov.l @(0x20,r14),r5
8c07ff60  ee 04        mov.l @(r0,r14),r4
