; range: 8c0793c0 - 8c079430

8c0793c0  0b           ?? 0Bh
8c0793c1  42           ?? 42h    B
8c0793c2  8e           ?? 8Eh
8c0793c3  04           ?? 04h
8c0793c4  41           ?? 41h    A
8c0793c5  af           ?? AFh
8c0793c6  09           ?? 09h
8c0793c7  00           ?? 00h
8c0793c8  6c           ?? 6Ch    l
8c0793c9  07           ?? 07h
8c0793ca  05           ?? 05h
8c0793cb  06           ?? 06h
8c0793cc  a0           ?? A0h
8c0793cd  0a           ?? 0Ah
8c0793ce  04           ?? 04h
8c0793cf  0c           ?? 0Ch
8c0793d0  04           ?? 04h
8c0793d1  08           ?? 08h
8c0793d2  b4           ?? B4h
8c0793d3  08           ?? 08h
8c0793d4  e4 e7 09 8c  addr 8c09e7e4
8c0793d8  90 e7 09 8c  addr 8c09e790
8c0793dc  c0 9a 07 8c  addr 8c079ac0
8c0793e0  f2           ?? F2h
8c0793e1  5d           ?? 5Dh    ]
8c0793e2  06           ?? 06h
8c0793e3  e6           ?? E6h
8c0793e4  43           ?? 43h    C
8c0793e5  d5           ?? D5h
8c0793e6  63           ?? 63h    c
8c0793e7  61           ?? 61h    a
8c0793e8  0b           ?? 0Bh
8c0793e9  45           ?? 45h    E
8c0793ea  d3           ?? D3h
8c0793eb  62           ?? 62h    b
8c0793ec  7b           ?? 7Bh    {
8c0793ed  91           ?? 91h
8c0793ee  d3           ?? D3h
8c0793ef  62           ?? 62h    b
8c0793f0  40           ?? 40h    @
8c0793f1  d5           ?? D5h
8c0793f2  09           ?? 09h
8c0793f3  1f           ?? 1Fh
8c0793f4  0b           ?? 0Bh
8c0793f5  45           ?? 45h    E
8c0793f6  13           ?? 13h
8c0793f7  66           ?? 66h    f
8c0793f8  00           ?? 00h
8c0793f9  e2           ?? E2h
8c0793fa  f8           ?? F8h
8c0793fb  54           ?? 54h    T
8c0793fc  22           ?? 22h    "
8c0793fd  2f           ?? 2Fh    /
8c0793fe  ad           ?? ADh
8c0793ff  67           ?? 67h    g
8c079400  3d           ?? 3Dh    =
8c079401  d2           ?? D2h
8c079402  03           ?? 03h
8c079403  66           ?? 66h    f
8c079404  0b           ?? 0Bh
8c079405  42           ?? 42h    B
8c079406  f9           ?? F9h
8c079407  55           ?? 55h    U
8c079408  3c           ?? 3Ch    <
8c079409  d7           ?? D7h
8c07940a  6d           ?? 6Dh    m
8c07940b  92           ?? 92h
8c07940c  2c           ?? 2Ch    ,
8c07940d  37           ?? 37h    7
8c07940e  70           ?? 70h    p
8c07940f  62           ?? 62h    b
8c079410  2c           ?? 2Ch    ,
8c079411  62           ?? 62h    b
8c079412  28           ?? 28h    (
8c079413  22           ?? 22h    "
8c079414  12           ?? 12h
8c079415  8d           ?? 8Dh
8c079416  76           ?? 76h    v
8c079417  1f           ?? 1Fh
8c079418  39           ?? 39h    9
8c079419  d6           ?? D6h
8c07941a  62           ?? 62h    b
8c07941b  64           ?? 64h    d
8c07941c  47           ?? 47h    G
8c07941d  1f           ?? 1Fh
8c07941e  71           ?? 71h    q
8c07941f  84           ?? 84h
8c079420  38           ?? 38h    8
8c079421  d2           ?? D2h
8c079422  0b           ?? 0Bh
8c079423  42           ?? 42h    B
8c079424  0c           ?? 0Ch
8c079425  65           ?? 65h    e
8c079426  f6           ?? F6h
8c079427  57           ?? 57h    W
8c079428  37           ?? 37h    7
8c079429  d2           ?? D2h
8c07942a  72           ?? 72h    r
8c07942b  84           ?? 84h
8c07942c  f7           ?? F7h
8c07942d  54           ?? 54h    T
8c07942e  0c           ?? 0Ch
8c07942f  65           ?? 65h    e
8c079430  73           ?? 73h    s
