; range: 8c0731f0 - 8c073270

8c0731f0  ca           ?? CAh
8c0731f1  a0           ?? A0h
8c0731f2  09           ?? 09h
8c0731f3  00           ?? 00h
8c0731f4  22           ?? 22h    "
8c0731f5  a0           ?? A0h
8c0731f6  f3           ?? F3h
8c0731f7  55           ?? 55h    U
8c0731f8  68           ?? 68h    h
8c0731f9  07           ?? 07h
8c0731fa  8c           ?? 8Ch
8c0731fb  02           ?? 02h
8c0731fc  78           ?? 78h    x
8c0731fd  02           ?? 02h
8c0731fe  6c           ?? 6Ch    l
8c0731ff  07           ?? 07h
8c073200  70           ?? 70h    p
8c073201  07           ?? 07h
8c073202  b4           ?? B4h
8c073203  08           ?? 08h
8c073204  a0           ?? A0h
8c073205  08           ?? 08h
8c073206  48           ?? 48h    H
8c073207  07           ?? 07h
8c073208  c0           ?? C0h
8c073209  0a           ?? 0Ah
8c07320a  00           ?? 00h
8c07320b  00           ?? 00h
8c07320c  b0           ?? B0h
8c07320d  a4           ?? A4h
8c07320e  28           ?? 28h    (
8c07320f  8c           ?? 8Ch
8c073210  68 cc 04 8c  addr 8c04cc68
8c073214  94 ce 04 8c  addr 8c04ce94
8c073218  54 48 06 8c  addr 8c064854
8c07321c  62 1b 06 8c  addr 8c061b62
8c073220  ac 1b 06 8c  addr 8c061bac
8c073224  8c d3 07 8c  addr 8c07d38c
8c073228  04 4f 06 8c  addr 8c064f04
8c07322c  88 55 06 8c  addr 8c065588
8c073230  f2 9b 0b 8c  addr 8c0b9bf2
8c073234  38 9c 0b 8c  addr 8c0b9c38
8c073238  50 62 07 8c  addr 8c076250
8c07323c  10           ?? 10h
8c07323d  e0           ?? E0h
8c07323e  f1           ?? F1h
8c07323f  57           ?? 57h    W
8c073240  5c           ?? 5Ch    \
8c073241  02           ?? 02h
8c073242  01           ?? 01h
8c073243  77           ?? 77h    w
8c073244  23           ?? 23h    #
8c073245  60           ?? 60h    `
8c073246  80           ?? 80h
8c073247  c8           ?? C8h
8c073248  29           ?? 29h    )
8c073249  06           ?? 06h
8c07324a  71           ?? 71h    q
8c07324b  1f           ?? 1Fh
8c07324c  ff           ?? FFh
8c07324d  76           ?? 76h    v
8c07324e  6b           ?? 6Bh    k
8c07324f  60           ?? 60h    `
8c073250  89           ?? 89h
8c073251  22           ?? 22h    "
8c073252  80           ?? 80h
8c073253  c8           ?? C8h
8c073254  23           ?? 23h    #
8c073255  60           ?? 60h    `
8c073256  80           ?? 80h
8c073257  c8           ?? C8h
8c073258  87           ?? 87h
8c073259  90           ?? 90h
8c07325a  9e           ?? 9Eh
8c07325b  02           ?? 02h
8c07325c  23           ?? 23h    #
8c07325d  37           ?? 37h    7
8c07325e  9b           ?? 9Bh
8c07325f  8b           ?? 8Bh
8c073260  84           ?? 84h
8c073261  90           ?? 90h
8c073262  9e           ?? 9Eh
8c073263  02           ?? 02h
8c073264  68           ?? 68h    h
8c073265  e0           ?? E0h
8c073266  2e           ?? 2Eh    .
8c073267  0d           ?? 0Dh
8c073268  81           ?? 81h
8c073269  90           ?? 90h
8c07326a  9e           ?? 9Eh
8c07326b  02           ?? 02h
8c07326c  15           ?? 15h
8c07326d  42           ?? 42h    B
8c07326e  33           ?? 33h    3
8c07326f  8f           ?? 8Fh
8c073270  00           ?? 00h
