; range: 8c090bd0 - 8c090f40

8c090bd0  f6           ?? F6h
8c090bd1  6b           ?? 6Bh    k
8c090bd2  0b           ?? 0Bh
8c090bd3  00           ?? 00h
8c090bd4  f6           ?? F6h
8c090bd5  6a           ?? 6Ah    j
8c090bd6  48           ?? 48h    H
8c090bd7  84           ?? 84h
8c090bd8  0c           ?? 0Ch
8c090bd9  66           ?? 66h    f
8c090bda  63           ?? 63h    c
8c090bdb  60           ?? 60h    `
8c090bdc  04           ?? 04h
8c090bdd  c8           ?? C8h
8c090bde  f0           ?? F0h
8c090bdf  89           ?? 89h
8c090be0  a9           ?? A9h
8c090be1  26           ?? 26h    &
8c090be2  63           ?? 63h    c
8c090be3  60           ?? 60h    `
8c090be4  48           ?? 48h    H
8c090be5  80           ?? 80h
8c090be6  ec           ?? ECh
8c090be7  af           ?? AFh
8c090be8  09           ?? 09h
8c090be9  00           ?? 00h
8c090bea  96 2f        mov.l r9,@-r15
8c090bec  a6 2f        mov.l r10,@-r15
8c090bee  b6 2f        mov.l r11,@-r15
8c090bf0  c6 2f        mov.l r12,@-r15
8c090bf2  d6 2f        mov.l r13,@-r15
8c090bf4  e6 2f        mov.l r14,@-r15
8c090bf6  d8 7f        add #-0x28,r15
8c090bf8  41 5c        mov.l @(0x4,r4),r12
8c090bfa  43 69        mov r4,r9
8c090bfc  5b 90        mov.w 0x8c090cb6,r0
8c090bfe  00 ee        mov #0x0,r14
8c090c00  c3 1f        mov.l r12,@(0xc,r15)
8c090c02  0e 7c        add #0xe,r12
8c090c04  4e 0a        mov.l @(r0,r4),r10
8c090c06  00 ed        mov #0x0,r13
8c090c08  42 1f        mov.l r4,@(0x8,r15)
8c090c0a  00 e6        mov #0x0,r6
8c090c0c  08 e7        mov #0x8,r7
8c090c0e  4f 9b        mov.w 0x8c090cb0,r11
8c090c10  c3 60        mov r12,r0
8c090c12  6c 02        mov.b @(r0,r6),r2
8c090c14  2c 60        extu.b r2,r0
8c090c16  03 88        cmp/eq #0x3,r0
8c090c18  13 89        bt 0x8c090c42
8c090c1a  67 0b        mul.l r6,r11
8c090c1c  a3 65        mov r10,r5
8c090c1e  1a 02        sts MACL,r2
8c090c20  2c 35        add r2,r5
8c090c22  58 84        mov.b @(0x8,r5),r0
8c090c24  0c 60        extu.b r0,r0
8c090c26  04 c8        tst #0x4,r0
8c090c28  3b 89        bt 0x8c090ca2
8c090c2a  19 e0        mov #0x19,r0
8c090c2c  5c 04        mov.b @(r0,r5),r4
8c090c2e  4c 64        extu.b r4,r4
8c090c30  43 60        mov r4,r0
8c090c32  04 88        cmp/eq #0x4,r0
8c090c34  35 89        bt 0x8c090ca2
8c090c36  4c 60        extu.b r4,r0
8c090c38  05 88        cmp/eq #0x5,r0
8c090c3a  32 89        bt 0x8c090ca2
8c090c3c  01 e2        mov #0x1,r2
8c090c3e  6c 42        shad r6,r2
8c090c40  2b 2d        or r2,r13
8c090c42  10 47        dt r7
8c090c44  e4 8f        bf/s 0x8c090c10
8c090c46  01 76        _add #0x1,r6
8c090c48  e8 2e        tst r14,r14
8c090c4a  35 8b        bf 0x8c090cb8
8c090c4c  00 e5        mov #0x0,r5
8c090c4e  08 e7        mov #0x8,r7
8c090c50  2c ec        mov #0x2c,r12
8c090c52  91 52        mov.l @(0x4,r9),r2
8c090c54  53 60        mov r5,r0
8c090c56  0e 72        add #0xe,r2
8c090c58  2c 06        mov.b @(r0,r2),r6
8c090c5a  6c 60        extu.b r6,r0
8c090c5c  03 88        cmp/eq #0x3,r0
8c090c5e  15 89        bt 0x8c090c8c
8c090c60  01 e2        mov #0x1,r2
8c090c62  5c 42        shad r5,r2
8c090c64  23 60        mov r2,r0
8c090c66  00 c8        tst #0x0,r0
8c090c68  10 8b        bf 0x8c090c8c
8c090c6a  28 2d        tst r2,r13
8c090c6c  0e 89        bt 0x8c090c8c
8c090c6e  93 56        mov.l @(0xc,r9),r6
8c090c70  23 64        mov r2,r4
8c090c72  1f 90        mov.w 0x8c090cb4,r0
8c090c74  57 0c        mul.l r5,r12
8c090c76  6e 02        mov.l @(r0,r6),r2
8c090c78  4b 22        or r4,r2
8c090c7a  26 06        mov.l r2,@(r0,r6)
8c090c7c  1a 0e        sts MACL,r14
8c090c7e  93 54        mov.l @(0xc,r9),r4
8c090c80  43 62        mov r4,r2
8c090c82  ec 32        add r14,r2
8c090c84  22 56        mov.l @(0x8,r2),r6
8c090c86  ec 34        add r14,r4
8c090c88  01 76        add #0x1,r6
8c090c8a  62 14        mov.l r6,@(0x8,r4)
8c090c8c  10 47        dt r7
8c090c8e  e0 8f        bf/s 0x8c090c52
8c090c90  01 75        _add #0x1,r5
8c090c92  28 7f        add #0x28,r15
8c090c94  f6 6e        mov.l @r15+,r14
8c090c96  f6 6d        mov.l @r15+,r13
8c090c98  f6 6c        mov.l @r15+,r12
8c090c9a  f6 6b        mov.l @r15+,r11
8c090c9c  f6 6a        mov.l @r15+,r10
8c090c9e  0b 00        rts
8c090ca0  f6 69        _mov.l @r15+,r9
8c090ca2  01 e2        mov #0x1,r2
8c090ca4  6c 42        shad r6,r2
8c090ca6  27 62        not r2,r2
8c090ca8  29 2d        and r2,r13
8c090caa  ca af        bra 0x8c090c42
8c090cac  01 7e        _add #0x1,r14
8c090cae  90           ?? 90h
8c090caf  01           ?? 01h
8c090cb0  f4 15        undefined2 15F4h
8c090cb2  94           ?? 94h
8c090cb3  01           ?? 01h
8c090cb4  98 01        undefined2 0198h
8c090cb6  b0 0a        undefined2 0AB0h
8c090cb8  f3 53        mov.l @(0xc,r15),r3
8c090cba  32 84        mov.b @(0x2,r3),r0
8c090cbc  0c 62        extu.b r0,r2
8c090cbe  28 22        tst r2,r2
8c090cc0  55 89        bt 0x8c090d6e
8c090cc2  f3 53        mov.l @(0xc,r15),r3
8c090cc4  00 ed        mov #0x0,r13
8c090cc6  00 ee        mov #0x0,r14
8c090cc8  06 73        add #0x6,r3
8c090cca  00 e6        mov #0x0,r6
8c090ccc  08 e7        mov #0x8,r7
8c090cce  c3 60        mov r12,r0
8c090cd0  6c 02        mov.b @(r0,r6),r2
8c090cd2  2c 60        extu.b r2,r0
8c090cd4  03 88        cmp/eq #0x3,r0
8c090cd6  18 89        bt 0x8c090d0a
8c090cd8  67 0b        mul.l r6,r11
8c090cda  a3 65        mov r10,r5
8c090cdc  1a 02        sts MACL,r2
8c090cde  2c 35        add r2,r5
8c090ce0  58 84        mov.b @(0x8,r5),r0
8c090ce2  0c 60        extu.b r0,r0
8c090ce4  04 c8        tst #0x4,r0
8c090ce6  08 89        bt 0x8c090cfa
8c090ce8  19 e0        mov #0x19,r0
8c090cea  5c 04        mov.b @(r0,r5),r4
8c090cec  4c 64        extu.b r4,r4
8c090cee  43 60        mov r4,r0
8c090cf0  04 88        cmp/eq #0x4,r0
8c090cf2  02 89        bt 0x8c090cfa
8c090cf4  4c 60        extu.b r4,r0
8c090cf6  05 88        cmp/eq #0x5,r0
8c090cf8  07 8b        bf 0x8c090d0a
8c090cfa  33 60        mov r3,r0
8c090cfc  6c 02        mov.b @(r0,r6),r2
8c090cfe  2c 60        extu.b r2,r0
8c090d00  01 88        cmp/eq #0x1,r0
8c090d02  01 89        bt 0x8c090d08
8c090d04  a6 a0        bra 0x8c090e54
8c090d06  09 00        _nop
8c090d08  01 7e        add #0x1,r14
8c090d0a  10 47        dt r7
8c090d0c  df 8f        bf/s 0x8c090cce
8c090d0e  01 76        _add #0x1,r6
8c090d10  e8 2e        tst r14,r14
8c090d12  01 8b        bf 0x8c090d18
8c090d14  a7 a0        bra 0x8c090e66
8c090d16  09 00        _nop
8c090d18  d8 2d        tst r13,r13
8c090d1a  01 8b        bf 0x8c090d20
8c090d1c  a3 a0        bra 0x8c090e66
8c090d1e  09 00        _nop
8c090d20  d0 3e        cmp/eq r13,r14
8c090d22  01 89        bt 0x8c090d28
8c090d24  02 a1        bra 0x8c090f2c
8c090d26  09 00        _nop
8c090d28  00 e5        mov #0x0,r5
8c090d2a  08 ee        mov #0x8,r14
8c090d2c  2c ed        mov #0x2c,r13
8c090d2e  91 52        mov.l @(0x4,r9),r2
8c090d30  53 60        mov r5,r0
8c090d32  0e 72        add #0xe,r2
8c090d34  2c 06        mov.b @(r0,r2),r6
8c090d36  6c 60        extu.b r6,r0
8c090d38  03 88        cmp/eq #0x3,r0
8c090d3a  13 89        bt 0x8c090d64
8c090d3c  93 54        mov.l @(0xc,r9),r4
8c090d3e  01 e6        mov #0x1,r6
8c090d40  52 90        mov.w 0x8c090de8,r0
8c090d42  5c 46        shad r5,r6
8c090d44  4e 02        mov.l @(r0,r4),r2
8c090d46  68 22        tst r6,r2
8c090d48  0c 8b        bf 0x8c090d64
8c090d4a  4e 90        mov.w 0x8c090dea,r0
8c090d4c  57 0d        mul.l r5,r13
8c090d4e  4e 02        mov.l @(r0,r4),r2
8c090d50  6b 22        or r6,r2
8c090d52  26 04        mov.l r2,@(r0,r4)
8c090d54  1a 07        sts MACL,r7
8c090d56  93 54        mov.l @(0xc,r9),r4
8c090d58  43 62        mov r4,r2
8c090d5a  7c 32        add r7,r2
8c090d5c  22 56        mov.l @(0x8,r2),r6
8c090d5e  7c 34        add r7,r4
8c090d60  01 76        add #0x1,r6
8c090d62  62 14        mov.l r6,@(0x8,r4)
8c090d64  10 4e        dt r14
8c090d66  e2 8f        bf/s 0x8c090d2e
8c090d68  01 75        _add #0x1,r5
8c090d6a  92 af        bra 0x8c090c92
8c090d6c  09 00        _nop
8c090d6e  e3 60        mov r14,r0
8c090d70  01 88        cmp/eq #0x1,r0
8c090d72  4c 8b        bf 0x8c090e0e
8c090d74  00 e5        mov #0x0,r5
8c090d76  08 ee        mov #0x8,r14
8c090d78  2c ec        mov #0x2c,r12
8c090d7a  91 52        mov.l @(0x4,r9),r2
8c090d7c  53 60        mov r5,r0
8c090d7e  0e 72        add #0xe,r2
8c090d80  2c 06        mov.b @(r0,r2),r6
8c090d82  6c 60        extu.b r6,r0
8c090d84  03 88        cmp/eq #0x3,r0
8c090d86  12 89        bt 0x8c090dae
8c090d88  01 e2        mov #0x1,r2
8c090d8a  5c 42        shad r5,r2
8c090d8c  28 2d        tst r2,r13
8c090d8e  2e 89        bt 0x8c090dee
8c090d90  93 56        mov.l @(0xc,r9),r6
8c090d92  23 64        mov r2,r4
8c090d94  28 90        mov.w 0x8c090de8,r0
8c090d96  57 0c        mul.l r5,r12
8c090d98  6e 02        mov.l @(r0,r6),r2
8c090d9a  4b 22        or r4,r2
8c090d9c  26 06        mov.l r2,@(r0,r6)
8c090d9e  1a 07        sts MACL,r7
8c090da0  93 54        mov.l @(0xc,r9),r4
8c090da2  43 62        mov r4,r2
8c090da4  7c 32        add r7,r2
8c090da6  21 56        mov.l @(0x4,r2),r6
8c090da8  7c 34        add r7,r4
8c090daa  01 76        add #0x1,r6
8c090dac  61 14        mov.l r6,@(0x4,r4)
8c090dae  10 4e        dt r14
8c090db0  e3 8f        bf/s 0x8c090d7a
8c090db2  01 75        _add #0x1,r5
8c090db4  93 52        mov.l @(0xc,r9),r2
8c090db6  00 e3        mov #0x0,r3
8c090db8  18 90        mov.w 0x8c090dec,r0
8c090dba  00 e7        mov #0x0,r7
8c090dbc  73 6e        mov r7,r14
8c090dbe  08 e4        mov #0x8,r4
8c090dc0  36 02        mov.l r3,@(r0,r2)
8c090dc2  93 55        mov.l @(0xc,r9),r5
8c090dc4  12 90        mov.w 0x8c090dec,r0
8c090dc6  53 62        mov r5,r2
8c090dc8  7c 32        add r7,r2
8c090dca  22 66        mov.l @r2,r6
8c090dcc  5e 02        mov.l @(r0,r5),r2
8c090dce  27 36        cmp/gt r2,r6
8c090dd0  04 8b        bf 0x8c090ddc
8c090dd2  53 62        mov r5,r2
8c090dd4  ec 32        add r14,r2
8c090dd6  22 66        mov.l @r2,r6
8c090dd8  08 90        mov.w 0x8c090dec,r0
8c090dda  66 05        mov.l r6,@(r0,r5)
8c090ddc  10 44        dt r4
8c090dde  2c 7e        add #0x2c,r14
8c090de0  ef 8f        bf/s 0x8c090dc2
8c090de2  2c 77        _add #0x2c,r7
8c090de4  55 af        bra 0x8c090c92
8c090de6  09 00        _nop
8c090de8  94 01        undefined2 0194h
8c090dea  98 01        undefined2 0198h
8c090dec  64 01        undefined2 0164h
8c090dee  93 56        mov.l @(0xc,r9),r6
8c090df0  23 64        mov r2,r4
8c090df2  95 90        mov.w 0x8c090f20,r0
8c090df4  57 0c        mul.l r5,r12
8c090df6  6e 02        mov.l @(r0,r6),r2
8c090df8  4b 22        or r4,r2
8c090dfa  26 06        mov.l r2,@(r0,r6)
8c090dfc  1a 07        sts MACL,r7
8c090dfe  93 54        mov.l @(0xc,r9),r4
8c090e00  43 62        mov r4,r2
8c090e02  7c 32        add r7,r2
8c090e04  22 66        mov.l @r2,r6
8c090e06  7c 34        add r7,r4
8c090e08  01 76        add #0x1,r6
8c090e0a  d0 af        bra 0x8c090dae
8c090e0c  62 24        _mov.l r6,@r4
8c090e0e  00 e5        mov #0x0,r5
8c090e10  08 ee        mov #0x8,r14
8c090e12  2c ed        mov #0x2c,r13
8c090e14  91 52        mov.l @(0x4,r9),r2
8c090e16  53 60        mov r5,r0
8c090e18  0e 72        add #0xe,r2
8c090e1a  2c 06        mov.b @(r0,r2),r6
8c090e1c  6c 60        extu.b r6,r0
8c090e1e  03 88        cmp/eq #0x3,r0
8c090e20  13 89        bt 0x8c090e4a
8c090e22  93 54        mov.l @(0xc,r9),r4
8c090e24  01 e6        mov #0x1,r6
8c090e26  7c 90        mov.w 0x8c090f22,r0
8c090e28  5c 46        shad r5,r6
8c090e2a  4e 02        mov.l @(r0,r4),r2
8c090e2c  68 22        tst r6,r2
8c090e2e  0c 8b        bf 0x8c090e4a
8c090e30  78 90        mov.w 0x8c090f24,r0
8c090e32  57 0d        mul.l r5,r13
8c090e34  4e 02        mov.l @(r0,r4),r2
8c090e36  6b 22        or r6,r2
8c090e38  26 04        mov.l r2,@(r0,r4)
8c090e3a  1a 07        sts MACL,r7
8c090e3c  93 54        mov.l @(0xc,r9),r4
8c090e3e  43 62        mov r4,r2
8c090e40  7c 32        add r7,r2
8c090e42  22 56        mov.l @(0x8,r2),r6
8c090e44  7c 34        add r7,r4
8c090e46  01 76        add #0x1,r6
8c090e48  62 14        mov.l r6,@(0x8,r4)
8c090e4a  10 4e        dt r14
8c090e4c  e2 8f        bf/s 0x8c090e14
8c090e4e  01 75        _add #0x1,r5
8c090e50  1f af        bra 0x8c090c92
8c090e52  09 00        _nop
8c090e54  33 60        mov r3,r0
8c090e56  6c 02        mov.b @(r0,r6),r2
8c090e58  2c 60        extu.b r2,r0
8c090e5a  02 88        cmp/eq #0x2,r0
8c090e5c  01 89        bt 0x8c090e62
8c090e5e  54 af        bra 0x8c090d0a
8c090e60  09 00        _nop
8c090e62  52 af        bra 0x8c090d0a
8c090e64  01 7d        _add #0x1,r13
8c090e66  00 e3        mov #0x0,r3
8c090e68  d7 3e        cmp/gt r13,r14
8c090e6a  34 1f        mov.l r3,@(0x10,r15)
8c090e6c  42 8f        bf/s 0x8c090ef4
8c090e6e  35 1f        _mov.l r3,@(0x14,r15)
8c090e70  01 e2        mov #0x1,r2
8c090e72  26 1f        mov.l r2,@(0x18,r15)
8c090e74  00 e5        mov #0x0,r5
8c090e76  f2 5a        mov.l @(0x8,r15),r10
8c090e78  08 ee        mov #0x8,r14
8c090e7a  f6 59        mov.l @(0x18,r15),r9
8c090e7c  f4 5c        mov.l @(0x10,r15),r12
8c090e7e  2c e1        mov #0x2c,r1
8c090e80  f5 5b        mov.l @(0x14,r15),r11
8c090e82  a1 5d        mov.l @(0x4,r10),r13
8c090e84  53 60        mov r5,r0
8c090e86  d3 66        mov r13,r6
8c090e88  0e 76        add #0xe,r6
8c090e8a  6c 02        mov.b @(r0,r6),r2
8c090e8c  2c 60        extu.b r2,r0
8c090e8e  03 88        cmp/eq #0x3,r0
8c090e90  12 89        bt 0x8c090eb8
8c090e92  d3 66        mov r13,r6
8c090e94  06 76        add #0x6,r6
8c090e96  53 60        mov r5,r0
8c090e98  6c 02        mov.b @(r0,r6),r2
8c090e9a  2c 62        extu.b r2,r2
8c090e9c  90 32        cmp/eq r9,r2
8c090e9e  2b 8b        bf 0x8c090ef8
8c090ea0  57 01        mul.l r5,r1
8c090ea2  a3 54        mov.l @(0xc,r10),r4
8c090ea4  01 e2        mov #0x1,r2
8c090ea6  5c 42        shad r5,r2
8c090ea8  1a 07        sts MACL,r7
8c090eaa  2b 2c        or r2,r12
8c090eac  43 62        mov r4,r2
8c090eae  7c 32        add r7,r2
8c090eb0  22 66        mov.l @r2,r6
8c090eb2  7c 34        add r7,r4
8c090eb4  01 76        add #0x1,r6
8c090eb6  62 24        mov.l r6,@r4
8c090eb8  10 4e        dt r14
8c090eba  e2 8f        bf/s 0x8c090e82
8c090ebc  01 75        _add #0x1,r5
8c090ebe  a3 52        mov.l @(0xc,r10),r2
8c090ec0  2e 90        mov.w 0x8c090f20,r0
8c090ec2  d9 1f        mov.l r13,@(0x24,r15)
8c090ec4  c6 02        mov.l r12,@(r0,r2)
8c090ec6  a3 52        mov.l @(0xc,r10),r2
8c090ec8  2b 90        mov.w 0x8c090f22,r0
8c090eca  b6 02        mov.l r11,@(r0,r2)
8c090ecc  93 60        mov r9,r0
8c090ece  01 88        cmp/eq #0x1,r0
8c090ed0  1f 8b        bf 0x8c090f12
8c090ed2  a3 56        mov.l @(0xc,r10),r6
8c090ed4  27 90        mov.w 0x8c090f26,r0
8c090ed6  6e 02        mov.l @(r0,r6),r2
8c090ed8  01 72        add #0x1,r2
8c090eda  26 06        mov.l r2,@(r0,r6)
8c090edc  a3 55        mov.l @(0xc,r10),r5
8c090ede  22 90        mov.w 0x8c090f26,r0
8c090ee0  5e 06        mov.l @(r0,r5),r6
8c090ee2  21 90        mov.w 0x8c090f28,r0
8c090ee4  5e 02        mov.l @(r0,r5),r2
8c090ee6  23 36        cmp/ge r2,r6
8c090ee8  00 8b        bf 0x8c090eec
8c090eea  63 62        mov r6,r2
8c090eec  1d 90        mov.w 0x8c090f2a,r0
8c090eee  26 05        mov.l r2,@(r0,r5)
8c090ef0  cf ae        bra 0x8c090c92
8c090ef2  09 00        _nop
8c090ef4  bd af        bra 0x8c090e72
8c090ef6  02 e2        _mov #0x2,r2
8c090ef8  57 01        mul.l r5,r1
8c090efa  a3 54        mov.l @(0xc,r10),r4
8c090efc  01 e2        mov #0x1,r2
8c090efe  5c 42        shad r5,r2
8c090f00  1a 07        sts MACL,r7
8c090f02  2b 2b        or r2,r11
8c090f04  43 62        mov r4,r2
8c090f06  7c 32        add r7,r2
8c090f08  21 56        mov.l @(0x4,r2),r6
8c090f0a  7c 34        add r7,r4
8c090f0c  01 76        add #0x1,r6
8c090f0e  d3 af        bra 0x8c090eb8
8c090f10  61 14        _mov.l r6,@(0x4,r4)
8c090f12  a3 56        mov.l @(0xc,r10),r6
8c090f14  08 90        mov.w 0x8c090f28,r0
8c090f16  6e 02        mov.l @(r0,r6),r2
8c090f18  01 72        add #0x1,r2
8c090f1a  26 06        mov.l r2,@(r0,r6)
8c090f1c  de af        bra 0x8c090edc
8c090f1e  09 00        _nop
8c090f20  90 01        undefined2 0190h
8c090f22  94 01        undefined2 0194h
8c090f24  98 01        undefined2 0198h
8c090f26  68 01        undefined2 0168h
8c090f28  6c 01        undefined2 016Ch
8c090f2a  64 01        undefined2 0164h
8c090f2c  d7 3e        cmp/gt r13,r14
8c090f2e  46 8f        bf/s 0x8c090fbe
8c090f30  93 54        _mov.l @(0xc,r9),r4
8c090f32  08 ee        mov #0x8,r14
8c090f34  e1 1f        mov.l r14,@(0x4,r15)
8c090f36  00 e5        mov #0x0,r5
8c090f38  2c ed        mov #0x2c,r13
8c090f3a  91 56        mov.l @(0x4,r9),r6
8c090f3c  53 60        mov r5,r0
8c090f3e  67 1f        mov.l r6,@(0x1c,r15)
8c090f40  0e 76        add #0xe,r6
