; range: 8c0e7400 - 8c0e7800

8c0e7400  43 6e        _mov r4,r14
8c0e7402  00 e0        mov #0x0,r0
8c0e7404  26 4f        lds.l @r15+,PR
8c0e7406  f6 6e        mov.l @r15+,r14
8c0e7408  0b 00        rts
8c0e740a  f6 6d        _mov.l @r15+,r13
8c0e740c  40 d5        mov.l 0x8c0e7510,r5
8c0e740e  7d 90        mov.w 0x8c0e750c,r0
8c0e7410  52 62        mov.l @r5,r2
8c0e7412  43 d6        mov.l 0x8c0e7520,r6
8c0e7414  2e 04        mov.l @(r0,r2),r4
8c0e7416  43 d2        mov.l 0x8c0e7524,r2
8c0e7418  0b 42        jsr @r2
8c0e741a  d3 65        _mov r13,r5
8c0e741c  11 40        cmp/pz r0
8c0e741e  02 89        bt 0x8c0e7426
8c0e7420  00 e0        mov #0x0,r0
8c0e7422  ef af        bra 0x8c0e7404
8c0e7424  09 00        _nop
8c0e7426  3d d2        mov.l 0x8c0e751c,r2
8c0e7428  e3 64        mov r14,r4
8c0e742a  3c 74        add #0x3c,r4
8c0e742c  17 e5        mov #0x17,r5
8c0e742e  0b 42        jsr @r2
8c0e7430  00 e6        _mov #0x0,r6
8c0e7432  60 e0        mov #0x60,r0
8c0e7434  e6 f8        fmov.s @(r0,r14),fr8
8c0e7436  64 e0        mov #0x64,r0
8c0e7438  87 fe        fmov fr8,@(r0,r14)
8c0e743a  68 e0        mov #0x68,r0
8c0e743c  ee 04        mov.l @(r0,r14),r4
8c0e743e  48 24        tst r4,r4
8c0e7440  0a 89        bt 0x8c0e7458
8c0e7442  39 d2        mov.l 0x8c0e7528,r2
8c0e7444  0b 42        jsr @r2
8c0e7446  09 00        _nop
8c0e7448  68 e0        mov #0x68,r0
8c0e744a  38 d2        mov.l 0x8c0e752c,r2
8c0e744c  ee 04        mov.l @(r0,r14),r4
8c0e744e  0b 42        jsr @r2
8c0e7450  03 e5        _mov #0x3,r5
8c0e7452  00 e2        mov #0x0,r2
8c0e7454  68 e0        mov #0x68,r0
8c0e7456  26 0e        mov.l r2,@(r0,r14)
8c0e7458  35 d2        mov.l 0x8c0e7530,r2
8c0e745a  0b 42        jsr @r2
8c0e745c  00 e4        _mov #0x0,r4
8c0e745e  03 64        mov r0,r4
8c0e7460  68 e0        mov #0x68,r0
8c0e7462  34 d2        mov.l 0x8c0e7534,r2
8c0e7464  d3 65        mov r13,r5
8c0e7466  0b 42        jsr @r2
8c0e7468  46 0e        _mov.l r4,@(r0,r14)
8c0e746a  01 e0        mov #0x1,r0
8c0e746c  ca af        bra 0x8c0e7404
8c0e746e  09 00        _nop
8c0e7470  d6           ?? D6h
8c0e7471  2f           ?? 2Fh    /
8c0e7472  e6           ?? E6h
8c0e7473  2f           ?? 2Fh    /
8c0e7474  22           ?? 22h    "
8c0e7475  4f           ?? 4Fh    O
8c0e7476  f8           ?? F8h
8c0e7477  7f           ?? 7Fh    
8c0e7478  40           ?? 40h    @
8c0e7479  e0           ?? E0h
8c0e747a  43           ?? 43h    C
8c0e747b  6e           ?? 6Eh    n
8c0e747c  4e           ?? 4Eh    N
8c0e747d  02           ?? 02h
8c0e747e  28           ?? 28h    (
8c0e747f  22           ?? 22h    "
8c0e7480  06           ?? 06h
8c0e7481  8d           ?? 8Dh
8c0e7482  7d           ?? 7Dh    }
8c0e7483  67           ?? 67h    g
8c0e7484  00           ?? 00h
8c0e7485  e0           ?? E0h
8c0e7486  08           ?? 08h
8c0e7487  7f           ?? 7Fh    
8c0e7488  26           ?? 26h    &
8c0e7489  4f           ?? 4Fh    O
8c0e748a  f6           ?? F6h
8c0e748b  6e           ?? 6Eh    n
8c0e748c  0b           ?? 0Bh
8c0e748d  00           ?? 00h
8c0e748e  f6           ?? F6h
8c0e748f  6d           ?? 6Dh    m
8c0e7490  1f           ?? 1Fh
8c0e7491  d4           ?? D4h
8c0e7492  29           ?? 29h    )
8c0e7493  d2           ?? D2h
8c0e7494  42           ?? 42h    B
8c0e7495  6d           ?? 6Dh    m
8c0e7496  39           ?? 39h    9
8c0e7497  90           ?? 90h
8c0e7498  21           ?? 21h    !
8c0e7499  1f           ?? 1Fh
8c0e749a  de           ?? DEh
8c0e749b  04           ?? 04h
8c0e749c  00           ?? 00h
8c0e749d  ed           ?? EDh
8c0e749e  27           ?? 27h    '
8c0e749f  d2           ?? D2h
8c0e74a0  0b           ?? 0Bh
8c0e74a1  42           ?? 42h    B
8c0e74a2  d2           ?? D2h
8c0e74a3  2f           ?? 2Fh    /
8c0e74a4  11           ?? 11h
8c0e74a5  40           ?? 40h    @
8c0e74a6  02           ?? 02h
8c0e74a7  89           ?? 89h
8c0e74a8  00           ?? 00h
8c0e74a9  e0           ?? E0h
8c0e74aa  ec           ?? ECh
8c0e74ab  af           ?? AFh
8c0e74ac  09           ?? 09h
8c0e74ad  00           ?? 00h
8c0e74ae  1b           ?? 1Bh
8c0e74af  d2           ?? D2h
8c0e74b0  e3           ?? E3h
8c0e74b1  64           ?? 64h    d
8c0e74b2  3c           ?? 3Ch    <
8c0e74b3  74           ?? 74h    t
8c0e74b4  0d           ?? 0Dh
8c0e74b5  e5           ?? E5h
8c0e74b6  0b           ?? 0Bh
8c0e74b7  42           ?? 42h    B
8c0e74b8  00           ?? 00h
8c0e74b9  e6           ?? E6h
8c0e74ba  60           ?? 60h    `
8c0e74bb  e0           ?? E0h
8c0e74bc  e6           ?? E6h
8c0e74bd  f8           ?? F8h
8c0e74be  64           ?? 64h    d
8c0e74bf  e0           ?? E0h
8c0e74c0  87           ?? 87h
8c0e74c1  fe           ?? FEh
8c0e74c2  01           ?? 01h
8c0e74c3  e0           ?? E0h
8c0e74c4  df           ?? DFh
8c0e74c5  af           ?? AFh
8c0e74c6  09           ?? 09h
8c0e74c7  00           ?? 00h
8c0e74c8  22           ?? 22h    "
8c0e74c9  4f           ?? 4Fh    O
8c0e74ca  1d           ?? 1Dh
8c0e74cb  d6           ?? D6h
8c0e74cc  68           ?? 68h    h
8c0e74cd  e0           ?? E0h
8c0e74ce  62           ?? 62h    b
8c0e74cf  62           ?? 62h    b
8c0e74d0  2e           ?? 2Eh    .
8c0e74d1  04           ?? 04h
8c0e74d2  48           ?? 48h    H
8c0e74d3  24           ?? 24h    $
8c0e74d4  02           ?? 02h
8c0e74d5  89           ?? 89h
8c0e74d6  1b           ?? 1Bh
8c0e74d7  d2           ?? D2h
8c0e74d8  0b           ?? 0Bh
8c0e74d9  42           ?? 42h    B
8c0e74da  09           ?? 09h
8c0e74db  00           ?? 00h
8c0e74dc  26           ?? 26h    &
8c0e74dd  4f           ?? 4Fh    O
8c0e74de  0b           ?? 0Bh
8c0e74df  00           ?? 00h
8c0e74e0  09           ?? 09h
8c0e74e1  00           ?? 00h
8c0e74e2  e6 2f        mov.l r14,@-r15
8c0e74e4  22 4f        sts.l PR,@-r15
8c0e74e6  f4 7f        add #-0xc,r15
8c0e74e8  4c 56        mov.l @(0x30,r4),r6
8c0e74ea  68 26        tst r6,r6
8c0e74ec  0a 8d        bt/s 0x8c0e7504
8c0e74ee  43 6e        _mov r4,r14
8c0e74f0  67 52        mov.l @(0x1c,r6),r2
8c0e74f2  40 e0        mov #0x40,r0
8c0e74f4  14 d6        mov.l 0x8c0e7548,r6
8c0e74f6  6b 22        or r6,r2
8c0e74f8  f3 66        mov r15,r6
8c0e74fa  22 1f        mov.l r2,@(0x8,r15)
8c0e74fc  ee 02        mov.l @(r0,r14),r2
8c0e74fe  28 22        tst r2,r2
8c0e7500  24 8d        bt/s 0x8c0e754c
8c0e7502  08 76        _add #0x8,r6
8c0e7504  0c 7f        add #0xc,r15
8c0e7506  26 4f        lds.l @r15+,PR
8c0e7508  0b 00        rts
8c0e750a  f6 6e        _mov.l @r15+,r14
8c0e750c  48 02        undefined2 0248h
8c0e750e  00           ?? 00h
8c0e750f  00           ?? 00h
8c0e7510  80 e6 1b 8c  addr 8c1be680
8c0e7514  8a 61 0e 8c  addr 8c0e618a
8c0e7518  06 0a 12 8c  addr 8c120a06
8c0e751c  ee cc 11 8c  addr 8c11ccee
8c0e7520  34 66 0e 8c  addr 8c0e6634
8c0e7524  9c 0e 12 8c  addr 8c120e9c
8c0e7528  be 85 0e 8c  addr 8c0e85be
8c0e752c  96 85 0e 8c  addr 8c0e8596
8c0e7530  74 85 0e 8c  addr 8c0e8574
8c0e7534  b2 85 0e 8c  addr 8c0e85b2
8c0e7538  64 63 0e 8c  addr 8c0e6364
8c0e753c  c2 08 12 8c  addr 8c1208c2
8c0e7540  ac f2 1b 8c  addr 8c1bf2ac
8c0e7544  00 87 0e 8c  addr 8c0e8700
8c0e7548  00 00 00 40  undefined4 40000000h
8c0e754c  4c d4        mov.l 0x8c0e7680,r4
8c0e754e  96 90        mov.w 0x8c0e767e,r0
8c0e7550  42 65        mov.l @r4,r5
8c0e7552  4c d2        mov.l 0x8c0e7684,r2
8c0e7554  5e 04        mov.l @(r0,r5),r4
8c0e7556  00 e5        mov #0x0,r5
8c0e7558  52 2f        mov.l r5,@r15
8c0e755a  21 1f        mov.l r2,@(0x4,r15)
8c0e755c  4a d2        mov.l 0x8c0e7688,r2
8c0e755e  4b d5        mov.l 0x8c0e768c,r5
8c0e7560  0b 42        jsr @r2
8c0e7562  04 e7        _mov #0x4,r7
8c0e7564  11 40        cmp/pz r0
8c0e7566  cd 8b        bf 0x8c0e7504
8c0e7568  49 d2        mov.l 0x8c0e7690,r2
8c0e756a  e3 64        mov r14,r4
8c0e756c  3c 74        add #0x3c,r4
8c0e756e  0d e5        mov #0xd,r5
8c0e7570  0b 42        jsr @r2
8c0e7572  00 e6        _mov #0x0,r6
8c0e7574  60 e0        mov #0x60,r0
8c0e7576  e6 f8        fmov.s @(r0,r14),fr8
8c0e7578  64 e0        mov #0x64,r0
8c0e757a  87 fe        fmov fr8,@(r0,r14)
8c0e757c  c2 af        bra 0x8c0e7504
8c0e757e  09 00        _nop
8c0e7580  e6 2f        mov.l r14,@-r15
8c0e7582  22 4f        sts.l PR,@-r15
8c0e7584  f4 7f        add #-0xc,r15
8c0e7586  4c 56        mov.l @(0x30,r4),r6
8c0e7588  68 26        tst r6,r6
8c0e758a  0a 8d        bt/s 0x8c0e75a2
8c0e758c  43 6e        _mov r4,r14
8c0e758e  67 52        mov.l @(0x1c,r6),r2
8c0e7590  40 e0        mov #0x40,r0
8c0e7592  40 d6        mov.l 0x8c0e7694,r6
8c0e7594  69 22        and r6,r2
8c0e7596  f3 66        mov r15,r6
8c0e7598  22 1f        mov.l r2,@(0x8,r15)
8c0e759a  ee 02        mov.l @(r0,r14),r2
8c0e759c  28 22        tst r2,r2
8c0e759e  04 8d        bt/s 0x8c0e75aa
8c0e75a0  08 76        _add #0x8,r6
8c0e75a2  0c 7f        add #0xc,r15
8c0e75a4  26 4f        lds.l @r15+,PR
8c0e75a6  0b 00        rts
8c0e75a8  f6 6e        _mov.l @r15+,r14
8c0e75aa  35 d4        mov.l 0x8c0e7680,r4
8c0e75ac  67 90        mov.w 0x8c0e767e,r0
8c0e75ae  42 65        mov.l @r4,r5
8c0e75b0  34 d2        mov.l 0x8c0e7684,r2
8c0e75b2  5e 04        mov.l @(r0,r5),r4
8c0e75b4  00 e5        mov #0x0,r5
8c0e75b6  52 2f        mov.l r5,@r15
8c0e75b8  21 1f        mov.l r2,@(0x4,r15)
8c0e75ba  33 d2        mov.l 0x8c0e7688,r2
8c0e75bc  33 d5        mov.l 0x8c0e768c,r5
8c0e75be  0b 42        jsr @r2
8c0e75c0  04 e7        _mov #0x4,r7
8c0e75c2  11 40        cmp/pz r0
8c0e75c4  ed 8b        bf 0x8c0e75a2
8c0e75c6  32 d2        mov.l 0x8c0e7690,r2
8c0e75c8  e3 64        mov r14,r4
8c0e75ca  3c 74        add #0x3c,r4
8c0e75cc  0d e5        mov #0xd,r5
8c0e75ce  0b 42        jsr @r2
8c0e75d0  00 e6        _mov #0x0,r6
8c0e75d2  60 e0        mov #0x60,r0
8c0e75d4  e6 f8        fmov.s @(r0,r14),fr8
8c0e75d6  64 e0        mov #0x64,r0
8c0e75d8  87 fe        fmov fr8,@(r0,r14)
8c0e75da  e2 af        bra 0x8c0e75a2
8c0e75dc  09 00        _nop
8c0e75de  e6 2f        mov.l r14,@-r15
8c0e75e0  22 4f        sts.l PR,@-r15
8c0e75e2  43 6e        mov r4,r14
8c0e75e4  4d 54        mov.l @(0x34,r4),r4
8c0e75e6  48 24        tst r4,r4
8c0e75e8  0f 89        bt 0x8c0e760a
8c0e75ea  48 52        mov.l @(0x20,r4),r2
8c0e75ec  50 32        cmp/eq r5,r2
8c0e75ee  0f 89        bt 0x8c0e7610
8c0e75f0  49 56        mov.l @(0x24,r4),r6
8c0e75f2  68 26        tst r6,r6
8c0e75f4  09 8d        bt/s 0x8c0e760a
8c0e75f6  6c 1e        _mov.l r6,@(0x30,r14)
8c0e75f8  68 52        mov.l @(0x20,r6),r2
8c0e75fa  50 32        cmp/eq r5,r2
8c0e75fc  11 89        bt 0x8c0e7622
8c0e75fe  69 52        mov.l @(0x24,r6),r2
8c0e7600  63 64        mov r6,r4
8c0e7602  28 22        tst r2,r2
8c0e7604  2c 1e        mov.l r2,@(0x30,r14)
8c0e7606  f7 8f        bf/s 0x8c0e75f8
8c0e7608  23 66        _mov r2,r6
8c0e760a  26 4f        lds.l @r15+,PR
8c0e760c  0b 00        rts
8c0e760e  f6 6e        _mov.l @r15+,r14
8c0e7610  49 52        mov.l @(0x24,r4),r2
8c0e7612  2d 1e        mov.l r2,@(0x34,r14)
8c0e7614  20 d2        mov.l 0x8c0e7698,r2
8c0e7616  0b 42        jsr @r2
8c0e7618  09 00        _nop
8c0e761a  ee 52        mov.l @(0x38,r14),r2
8c0e761c  ff 72        add #-0x1,r2
8c0e761e  f4 af        bra 0x8c0e760a
8c0e7620  2e 1e        _mov.l r2,@(0x38,r14)
8c0e7622  69 52        mov.l @(0x24,r6),r2
8c0e7624  29 14        mov.l r2,@(0x24,r4)
8c0e7626  ec 54        mov.l @(0x30,r14),r4
8c0e7628  48 24        tst r4,r4
8c0e762a  04 89        bt 0x8c0e7636
8c0e762c  1a d2        mov.l 0x8c0e7698,r2
8c0e762e  0b 42        jsr @r2
8c0e7630  09 00        _nop
8c0e7632  00 e3        mov #0x0,r3
8c0e7634  3c 1e        mov.l r3,@(0x30,r14)
8c0e7636  ee 52        mov.l @(0x38,r14),r2
8c0e7638  ff 72        add #-0x1,r2
8c0e763a  e6 af        bra 0x8c0e760a
8c0e763c  2e 1e        _mov.l r2,@(0x38,r14)
8c0e763e  c6 2f        mov.l r12,@-r15
8c0e7640  d6 2f        mov.l r13,@-r15
8c0e7642  e6 2f        mov.l r14,@-r15
8c0e7644  22 4f        sts.l PR,@-r15
8c0e7646  4d 52        mov.l @(0x34,r4),r2
8c0e7648  43 6d        mov r4,r13
8c0e764a  28 22        tst r2,r2
8c0e764c  0f 8d        bt/s 0x8c0e766e
8c0e764e  2c 14        _mov.l r2,@(0x30,r4)
8c0e7650  00 ec        mov #0x0,r12
8c0e7652  dc 54        mov.l @(0x30,r13),r4
8c0e7654  48 24        tst r4,r4
8c0e7656  04 8d        bt/s 0x8c0e7662
8c0e7658  49 5e        _mov.l @(0x24,r4),r14
8c0e765a  0f d2        mov.l 0x8c0e7698,r2
8c0e765c  0b 42        jsr @r2
8c0e765e  09 00        _nop
8c0e7660  cc 1d        mov.l r12,@(0x30,r13)
8c0e7662  de 52        mov.l @(0x38,r13),r2
8c0e7664  e8 2e        tst r14,r14
8c0e7666  ec 1d        mov.l r14,@(0x30,r13)
8c0e7668  ff 72        add #-0x1,r2
8c0e766a  f2 8f        bf/s 0x8c0e7652
8c0e766c  2e 1d        _mov.l r2,@(0x38,r13)
8c0e766e  00 ec        mov #0x0,r12
8c0e7670  cd 1d        mov.l r12,@(0x34,r13)
8c0e7672  ce 1d        mov.l r12,@(0x38,r13)
8c0e7674  26 4f        lds.l @r15+,PR
8c0e7676  f6 6e        mov.l @r15+,r14
8c0e7678  f6 6d        mov.l @r15+,r13
8c0e767a  0b 00        rts
8c0e767c  f6 6c        _mov.l @r15+,r12
8c0e767e  48 02        undefined2 0248h
8c0e7680  80 e6 1b 8c  addr 8c1be680
8c0e7684  64 63 0e 8c  addr 8c0e6364
8c0e7688  c2 08 12 8c  addr 8c1208c2
8c0e768c  54 41 54 53  undefined4 53544154h
8c0e7690  ee cc 11 8c  addr 8c11ccee
8c0e7694  ff ff ff bf  undefined4 BFFFFFFFh
8c0e7698  ac a0 1d 8c  addr 8c1da0ac
8c0e769c  4d           ?? 4Dh    M
8c0e769d  56           ?? 56h    V
8c0e769e  68           ?? 68h    h
8c0e769f  26           ?? 26h    &
8c0e76a0  08           ?? 08h
8c0e76a1  8d           ?? 8Dh
8c0e76a2  6c           ?? 6Ch    l
8c0e76a3  14           ?? 14h
8c0e76a4  68           ?? 68h    h
8c0e76a5  52           ?? 52h    R
8c0e76a6  50           ?? 50h    P
8c0e76a7  32           ?? 32h    2
8c0e76a8  06           ?? 06h
8c0e76a9  89           ?? 89h
8c0e76aa  69           ?? 69h    i
8c0e76ab  52           ?? 52h    R
8c0e76ac  28           ?? 28h    (
8c0e76ad  22           ?? 22h    "
8c0e76ae  2c           ?? 2Ch    ,
8c0e76af  14           ?? 14h
8c0e76b0  f8           ?? F8h
8c0e76b1  8f           ?? 8Fh
8c0e76b2  23           ?? 23h    #
8c0e76b3  66           ?? 66h    f
8c0e76b4  0b           ?? 0Bh
8c0e76b5  00           ?? 00h
8c0e76b6  00           ?? 00h
8c0e76b7  e0           ?? E0h
8c0e76b8  0b           ?? 0Bh
8c0e76b9  00           ?? 00h
8c0e76ba  63           ?? 63h    c
8c0e76bb  60           ?? 60h    `
8c0e76bc  e6           ?? E6h
8c0e76bd  2f           ?? 2Fh    /
8c0e76be  22           ?? 22h    "
8c0e76bf  4f           ?? 4Fh    O
8c0e76c0  29           ?? 29h    )
8c0e76c1  d2           ?? D2h
8c0e76c2  0b           ?? 0Bh
8c0e76c3  42           ?? 42h    B
8c0e76c4  43           ?? 43h    C
8c0e76c5  6e           ?? 6Eh    n
8c0e76c6  ee           ?? EEh
8c0e76c7  52           ?? 52h    R
8c0e76c8  03           ?? 03h
8c0e76c9  61           ?? 61h    a
8c0e76ca  28           ?? 28h    (
8c0e76cb  d5           ?? D5h
8c0e76cc  0b           ?? 0Bh
8c0e76cd  45           ?? 45h    E
8c0e76ce  23           ?? 23h    #
8c0e76cf  60           ?? 60h    `
8c0e76d0  03           ?? 03h
8c0e76d1  67           ?? 67h    g
8c0e76d2  ed           ?? EDh
8c0e76d3  52           ?? 52h    R
8c0e76d4  ff           ?? FFh
8c0e76d5  70           ?? 70h    p
8c0e76d6  15           ?? 15h
8c0e76d7  40           ?? 40h    @
8c0e76d8  2c           ?? 2Ch    ,
8c0e76d9  1e           ?? 1Eh
8c0e76da  03           ?? 03h
8c0e76db  64           ?? 64h    d
8c0e76dc  08           ?? 08h
8c0e76dd  8f           ?? 8Fh
8c0e76de  00           ?? 00h
8c0e76df  e5           ?? E5h
8c0e76e0  ec           ?? ECh
8c0e76e1  52           ?? 52h    R
8c0e76e2  02           ?? 02h
8c0e76e3  75           ?? 75h    u
8c0e76e4  43           ?? 43h    C
8c0e76e5  35           ?? 35h    5
8c0e76e6  29           ?? 29h    )
8c0e76e7  56           ?? 56h    V
8c0e76e8  6c           ?? 6Ch    l
8c0e76e9  1e           ?? 1Eh
8c0e76ea  69           ?? 69h    i
8c0e76eb  52           ?? 52h    R
8c0e76ec  f8           ?? F8h
8c0e76ed  8f           ?? 8Fh
8c0e76ee  2c           ?? 2Ch    ,
8c0e76ef  1e           ?? 1Eh
8c0e76f0  73           ?? 73h    s
8c0e76f1  35           ?? 35h    5
8c0e76f2  02           ?? 02h
8c0e76f3  89           ?? 89h
8c0e76f4  ec           ?? ECh
8c0e76f5  56           ?? 56h    V
8c0e76f6  69           ?? 69h    i
8c0e76f7  52           ?? 52h    R
8c0e76f8  2c           ?? 2Ch    ,
8c0e76f9  1e           ?? 1Eh
8c0e76fa  ec           ?? ECh
8c0e76fb  50           ?? 50h    P
8c0e76fc  26           ?? 26h    &
8c0e76fd  4f           ?? 4Fh    O
8c0e76fe  0b           ?? 0Bh
8c0e76ff  00           ?? 00h
8c0e7700  f6           ?? F6h
8c0e7701  6e           ?? 6Eh    n
8c0e7702  0b 00        rts
8c0e7704  4d 50        _mov.l @(0x34,r4),r0
8c0e7706  0b 00        rts
8c0e7708  4c 50        _mov.l @(0x30,r4),r0
8c0e770a  40 e0        mov #0x40,r0
8c0e770c  4e 02        mov.l @(r0,r4),r2
8c0e770e  23 60        mov r2,r0
8c0e7710  17 88        cmp/eq #0x17,r0
8c0e7712  0b 89        bt 0x8c0e772c
8c0e7714  23 60        mov r2,r0
8c0e7716  19 88        cmp/eq #0x19,r0
8c0e7718  08 89        bt 0x8c0e772c
8c0e771a  23 60        mov r2,r0
8c0e771c  17 88        cmp/eq #0x17,r0
8c0e771e  07 89        bt 0x8c0e7730
8c0e7720  23 60        mov r2,r0
8c0e7722  19 88        cmp/eq #0x19,r0
8c0e7724  04 89        bt 0x8c0e7730
8c0e7726  68 e0        mov #0x68,r0
8c0e7728  0b 00        rts
8c0e772a  4e 00        _mov.l @(r0,r4),r0
8c0e772c  0b 00        rts
8c0e772e  00 e0        _mov #0x0,r0
8c0e7730  0b 00        rts
8c0e7732  00 e0        _mov #0x0,r0
8c0e7734  e6           ?? E6h
8c0e7735  2f           ?? 2Fh    /
8c0e7736  22           ?? 22h    "
8c0e7737  4f           ?? 4Fh    O
8c0e7738  68           ?? 68h    h
8c0e7739  e0           ?? E0h
8c0e773a  43           ?? 43h    C
8c0e773b  6e           ?? 6Eh    n
8c0e773c  4e           ?? 4Eh    N
8c0e773d  04           ?? 04h
8c0e773e  48           ?? 48h    H
8c0e773f  24           ?? 24h    $
8c0e7740  07           ?? 07h
8c0e7741  89           ?? 89h
8c0e7742  0b           ?? 0Bh
8c0e7743  d2           ?? D2h
8c0e7744  0b           ?? 0Bh
8c0e7745  42           ?? 42h    B
8c0e7746  09           ?? 09h
8c0e7747  00           ?? 00h
8c0e7748  68           ?? 68h    h
8c0e7749  e0           ?? E0h
8c0e774a  0a           ?? 0Ah
8c0e774b  d2           ?? D2h
8c0e774c  ee           ?? EEh
8c0e774d  04           ?? 04h
8c0e774e  0b           ?? 0Bh
8c0e774f  42           ?? 42h    B
8c0e7750  03           ?? 03h
8c0e7751  e5           ?? E5h
8c0e7752  00           ?? 00h
8c0e7753  e3           ?? E3h
8c0e7754  68           ?? 68h    h
8c0e7755  e0           ?? E0h
8c0e7756  36           ?? 36h    6
8c0e7757  0e           ?? 0Eh
8c0e7758  26           ?? 26h    &
8c0e7759  4f           ?? 4Fh    O
8c0e775a  0b           ?? 0Bh
8c0e775b  00           ?? 00h
8c0e775c  f6           ?? F6h
8c0e775d  6e           ?? 6Eh    n
8c0e775e  0b           ?? 0Bh
8c0e775f  00           ?? 00h
8c0e7760  09           ?? 09h
8c0e7761  00           ?? 00h
8c0e7762  0b 00        rts
8c0e7764  09 00        _nop
8c0e7766  00           ?? 00h
8c0e7767  00           ?? 00h
8c0e7768  b4 ee 09 8c  addr 8c09eeb4
8c0e776c  b4 e8 09 8c  addr 8c09e8b4
8c0e7770  be 85 0e 8c  addr 8c0e85be
8c0e7774  96 85 0e 8c  addr 8c0e8596
8c0e7778  53           ?? 53h    S
8c0e7779  60           ?? 60h    `
8c0e777a  01           ?? 01h
8c0e777b  88           ?? 88h
8c0e777c  01           ?? 01h
8c0e777d  8b           ?? 8Bh
8c0e777e  54           ?? 54h    T
8c0e777f  a0           ?? A0h
8c0e7780  09           ?? 09h
8c0e7781  00           ?? 00h
8c0e7782  53           ?? 53h    S
8c0e7783  60           ?? 60h    `
8c0e7784  02           ?? 02h
8c0e7785  88           ?? 88h
8c0e7786  53           ?? 53h    S
8c0e7787  89           ?? 89h
8c0e7788  53           ?? 53h    S
8c0e7789  60           ?? 60h    `
8c0e778a  03           ?? 03h
8c0e778b  88           ?? 88h
8c0e778c  53           ?? 53h    S
8c0e778d  89           ?? 89h
8c0e778e  53           ?? 53h    S
8c0e778f  60           ?? 60h    `
8c0e7790  04           ?? 04h
8c0e7791  88           ?? 88h
8c0e7792  53           ?? 53h    S
8c0e7793  89           ?? 89h
8c0e7794  53           ?? 53h    S
8c0e7795  60           ?? 60h    `
8c0e7796  05           ?? 05h
8c0e7797  88           ?? 88h
8c0e7798  53           ?? 53h    S
8c0e7799  89           ?? 89h
8c0e779a  53           ?? 53h    S
8c0e779b  60           ?? 60h    `
8c0e779c  06           ?? 06h
8c0e779d  88           ?? 88h
8c0e779e  53           ?? 53h    S
8c0e779f  89           ?? 89h
8c0e77a0  53           ?? 53h    S
8c0e77a1  60           ?? 60h    `
8c0e77a2  07           ?? 07h
8c0e77a3  88           ?? 88h
8c0e77a4  53           ?? 53h    S
8c0e77a5  89           ?? 89h
8c0e77a6  53           ?? 53h    S
8c0e77a7  60           ?? 60h    `
8c0e77a8  08           ?? 08h
8c0e77a9  88           ?? 88h
8c0e77aa  53           ?? 53h    S
8c0e77ab  89           ?? 89h
8c0e77ac  53           ?? 53h    S
8c0e77ad  60           ?? 60h    `
8c0e77ae  09           ?? 09h
8c0e77af  88           ?? 88h
8c0e77b0  53           ?? 53h    S
8c0e77b1  89           ?? 89h
8c0e77b2  53           ?? 53h    S
8c0e77b3  60           ?? 60h    `
8c0e77b4  0a           ?? 0Ah
8c0e77b5  88           ?? 88h
8c0e77b6  53           ?? 53h    S
8c0e77b7  89           ?? 89h
8c0e77b8  53           ?? 53h    S
8c0e77b9  60           ?? 60h    `
8c0e77ba  0b           ?? 0Bh
8c0e77bb  88           ?? 88h
8c0e77bc  01           ?? 01h
8c0e77bd  8b           ?? 8Bh
8c0e77be  69           ?? 69h    i
8c0e77bf  a0           ?? A0h
8c0e77c0  09           ?? 09h
8c0e77c1  00           ?? 00h
8c0e77c2  53           ?? 53h    S
8c0e77c3  60           ?? 60h    `
8c0e77c4  0c           ?? 0Ch
8c0e77c5  88           ?? 88h
8c0e77c6  01           ?? 01h
8c0e77c7  8b           ?? 8Bh
8c0e77c8  67           ?? 67h    g
8c0e77c9  a0           ?? A0h
8c0e77ca  09           ?? 09h
8c0e77cb  00           ?? 00h
8c0e77cc  53           ?? 53h    S
8c0e77cd  60           ?? 60h    `
8c0e77ce  0d           ?? 0Dh
8c0e77cf  88           ?? 88h
8c0e77d0  01           ?? 01h
8c0e77d1  8b           ?? 8Bh
8c0e77d2  65           ?? 65h    e
8c0e77d3  a0           ?? A0h
8c0e77d4  09           ?? 09h
8c0e77d5  00           ?? 00h
8c0e77d6  53           ?? 53h    S
8c0e77d7  60           ?? 60h    `
8c0e77d8  0e           ?? 0Eh
8c0e77d9  88           ?? 88h
8c0e77da  64           ?? 64h    d
8c0e77db  89           ?? 89h
8c0e77dc  53           ?? 53h    S
8c0e77dd  60           ?? 60h    `
8c0e77de  0f           ?? 0Fh
8c0e77df  88           ?? 88h
8c0e77e0  64           ?? 64h    d
8c0e77e1  89           ?? 89h
8c0e77e2  53           ?? 53h    S
8c0e77e3  60           ?? 60h    `
8c0e77e4  10           ?? 10h
8c0e77e5  88           ?? 88h
8c0e77e6  64           ?? 64h    d
8c0e77e7  89           ?? 89h
8c0e77e8  53           ?? 53h    S
8c0e77e9  60           ?? 60h    `
8c0e77ea  11           ?? 11h
8c0e77eb  88           ?? 88h
8c0e77ec  64           ?? 64h    d
8c0e77ed  89           ?? 89h
8c0e77ee  53           ?? 53h    S
8c0e77ef  60           ?? 60h    `
8c0e77f0  12           ?? 12h
8c0e77f1  88           ?? 88h
8c0e77f2  64           ?? 64h    d
8c0e77f3  89           ?? 89h
8c0e77f4  53           ?? 53h    S
8c0e77f5  60           ?? 60h    `
8c0e77f6  13           ?? 13h
8c0e77f7  88           ?? 88h
8c0e77f8  64           ?? 64h    d
8c0e77f9  89           ?? 89h
8c0e77fa  53           ?? 53h    S
8c0e77fb  60           ?? 60h    `
8c0e77fc  14           ?? 14h
8c0e77fd  88           ?? 88h
8c0e77fe  64           ?? 64h    d
8c0e77ff  89           ?? 89h
8c0e7800  53           ?? 53h    S
